Using pre-set license
Built from '2020.2/release' branch; Version is '2020.2.2f1 (068178b99f32) revision 426360'; Using compiler version '192528614'; Build Type 'Release'
OS: 'Windows 10 Home; OS build 18363.720; Version 1909; 64bit' Language: 'ko' Physical Memory: 11864 MB
BatchMode: 1, IsHumanControllingUs: 0, StartBugReporterOnCrash: 0, Is64bit: 1, IsPro: 0

 COMMAND LINE ARGUMENTS:
C:\Program Files\Unity\Hub\Editor\2020.2.2f1\Editor\Unity.exe
-adb2
-batchMode
-noUpm
-name
AssetImportWorker0
-projectPath
C:/Users/오호/Documents/GitHub/UnityProjects/CsHunt
-logFile
Logs/AssetImportWorker0.log
-srvPort
51580
Successfully changed project path to: C:/Users/오호/Documents/GitHub/UnityProjects/CsHunt
C:/Users/오호/Documents/GitHub/UnityProjects/CsHunt
Using Asset Import Pipeline V2.
Refreshing native plugins compatible for Editor in 69.02 ms, found 1 plugins.
Preloading 0 native plugins for Editor in 0.00 ms.
Initialize engine version: 2020.2.2f1 (068178b99f32)
[Subsystems] Discovering subsystems at path C:/Program Files/Unity/Hub/Editor/2020.2.2f1/Editor/Data/Resources/UnitySubsystems
[Subsystems] Discovering subsystems at path C:/Users/오호/Documents/GitHub/UnityProjects/CsHunt/Assets
GfxDevice: creating device client; threaded=0
Direct3D:
    Version:  Direct3D 11.0 [level 11.0]
    Renderer: NVIDIA GeForce GT 635M (ID=0xde3)
    Vendor:   
    VRAM:     1990 MB
    Driver:   23.21.13.9135
Initialize mono
Mono path[0] = 'C:/Program Files/Unity/Hub/Editor/2020.2.2f1/Editor/Data/Managed'
Mono path[1] = 'C:/Program Files/Unity/Hub/Editor/2020.2.2f1/Editor/Data/MonoBleedingEdge/lib/mono/unityjit'
Mono config path = 'C:/Program Files/Unity/Hub/Editor/2020.2.2f1/Editor/Data/MonoBleedingEdge/etc'
Using monoOptions --debugger-agent=transport=dt_socket,embedding=1,server=y,suspend=n,address=127.0.0.1:56784
Begin MonoManager ReloadAssembly
Registering precompiled unity dll's ...
Register platform support module: C:/Program Files/Unity/Hub/Editor/2020.2.2f1/Editor/Data/PlaybackEngines/WindowsStandaloneSupport/UnityEditor.WindowsStandalone.Extensions.dll
Registered in 0.003021 seconds.
Native extension for WindowsStandalone target not found
Refreshing native plugins compatible for Editor in 59.44 ms, found 1 plugins.
Preloading 0 native plugins for Editor in 0.00 ms.
Invoked RoslynAnalysisRunner static constructor.
RoslynAnalysisRunner will not be running.
RoslynAnalysisRunner has terminated.
Mono: successfully reloaded assembly
- Completed reload, in  3.294 seconds
Platform modules already initialized, skipping
Registering precompiled user dll's ...
Registered in 0.001483 seconds.
Begin MonoManager ReloadAssembly
Native extension for WindowsStandalone target not found
Refreshing native plugins compatible for Editor in 67.17 ms, found 1 plugins.
Preloading 0 native plugins for Editor in 0.00 ms.
Invoked RoslynAnalysisRunner static constructor.
RoslynAnalysisRunner will not be running.
RoslynAnalysisRunner has terminated.
Mono: successfully reloaded assembly
- Completed reload, in  1.722 seconds
Platform modules already initialized, skipping
========================================================================
Worker process is ready to serve import requests
Launched and connected shader compiler UnityShaderCompiler.exe after 0.06 seconds
Refreshing native plugins compatible for Editor in 0.43 ms, found 1 plugins.
Preloading 0 native plugins for Editor in 0.00 ms.
Unloading 1792 Unused Serialized files (Serialized files now loaded: 0)
System memory in use before: 84.2 MB.
System memory in use after: 84.3 MB.

Unloading 19 unused Assets to reduce memory usage. Loaded Objects now: 2238.
Total: 2.724800 ms (FindLiveObjects: 0.213600 ms CreateObjectMapping: 0.090600 ms MarkObjects: 2.324200 ms  DeleteObjects: 0.094500 ms)

========================================================================
Received Import Request.
  path: Assets/Scenes/SampleScene.unity
  artifactKey: Guid(2cda990e2423bbf4892e6590ba056729) Importer(815301076,1909f56bfc062723c751e8b465ee728b)
Start importing Assets/Scenes/SampleScene.unity using Guid(2cda990e2423bbf4892e6590ba056729) Importer(815301076,1909f56bfc062723c751e8b465ee728b)  -> (artifact id: '694ca9c96bcf791ec7b87cc957ec53a1') in 0.028206 seconds
  Import took 0.033839 seconds .

========================================================================
Received Import Request.
  Time since last request: 260.162413 seconds.
  path: Assets/Scenes/char.png
  artifactKey: Guid(e0abe2a122490fb41aa5da11873f8d2e) Importer(815301076,1909f56bfc062723c751e8b465ee728b)
Start importing Assets/Scenes/char.png using Guid(e0abe2a122490fb41aa5da11873f8d2e) Importer(815301076,1909f56bfc062723c751e8b465ee728b)  -> (artifact id: '4dd7a9e9b931f572acc33eb157018c00') in 0.196059 seconds
  Import took 0.202254 seconds .

========================================================================
Received Import Request.
  Time since last request: 3.794354 seconds.
  path: Assets/Images
  artifactKey: Guid(0c292eaaa6fdda44a8e994ecc2fb4851) Importer(815301076,1909f56bfc062723c751e8b465ee728b)
Start importing Assets/Images using Guid(0c292eaaa6fdda44a8e994ecc2fb4851) Importer(815301076,1909f56bfc062723c751e8b465ee728b)  -> (artifact id: '1493cf7b99d7ddf44c9eb02998bce777') in 0.027096 seconds
  Import took 0.033073 seconds .

========================================================================
Received Import Request.
  Time since last request: 9.485288 seconds.
  path: Assets/Scenes/Play.unity
  artifactKey: Guid(2cda990e2423bbf4892e6590ba056729) Importer(815301076,1909f56bfc062723c751e8b465ee728b)
Start importing Assets/Scenes/Play.unity using Guid(2cda990e2423bbf4892e6590ba056729) Importer(815301076,1909f56bfc062723c751e8b465ee728b)  -> (artifact id: '425e379c75595eb1ec9621c12994b7ba') in 0.019437 seconds
  Import took 0.025896 seconds .

========================================================================
Received Import Request.
  Time since last request: 0.001426 seconds.
  path: Assets/Scenes/Play.unity
  artifactKey: Guid(2cda990e2423bbf4892e6590ba056729) Importer(815301076,1909f56bfc062723c751e8b465ee728b)
Start importing Assets/Scenes/Play.unity using Guid(2cda990e2423bbf4892e6590ba056729) Importer(815301076,1909f56bfc062723c751e8b465ee728b)  -> (artifact id: '425e379c75595eb1ec9621c12994b7ba') in 0.006681 seconds
  Import took 0.019047 seconds .

========================================================================
Received Import Request.
  Time since last request: 11.719900 seconds.
  path: Assets/Images/char.png
  artifactKey: Guid(e0abe2a122490fb41aa5da11873f8d2e) Importer(815301076,1909f56bfc062723c751e8b465ee728b)
Start importing Assets/Images/char.png using Guid(e0abe2a122490fb41aa5da11873f8d2e) Importer(815301076,1909f56bfc062723c751e8b465ee728b)  -> (artifact id: '456466e6917e4443f206fdaac52344ca') in 0.023606 seconds
  Import took 0.030189 seconds .

========================================================================
Received Import Request.
  Time since last request: 0.000979 seconds.
  path: Assets/Images/char.png
  artifactKey: Guid(e0abe2a122490fb41aa5da11873f8d2e) Importer(815301076,1909f56bfc062723c751e8b465ee728b)
Start importing Assets/Images/char.png using Guid(e0abe2a122490fb41aa5da11873f8d2e) Importer(815301076,1909f56bfc062723c751e8b465ee728b)  -> (artifact id: '456466e6917e4443f206fdaac52344ca') in 0.023996 seconds
  Import took 0.029565 seconds .

========================================================================
Received Prepare
Registering precompiled user dll's ...
Registered in 0.002150 seconds.
Begin MonoManager ReloadAssembly
Native extension for WindowsStandalone target not found
Refreshing native plugins compatible for Editor in 0.51 ms, found 1 plugins.
Preloading 0 native plugins for Editor in 0.00 ms.
Invoked RoslynAnalysisRunner static constructor.
RoslynAnalysisRunner will not be running.
RoslynAnalysisRunner has terminated.
Mono: successfully reloaded assembly
- Completed reload, in  1.396 seconds
Platform modules already initialized, skipping
Refreshing native plugins compatible for Editor in 0.50 ms, found 1 plugins.
Preloading 0 native plugins for Editor in 0.00 ms.
Unloading 1782 Unused Serialized files (Serialized files now loaded: 0)
System memory in use before: 86.9 MB.
System memory in use after: 87.0 MB.

Unloading 7 unused Assets to reduce memory usage. Loaded Objects now: 2247.
Total: 2.492400 ms (FindLiveObjects: 0.202100 ms CreateObjectMapping: 0.085900 ms MarkObjects: 2.173800 ms  DeleteObjects: 0.028900 ms)

========================================================================
Received Import Request.
  Time since last request: 234.893017 seconds.
  path: Assets/Images/minion.png
  artifactKey: Guid(1f325cafd9d959c4b8697f449dd3ae7e) Importer(815301076,1909f56bfc062723c751e8b465ee728b)
Start importing Assets/Images/minion.png using Guid(1f325cafd9d959c4b8697f449dd3ae7e) Importer(815301076,1909f56bfc062723c751e8b465ee728b)  -> (artifact id: '0716054cbca6caedeb2b1bc0521cae29') in 0.112725 seconds
  Import took 0.118412 seconds .

========================================================================
Received Import Request.
  Time since last request: 137.680830 seconds.
  path: Assets/Scripts
  artifactKey: Guid(43d919fc2e3b0084dbbe9f6765a66e8f) Importer(815301076,1909f56bfc062723c751e8b465ee728b)
Start importing Assets/Scripts using Guid(43d919fc2e3b0084dbbe9f6765a66e8f) Importer(815301076,1909f56bfc062723c751e8b465ee728b)  -> (artifact id: '37c906aef85f506141cdc9b88742eb6d') in 0.012260 seconds
  Import took 0.018412 seconds .

========================================================================
Received Import Request.
  Time since last request: 4.731447 seconds.
  path: Assets/Scripts/Player.cs
  artifactKey: Guid(be2cb70a3e16eeb47aecdc24e7a6aa59) Importer(815301076,1909f56bfc062723c751e8b465ee728b)
Start importing Assets/Scripts/Player.cs using Guid(be2cb70a3e16eeb47aecdc24e7a6aa59) Importer(815301076,1909f56bfc062723c751e8b465ee728b)  -> (artifact id: '81d5a11432b0229c6c56e540a22caa09') in 4.760836 seconds
  Import took 4.767090 seconds .

========================================================================
Received Prepare
Registering precompiled user dll's ...
Registered in 0.003432 seconds.
Begin MonoManager ReloadAssembly
Native extension for WindowsStandalone target not found
Refreshing native plugins compatible for Editor in 0.47 ms, found 1 plugins.
Preloading 0 native plugins for Editor in 0.00 ms.
Invoked RoslynAnalysisRunner static constructor.
RoslynAnalysisRunner will not be running.
RoslynAnalysisRunner has terminated.
Mono: successfully reloaded assembly
- Completed reload, in  1.777 seconds
Platform modules already initialized, skipping
Refreshing native plugins compatible for Editor in 0.47 ms, found 1 plugins.
Preloading 0 native plugins for Editor in 0.00 ms.
Unloading 1783 Unused Serialized files (Serialized files now loaded: 0)
System memory in use before: 87.1 MB.
System memory in use after: 87.2 MB.

Unloading 7 unused Assets to reduce memory usage. Loaded Objects now: 2254.
Total: 2.703200 ms (FindLiveObjects: 0.332800 ms CreateObjectMapping: 0.098800 ms MarkObjects: 2.238800 ms  DeleteObjects: 0.030900 ms)

========================================================================
Received Import Request.
  Time since last request: 153.823167 seconds.
  path: Assets/Scripts/모바일터치.cs
  artifactKey: Guid(24999702e10b0094da21d5ecaf4031a7) Importer(815301076,1909f56bfc062723c751e8b465ee728b)
Start importing Assets/Scripts/모바일터치.cs using Guid(24999702e10b0094da21d5ecaf4031a7) Importer(815301076,1909f56bfc062723c751e8b465ee728b)  -> (artifact id: '43e7421a2e32263bacac4ce4291e8306') in 0.017469 seconds
  Import took 0.024849 seconds .

========================================================================
Received Prepare
Registering precompiled user dll's ...
Registered in 0.001904 seconds.
Begin MonoManager ReloadAssembly
Native extension for WindowsStandalone target not found
Refreshing native plugins compatible for Editor in 0.47 ms, found 1 plugins.
Preloading 0 native plugins for Editor in 0.00 ms.
Invoked RoslynAnalysisRunner static constructor.
RoslynAnalysisRunner will not be running.
RoslynAnalysisRunner has terminated.
Mono: successfully reloaded assembly
- Completed reload, in  1.524 seconds
Platform modules already initialized, skipping
Refreshing native plugins compatible for Editor in 0.52 ms, found 1 plugins.
Preloading 0 native plugins for Editor in 0.00 ms.
Unloading 1784 Unused Serialized files (Serialized files now loaded: 0)
System memory in use before: 87.2 MB.
System memory in use after: 87.3 MB.

Unloading 7 unused Assets to reduce memory usage. Loaded Objects now: 2258.
Total: 5.843000 ms (FindLiveObjects: 0.612000 ms CreateObjectMapping: 0.262400 ms MarkObjects: 4.932000 ms  DeleteObjects: 0.032200 ms)

========================================================================
Received Prepare
Registering precompiled user dll's ...
Registered in 0.001470 seconds.
Begin MonoManager ReloadAssembly
Native extension for WindowsStandalone target not found
Refreshing native plugins compatible for Editor in 0.74 ms, found 1 plugins.
Preloading 0 native plugins for Editor in 0.00 ms.
Invoked RoslynAnalysisRunner static constructor.
RoslynAnalysisRunner will not be running.
RoslynAnalysisRunner has terminated.
Mono: successfully reloaded assembly
- Completed reload, in  1.747 seconds
Platform modules already initialized, skipping
Refreshing native plugins compatible for Editor in 0.76 ms, found 1 plugins.
Preloading 0 native plugins for Editor in 0.00 ms.
Unloading 1799 Unused Serialized files (Serialized files now loaded: 0)
System memory in use before: 87.6 MB.
System memory in use after: 87.7 MB.

Unloading 7 unused Assets to reduce memory usage. Loaded Objects now: 2276.
Total: 4.264800 ms (FindLiveObjects: 0.547400 ms CreateObjectMapping: 0.150100 ms MarkObjects: 3.531200 ms  DeleteObjects: 0.033200 ms)

========================================================================
Received Prepare
Registering precompiled user dll's ...
Registered in 0.001422 seconds.
Begin MonoManager ReloadAssembly
Native extension for WindowsStandalone target not found
Refreshing native plugins compatible for Editor in 0.46 ms, found 1 plugins.
Preloading 0 native plugins for Editor in 0.00 ms.
Invoked RoslynAnalysisRunner static constructor.
RoslynAnalysisRunner will not be running.
RoslynAnalysisRunner has terminated.
Mono: successfully reloaded assembly
- Completed reload, in  1.609 seconds
Platform modules already initialized, skipping
Refreshing native plugins compatible for Editor in 0.50 ms, found 1 plugins.
Preloading 0 native plugins for Editor in 0.00 ms.
Unloading 1799 Unused Serialized files (Serialized files now loaded: 0)
System memory in use before: 87.7 MB.
System memory in use after: 87.8 MB.

Unloading 7 unused Assets to reduce memory usage. Loaded Objects now: 2279.
Total: 6.022400 ms (FindLiveObjects: 0.357700 ms CreateObjectMapping: 0.104200 ms MarkObjects: 5.522700 ms  DeleteObjects: 0.035800 ms)

========================================================================
Received Import Request.
  Time since last request: 299.325050 seconds.
  path: Assets/Scripts/모바일터치.cs
  artifactKey: Guid(24999702e10b0094da21d5ecaf4031a7) Importer(815301076,1909f56bfc062723c751e8b465ee728b)
Start importing Assets/Scripts/모바일터치.cs using Guid(24999702e10b0094da21d5ecaf4031a7) Importer(815301076,1909f56bfc062723c751e8b465ee728b)  -> (artifact id: '4688a04fb3c03f173e49022394ae71e3') in 0.009552 seconds
  Import took 0.014979 seconds .

========================================================================
Received Prepare
Registering precompiled user dll's ...
Registered in 0.001565 seconds.
Begin MonoManager ReloadAssembly
Native extension for WindowsStandalone target not found
Refreshing native plugins compatible for Editor in 0.68 ms, found 1 plugins.
Preloading 0 native plugins for Editor in 0.00 ms.
Invoked RoslynAnalysisRunner static constructor.
RoslynAnalysisRunner will not be running.
RoslynAnalysisRunner has terminated.
Mono: successfully reloaded assembly
- Completed reload, in  1.951 seconds
Platform modules already initialized, skipping
Refreshing native plugins compatible for Editor in 0.50 ms, found 1 plugins.
Preloading 0 native plugins for Editor in 0.00 ms.
Unloading 1798 Unused Serialized files (Serialized files now loaded: 0)
System memory in use before: 87.8 MB.
System memory in use after: 87.9 MB.

Unloading 8 unused Assets to reduce memory usage. Loaded Objects now: 2281.
Total: 3.508700 ms (FindLiveObjects: 0.400500 ms CreateObjectMapping: 0.152500 ms MarkObjects: 2.916700 ms  DeleteObjects: 0.036300 ms)

========================================================================
Received Prepare
Registering precompiled user dll's ...
Registered in 0.002356 seconds.
Begin MonoManager ReloadAssembly
Native extension for WindowsStandalone target not found
Refreshing native plugins compatible for Editor in 0.67 ms, found 1 plugins.
Preloading 0 native plugins for Editor in 0.00 ms.
Invoked RoslynAnalysisRunner static constructor.
RoslynAnalysisRunner will not be running.
RoslynAnalysisRunner has terminated.
Mono: successfully reloaded assembly
- Completed reload, in  1.574 seconds
Platform modules already initialized, skipping
Refreshing native plugins compatible for Editor in 0.47 ms, found 1 plugins.
Preloading 0 native plugins for Editor in 0.00 ms.
Unloading 1798 Unused Serialized files (Serialized files now loaded: 0)
System memory in use before: 87.8 MB.
System memory in use after: 88.0 MB.

Unloading 7 unused Assets to reduce memory usage. Loaded Objects now: 2284.
Total: 2.705000 ms (FindLiveObjects: 0.215900 ms CreateObjectMapping: 0.089800 ms MarkObjects: 2.363400 ms  DeleteObjects: 0.034300 ms)

========================================================================
Received Prepare
Registering precompiled user dll's ...
Registered in 0.001849 seconds.
Begin MonoManager ReloadAssembly
Native extension for WindowsStandalone target not found
Refreshing native plugins compatible for Editor in 0.69 ms, found 1 plugins.
Preloading 0 native plugins for Editor in 0.00 ms.
Invoked RoslynAnalysisRunner static constructor.
RoslynAnalysisRunner will not be running.
RoslynAnalysisRunner has terminated.
Mono: successfully reloaded assembly
- Completed reload, in  1.953 seconds
Platform modules already initialized, skipping
Refreshing native plugins compatible for Editor in 0.95 ms, found 1 plugins.
Preloading 0 native plugins for Editor in 0.00 ms.
Unloading 1798 Unused Serialized files (Serialized files now loaded: 0)
System memory in use before: 87.9 MB.
System memory in use after: 88.0 MB.

Unloading 7 unused Assets to reduce memory usage. Loaded Objects now: 2287.
Total: 3.514400 ms (FindLiveObjects: 0.377000 ms CreateObjectMapping: 0.129600 ms MarkObjects: 2.968900 ms  DeleteObjects: 0.036200 ms)

========================================================================
Received Prepare
Registering precompiled user dll's ...
Registered in 0.001461 seconds.
Begin MonoManager ReloadAssembly
Native extension for WindowsStandalone target not found
Refreshing native plugins compatible for Editor in 0.63 ms, found 1 plugins.
Preloading 0 native plugins for Editor in 0.00 ms.
Invoked RoslynAnalysisRunner static constructor.
RoslynAnalysisRunner will not be running.
RoslynAnalysisRunner has terminated.
Mono: successfully reloaded assembly
- Completed reload, in  1.331 seconds
Platform modules already initialized, skipping
Refreshing native plugins compatible for Editor in 0.49 ms, found 1 plugins.
Preloading 0 native plugins for Editor in 0.00 ms.
Unloading 1798 Unused Serialized files (Serialized files now loaded: 0)
System memory in use before: 88.0 MB.
System memory in use after: 88.1 MB.

Unloading 7 unused Assets to reduce memory usage. Loaded Objects now: 2290.
Total: 2.834000 ms (FindLiveObjects: 0.388600 ms CreateObjectMapping: 0.107800 ms MarkObjects: 2.301800 ms  DeleteObjects: 0.034200 ms)

========================================================================
Received Prepare
Registering precompiled user dll's ...
Registered in 0.001986 seconds.
Begin MonoManager ReloadAssembly
Native extension for WindowsStandalone target not found
Refreshing native plugins compatible for Editor in 0.48 ms, found 1 plugins.
Preloading 0 native plugins for Editor in 0.00 ms.
Invoked RoslynAnalysisRunner static constructor.
RoslynAnalysisRunner will not be running.
RoslynAnalysisRunner has terminated.
Mono: successfully reloaded assembly
- Completed reload, in  4.998 seconds
Platform modules already initialized, skipping
Switching build target platform(5) subTarget(0) extendedPlatform(0) -> platform(13) subTarget(537395200) extendedPlatform(0)
Refreshing native plugins compatible for Editor in 0.47 ms, found 1 plugins.
Preloading 0 native plugins for Editor in 0.00 ms.
Unloading 1802 Unused Serialized files (Serialized files now loaded: 0)
System memory in use before: 88.1 MB.
System memory in use after: 88.2 MB.

Unloading 7 unused Assets to reduce memory usage. Loaded Objects now: 2293.
Total: 6.809300 ms (FindLiveObjects: 0.332300 ms CreateObjectMapping: 0.096800 ms MarkObjects: 6.348300 ms  DeleteObjects: 0.029500 ms)

AssetImportParameters requested are different than current active one (requested -> active):
  custom:graphics/normal-map-encoding: 01000000000000000000000000000000 -> 02000000000000000000000000000000
========================================================================
Received Prepare
Refreshing native plugins compatible for Editor in 4.42 ms, found 1 plugins.
Preloading 0 native plugins for Editor in 0.00 ms.
Unloading 5 Unused Serialized files (Serialized files now loaded: 0)
System memory in use before: 52.6 MB.
System memory in use after: 52.8 MB.

Unloading 5 unused Assets to reduce memory usage. Loaded Objects now: 2293.
Total: 5.151500 ms (FindLiveObjects: 1.732800 ms CreateObjectMapping: 0.228600 ms MarkObjects: 3.161000 ms  DeleteObjects: 0.025900 ms)

========================================================================
Received Prepare
Refreshing native plugins compatible for Editor in 3.04 ms, found 1 plugins.
Preloading 0 native plugins for Editor in 0.00 ms.
Unloading 5 Unused Serialized files (Serialized files now loaded: 0)
System memory in use before: 52.7 MB.
System memory in use after: 52.8 MB.

Unloading 5 unused Assets to reduce memory usage. Loaded Objects now: 2293.
Total: 2.658700 ms (FindLiveObjects: 0.243700 ms CreateObjectMapping: 0.093700 ms MarkObjects: 2.284600 ms  DeleteObjects: 0.031300 ms)

AssetImportWorkerClient::OnTransportError - code=2 error=End of file
