Using pre-set license

 COMMAND LINE ARGUMENTS:
/Applications/2020.3.14f1/Unity.app/Contents/MacOS/Unity
-adb2
-batchMode
-noUpm
-name
AssetImportWorker0
-projectPath
/Users/nana/Documents/GitHub/UnityProjects/tilematch-connect
-logFile
Logs/AssetImportWorker0.log
-srvPort
49675
Successfully changed project path to: /Users/nana/Documents/GitHub/UnityProjects/tilematch-connect
/Users/nana/Documents/GitHub/UnityProjects/tilematch-connect
Using Asset Import Pipeline V2.
Refreshing native plugins compatible for Editor in 56.87 ms, found 3 plugins.
Preloading 0 native plugins for Editor in 0.00 ms.
Initialize engine version: 2020.3.14f1 (d0d1bb862f9d)
[Subsystems] Discovering subsystems at path /Applications/2020.3.14f1/Unity.app/Contents/Resources/UnitySubsystems
[Subsystems] Discovering subsystems at path /Users/nana/Documents/GitHub/UnityProjects/tilematch-connect/Assets
GfxDevice: creating device client; threaded=0
2021-08-23 10:27:34.126 Unity[1609:50868] (null) preferred device: Apple M1 (high power)
2021-08-23 10:27:34.127 Unity[1609:50868] Metal devices available: 1
2021-08-23 10:27:34.127 Unity[1609:50868] 0: Apple M1 (high power)
2021-08-23 10:27:34.127 Unity[1609:50868] Using device Apple M1 (high power)
Initializing Metal device caps: Apple M1
Initialize mono
Mono path[0] = '/Applications/2020.3.14f1/Unity.app/Contents/Managed'
Mono path[1] = '/Applications/2020.3.14f1/Unity.app/Contents/MonoBleedingEdge/lib/mono/unityjit'
Mono config path = '/Applications/2020.3.14f1/Unity.app/Contents/MonoBleedingEdge/etc'
Using monoOptions --debugger-agent=transport=dt_socket,embedding=1,server=y,suspend=n,address=127.0.0.1:56609
Begin MonoManager ReloadAssembly
Registering precompiled unity dll's ...
Register platform support module: /Applications/2020.3.14f1/Unity.app/Contents/PlaybackEngines/MacStandaloneSupport/UnityEditor.OSXStandalone.Extensions.dll
Registered in 0.001979 seconds.
Native extension for OSXStandalone target not found
Refreshing native plugins compatible for Editor in 58.77 ms, found 3 plugins.
Preloading 0 native plugins for Editor in 0.00 ms.
Mono: successfully reloaded assembly
- Completed reload, in  3.498 seconds
Domain Reload Profiling:
	ReloadAssembly (3498ms)
		BeginReloadAssembly (83ms)
			ExecutionOrderSort (0ms)
			DisableScriptedObjects (0ms)
			BackupInstance (0ms)
			ReleaseScriptingObjects (0ms)
			CreateAndSetChildDomain (6ms)
		EndReloadAssembly (892ms)
			LoadAssemblies (78ms)
			RebuildTransferFunctionScriptingTraits (0ms)
			SetupTypeCache (183ms)
			ReleaseScriptCaches (0ms)
			RebuildScriptCaches (41ms)
			SetupLoadedEditorAssemblies (505ms)
				LogAssemblyErrors (0ms)
				InitializePlatformSupportModulesInManaged (10ms)
				SetLoadedEditorAssemblies (1ms)
				RefreshPlugins (59ms)
				BeforeProcessingInitializeOnLoad (75ms)
				ProcessInitializeOnLoadAttributes (272ms)
				ProcessInitializeOnLoadMethodAttributes (88ms)
				AfterProcessingInitializeOnLoad (0ms)
				EditorAssembliesLoaded (1ms)
			ExecutionOrderSort2 (0ms)
			AwakeInstancesAfterBackupRestoration (0ms)
Platform modules already initialized, skipping
Registering precompiled user dll's ...
Registered in 0.005781 seconds.
Begin MonoManager ReloadAssembly
Native extension for OSXStandalone target not found
Refreshing native plugins compatible for Editor in 54.53 ms, found 3 plugins.
Preloading 0 native plugins for Editor in 0.00 ms.
Mono: successfully reloaded assembly
- Completed reload, in  2.603 seconds
Domain Reload Profiling:
	ReloadAssembly (2606ms)
		BeginReloadAssembly (254ms)
			ExecutionOrderSort (0ms)
			DisableScriptedObjects (25ms)
			BackupInstance (0ms)
			ReleaseScriptingObjects (0ms)
			CreateAndSetChildDomain (39ms)
		EndReloadAssembly (2259ms)
			LoadAssemblies (197ms)
			RebuildTransferFunctionScriptingTraits (0ms)
			SetupTypeCache (456ms)
			ReleaseScriptCaches (1ms)
			RebuildScriptCaches (73ms)
			SetupLoadedEditorAssemblies (1230ms)
				LogAssemblyErrors (0ms)
				InitializePlatformSupportModulesInManaged (12ms)
				SetLoadedEditorAssemblies (1ms)
				RefreshPlugins (55ms)
				BeforeProcessingInitializeOnLoad (162ms)
				ProcessInitializeOnLoadAttributes (673ms)
				ProcessInitializeOnLoadMethodAttributes (326ms)
				AfterProcessingInitializeOnLoad (1ms)
				EditorAssembliesLoaded (0ms)
			ExecutionOrderSort2 (0ms)
			AwakeInstancesAfterBackupRestoration (32ms)
Platform modules already initialized, skipping
========================================================================
Worker process is ready to serve import requests
Launching external process: /Applications/2020.3.14f1/Unity.app/Contents/Tools/UnityShaderCompiler
Launched and connected shader compiler UnityShaderCompiler after 0.04 seconds
Refreshing native plugins compatible for Editor in 0.54 ms, found 3 plugins.
Preloading 0 native plugins for Editor in 0.00 ms.
Unloading 3189 Unused Serialized files (Serialized files now loaded: 0)
System memory in use before: 236.0 MB.
System memory in use after: 236.2 MB.

Unloading 34 unused Assets to reduce memory usage. Loaded Objects now: 4863.
Total: 3.292875 ms (FindLiveObjects: 0.282042 ms CreateObjectMapping: 0.097333 ms MarkObjects: 2.829958 ms  DeleteObjects: 0.082667 ms)

AssetImportParameters requested are different than current active one (requested -> active):
  custom:video-decoder-ogg-theora: a1e56fd34408186e4bbccfd4996cb3dc -> 
  custom:container-muxer-webm: aa71ff27fc2769a1b78a27578f13a17b -> 
  custom:container-demuxer-webm: 4f35f7cbe854078d1ac9338744f61a02 -> 
  custom:container-demuxer-ogg: 62fdf1f143b41e24485cea50d1cbac27 -> 
  custom:video-encoder-webm-vp8: eb34c28f22e8b96e1ab97ce403110664 -> 
  custom:framework-osx-AVFoundation: e770b220cccbd017edd2c1fefb359320 -> 
  custom:video-decoder-webm-vp8: 9c59270c3fd7afecdb556c50c9e8de78 -> 
  custom:audio-decoder-ogg-vorbis: bf7c407c2cedff20999df2af8eb42d56 -> 
  custom:audio-encoder-webm-vorbis: bf7c407c2cedff20999df2af8eb42d56 -> 
========================================================================
Received Import Request.
  path: Assets/Scripts/GamePlayManager/Timer.cs
  artifactKey: Guid(286a17c56f58448c8a5d161ee9d0c24a) Importer(815301076,1909f56bfc062723c751e8b465ee728b)
Start importing Assets/Scripts/GamePlayManager/Timer.cs using Guid(286a17c56f58448c8a5d161ee9d0c24a) Importer(815301076,1909f56bfc062723c751e8b465ee728b)  -> (artifact id: 'dc5e59a0009326ef326584417b84c6a5') in 1.702712 seconds 
  Import took 1.707995 seconds .

========================================================================
Received Import Request.
  Time since last request: 11547.233971 seconds.
  path: Assets/AddressableAssetsData/AddressableAssetSettings.asset
  artifactKey: Guid(f5b7f267b8ec4434c8a22340618f0001) Importer(815301076,1909f56bfc062723c751e8b465ee728b)
Start importing Assets/AddressableAssetsData/AddressableAssetSettings.asset using Guid(f5b7f267b8ec4434c8a22340618f0001) Importer(815301076,1909f56bfc062723c751e8b465ee728b)  -> (artifact id: '6c9404662e062a4f2cbbc7eff32210eb') in 0.832363 seconds 
  Import took 0.860106 seconds .

========================================================================
Received Import Request.
  Time since last request: 0.000593 seconds.
  path: Assets/AddressableAssetsData/DefaultObject.asset
  artifactKey: Guid(1ae70985e7f0f4845afede90f60e958c) Importer(815301076,1909f56bfc062723c751e8b465ee728b)
Start importing Assets/AddressableAssetsData/DefaultObject.asset using Guid(1ae70985e7f0f4845afede90f60e958c) Importer(815301076,1909f56bfc062723c751e8b465ee728b)  -> (artifact id: '3377999a2bc54c790e075a0f1b4c8a5e') in 0.002489 seconds 
  Import took 0.009586 seconds .

========================================================================
Received Prepare
Registering precompiled user dll's ...
Registered in 0.007387 seconds.
Begin MonoManager ReloadAssembly
Native extension for OSXStandalone target not found
Refreshing native plugins compatible for Editor in 0.59 ms, found 3 plugins.
Preloading 0 native plugins for Editor in 0.00 ms.
Mono: successfully reloaded assembly
- Completed reload, in  2.614 seconds
Domain Reload Profiling:
	ReloadAssembly (2617ms)
		BeginReloadAssembly (320ms)
			ExecutionOrderSort (0ms)
			DisableScriptedObjects (42ms)
			BackupInstance (0ms)
			ReleaseScriptingObjects (0ms)
			CreateAndSetChildDomain (133ms)
		EndReloadAssembly (2189ms)
			LoadAssemblies (222ms)
			RebuildTransferFunctionScriptingTraits (1ms)
			SetupTypeCache (484ms)
			ReleaseScriptCaches (1ms)
			RebuildScriptCaches (56ms)
			SetupLoadedEditorAssemblies (1007ms)
				LogAssemblyErrors (0ms)
				InitializePlatformSupportModulesInManaged (13ms)
				SetLoadedEditorAssemblies (1ms)
				RefreshPlugins (1ms)
				BeforeProcessingInitializeOnLoad (189ms)
				ProcessInitializeOnLoadAttributes (712ms)
				ProcessInitializeOnLoadMethodAttributes (89ms)
				AfterProcessingInitializeOnLoad (1ms)
				EditorAssembliesLoaded (1ms)
			ExecutionOrderSort2 (0ms)
			AwakeInstancesAfterBackupRestoration (75ms)
Platform modules already initialized, skipping
Refreshing native plugins compatible for Editor in 0.56 ms, found 3 plugins.
Preloading 0 native plugins for Editor in 0.00 ms.
Unloading 3034 Unused Serialized files (Serialized files now loaded: 0)
System memory in use before: 238.7 MB.
System memory in use after: 239.0 MB.

Unloading 23 unused Assets to reduce memory usage. Loaded Objects now: 4867.
Total: 5.864125 ms (FindLiveObjects: 0.523791 ms CreateObjectMapping: 0.096583 ms MarkObjects: 5.207709 ms  DeleteObjects: 0.035417 ms)

AssetImportParameters requested are different than current active one (requested -> active):
  custom:video-decoder-ogg-theora: a1e56fd34408186e4bbccfd4996cb3dc -> 
  custom:container-muxer-webm: aa71ff27fc2769a1b78a27578f13a17b -> 
  custom:container-demuxer-webm: 4f35f7cbe854078d1ac9338744f61a02 -> 
  custom:container-demuxer-ogg: 62fdf1f143b41e24485cea50d1cbac27 -> 
  custom:video-encoder-webm-vp8: eb34c28f22e8b96e1ab97ce403110664 -> 
  custom:framework-osx-AVFoundation: e770b220cccbd017edd2c1fefb359320 -> 
  custom:video-decoder-webm-vp8: 9c59270c3fd7afecdb556c50c9e8de78 -> 
  custom:audio-decoder-ogg-vorbis: bf7c407c2cedff20999df2af8eb42d56 -> 
  custom:audio-encoder-webm-vorbis: bf7c407c2cedff20999df2af8eb42d56 -> 
========================================================================
Received Prepare
Registering precompiled user dll's ...
Registered in 0.006391 seconds.
Begin MonoManager ReloadAssembly
Native extension for OSXStandalone target not found
Refreshing native plugins compatible for Editor in 0.58 ms, found 3 plugins.
Preloading 0 native plugins for Editor in 0.00 ms.
Mono: successfully reloaded assembly
- Completed reload, in  2.546 seconds
Domain Reload Profiling:
	ReloadAssembly (2547ms)
		BeginReloadAssembly (312ms)
			ExecutionOrderSort (0ms)
			DisableScriptedObjects (52ms)
			BackupInstance (0ms)
			ReleaseScriptingObjects (0ms)
			CreateAndSetChildDomain (136ms)
		EndReloadAssembly (2133ms)
			LoadAssemblies (208ms)
			RebuildTransferFunctionScriptingTraits (0ms)
			SetupTypeCache (462ms)
			ReleaseScriptCaches (1ms)
			RebuildScriptCaches (56ms)
			SetupLoadedEditorAssemblies (940ms)
				LogAssemblyErrors (0ms)
				InitializePlatformSupportModulesInManaged (12ms)
				SetLoadedEditorAssemblies (1ms)
				RefreshPlugins (1ms)
				BeforeProcessingInitializeOnLoad (178ms)
				ProcessInitializeOnLoadAttributes (689ms)
				ProcessInitializeOnLoadMethodAttributes (58ms)
				AfterProcessingInitializeOnLoad (1ms)
				EditorAssembliesLoaded (0ms)
			ExecutionOrderSort2 (0ms)
			AwakeInstancesAfterBackupRestoration (98ms)
Platform modules already initialized, skipping
Refreshing native plugins compatible for Editor in 0.57 ms, found 3 plugins.
Preloading 0 native plugins for Editor in 0.00 ms.
Unloading 3032 Unused Serialized files (Serialized files now loaded: 0)
System memory in use before: 239.0 MB.
System memory in use after: 239.3 MB.

Unloading 22 unused Assets to reduce memory usage. Loaded Objects now: 4870.
Total: 2.984417 ms (FindLiveObjects: 0.254333 ms CreateObjectMapping: 0.089333 ms MarkObjects: 2.612833 ms  DeleteObjects: 0.026917 ms)

AssetImportParameters requested are different than current active one (requested -> active):
  custom:video-decoder-ogg-theora: a1e56fd34408186e4bbccfd4996cb3dc -> 
  custom:container-muxer-webm: aa71ff27fc2769a1b78a27578f13a17b -> 
  custom:container-demuxer-webm: 4f35f7cbe854078d1ac9338744f61a02 -> 
  custom:container-demuxer-ogg: 62fdf1f143b41e24485cea50d1cbac27 -> 
  custom:video-encoder-webm-vp8: eb34c28f22e8b96e1ab97ce403110664 -> 
  custom:framework-osx-AVFoundation: e770b220cccbd017edd2c1fefb359320 -> 
  custom:video-decoder-webm-vp8: 9c59270c3fd7afecdb556c50c9e8de78 -> 
  custom:audio-decoder-ogg-vorbis: bf7c407c2cedff20999df2af8eb42d56 -> 
  custom:audio-encoder-webm-vorbis: bf7c407c2cedff20999df2af8eb42d56 -> 
========================================================================
Received Prepare
Registering precompiled user dll's ...
Registered in 0.006721 seconds.
Begin MonoManager ReloadAssembly
Native extension for OSXStandalone target not found
Refreshing native plugins compatible for Editor in 0.65 ms, found 3 plugins.
Preloading 0 native plugins for Editor in 0.00 ms.
Mono: successfully reloaded assembly
- Completed reload, in  2.606 seconds
Domain Reload Profiling:
	ReloadAssembly (2607ms)
		BeginReloadAssembly (334ms)
			ExecutionOrderSort (0ms)
			DisableScriptedObjects (49ms)
			BackupInstance (0ms)
			ReleaseScriptingObjects (0ms)
			CreateAndSetChildDomain (162ms)
		EndReloadAssembly (2175ms)
			LoadAssemblies (213ms)
			RebuildTransferFunctionScriptingTraits (0ms)
			SetupTypeCache (482ms)
			ReleaseScriptCaches (1ms)
			RebuildScriptCaches (56ms)
			SetupLoadedEditorAssemblies (949ms)
				LogAssemblyErrors (0ms)
				InitializePlatformSupportModulesInManaged (14ms)
				SetLoadedEditorAssemblies (1ms)
				RefreshPlugins (1ms)
				BeforeProcessingInitializeOnLoad (193ms)
				ProcessInitializeOnLoadAttributes (684ms)
				ProcessInitializeOnLoadMethodAttributes (56ms)
				AfterProcessingInitializeOnLoad (1ms)
				EditorAssembliesLoaded (0ms)
			ExecutionOrderSort2 (0ms)
			AwakeInstancesAfterBackupRestoration (96ms)
Platform modules already initialized, skipping
Refreshing native plugins compatible for Editor in 0.55 ms, found 3 plugins.
Preloading 0 native plugins for Editor in 0.00 ms.
Unloading 3032 Unused Serialized files (Serialized files now loaded: 0)
System memory in use before: 239.3 MB.
System memory in use after: 239.5 MB.

Unloading 22 unused Assets to reduce memory usage. Loaded Objects now: 4873.
Total: 2.942041 ms (FindLiveObjects: 0.257458 ms CreateObjectMapping: 0.092375 ms MarkObjects: 2.568666 ms  DeleteObjects: 0.022791 ms)

AssetImportParameters requested are different than current active one (requested -> active):
  custom:video-decoder-ogg-theora: a1e56fd34408186e4bbccfd4996cb3dc -> 
  custom:container-muxer-webm: aa71ff27fc2769a1b78a27578f13a17b -> 
  custom:container-demuxer-webm: 4f35f7cbe854078d1ac9338744f61a02 -> 
  custom:container-demuxer-ogg: 62fdf1f143b41e24485cea50d1cbac27 -> 
  custom:video-encoder-webm-vp8: eb34c28f22e8b96e1ab97ce403110664 -> 
  custom:framework-osx-AVFoundation: e770b220cccbd017edd2c1fefb359320 -> 
  custom:video-decoder-webm-vp8: 9c59270c3fd7afecdb556c50c9e8de78 -> 
  custom:audio-decoder-ogg-vorbis: bf7c407c2cedff20999df2af8eb42d56 -> 
  custom:audio-encoder-webm-vorbis: bf7c407c2cedff20999df2af8eb42d56 -> 
========================================================================
Received Import Request.
  Time since last request: 3862.521684 seconds.
  path: Assets/Scenes/Tile_MasterBI.unity
  artifactKey: Guid(e953a3156695441e392c78043e1effd7) Importer(815301076,1909f56bfc062723c751e8b465ee728b)
Start importing Assets/Scenes/Tile_MasterBI.unity using Guid(e953a3156695441e392c78043e1effd7) Importer(815301076,1909f56bfc062723c751e8b465ee728b)  -> (artifact id: '0c5be467b309883c3e8de0fc96bcecb2') in 0.058870 seconds 
  Import took 0.088308 seconds .

========================================================================
Received Import Request.
  Time since last request: 0.000794 seconds.
  path: Assets/Scenes/Tile_MasterBI.unity
  artifactKey: Guid(e953a3156695441e392c78043e1effd7) Importer(815301076,1909f56bfc062723c751e8b465ee728b)
Start importing Assets/Scenes/Tile_MasterBI.unity using Guid(e953a3156695441e392c78043e1effd7) Importer(815301076,1909f56bfc062723c751e8b465ee728b)  -> (artifact id: '0c5be467b309883c3e8de0fc96bcecb2') in 0.001244 seconds 
  Import took 0.009463 seconds .

========================================================================
Received Import Request.
  Time since last request: 28.649710 seconds.
  path: Assets/Scenes/Tile_Match.unity
  artifactKey: Guid(75d0d19e8f4544b6d9f4db92542e2dcf) Importer(815301076,1909f56bfc062723c751e8b465ee728b)
Start importing Assets/Scenes/Tile_Match.unity using Guid(75d0d19e8f4544b6d9f4db92542e2dcf) Importer(815301076,1909f56bfc062723c751e8b465ee728b)  -> (artifact id: 'a225e4851c9e8dbc8601182ef9a0ecb2') in 0.001448 seconds 
  Import took 0.006959 seconds .

========================================================================
Received Import Request.
  Time since last request: 7.896972 seconds.
  path: Assets/Scenes/Old
  artifactKey: Guid(6eb5b2a5af5444bf5a739cd5c1d6d311) Importer(815301076,1909f56bfc062723c751e8b465ee728b)
Start importing Assets/Scenes/Old using Guid(6eb5b2a5af5444bf5a739cd5c1d6d311) Importer(815301076,1909f56bfc062723c751e8b465ee728b)  -> (artifact id: '7bd50a1ce259a9e91ff2ab4a35ca0f78') in 0.001054 seconds 
  Import took 0.006165 seconds .

========================================================================
Received Import Request.
  Time since last request: 0.000699 seconds.
  path: Assets/Scenes/Old
  artifactKey: Guid(6eb5b2a5af5444bf5a739cd5c1d6d311) Importer(815301076,1909f56bfc062723c751e8b465ee728b)
Start importing Assets/Scenes/Old using Guid(6eb5b2a5af5444bf5a739cd5c1d6d311) Importer(815301076,1909f56bfc062723c751e8b465ee728b)  -> (artifact id: '7bd50a1ce259a9e91ff2ab4a35ca0f78') in 0.000687 seconds 
  Import took 0.005033 seconds .

========================================================================
Received Import Request.
  Time since last request: 1.445277 seconds.
  path: Assets/Scenes/Old/Store.unity
  artifactKey: Guid(1cf39289fd57d4c3cad3fbbb98d4b557) Importer(815301076,1909f56bfc062723c751e8b465ee728b)
Start importing Assets/Scenes/Old/Store.unity using Guid(1cf39289fd57d4c3cad3fbbb98d4b557) Importer(815301076,1909f56bfc062723c751e8b465ee728b)  -> (artifact id: '288a5dbd22e58270dfd69d89c2211de7') in 0.002224 seconds 
  Import took 0.008799 seconds .

========================================================================
Received Import Request.
  Time since last request: 0.589589 seconds.
  path: Assets/Scenes/Old/Popup.unity
  artifactKey: Guid(410724dbc02324d3caa2ee12354eadca) Importer(815301076,1909f56bfc062723c751e8b465ee728b)
Start importing Assets/Scenes/Old/Popup.unity using Guid(410724dbc02324d3caa2ee12354eadca) Importer(815301076,1909f56bfc062723c751e8b465ee728b)  -> (artifact id: '204177c7826e9cd1b1d48292e60569d0') in 0.002078 seconds 
  Import took 0.008042 seconds .

========================================================================
Received Import Request.
  Time since last request: 0.596541 seconds.
  path: Assets/Scenes/Old/Rank.unity
  artifactKey: Guid(1b3b3d7d935804d37a2253daa453fabf) Importer(815301076,1909f56bfc062723c751e8b465ee728b)
Start importing Assets/Scenes/Old/Rank.unity using Guid(1b3b3d7d935804d37a2253daa453fabf) Importer(815301076,1909f56bfc062723c751e8b465ee728b)  -> (artifact id: '603d52b3444b49d2cff60f1a87be2f9c') in 0.001542 seconds 
  Import took 0.007637 seconds .

========================================================================
Received Import Request.
  Time since last request: 0.566832 seconds.
  path: Assets/Scenes/Old/Worldmap.unity
  artifactKey: Guid(450701d2180cf47c480ac2ea7414c503) Importer(815301076,1909f56bfc062723c751e8b465ee728b)
Start importing Assets/Scenes/Old/Worldmap.unity using Guid(450701d2180cf47c480ac2ea7414c503) Importer(815301076,1909f56bfc062723c751e8b465ee728b)  -> (artifact id: '68feaf955d98d3dd7bef2ec8c88dd466') in 0.001479 seconds 
  Import took 0.008289 seconds .

========================================================================
Received Import Request.
  Time since last request: 0.985266 seconds.
  path: Assets/Scenes/Old/result.unity
  artifactKey: Guid(0d699b943dc9142d2961e2db87288a92) Importer(815301076,1909f56bfc062723c751e8b465ee728b)
Start importing Assets/Scenes/Old/result.unity using Guid(0d699b943dc9142d2961e2db87288a92) Importer(815301076,1909f56bfc062723c751e8b465ee728b)  -> (artifact id: '8288bef4410143970c9d1da06ccd4573') in 0.001699 seconds 
  Import took 0.008569 seconds .

========================================================================
Received Prepare
Registering precompiled user dll's ...
Registered in 0.005856 seconds.
Begin MonoManager ReloadAssembly
Native extension for OSXStandalone target not found
Refreshing native plugins compatible for Editor in 1.00 ms, found 3 plugins.
Preloading 0 native plugins for Editor in 0.00 ms.
Mono: successfully reloaded assembly
- Completed reload, in  2.650 seconds
Domain Reload Profiling:
	ReloadAssembly (2651ms)
		BeginReloadAssembly (290ms)
			ExecutionOrderSort (0ms)
			DisableScriptedObjects (53ms)
			BackupInstance (0ms)
			ReleaseScriptingObjects (0ms)
			CreateAndSetChildDomain (132ms)
		EndReloadAssembly (2262ms)
			LoadAssemblies (172ms)
			RebuildTransferFunctionScriptingTraits (0ms)
			SetupTypeCache (514ms)
			ReleaseScriptCaches (1ms)
			RebuildScriptCaches (59ms)
			SetupLoadedEditorAssemblies (981ms)
				LogAssemblyErrors (0ms)
				InitializePlatformSupportModulesInManaged (12ms)
				SetLoadedEditorAssemblies (1ms)
				RefreshPlugins (1ms)
				BeforeProcessingInitializeOnLoad (189ms)
				ProcessInitializeOnLoadAttributes (719ms)
				ProcessInitializeOnLoadMethodAttributes (58ms)
				AfterProcessingInitializeOnLoad (1ms)
				EditorAssembliesLoaded (0ms)
			ExecutionOrderSort2 (0ms)
			AwakeInstancesAfterBackupRestoration (99ms)
Platform modules already initialized, skipping
Refreshing native plugins compatible for Editor in 0.60 ms, found 3 plugins.
Preloading 0 native plugins for Editor in 0.00 ms.
Unloading 3032 Unused Serialized files (Serialized files now loaded: 0)
System memory in use before: 239.6 MB.
System memory in use after: 239.9 MB.

Unloading 22 unused Assets to reduce memory usage. Loaded Objects now: 4876.
Total: 3.341625 ms (FindLiveObjects: 0.365584 ms CreateObjectMapping: 0.180583 ms MarkObjects: 2.768417 ms  DeleteObjects: 0.026208 ms)

AssetImportParameters requested are different than current active one (requested -> active):
  custom:video-decoder-ogg-theora: a1e56fd34408186e4bbccfd4996cb3dc -> 
  custom:container-muxer-webm: aa71ff27fc2769a1b78a27578f13a17b -> 
  custom:container-demuxer-webm: 4f35f7cbe854078d1ac9338744f61a02 -> 
  custom:container-demuxer-ogg: 62fdf1f143b41e24485cea50d1cbac27 -> 
  custom:video-encoder-webm-vp8: eb34c28f22e8b96e1ab97ce403110664 -> 
  custom:framework-osx-AVFoundation: e770b220cccbd017edd2c1fefb359320 -> 
  custom:video-decoder-webm-vp8: 9c59270c3fd7afecdb556c50c9e8de78 -> 
  custom:audio-decoder-ogg-vorbis: bf7c407c2cedff20999df2af8eb42d56 -> 
  custom:audio-encoder-webm-vorbis: bf7c407c2cedff20999df2af8eb42d56 -> 
========================================================================
Received Prepare
Registering precompiled user dll's ...
Registered in 0.003874 seconds.
Begin MonoManager ReloadAssembly
Native extension for OSXStandalone target not found
Refreshing native plugins compatible for Editor in 0.55 ms, found 3 plugins.
Preloading 0 native plugins for Editor in 0.00 ms.
Mono: successfully reloaded assembly
- Completed reload, in  2.453 seconds
Domain Reload Profiling:
	ReloadAssembly (2454ms)
		BeginReloadAssembly (246ms)
			ExecutionOrderSort (0ms)
			DisableScriptedObjects (40ms)
			BackupInstance (0ms)
			ReleaseScriptingObjects (0ms)
			CreateAndSetChildDomain (98ms)
		EndReloadAssembly (2103ms)
			LoadAssemblies (176ms)
			RebuildTransferFunctionScriptingTraits (0ms)
			SetupTypeCache (473ms)
			ReleaseScriptCaches (3ms)
			RebuildScriptCaches (58ms)
			SetupLoadedEditorAssemblies (910ms)
				LogAssemblyErrors (0ms)
				InitializePlatformSupportModulesInManaged (12ms)
				SetLoadedEditorAssemblies (2ms)
				RefreshPlugins (1ms)
				BeforeProcessingInitializeOnLoad (177ms)
				ProcessInitializeOnLoadAttributes (662ms)
				ProcessInitializeOnLoadMethodAttributes (54ms)
				AfterProcessingInitializeOnLoad (1ms)
				EditorAssembliesLoaded (0ms)
			ExecutionOrderSort2 (0ms)
			AwakeInstancesAfterBackupRestoration (95ms)
Platform modules already initialized, skipping
Refreshing native plugins compatible for Editor in 0.66 ms, found 3 plugins.
Preloading 0 native plugins for Editor in 0.00 ms.
Unloading 3032 Unused Serialized files (Serialized files now loaded: 0)
System memory in use before: 240.0 MB.
System memory in use after: 240.2 MB.

Unloading 22 unused Assets to reduce memory usage. Loaded Objects now: 4879.
Total: 3.421250 ms (FindLiveObjects: 0.331375 ms CreateObjectMapping: 0.095625 ms MarkObjects: 2.962250 ms  DeleteObjects: 0.030959 ms)

AssetImportParameters requested are different than current active one (requested -> active):
  custom:video-decoder-ogg-theora: a1e56fd34408186e4bbccfd4996cb3dc -> 
  custom:container-muxer-webm: aa71ff27fc2769a1b78a27578f13a17b -> 
  custom:container-demuxer-webm: 4f35f7cbe854078d1ac9338744f61a02 -> 
  custom:container-demuxer-ogg: 62fdf1f143b41e24485cea50d1cbac27 -> 
  custom:video-encoder-webm-vp8: eb34c28f22e8b96e1ab97ce403110664 -> 
  custom:framework-osx-AVFoundation: e770b220cccbd017edd2c1fefb359320 -> 
  custom:video-decoder-webm-vp8: 9c59270c3fd7afecdb556c50c9e8de78 -> 
  custom:audio-decoder-ogg-vorbis: bf7c407c2cedff20999df2af8eb42d56 -> 
  custom:audio-encoder-webm-vorbis: bf7c407c2cedff20999df2af8eb42d56 -> 
========================================================================
Received Prepare
Registering precompiled user dll's ...
Registered in 0.004446 seconds.
Begin MonoManager ReloadAssembly
Native extension for OSXStandalone target not found
Refreshing native plugins compatible for Editor in 0.57 ms, found 3 plugins.
Preloading 0 native plugins for Editor in 0.00 ms.
Mono: successfully reloaded assembly
- Completed reload, in  2.470 seconds
Domain Reload Profiling:
	ReloadAssembly (2472ms)
		BeginReloadAssembly (269ms)
			ExecutionOrderSort (0ms)
			DisableScriptedObjects (39ms)
			BackupInstance (0ms)
			ReleaseScriptingObjects (0ms)
			CreateAndSetChildDomain (120ms)
		EndReloadAssembly (2108ms)
			LoadAssemblies (166ms)
			RebuildTransferFunctionScriptingTraits (0ms)
			SetupTypeCache (471ms)
			ReleaseScriptCaches (1ms)
			RebuildScriptCaches (56ms)
			SetupLoadedEditorAssemblies (951ms)
				LogAssemblyErrors (0ms)
				InitializePlatformSupportModulesInManaged (12ms)
				SetLoadedEditorAssemblies (1ms)
				RefreshPlugins (1ms)
				BeforeProcessingInitializeOnLoad (180ms)
				ProcessInitializeOnLoadAttributes (699ms)
				ProcessInitializeOnLoadMethodAttributes (57ms)
				AfterProcessingInitializeOnLoad (1ms)
				EditorAssembliesLoaded (0ms)
			ExecutionOrderSort2 (0ms)
			AwakeInstancesAfterBackupRestoration (96ms)
Platform modules already initialized, skipping
Refreshing native plugins compatible for Editor in 0.63 ms, found 3 plugins.
Preloading 0 native plugins for Editor in 0.00 ms.
Unloading 3032 Unused Serialized files (Serialized files now loaded: 0)
System memory in use before: 240.3 MB.
System memory in use after: 240.5 MB.

Unloading 22 unused Assets to reduce memory usage. Loaded Objects now: 4882.
Total: 2.988666 ms (FindLiveObjects: 0.278417 ms CreateObjectMapping: 0.100833 ms MarkObjects: 2.582167 ms  DeleteObjects: 0.026500 ms)

AssetImportParameters requested are different than current active one (requested -> active):
  custom:video-decoder-ogg-theora: a1e56fd34408186e4bbccfd4996cb3dc -> 
  custom:container-muxer-webm: aa71ff27fc2769a1b78a27578f13a17b -> 
  custom:container-demuxer-webm: 4f35f7cbe854078d1ac9338744f61a02 -> 
  custom:container-demuxer-ogg: 62fdf1f143b41e24485cea50d1cbac27 -> 
  custom:video-encoder-webm-vp8: eb34c28f22e8b96e1ab97ce403110664 -> 
  custom:framework-osx-AVFoundation: e770b220cccbd017edd2c1fefb359320 -> 
  custom:video-decoder-webm-vp8: 9c59270c3fd7afecdb556c50c9e8de78 -> 
  custom:audio-decoder-ogg-vorbis: bf7c407c2cedff20999df2af8eb42d56 -> 
  custom:audio-encoder-webm-vorbis: bf7c407c2cedff20999df2af8eb42d56 -> 
========================================================================
Received Prepare
Registering precompiled user dll's ...
Registered in 0.006225 seconds.
Begin MonoManager ReloadAssembly
Native extension for OSXStandalone target not found
Refreshing native plugins compatible for Editor in 0.60 ms, found 3 plugins.
Preloading 0 native plugins for Editor in 0.00 ms.
Mono: successfully reloaded assembly
- Completed reload, in  2.645 seconds
Domain Reload Profiling:
	ReloadAssembly (2647ms)
		BeginReloadAssembly (277ms)
			ExecutionOrderSort (0ms)
			DisableScriptedObjects (40ms)
			BackupInstance (0ms)
			ReleaseScriptingObjects (0ms)
			CreateAndSetChildDomain (122ms)
		EndReloadAssembly (2271ms)
			LoadAssemblies (170ms)
			RebuildTransferFunctionScriptingTraits (0ms)
			SetupTypeCache (511ms)
			ReleaseScriptCaches (1ms)
			RebuildScriptCaches (57ms)
			SetupLoadedEditorAssemblies (1042ms)
				LogAssemblyErrors (0ms)
				InitializePlatformSupportModulesInManaged (12ms)
				SetLoadedEditorAssemblies (1ms)
				RefreshPlugins (1ms)
				BeforeProcessingInitializeOnLoad (188ms)
				ProcessInitializeOnLoadAttributes (782ms)
				ProcessInitializeOnLoadMethodAttributes (57ms)
				AfterProcessingInitializeOnLoad (1ms)
				EditorAssembliesLoaded (0ms)
			ExecutionOrderSort2 (0ms)
			AwakeInstancesAfterBackupRestoration (99ms)
Platform modules already initialized, skipping
Refreshing native plugins compatible for Editor in 0.60 ms, found 3 plugins.
Preloading 0 native plugins for Editor in 0.00 ms.
Unloading 3032 Unused Serialized files (Serialized files now loaded: 0)
System memory in use before: 240.5 MB.
System memory in use after: 240.7 MB.

Unloading 22 unused Assets to reduce memory usage. Loaded Objects now: 4885.
Total: 3.156667 ms (FindLiveObjects: 0.275458 ms CreateObjectMapping: 0.097750 ms MarkObjects: 2.756375 ms  DeleteObjects: 0.026208 ms)

AssetImportParameters requested are different than current active one (requested -> active):
  custom:video-decoder-ogg-theora: a1e56fd34408186e4bbccfd4996cb3dc -> 
  custom:container-muxer-webm: aa71ff27fc2769a1b78a27578f13a17b -> 
  custom:container-demuxer-webm: 4f35f7cbe854078d1ac9338744f61a02 -> 
  custom:container-demuxer-ogg: 62fdf1f143b41e24485cea50d1cbac27 -> 
  custom:video-encoder-webm-vp8: eb34c28f22e8b96e1ab97ce403110664 -> 
  custom:framework-osx-AVFoundation: e770b220cccbd017edd2c1fefb359320 -> 
  custom:video-decoder-webm-vp8: 9c59270c3fd7afecdb556c50c9e8de78 -> 
  custom:audio-decoder-ogg-vorbis: bf7c407c2cedff20999df2af8eb42d56 -> 
  custom:audio-encoder-webm-vorbis: bf7c407c2cedff20999df2af8eb42d56 -> 
========================================================================
Received Prepare
Registering precompiled user dll's ...
Registered in 0.006644 seconds.
Begin MonoManager ReloadAssembly
Native extension for OSXStandalone target not found
Refreshing native plugins compatible for Editor in 1.21 ms, found 3 plugins.
Preloading 0 native plugins for Editor in 0.00 ms.
Mono: successfully reloaded assembly
- Completed reload, in  2.758 seconds
Domain Reload Profiling:
	ReloadAssembly (2762ms)
		BeginReloadAssembly (325ms)
			ExecutionOrderSort (0ms)
			DisableScriptedObjects (58ms)
			BackupInstance (0ms)
			ReleaseScriptingObjects (0ms)
			CreateAndSetChildDomain (146ms)
		EndReloadAssembly (2331ms)
			LoadAssemblies (217ms)
			RebuildTransferFunctionScriptingTraits (1ms)
			SetupTypeCache (509ms)
			ReleaseScriptCaches (5ms)
			RebuildScriptCaches (61ms)
			SetupLoadedEditorAssemblies (1019ms)
				LogAssemblyErrors (0ms)
				InitializePlatformSupportModulesInManaged (13ms)
				SetLoadedEditorAssemblies (1ms)
				RefreshPlugins (2ms)
				BeforeProcessingInitializeOnLoad (197ms)
				ProcessInitializeOnLoadAttributes (742ms)
				ProcessInitializeOnLoadMethodAttributes (63ms)
				AfterProcessingInitializeOnLoad (1ms)
				EditorAssembliesLoaded (0ms)
			ExecutionOrderSort2 (0ms)
			AwakeInstancesAfterBackupRestoration (108ms)
Platform modules already initialized, skipping
Refreshing native plugins compatible for Editor in 0.68 ms, found 3 plugins.
Preloading 0 native plugins for Editor in 0.00 ms.
Unloading 3032 Unused Serialized files (Serialized files now loaded: 0)
System memory in use before: 240.8 MB.
System memory in use after: 241.0 MB.

Unloading 22 unused Assets to reduce memory usage. Loaded Objects now: 4888.
Total: 10.945292 ms (FindLiveObjects: 0.575458 ms CreateObjectMapping: 0.170875 ms MarkObjects: 10.160375 ms  DeleteObjects: 0.037375 ms)

AssetImportParameters requested are different than current active one (requested -> active):
  custom:video-decoder-ogg-theora: a1e56fd34408186e4bbccfd4996cb3dc -> 
  custom:container-muxer-webm: aa71ff27fc2769a1b78a27578f13a17b -> 
  custom:container-demuxer-webm: 4f35f7cbe854078d1ac9338744f61a02 -> 
  custom:container-demuxer-ogg: 62fdf1f143b41e24485cea50d1cbac27 -> 
  custom:video-encoder-webm-vp8: eb34c28f22e8b96e1ab97ce403110664 -> 
  custom:framework-osx-AVFoundation: e770b220cccbd017edd2c1fefb359320 -> 
  custom:video-decoder-webm-vp8: 9c59270c3fd7afecdb556c50c9e8de78 -> 
  custom:audio-decoder-ogg-vorbis: bf7c407c2cedff20999df2af8eb42d56 -> 
  custom:audio-encoder-webm-vorbis: bf7c407c2cedff20999df2af8eb42d56 -> 
========================================================================
Received Prepare
Registering precompiled user dll's ...
Registered in 0.004259 seconds.
Begin MonoManager ReloadAssembly
Native extension for OSXStandalone target not found
Refreshing native plugins compatible for Editor in 0.96 ms, found 3 plugins.
Preloading 0 native plugins for Editor in 0.00 ms.
Mono: successfully reloaded assembly
- Completed reload, in  2.774 seconds
Domain Reload Profiling:
	ReloadAssembly (2776ms)
		BeginReloadAssembly (349ms)
			ExecutionOrderSort (0ms)
			DisableScriptedObjects (40ms)
			BackupInstance (0ms)
			ReleaseScriptingObjects (0ms)
			CreateAndSetChildDomain (146ms)
		EndReloadAssembly (2320ms)
			LoadAssemblies (225ms)
			RebuildTransferFunctionScriptingTraits (0ms)
			SetupTypeCache (479ms)
			ReleaseScriptCaches (1ms)
			RebuildScriptCaches (63ms)
			SetupLoadedEditorAssemblies (1058ms)
				LogAssemblyErrors (0ms)
				InitializePlatformSupportModulesInManaged (12ms)
				SetLoadedEditorAssemblies (1ms)
				RefreshPlugins (1ms)
				BeforeProcessingInitializeOnLoad (191ms)
				ProcessInitializeOnLoadAttributes (781ms)
				ProcessInitializeOnLoadMethodAttributes (70ms)
				AfterProcessingInitializeOnLoad (1ms)
				EditorAssembliesLoaded (0ms)
			ExecutionOrderSort2 (0ms)
			AwakeInstancesAfterBackupRestoration (113ms)
Platform modules already initialized, skipping
Refreshing native plugins compatible for Editor in 0.60 ms, found 3 plugins.
Preloading 0 native plugins for Editor in 0.00 ms.
Unloading 3032 Unused Serialized files (Serialized files now loaded: 0)
System memory in use before: 241.1 MB.
System memory in use after: 241.4 MB.

Unloading 22 unused Assets to reduce memory usage. Loaded Objects now: 4891.
Total: 4.722500 ms (FindLiveObjects: 0.328333 ms CreateObjectMapping: 0.172708 ms MarkObjects: 4.185250 ms  DeleteObjects: 0.035083 ms)

AssetImportParameters requested are different than current active one (requested -> active):
  custom:video-decoder-ogg-theora: a1e56fd34408186e4bbccfd4996cb3dc -> 
  custom:container-muxer-webm: aa71ff27fc2769a1b78a27578f13a17b -> 
  custom:container-demuxer-webm: 4f35f7cbe854078d1ac9338744f61a02 -> 
  custom:container-demuxer-ogg: 62fdf1f143b41e24485cea50d1cbac27 -> 
  custom:video-encoder-webm-vp8: eb34c28f22e8b96e1ab97ce403110664 -> 
  custom:framework-osx-AVFoundation: e770b220cccbd017edd2c1fefb359320 -> 
  custom:video-decoder-webm-vp8: 9c59270c3fd7afecdb556c50c9e8de78 -> 
  custom:audio-decoder-ogg-vorbis: bf7c407c2cedff20999df2af8eb42d56 -> 
  custom:audio-encoder-webm-vorbis: bf7c407c2cedff20999df2af8eb42d56 -> 
========================================================================
Received Prepare
Registering precompiled user dll's ...
Registered in 0.006340 seconds.
Begin MonoManager ReloadAssembly
Native extension for OSXStandalone target not found
Refreshing native plugins compatible for Editor in 1.24 ms, found 3 plugins.
Preloading 0 native plugins for Editor in 0.00 ms.
Mono: successfully reloaded assembly
- Completed reload, in  3.188 seconds
Domain Reload Profiling:
	ReloadAssembly (3189ms)
		BeginReloadAssembly (406ms)
			ExecutionOrderSort (0ms)
			DisableScriptedObjects (50ms)
			BackupInstance (0ms)
			ReleaseScriptingObjects (0ms)
			CreateAndSetChildDomain (210ms)
		EndReloadAssembly (2667ms)
			LoadAssemblies (264ms)
			RebuildTransferFunctionScriptingTraits (0ms)
			SetupTypeCache (575ms)
			ReleaseScriptCaches (15ms)
			RebuildScriptCaches (76ms)
			SetupLoadedEditorAssemblies (1156ms)
				LogAssemblyErrors (0ms)
				InitializePlatformSupportModulesInManaged (13ms)
				SetLoadedEditorAssemblies (1ms)
				RefreshPlugins (1ms)
				BeforeProcessingInitializeOnLoad (204ms)
				ProcessInitializeOnLoadAttributes (864ms)
				ProcessInitializeOnLoadMethodAttributes (71ms)
				AfterProcessingInitializeOnLoad (1ms)
				EditorAssembliesLoaded (0ms)
			ExecutionOrderSort2 (0ms)
			AwakeInstancesAfterBackupRestoration (115ms)
Platform modules already initialized, skipping
Refreshing native plugins compatible for Editor in 0.76 ms, found 3 plugins.
Preloading 0 native plugins for Editor in 0.00 ms.
Unloading 3032 Unused Serialized files (Serialized files now loaded: 0)
System memory in use before: 241.4 MB.
System memory in use after: 241.7 MB.

Unloading 22 unused Assets to reduce memory usage. Loaded Objects now: 4894.
Total: 4.240625 ms (FindLiveObjects: 0.552875 ms CreateObjectMapping: 0.139167 ms MarkObjects: 3.508208 ms  DeleteObjects: 0.039125 ms)

AssetImportParameters requested are different than current active one (requested -> active):
  custom:video-decoder-ogg-theora: a1e56fd34408186e4bbccfd4996cb3dc -> 
  custom:container-muxer-webm: aa71ff27fc2769a1b78a27578f13a17b -> 
  custom:container-demuxer-webm: 4f35f7cbe854078d1ac9338744f61a02 -> 
  custom:container-demuxer-ogg: 62fdf1f143b41e24485cea50d1cbac27 -> 
  custom:video-encoder-webm-vp8: eb34c28f22e8b96e1ab97ce403110664 -> 
  custom:framework-osx-AVFoundation: e770b220cccbd017edd2c1fefb359320 -> 
  custom:video-decoder-webm-vp8: 9c59270c3fd7afecdb556c50c9e8de78 -> 
  custom:audio-decoder-ogg-vorbis: bf7c407c2cedff20999df2af8eb42d56 -> 
  custom:audio-encoder-webm-vorbis: bf7c407c2cedff20999df2af8eb42d56 -> 
========================================================================
Received Prepare
Registering precompiled user dll's ...
Registered in 0.003519 seconds.
Begin MonoManager ReloadAssembly
Native extension for OSXStandalone target not found
Refreshing native plugins compatible for Editor in 0.59 ms, found 3 plugins.
Preloading 0 native plugins for Editor in 0.00 ms.
Mono: successfully reloaded assembly
- Completed reload, in  2.557 seconds
Domain Reload Profiling:
	ReloadAssembly (2558ms)
		BeginReloadAssembly (278ms)
			ExecutionOrderSort (0ms)
			DisableScriptedObjects (42ms)
			BackupInstance (0ms)
			ReleaseScriptingObjects (0ms)
			CreateAndSetChildDomain (126ms)
		EndReloadAssembly (2178ms)
			LoadAssemblies (175ms)
			RebuildTransferFunctionScriptingTraits (0ms)
			SetupTypeCache (504ms)
			ReleaseScriptCaches (2ms)
			RebuildScriptCaches (64ms)
			SetupLoadedEditorAssemblies (969ms)
				LogAssemblyErrors (0ms)
				InitializePlatformSupportModulesInManaged (13ms)
				SetLoadedEditorAssemblies (1ms)
				RefreshPlugins (1ms)
				BeforeProcessingInitializeOnLoad (203ms)
				ProcessInitializeOnLoadAttributes (698ms)
				ProcessInitializeOnLoadMethodAttributes (53ms)
				AfterProcessingInitializeOnLoad (1ms)
				EditorAssembliesLoaded (0ms)
			ExecutionOrderSort2 (0ms)
			AwakeInstancesAfterBackupRestoration (91ms)
Platform modules already initialized, skipping
Refreshing native plugins compatible for Editor in 0.52 ms, found 3 plugins.
Preloading 0 native plugins for Editor in 0.00 ms.
Unloading 3032 Unused Serialized files (Serialized files now loaded: 0)
System memory in use before: 241.7 MB.
System memory in use after: 241.9 MB.

Unloading 22 unused Assets to reduce memory usage. Loaded Objects now: 4897.
Total: 3.443666 ms (FindLiveObjects: 0.272250 ms CreateObjectMapping: 0.132000 ms MarkObjects: 2.612458 ms  DeleteObjects: 0.426041 ms)

AssetImportParameters requested are different than current active one (requested -> active):
  custom:video-decoder-ogg-theora: a1e56fd34408186e4bbccfd4996cb3dc -> 
  custom:container-muxer-webm: aa71ff27fc2769a1b78a27578f13a17b -> 
  custom:container-demuxer-webm: 4f35f7cbe854078d1ac9338744f61a02 -> 
  custom:container-demuxer-ogg: 62fdf1f143b41e24485cea50d1cbac27 -> 
  custom:video-encoder-webm-vp8: eb34c28f22e8b96e1ab97ce403110664 -> 
  custom:framework-osx-AVFoundation: e770b220cccbd017edd2c1fefb359320 -> 
  custom:video-decoder-webm-vp8: 9c59270c3fd7afecdb556c50c9e8de78 -> 
  custom:audio-decoder-ogg-vorbis: bf7c407c2cedff20999df2af8eb42d56 -> 
  custom:audio-encoder-webm-vorbis: bf7c407c2cedff20999df2af8eb42d56 -> 
========================================================================
Received Prepare
Registering precompiled user dll's ...
Registered in 0.007135 seconds.
Begin MonoManager ReloadAssembly
Native extension for OSXStandalone target not found
Refreshing native plugins compatible for Editor in 0.57 ms, found 3 plugins.
Preloading 0 native plugins for Editor in 0.00 ms.
Mono: successfully reloaded assembly
- Completed reload, in  2.670 seconds
Domain Reload Profiling:
	ReloadAssembly (2671ms)
		BeginReloadAssembly (318ms)
			ExecutionOrderSort (0ms)
			DisableScriptedObjects (51ms)
			BackupInstance (0ms)
			ReleaseScriptingObjects (0ms)
			CreateAndSetChildDomain (134ms)
		EndReloadAssembly (2244ms)
			LoadAssemblies (223ms)
			RebuildTransferFunctionScriptingTraits (0ms)
			SetupTypeCache (487ms)
			ReleaseScriptCaches (1ms)
			RebuildScriptCaches (59ms)
			SetupLoadedEditorAssemblies (1011ms)
				LogAssemblyErrors (0ms)
				InitializePlatformSupportModulesInManaged (13ms)
				SetLoadedEditorAssemblies (1ms)
				RefreshPlugins (1ms)
				BeforeProcessingInitializeOnLoad (192ms)
				ProcessInitializeOnLoadAttributes (750ms)
				ProcessInitializeOnLoadMethodAttributes (54ms)
				AfterProcessingInitializeOnLoad (1ms)
				EditorAssembliesLoaded (0ms)
			ExecutionOrderSort2 (0ms)
			AwakeInstancesAfterBackupRestoration (98ms)
Platform modules already initialized, skipping
Refreshing native plugins compatible for Editor in 0.58 ms, found 3 plugins.
Preloading 0 native plugins for Editor in 0.00 ms.
Unloading 3032 Unused Serialized files (Serialized files now loaded: 0)
System memory in use before: 241.9 MB.
System memory in use after: 242.2 MB.

Unloading 22 unused Assets to reduce memory usage. Loaded Objects now: 4900.
Total: 3.131000 ms (FindLiveObjects: 0.272166 ms CreateObjectMapping: 0.094125 ms MarkObjects: 2.734917 ms  DeleteObjects: 0.028666 ms)

AssetImportParameters requested are different than current active one (requested -> active):
  custom:video-decoder-ogg-theora: a1e56fd34408186e4bbccfd4996cb3dc -> 
  custom:container-muxer-webm: aa71ff27fc2769a1b78a27578f13a17b -> 
  custom:container-demuxer-webm: 4f35f7cbe854078d1ac9338744f61a02 -> 
  custom:container-demuxer-ogg: 62fdf1f143b41e24485cea50d1cbac27 -> 
  custom:video-encoder-webm-vp8: eb34c28f22e8b96e1ab97ce403110664 -> 
  custom:framework-osx-AVFoundation: e770b220cccbd017edd2c1fefb359320 -> 
  custom:video-decoder-webm-vp8: 9c59270c3fd7afecdb556c50c9e8de78 -> 
  custom:audio-decoder-ogg-vorbis: bf7c407c2cedff20999df2af8eb42d56 -> 
  custom:audio-encoder-webm-vorbis: bf7c407c2cedff20999df2af8eb42d56 -> 
========================================================================
Received Import Request.
  Time since last request: 2329.530367 seconds.
  path: Assets/Dependency/Graphics/GUI.spriteatlas
  artifactKey: Guid(1420bc006a6994819bff5c721a0f699b) Importer(815301076,1909f56bfc062723c751e8b465ee728b)
Start importing Assets/Dependency/Graphics/GUI.spriteatlas using Guid(1420bc006a6994819bff5c721a0f699b) Importer(815301076,1909f56bfc062723c751e8b465ee728b)  -> (artifact id: 'ae2961952e39b046f945cacdaa8ef445') in 0.596639 seconds 
  Import took 0.629886 seconds .

========================================================================
Received Import Request.
  Time since last request: 0.000853 seconds.
  path: Assets/Dependency/Graphics/TileCamp.spriteatlas
  artifactKey: Guid(c1c4c799736844c6393b8c9c7cdf0cea) Importer(815301076,1909f56bfc062723c751e8b465ee728b)
Start importing Assets/Dependency/Graphics/TileCamp.spriteatlas using Guid(c1c4c799736844c6393b8c9c7cdf0cea) Importer(815301076,1909f56bfc062723c751e8b465ee728b)  -> (artifact id: '211760d92223512fe748da08d2fb2314') in 0.003475 seconds 
  Import took 0.015736 seconds .

========================================================================
Received Import Request.
  Time since last request: 0.000346 seconds.
  path: Assets/Dependency/Graphics/TileFlag.spriteatlas
  artifactKey: Guid(c398326e2fef842738ee8dfefd988025) Importer(815301076,1909f56bfc062723c751e8b465ee728b)
Start importing Assets/Dependency/Graphics/TileFlag.spriteatlas using Guid(c398326e2fef842738ee8dfefd988025) Importer(815301076,1909f56bfc062723c751e8b465ee728b)  -> (artifact id: 'f76a76b5e727134572a98d8897f9a2fc') in 0.003809 seconds 
  Import took 0.011093 seconds .

========================================================================
Received Import Request.
  Time since last request: 0.001014 seconds.
  path: Assets/Dependency/Graphics/TileGPS.spriteatlas
  artifactKey: Guid(a2cce41108b724d628dd049f6a54d940) Importer(815301076,1909f56bfc062723c751e8b465ee728b)
Start importing Assets/Dependency/Graphics/TileGPS.spriteatlas using Guid(a2cce41108b724d628dd049f6a54d940) Importer(815301076,1909f56bfc062723c751e8b465ee728b)  -> (artifact id: '37c098f91c7440a72c6d77af1d67127b') in 0.003498 seconds 
  Import took 0.008832 seconds .

========================================================================
Received Import Request.
  Time since last request: 0.003600 seconds.
  path: Assets/Dependency/Graphics/TileGUI.spriteatlas
  artifactKey: Guid(0017e5129252a4d13b3cf38339ccb7dc) Importer(815301076,1909f56bfc062723c751e8b465ee728b)
Start importing Assets/Dependency/Graphics/TileGUI.spriteatlas using Guid(0017e5129252a4d13b3cf38339ccb7dc) Importer(815301076,1909f56bfc062723c751e8b465ee728b)  -> (artifact id: '3ca0e40eaadb1a9377121c58f8f47d0c') in 0.002448 seconds 
  Import took 0.010541 seconds .

========================================================================
Received Import Request.
  Time since last request: 0.000616 seconds.
  path: Assets/Dependency/Graphics/TileTools.spriteatlas
  artifactKey: Guid(873de160bc488476e92b42aeff3281b3) Importer(815301076,1909f56bfc062723c751e8b465ee728b)
Start importing Assets/Dependency/Graphics/TileTools.spriteatlas using Guid(873de160bc488476e92b42aeff3281b3) Importer(815301076,1909f56bfc062723c751e8b465ee728b)  -> (artifact id: 'b19e14abdc7d7a2a4b179a0248f3aadd') in 0.002152 seconds 
  Import took 0.007502 seconds .

========================================================================
Received Import Request.
  Time since last request: 0.000168 seconds.
  path: Assets/Dependency/Graphics/TileCafe.spriteatlas
  artifactKey: Guid(10fc3d498f730425aa3dd8d4ada1bae1) Importer(815301076,1909f56bfc062723c751e8b465ee728b)
Start importing Assets/Dependency/Graphics/TileCafe.spriteatlas using Guid(10fc3d498f730425aa3dd8d4ada1bae1) Importer(815301076,1909f56bfc062723c751e8b465ee728b)  -> (artifact id: 'd2853e707aaeed78e7643b1c54bc2c58') in 0.003326 seconds 
  Import took 0.008426 seconds .

========================================================================
Received Import Request.
  Time since last request: 0.000227 seconds.
  path: Assets/Dependency/Graphics/Tile_PiggyBank.spriteatlas
  artifactKey: Guid(bf8706cf58a8143f88e87007b97450ba) Importer(815301076,1909f56bfc062723c751e8b465ee728b)
Start importing Assets/Dependency/Graphics/Tile_PiggyBank.spriteatlas using Guid(bf8706cf58a8143f88e87007b97450ba) Importer(815301076,1909f56bfc062723c751e8b465ee728b)  -> (artifact id: '59ad99f9b8da14213dffbca2388f6ac4') in 0.002085 seconds 
  Import took 0.006573 seconds .

========================================================================
Received Import Request.
  Time since last request: 0.000226 seconds.
  path: Assets/Dependency/Graphics/TileFruits.spriteatlas
  artifactKey: Guid(5ec6cd60900b946eba58bf81ce8f3eb2) Importer(815301076,1909f56bfc062723c751e8b465ee728b)
Start importing Assets/Dependency/Graphics/TileFruits.spriteatlas using Guid(5ec6cd60900b946eba58bf81ce8f3eb2) Importer(815301076,1909f56bfc062723c751e8b465ee728b)  -> (artifact id: '62cd4e310e6d5f8dbb8f71b31b7284e1') in 0.001811 seconds 
  Import took 0.006107 seconds .

========================================================================
Received Import Request.
  Time since last request: 0.004161 seconds.
  path: Assets/Dependency/Graphics/TileSchool.spriteatlas
  artifactKey: Guid(d93e6b62baad746949d4256efb72f332) Importer(815301076,1909f56bfc062723c751e8b465ee728b)
Start importing Assets/Dependency/Graphics/TileSchool.spriteatlas using Guid(d93e6b62baad746949d4256efb72f332) Importer(815301076,1909f56bfc062723c751e8b465ee728b)  -> (artifact id: '784b1250c2e9b7f17b55f5bfd423da9a') in 0.002362 seconds 
  Import took 0.006954 seconds .

========================================================================
Received Import Request.
  Time since last request: 0.003710 seconds.
  path: Assets/Dependency/Graphics/TileFruits.spriteatlas
  artifactKey: Guid(5ec6cd60900b946eba58bf81ce8f3eb2) Importer(815301076,1909f56bfc062723c751e8b465ee728b)
Start importing Assets/Dependency/Graphics/TileFruits.spriteatlas using Guid(5ec6cd60900b946eba58bf81ce8f3eb2) Importer(815301076,1909f56bfc062723c751e8b465ee728b)  -> (artifact id: '62cd4e310e6d5f8dbb8f71b31b7284e1') in 0.001391 seconds 
  Import took 0.005800 seconds .

========================================================================
Received Import Request.
  Time since last request: 7754.812756 seconds.
  path: Assets/Prefabs/UI
  artifactKey: Guid(9ed232c7341ca400b920d150bbf79407) Importer(815301076,1909f56bfc062723c751e8b465ee728b)
Start importing Assets/Prefabs/UI using Guid(9ed232c7341ca400b920d150bbf79407) Importer(815301076,1909f56bfc062723c751e8b465ee728b)  -> (artifact id: 'd8110a4c1a3d4c4256cb5245d1cb605f') in 0.008931 seconds 
  Import took 0.061320 seconds .

========================================================================
Received Import Request.
  Time since last request: 0.578633 seconds.
  path: Assets/Prefabs/PopupTmp
  artifactKey: Guid(a2f7d1d7eb05b4640a7a85d1fd662ba9) Importer(815301076,1909f56bfc062723c751e8b465ee728b)
Start importing Assets/Prefabs/PopupTmp using Guid(a2f7d1d7eb05b4640a7a85d1fd662ba9) Importer(815301076,1909f56bfc062723c751e8b465ee728b)  -> (artifact id: '31cd38f8dabb2100e2065012836c5882') in 0.001893 seconds 
  Import took 0.009076 seconds .

========================================================================
Received Import Request.
  Time since last request: 0.824948 seconds.
  path: Assets/Prefabs/System
  artifactKey: Guid(10b39a02fcf9942b89cdf1582c473121) Importer(815301076,1909f56bfc062723c751e8b465ee728b)
Start importing Assets/Prefabs/System using Guid(10b39a02fcf9942b89cdf1582c473121) Importer(815301076,1909f56bfc062723c751e8b465ee728b)  -> (artifact id: 'b4818e9603133783abd72fc220e4ea56') in 0.001156 seconds 
  Import took 0.007715 seconds .

========================================================================
Received Import Request.
  Time since last request: 0.309733 seconds.
  path: Assets/Prefabs/Particle
  artifactKey: Guid(14b58bbe06aab4c4d800cf8e59a39794) Importer(815301076,1909f56bfc062723c751e8b465ee728b)
Start importing Assets/Prefabs/Particle using Guid(14b58bbe06aab4c4d800cf8e59a39794) Importer(815301076,1909f56bfc062723c751e8b465ee728b)  -> (artifact id: '5f06f5ee0d69a55c076cf0621eb4dc8f') in 0.002062 seconds 
  Import took 0.008683 seconds .

========================================================================
Received Import Request.
  Time since last request: 1.088584 seconds.
  path: Assets/Prefabs/Popup
  artifactKey: Guid(6aeb94dd4df544caeb458e29f6522d72) Importer(815301076,1909f56bfc062723c751e8b465ee728b)
Start importing Assets/Prefabs/Popup using Guid(6aeb94dd4df544caeb458e29f6522d72) Importer(815301076,1909f56bfc062723c751e8b465ee728b)  -> (artifact id: '1267bdb1066c9db8bce759f0d5de280e') in 0.001927 seconds 
  Import took 0.007050 seconds .

========================================================================
Received Import Request.
  Time since last request: 3.186239 seconds.
  path: Assets/Prefabs/Popup/6-Thema.prefab
  artifactKey: Guid(218edcf4cd5c9423f8d91c8417e31336) Importer(815301076,1909f56bfc062723c751e8b465ee728b)
Start importing Assets/Prefabs/Popup/6-Thema.prefab using Guid(218edcf4cd5c9423f8d91c8417e31336) Importer(815301076,1909f56bfc062723c751e8b465ee728b)  -> (artifact id: '73eeb7ed655e2b377c8d8d00a677f305') in 0.558786 seconds 
  Import took 0.564272 seconds .

========================================================================
Received Import Request.
  Time since last request: 0.000235 seconds.
  path: Assets/Prefabs/Popup/OptionPopup.prefab
  artifactKey: Guid(e5b2bbfc83aa7492bb97d8b4b4e47b0e) Importer(815301076,1909f56bfc062723c751e8b465ee728b)
Start importing Assets/Prefabs/Popup/OptionPopup.prefab using Guid(e5b2bbfc83aa7492bb97d8b4b4e47b0e) Importer(815301076,1909f56bfc062723c751e8b465ee728b)  -> (artifact id: '4b2d2e1919c4f24b3454ecd117ec10e3') in 0.015576 seconds 
  Import took 0.019676 seconds .

========================================================================
Received Import Request.
  Time since last request: 0.000184 seconds.
  path: Assets/Prefabs/Popup/PersonalInfoPopup.prefab
  artifactKey: Guid(54094167edbc646a99c4fc888f3ed1fe) Importer(815301076,1909f56bfc062723c751e8b465ee728b)
Start importing Assets/Prefabs/Popup/PersonalInfoPopup.prefab using Guid(54094167edbc646a99c4fc888f3ed1fe) Importer(815301076,1909f56bfc062723c751e8b465ee728b)  -> (artifact id: 'f05420434bf60bdcaf215c3fd918eb69') in 0.017112 seconds 
  Import took 0.021553 seconds .

========================================================================
Received Import Request.
  Time since last request: 0.000261 seconds.
  path: Assets/Prefabs/Popup/worldmap.prefab
  artifactKey: Guid(b38bbad6df3b64affa57de9de039fc01) Importer(815301076,1909f56bfc062723c751e8b465ee728b)
Start importing Assets/Prefabs/Popup/worldmap.prefab using Guid(b38bbad6df3b64affa57de9de039fc01) Importer(815301076,1909f56bfc062723c751e8b465ee728b)  -> (artifact id: '607acc7dd1f74890cdc17b851c20c918') in 0.008631 seconds 
  Import took 0.013051 seconds .

========================================================================
Received Import Request.
  Time since last request: 0.000216 seconds.
  path: Assets/Prefabs/Popup/NoAdsPopup.prefab
  artifactKey: Guid(840ae9e8e7df74d11bbf6fafa2d43d31) Importer(815301076,1909f56bfc062723c751e8b465ee728b)
Start importing Assets/Prefabs/Popup/NoAdsPopup.prefab using Guid(840ae9e8e7df74d11bbf6fafa2d43d31) Importer(815301076,1909f56bfc062723c751e8b465ee728b)  -> (artifact id: '75ac1daf5a0d3fb87edeb233482ff0f4') in 0.004080 seconds 
  Import took 0.008062 seconds .

========================================================================
Received Import Request.
  Time since last request: 0.000300 seconds.
  path: Assets/Prefabs/Popup/PopupTween.asset
  artifactKey: Guid(cdf3fd522d2a941e2ba9c4d9cc4d84ae) Importer(815301076,1909f56bfc062723c751e8b465ee728b)
Start importing Assets/Prefabs/Popup/PopupTween.asset using Guid(cdf3fd522d2a941e2ba9c4d9cc4d84ae) Importer(815301076,1909f56bfc062723c751e8b465ee728b)  -> (artifact id: 'a490040e6405e289647e08881db4b35d') in 0.004829 seconds 
  Import took 0.009360 seconds .

========================================================================
Received Import Request.
  Time since last request: 0.000209 seconds.
  path: Assets/Prefabs/Popup/StorePopup.prefab
  artifactKey: Guid(028fa5c94b232424dab6b5b0de148d90) Importer(815301076,1909f56bfc062723c751e8b465ee728b)
Start importing Assets/Prefabs/Popup/StorePopup.prefab using Guid(028fa5c94b232424dab6b5b0de148d90) Importer(815301076,1909f56bfc062723c751e8b465ee728b)  -> (artifact id: '815d5ca6fc56048a59a187027753ed29') in 0.003804 seconds 
  Import took 0.008474 seconds .

========================================================================
Received Import Request.
  Time since last request: 0.000347 seconds.
  path: Assets/Prefabs/Popup/DefeatPopup.prefab
  artifactKey: Guid(57a690ec969b14fc492a2d4de8c51c49) Importer(815301076,1909f56bfc062723c751e8b465ee728b)
Start importing Assets/Prefabs/Popup/DefeatPopup.prefab using Guid(57a690ec969b14fc492a2d4de8c51c49) Importer(815301076,1909f56bfc062723c751e8b465ee728b)  -> (artifact id: 'e4e0e4eb6802f545d1f1a54adf7e30e9') in 0.004609 seconds 
  Import took 0.008701 seconds .

========================================================================
Received Import Request.
  Time since last request: 0.000237 seconds.
  path: Assets/Prefabs/Popup/RankPopup.prefab
  artifactKey: Guid(afea524448f244b2a9608debb024b93f) Importer(815301076,1909f56bfc062723c751e8b465ee728b)
Start importing Assets/Prefabs/Popup/RankPopup.prefab using Guid(afea524448f244b2a9608debb024b93f) Importer(815301076,1909f56bfc062723c751e8b465ee728b)  -> (artifact id: '5398273120bb8dda0ebfffa715b9a783') in 0.004091 seconds 
  Import took 0.008219 seconds .

========================================================================
Received Import Request.
  Time since last request: 0.000290 seconds.
  path: Assets/Prefabs/Popup/Roulette.prefab
  artifactKey: Guid(3123b8668565a41b490a98ac975eb853) Importer(815301076,1909f56bfc062723c751e8b465ee728b)
Start importing Assets/Prefabs/Popup/Roulette.prefab using Guid(3123b8668565a41b490a98ac975eb853) Importer(815301076,1909f56bfc062723c751e8b465ee728b)  -> (artifact id: '2fbaa6bf6ad97fc40f8ea1c5a042b28e') in 0.012883 seconds 
  Import took 0.016871 seconds .

========================================================================
Received Import Request.
  Time since last request: 0.000228 seconds.
  path: Assets/Prefabs/Popup/ReceivePopup.prefab
  artifactKey: Guid(082c1f2d04ef64e0eba7300620486955) Importer(815301076,1909f56bfc062723c751e8b465ee728b)
Start importing Assets/Prefabs/Popup/ReceivePopup.prefab using Guid(082c1f2d04ef64e0eba7300620486955) Importer(815301076,1909f56bfc062723c751e8b465ee728b)  -> (artifact id: '507c11b1c58979d730a7435763f69af3') in 0.004254 seconds 
  Import took 0.007821 seconds .

========================================================================
Received Import Request.
  Time since last request: 0.000206 seconds.
  path: Assets/Prefabs/Popup/VictoryPopup.prefab
  artifactKey: Guid(fe4fbb85ea0774d16b7f67e3e9f9a312) Importer(815301076,1909f56bfc062723c751e8b465ee728b)
Start importing Assets/Prefabs/Popup/VictoryPopup.prefab using Guid(fe4fbb85ea0774d16b7f67e3e9f9a312) Importer(815301076,1909f56bfc062723c751e8b465ee728b)  -> (artifact id: '974241c5c9a6e5574ba746cbf98ff0ec') in 0.003990 seconds 
  Import took 0.007710 seconds .

========================================================================
Received Prepare
Registering precompiled user dll's ...
Registered in 0.009810 seconds.
Begin MonoManager ReloadAssembly
Native extension for OSXStandalone target not found
Refreshing native plugins compatible for Editor in 1.17 ms, found 3 plugins.
Preloading 0 native plugins for Editor in 0.00 ms.
Mono: successfully reloaded assembly
- Completed reload, in  3.016 seconds
Domain Reload Profiling:
	ReloadAssembly (3018ms)
		BeginReloadAssembly (533ms)
			ExecutionOrderSort (0ms)
			DisableScriptedObjects (74ms)
			BackupInstance (0ms)
			ReleaseScriptingObjects (0ms)
			CreateAndSetChildDomain (250ms)
		EndReloadAssembly (2370ms)
			LoadAssemblies (316ms)
			RebuildTransferFunctionScriptingTraits (0ms)
			SetupTypeCache (549ms)
			ReleaseScriptCaches (4ms)
			RebuildScriptCaches (61ms)
			SetupLoadedEditorAssemblies (1006ms)
				LogAssemblyErrors (0ms)
				InitializePlatformSupportModulesInManaged (14ms)
				SetLoadedEditorAssemblies (1ms)
				RefreshPlugins (1ms)
				BeforeProcessingInitializeOnLoad (186ms)
				ProcessInitializeOnLoadAttributes (745ms)
				ProcessInitializeOnLoadMethodAttributes (56ms)
				AfterProcessingInitializeOnLoad (1ms)
				EditorAssembliesLoaded (1ms)
			ExecutionOrderSort2 (0ms)
			AwakeInstancesAfterBackupRestoration (127ms)
Platform modules already initialized, skipping
Refreshing native plugins compatible for Editor in 0.60 ms, found 3 plugins.
Preloading 0 native plugins for Editor in 0.00 ms.
Unloading 3032 Unused Serialized files (Serialized files now loaded: 0)
System memory in use before: 252.0 MB.
System memory in use after: 192.6 MB.

Unloading 28 unused Assets to reduce memory usage. Loaded Objects now: 4919.
Total: 14.915417 ms (FindLiveObjects: 0.496500 ms CreateObjectMapping: 0.139625 ms MarkObjects: 6.690083 ms  DeleteObjects: 7.588292 ms)

AssetImportParameters requested are different than current active one (requested -> active):
  custom:video-decoder-ogg-theora: a1e56fd34408186e4bbccfd4996cb3dc -> 
  custom:container-muxer-webm: aa71ff27fc2769a1b78a27578f13a17b -> 
  custom:container-demuxer-webm: 4f35f7cbe854078d1ac9338744f61a02 -> 
  custom:container-demuxer-ogg: 62fdf1f143b41e24485cea50d1cbac27 -> 
  custom:video-encoder-webm-vp8: eb34c28f22e8b96e1ab97ce403110664 -> 
  custom:framework-osx-AVFoundation: e770b220cccbd017edd2c1fefb359320 -> 
  custom:video-decoder-webm-vp8: 9c59270c3fd7afecdb556c50c9e8de78 -> 
  custom:audio-decoder-ogg-vorbis: bf7c407c2cedff20999df2af8eb42d56 -> 
  custom:audio-encoder-webm-vorbis: bf7c407c2cedff20999df2af8eb42d56 -> 
