Using pre-set license
Built from '2020.2/release' branch; Version is '2020.2.2f1 (068178b99f32) revision 426360'; Using compiler version '192528614'; Build Type 'Release'
OS: 'Windows 10 Pro; OS build 19042.1526; Version 2009; 64bit' Language: 'ko' Physical Memory: 16333 MB
BatchMode: 1, IsHumanControllingUs: 0, StartBugReporterOnCrash: 0, Is64bit: 1, IsPro: 0

 COMMAND LINE ARGUMENTS:
D:\Unity_Editor\2020.2.2f1\Editor\Unity.exe
-adb2
-batchMode
-noUpm
-name
AssetImportWorker0
-projectPath
C:/Users/user/Documents/GitHub/UnityProjects/Study_breakObj
-logFile
Logs/AssetImportWorker0.log
-srvPort
63259
Successfully changed project path to: C:/Users/user/Documents/GitHub/UnityProjects/Study_breakObj
C:/Users/user/Documents/GitHub/UnityProjects/Study_breakObj
Using Asset Import Pipeline V2.
Refreshing native plugins compatible for Editor in 49.47 ms, found 1 plugins.
Preloading 0 native plugins for Editor in 0.00 ms.
Initialize engine version: 2020.2.2f1 (068178b99f32)
[Subsystems] Discovering subsystems at path D:/Unity_Editor/2020.2.2f1/Editor/Data/Resources/UnitySubsystems
[Subsystems] Discovering subsystems at path C:/Users/user/Documents/GitHub/UnityProjects/Study_breakObj/Assets
GfxDevice: creating device client; threaded=0
Direct3D:
    Version:  Direct3D 11.0 [level 11.1]
    Renderer: NVIDIA GeForce GTX 1050 (ID=0x1c81)
    Vendor:   
    VRAM:     1977 MB
    Driver:   30.0.14.7212
Initialize mono
Mono path[0] = 'D:/Unity_Editor/2020.2.2f1/Editor/Data/Managed'
Mono path[1] = 'D:/Unity_Editor/2020.2.2f1/Editor/Data/MonoBleedingEdge/lib/mono/unityjit'
Mono config path = 'D:/Unity_Editor/2020.2.2f1/Editor/Data/MonoBleedingEdge/etc'
Using monoOptions --debugger-agent=transport=dt_socket,embedding=1,server=y,suspend=n,address=127.0.0.1:56800
Begin MonoManager ReloadAssembly
Registering precompiled unity dll's ...
Register platform support module: D:/Unity_Editor/2020.2.2f1/Editor/Data/PlaybackEngines/WebGLSupport/UnityEditor.WebGL.Extensions.dll
Register platform support module: D:/Unity_Editor/2020.2.2f1/Editor/Data/PlaybackEngines/WindowsStandaloneSupport/UnityEditor.WindowsStandalone.Extensions.dll
Registered in 0.001436 seconds.
Native extension for WindowsStandalone target not found
Native extension for WebGL target not found
Refreshing native plugins compatible for Editor in 45.80 ms, found 1 plugins.
Preloading 0 native plugins for Editor in 0.00 ms.
Invoked RoslynAnalysisRunner static constructor.
RoslynAnalysisRunner will not be running.
RoslynAnalysisRunner has terminated.
Mono: successfully reloaded assembly
- Completed reload, in  2.193 seconds
Platform modules already initialized, skipping
Registering precompiled user dll's ...
Registered in 0.001105 seconds.
Begin MonoManager ReloadAssembly
Native extension for WindowsStandalone target not found
Native extension for WebGL target not found
Refreshing native plugins compatible for Editor in 49.61 ms, found 1 plugins.
Preloading 0 native plugins for Editor in 0.00 ms.
Invoked RoslynAnalysisRunner static constructor.
RoslynAnalysisRunner will not be running.
RoslynAnalysisRunner has terminated.
Mono: successfully reloaded assembly
- Completed reload, in  1.286 seconds
Platform modules already initialized, skipping
========================================================================
Worker process is ready to serve import requests
Launched and connected shader compiler UnityShaderCompiler.exe after 0.09 seconds
Refreshing native plugins compatible for Editor in 0.56 ms, found 1 plugins.
Preloading 0 native plugins for Editor in 0.00 ms.
Unloading 1820 Unused Serialized files (Serialized files now loaded: 0)
System memory in use before: 85.0 MB.
System memory in use after: 85.0 MB.

Unloading 24 unused Assets to reduce memory usage. Loaded Objects now: 2261.
Total: 2.842300 ms (FindLiveObjects: 0.326100 ms CreateObjectMapping: 0.202400 ms MarkObjects: 2.165900 ms  DeleteObjects: 0.146600 ms)

========================================================================
Received Import Request.
  path: Assets/2D_Destruction/Unity-delaunay
  artifactKey: Guid(1e62e9aeab3de2c4caf1d751058363a4) Importer(815301076,1909f56bfc062723c751e8b465ee728b)
Start importing Assets/2D_Destruction/Unity-delaunay using Guid(1e62e9aeab3de2c4caf1d751058363a4) Importer(815301076,1909f56bfc062723c751e8b465ee728b)  -> (artifact id: 'a02e909c45891617b146e0639c86fa5e') in 0.010068 seconds
  Import took 0.014657 seconds .

========================================================================
Received Import Request.
  Time since last request: 0.000198 seconds.
  path: Assets/2D_Destruction
  artifactKey: Guid(5e857dcf02dcfdc42b675da5cff40c23) Importer(815301076,1909f56bfc062723c751e8b465ee728b)
Start importing Assets/2D_Destruction using Guid(5e857dcf02dcfdc42b675da5cff40c23) Importer(815301076,1909f56bfc062723c751e8b465ee728b)  -> (artifact id: '470f559b03ccbb8563a93c2cea4bb843') in 0.012292 seconds
  Import took 0.017843 seconds .

========================================================================
Received Import Request.
  Time since last request: 0.000400 seconds.
  path: Assets/bm_512.png
  artifactKey: Guid(086f9032fb349784a913e32ac548f016) Importer(815301076,1909f56bfc062723c751e8b465ee728b)
Start importing Assets/bm_512.png using Guid(086f9032fb349784a913e32ac548f016) Importer(815301076,1909f56bfc062723c751e8b465ee728b)  -> (artifact id: '73e687b785b584cd07bf6849076b0dbb') in 0.167025 seconds
  Import took 0.171454 seconds .

========================================================================
Received Import Request.
  Time since last request: 58.842386 seconds.
  path: Assets/Scenes
  artifactKey: Guid(f2ad6b61bf568e846b78f0300ca6a051) Importer(815301076,1909f56bfc062723c751e8b465ee728b)
Start importing Assets/Scenes using Guid(f2ad6b61bf568e846b78f0300ca6a051) Importer(815301076,1909f56bfc062723c751e8b465ee728b)  -> (artifact id: 'd423d028ba14890d6eb34b1b0ce0b9d2') in 0.010635 seconds
  Import took 0.015012 seconds .

========================================================================
Received Import Request.
  Time since last request: 4.469688 seconds.
  path: Assets/Scenes/Explode.cs
  artifactKey: Guid(da942af40b0612c4abf4f93b04ca204c) Importer(815301076,1909f56bfc062723c751e8b465ee728b)
Start importing Assets/Scenes/Explode.cs using Guid(da942af40b0612c4abf4f93b04ca204c) Importer(815301076,1909f56bfc062723c751e8b465ee728b)  -> (artifact id: 'd5eb5ba9f9ef7363dfa3f6b15dcecac3') in 0.053590 seconds
  Import took 0.057826 seconds .

========================================================================
Received Prepare
Registering precompiled user dll's ...
Registered in 0.001241 seconds.
Begin MonoManager ReloadAssembly
Native extension for WindowsStandalone target not found
Native extension for WebGL target not found
Refreshing native plugins compatible for Editor in 0.43 ms, found 1 plugins.
Preloading 0 native plugins for Editor in 0.00 ms.
Invoked RoslynAnalysisRunner static constructor.
RoslynAnalysisRunner will not be running.
RoslynAnalysisRunner has terminated.
Mono: successfully reloaded assembly
- Completed reload, in  1.147 seconds
Platform modules already initialized, skipping
Refreshing native plugins compatible for Editor in 0.58 ms, found 1 plugins.
Preloading 0 native plugins for Editor in 0.00 ms.
Unloading 1816 Unused Serialized files (Serialized files now loaded: 0)
System memory in use before: 88.2 MB.
System memory in use after: 88.2 MB.

Unloading 12 unused Assets to reduce memory usage. Loaded Objects now: 2271.
Total: 3.566800 ms (FindLiveObjects: 0.290300 ms CreateObjectMapping: 0.202100 ms MarkObjects: 2.864700 ms  DeleteObjects: 0.208300 ms)

========================================================================
Received Import Request.
  Time since last request: 24.829190 seconds.
  path: Assets/2D_Destruction/Demo/Prefabs/killTrigger.prefab
  artifactKey: Guid(8401a12a35e9d44efbd45e0bba1d4969) Importer(815301076,1909f56bfc062723c751e8b465ee728b)
Start importing Assets/2D_Destruction/Demo/Prefabs/killTrigger.prefab using Guid(8401a12a35e9d44efbd45e0bba1d4969) Importer(815301076,1909f56bfc062723c751e8b465ee728b)  -> (artifact id: '8252af41214ffc1e9275aed34f2742f5') in 0.036798 seconds
  Import took 0.041002 seconds .

========================================================================
Received Import Request.
  Time since last request: 0.000220 seconds.
  path: Assets/2D_Destruction/Demo/Prefabs/platformEnd.prefab
  artifactKey: Guid(61f32e27e09c040bcb9e9c67d5a67f4f) Importer(815301076,1909f56bfc062723c751e8b465ee728b)
Start importing Assets/2D_Destruction/Demo/Prefabs/platformEnd.prefab using Guid(61f32e27e09c040bcb9e9c67d5a67f4f) Importer(815301076,1909f56bfc062723c751e8b465ee728b)  -> (artifact id: 'ebef1ccd3e0702856c162dd81d9190ac') in 0.008583 seconds
  Import took 0.012975 seconds .

========================================================================
Received Import Request.
  Time since last request: 0.000291 seconds.
  path: Assets/2D_Destruction/Demo/Prefabs/pickupManager.prefab
  artifactKey: Guid(c170c54283ab44181a2cc55a8a77e839) Importer(815301076,1909f56bfc062723c751e8b465ee728b)
Start importing Assets/2D_Destruction/Demo/Prefabs/pickupManager.prefab using Guid(c170c54283ab44181a2cc55a8a77e839) Importer(815301076,1909f56bfc062723c751e8b465ee728b)  -> (artifact id: '80eaed32810b1cc6b6070f4a199578da') in 0.011282 seconds
  Import took 0.017777 seconds .

========================================================================
Received Import Request.
  Time since last request: 0.000307 seconds.
  path: Assets/2D_Destruction/Demo/Prefabs/mainCamera.prefab
  artifactKey: Guid(64b12b15baf9644af9f0651e6705f0ef) Importer(815301076,1909f56bfc062723c751e8b465ee728b)
Start importing Assets/2D_Destruction/Demo/Prefabs/mainCamera.prefab using Guid(64b12b15baf9644af9f0651e6705f0ef) Importer(815301076,1909f56bfc062723c751e8b465ee728b)  -> (artifact id: '5bf1a4ab7e29206af933aaa0440b0347') in 0.011886 seconds
  Import took 0.019145 seconds .

========================================================================
Received Import Request.
  Time since last request: 0.000265 seconds.
  path: Assets/2D_Destruction/Demo/Prefabs/spawner.prefab
  artifactKey: Guid(bdd88e3de6e024ec1bacd58073808d06) Importer(815301076,1909f56bfc062723c751e8b465ee728b)
Start importing Assets/2D_Destruction/Demo/Prefabs/spawner.prefab using Guid(bdd88e3de6e024ec1bacd58073808d06) Importer(815301076,1909f56bfc062723c751e8b465ee728b)  -> (artifact id: 'ab794c73bf4c4fc2e87fc6986e76c576') in 0.017716 seconds
  Import took 0.021623 seconds .

========================================================================
Received Import Request.
  Time since last request: 0.620238 seconds.
  path: Assets/2D_Destruction/Demo/Scenes/DemoScene.unity
  artifactKey: Guid(7185a36cf33250345ba6919a287306fe) Importer(815301076,1909f56bfc062723c751e8b465ee728b)
Start importing Assets/2D_Destruction/Demo/Scenes/DemoScene.unity using Guid(7185a36cf33250345ba6919a287306fe) Importer(815301076,1909f56bfc062723c751e8b465ee728b)  -> (artifact id: '6958dcc3b9ee7765970cf1eefbc155df') in 0.009918 seconds
  Import took 0.014518 seconds .

========================================================================
Received Prepare
Registering precompiled user dll's ...
Registered in 0.001120 seconds.
Begin MonoManager ReloadAssembly
Native extension for WindowsStandalone target not found
Native extension for WebGL target not found
Refreshing native plugins compatible for Editor in 0.48 ms, found 1 plugins.
Preloading 0 native plugins for Editor in 0.00 ms.
Invoked RoslynAnalysisRunner static constructor.
RoslynAnalysisRunner will not be running.
RoslynAnalysisRunner has terminated.
Mono: successfully reloaded assembly
- Completed reload, in  1.178 seconds
Platform modules already initialized, skipping
Refreshing native plugins compatible for Editor in 0.42 ms, found 1 plugins.
Preloading 0 native plugins for Editor in 0.00 ms.
Unloading 1816 Unused Serialized files (Serialized files now loaded: 0)
System memory in use before: 88.3 MB.
System memory in use after: 88.3 MB.

Unloading 12 unused Assets to reduce memory usage. Loaded Objects now: 2274.
Total: 3.044300 ms (FindLiveObjects: 0.241900 ms CreateObjectMapping: 0.149600 ms MarkObjects: 2.527500 ms  DeleteObjects: 0.124100 ms)

========================================================================
Received Import Request.
  Time since last request: 108.631062 seconds.
  path: Assets/Scenes/SampleScene.unity
  artifactKey: Guid(2cda990e2423bbf4892e6590ba056729) Importer(815301076,1909f56bfc062723c751e8b465ee728b)
Start importing Assets/Scenes/SampleScene.unity using Guid(2cda990e2423bbf4892e6590ba056729) Importer(815301076,1909f56bfc062723c751e8b465ee728b)  -> (artifact id: '6eb0e5d188555a1d9d018278f5a0af4c') in 0.025007 seconds
  Import took 0.029621 seconds .

========================================================================
Received Prepare
Registering precompiled user dll's ...
Registered in 0.001252 seconds.
Begin MonoManager ReloadAssembly
Native extension for WindowsStandalone target not found
Native extension for WebGL target not found
Refreshing native plugins compatible for Editor in 0.48 ms, found 1 plugins.
Preloading 0 native plugins for Editor in 0.00 ms.
Invoked RoslynAnalysisRunner static constructor.
RoslynAnalysisRunner will not be running.
RoslynAnalysisRunner has terminated.
Mono: successfully reloaded assembly
- Completed reload, in  1.157 seconds
Platform modules already initialized, skipping
Refreshing native plugins compatible for Editor in 0.41 ms, found 1 plugins.
Preloading 0 native plugins for Editor in 0.00 ms.
Unloading 1816 Unused Serialized files (Serialized files now loaded: 0)
System memory in use before: 88.4 MB.
System memory in use after: 88.4 MB.

Unloading 12 unused Assets to reduce memory usage. Loaded Objects now: 2277.
Total: 2.892100 ms (FindLiveObjects: 0.267500 ms CreateObjectMapping: 0.230700 ms MarkObjects: 2.258700 ms  DeleteObjects: 0.133500 ms)

========================================================================
Received Prepare
Registering precompiled user dll's ...
Registered in 0.002501 seconds.
Begin MonoManager ReloadAssembly
Native extension for WindowsStandalone target not found
Native extension for WebGL target not found
Refreshing native plugins compatible for Editor in 0.42 ms, found 1 plugins.
Preloading 0 native plugins for Editor in 0.00 ms.
Invoked RoslynAnalysisRunner static constructor.
RoslynAnalysisRunner will not be running.
RoslynAnalysisRunner has terminated.
Mono: successfully reloaded assembly
- Completed reload, in  1.118 seconds
Platform modules already initialized, skipping
Refreshing native plugins compatible for Editor in 0.40 ms, found 1 plugins.
Preloading 0 native plugins for Editor in 0.00 ms.
Unloading 1816 Unused Serialized files (Serialized files now loaded: 0)
System memory in use before: 88.4 MB.
System memory in use after: 88.4 MB.

Unloading 12 unused Assets to reduce memory usage. Loaded Objects now: 2280.
Total: 2.567900 ms (FindLiveObjects: 0.245400 ms CreateObjectMapping: 0.158200 ms MarkObjects: 2.039000 ms  DeleteObjects: 0.123900 ms)

========================================================================
Received Prepare
Registering precompiled user dll's ...
Registered in 0.002066 seconds.
Begin MonoManager ReloadAssembly
Native extension for WindowsStandalone target not found
Native extension for WebGL target not found
Refreshing native plugins compatible for Editor in 0.40 ms, found 1 plugins.
Preloading 0 native plugins for Editor in 0.00 ms.
Invoked RoslynAnalysisRunner static constructor.
RoslynAnalysisRunner will not be running.
RoslynAnalysisRunner has terminated.
Mono: successfully reloaded assembly
- Completed reload, in  1.263 seconds
Platform modules already initialized, skipping
Refreshing native plugins compatible for Editor in 0.65 ms, found 1 plugins.
Preloading 0 native plugins for Editor in 0.00 ms.
Unloading 1816 Unused Serialized files (Serialized files now loaded: 0)
System memory in use before: 88.5 MB.
System memory in use after: 88.5 MB.

Unloading 12 unused Assets to reduce memory usage. Loaded Objects now: 2283.
Total: 2.855100 ms (FindLiveObjects: 0.323100 ms CreateObjectMapping: 0.185700 ms MarkObjects: 2.197300 ms  DeleteObjects: 0.132500 ms)

========================================================================
Received Prepare
Registering precompiled user dll's ...
Registered in 0.001087 seconds.
Begin MonoManager ReloadAssembly
Native extension for WindowsStandalone target not found
Native extension for WebGL target not found
Refreshing native plugins compatible for Editor in 0.45 ms, found 1 plugins.
Preloading 0 native plugins for Editor in 0.00 ms.
Invoked RoslynAnalysisRunner static constructor.
RoslynAnalysisRunner will not be running.
RoslynAnalysisRunner has terminated.
Mono: successfully reloaded assembly
- Completed reload, in  1.137 seconds
Platform modules already initialized, skipping
Refreshing native plugins compatible for Editor in 0.48 ms, found 1 plugins.
Preloading 0 native plugins for Editor in 0.00 ms.
Unloading 1816 Unused Serialized files (Serialized files now loaded: 0)
System memory in use before: 88.6 MB.
System memory in use after: 88.6 MB.

Unloading 12 unused Assets to reduce memory usage. Loaded Objects now: 2286.
Total: 2.846900 ms (FindLiveObjects: 0.244900 ms CreateObjectMapping: 0.149800 ms MarkObjects: 2.310400 ms  DeleteObjects: 0.140300 ms)

========================================================================
Received Import Request.
  Time since last request: 191.109628 seconds.
  path: Assets/Scenes/SampleScene.unity
  artifactKey: Guid(2cda990e2423bbf4892e6590ba056729) Importer(815301076,1909f56bfc062723c751e8b465ee728b)
Start importing Assets/Scenes/SampleScene.unity using Guid(2cda990e2423bbf4892e6590ba056729) Importer(815301076,1909f56bfc062723c751e8b465ee728b)  -> (artifact id: 'd07fa27512e4a4732590dfaf6c4873d6') in 0.018739 seconds
  Import took 0.023014 seconds .

========================================================================
Received Import Request.
  Time since last request: 11.765973 seconds.
  path: Assets/2D_Destruction/Demo/Demo Scripts
  artifactKey: Guid(7fe02f35e190dc2429432c2c483a1958) Importer(815301076,1909f56bfc062723c751e8b465ee728b)
Start importing Assets/2D_Destruction/Demo/Demo Scripts using Guid(7fe02f35e190dc2429432c2c483a1958) Importer(815301076,1909f56bfc062723c751e8b465ee728b)  -> (artifact id: '2acbb8fe0cc6b6b7fd393de81f2bdc75') in 0.012706 seconds
  Import took 0.017120 seconds .

========================================================================
Received Import Request.
  Time since last request: 12.615649 seconds.
  path: Assets/2D_Destruction/Demo/Sprites/groundA.png
  artifactKey: Guid(f60380b8039e2fd4cb3b797450e010d0) Importer(815301076,1909f56bfc062723c751e8b465ee728b)
Start importing Assets/2D_Destruction/Demo/Sprites/groundA.png using Guid(f60380b8039e2fd4cb3b797450e010d0) Importer(815301076,1909f56bfc062723c751e8b465ee728b)  -> (artifact id: '05021d6627017df6b4c50f4d481d2776') in 0.057361 seconds
  Import took 0.062651 seconds .

========================================================================
Received Import Request.
  Time since last request: 0.000218 seconds.
  path: Assets/2D_Destruction/Demo/Sprites/shortRock.png
  artifactKey: Guid(e73ec6dd544c564418b4c1d07d01bfe0) Importer(815301076,1909f56bfc062723c751e8b465ee728b)
Start importing Assets/2D_Destruction/Demo/Sprites/shortRock.png using Guid(e73ec6dd544c564418b4c1d07d01bfe0) Importer(815301076,1909f56bfc062723c751e8b465ee728b)  -> (artifact id: 'fec6770301728aea71409a9c13092802') in 0.032662 seconds
  Import took 0.036477 seconds .

========================================================================
Received Import Request.
  Time since last request: 0.000280 seconds.
  path: Assets/2D_Destruction/Demo/Sprites/tree.png
  artifactKey: Guid(fc4dbcf8065f49e449e1c066a7df39f8) Importer(815301076,1909f56bfc062723c751e8b465ee728b)
Start importing Assets/2D_Destruction/Demo/Sprites/tree.png using Guid(fc4dbcf8065f49e449e1c066a7df39f8) Importer(815301076,1909f56bfc062723c751e8b465ee728b)  -> (artifact id: 'd8d65ba7d38379bd445da1cc73052683') in 0.039858 seconds
  Import took 0.043907 seconds .

========================================================================
Received Import Request.
  Time since last request: 0.000181 seconds.
  path: Assets/2D_Destruction/Demo/Sprites/groundB.png
  artifactKey: Guid(322304cbda0ebdf4cbb3095487c4b93e) Importer(815301076,1909f56bfc062723c751e8b465ee728b)
Start importing Assets/2D_Destruction/Demo/Sprites/groundB.png using Guid(322304cbda0ebdf4cbb3095487c4b93e) Importer(815301076,1909f56bfc062723c751e8b465ee728b)  -> (artifact id: '5a1f98c56de6699c62db22d5d1ef1d33') in 0.026350 seconds
  Import took 0.031601 seconds .

========================================================================
Received Import Request.
  Time since last request: 0.000210 seconds.
  path: Assets/2D_Destruction/Demo/Sprites/tallRock.png
  artifactKey: Guid(426f13d6244517a45876d0461ae8f76c) Importer(815301076,1909f56bfc062723c751e8b465ee728b)
Start importing Assets/2D_Destruction/Demo/Sprites/tallRock.png using Guid(426f13d6244517a45876d0461ae8f76c) Importer(815301076,1909f56bfc062723c751e8b465ee728b)  -> (artifact id: '84b3a6dba79c60d1353cc058fbd1bcd0') in 0.032346 seconds
  Import took 0.036390 seconds .

========================================================================
Received Prepare
Registering precompiled user dll's ...
Registered in 0.001193 seconds.
Begin MonoManager ReloadAssembly
Native extension for WindowsStandalone target not found
Native extension for WebGL target not found
Refreshing native plugins compatible for Editor in 0.42 ms, found 1 plugins.
Preloading 0 native plugins for Editor in 0.00 ms.
Invoked RoslynAnalysisRunner static constructor.
RoslynAnalysisRunner will not be running.
RoslynAnalysisRunner has terminated.
Mono: successfully reloaded assembly
- Completed reload, in  1.085 seconds
Platform modules already initialized, skipping
Refreshing native plugins compatible for Editor in 0.48 ms, found 1 plugins.
Preloading 0 native plugins for Editor in 0.00 ms.
Unloading 1816 Unused Serialized files (Serialized files now loaded: 0)
System memory in use before: 88.7 MB.
System memory in use after: 88.7 MB.

Unloading 12 unused Assets to reduce memory usage. Loaded Objects now: 2296.
Total: 2.346900 ms (FindLiveObjects: 0.214600 ms CreateObjectMapping: 0.086500 ms MarkObjects: 1.911700 ms  DeleteObjects: 0.132900 ms)

========================================================================
Received Prepare
Registering precompiled user dll's ...
Registered in 0.001213 seconds.
Begin MonoManager ReloadAssembly
Native extension for WindowsStandalone target not found
Native extension for WebGL target not found
Refreshing native plugins compatible for Editor in 0.49 ms, found 1 plugins.
Preloading 0 native plugins for Editor in 0.00 ms.
Invoked RoslynAnalysisRunner static constructor.
RoslynAnalysisRunner will not be running.
RoslynAnalysisRunner has terminated.
Mono: successfully reloaded assembly
- Completed reload, in  1.648 seconds
Platform modules already initialized, skipping
Refreshing native plugins compatible for Editor in 0.41 ms, found 1 plugins.
Preloading 0 native plugins for Editor in 0.00 ms.
Unloading 1816 Unused Serialized files (Serialized files now loaded: 0)
System memory in use before: 88.7 MB.
System memory in use after: 88.7 MB.

Unloading 12 unused Assets to reduce memory usage. Loaded Objects now: 2299.
Total: 2.671900 ms (FindLiveObjects: 0.269700 ms CreateObjectMapping: 0.158200 ms MarkObjects: 2.109000 ms  DeleteObjects: 0.133400 ms)

========================================================================
Received Prepare
Registering precompiled user dll's ...
Registered in 0.001252 seconds.
Begin MonoManager ReloadAssembly
Native extension for WindowsStandalone target not found
Native extension for WebGL target not found
Refreshing native plugins compatible for Editor in 0.43 ms, found 1 plugins.
Preloading 0 native plugins for Editor in 0.00 ms.
Invoked RoslynAnalysisRunner static constructor.
RoslynAnalysisRunner will not be running.
RoslynAnalysisRunner has terminated.
Mono: successfully reloaded assembly
- Completed reload, in  1.060 seconds
Platform modules already initialized, skipping
Refreshing native plugins compatible for Editor in 0.43 ms, found 1 plugins.
Preloading 0 native plugins for Editor in 0.00 ms.
Unloading 1816 Unused Serialized files (Serialized files now loaded: 0)
System memory in use before: 88.8 MB.
System memory in use after: 88.8 MB.

Unloading 12 unused Assets to reduce memory usage. Loaded Objects now: 2302.
Total: 2.996600 ms (FindLiveObjects: 0.258900 ms CreateObjectMapping: 0.139800 ms MarkObjects: 2.448500 ms  DeleteObjects: 0.148200 ms)

========================================================================
Received Prepare
Registering precompiled user dll's ...
Registered in 0.001183 seconds.
Begin MonoManager ReloadAssembly
Native extension for WindowsStandalone target not found
Native extension for WebGL target not found
Refreshing native plugins compatible for Editor in 0.52 ms, found 1 plugins.
Preloading 0 native plugins for Editor in 0.00 ms.
Invoked RoslynAnalysisRunner static constructor.
RoslynAnalysisRunner will not be running.
RoslynAnalysisRunner has terminated.
Mono: successfully reloaded assembly
- Completed reload, in  1.081 seconds
Platform modules already initialized, skipping
Refreshing native plugins compatible for Editor in 0.40 ms, found 1 plugins.
Preloading 0 native plugins for Editor in 0.00 ms.
Unloading 1816 Unused Serialized files (Serialized files now loaded: 0)
System memory in use before: 88.9 MB.
System memory in use after: 88.9 MB.

Unloading 12 unused Assets to reduce memory usage. Loaded Objects now: 2305.
Total: 4.574200 ms (FindLiveObjects: 1.079700 ms CreateObjectMapping: 0.531100 ms MarkObjects: 2.430000 ms  DeleteObjects: 0.510900 ms)

========================================================================
Received Prepare
Registering precompiled user dll's ...
Registered in 0.001091 seconds.
Begin MonoManager ReloadAssembly
Native extension for WindowsStandalone target not found
Native extension for WebGL target not found
Refreshing native plugins compatible for Editor in 0.43 ms, found 1 plugins.
Preloading 0 native plugins for Editor in 0.00 ms.
Invoked RoslynAnalysisRunner static constructor.
RoslynAnalysisRunner will not be running.
RoslynAnalysisRunner has terminated.
Mono: successfully reloaded assembly
- Completed reload, in  1.020 seconds
Platform modules already initialized, skipping
Refreshing native plugins compatible for Editor in 0.39 ms, found 1 plugins.
Preloading 0 native plugins for Editor in 0.00 ms.
Unloading 1816 Unused Serialized files (Serialized files now loaded: 0)
System memory in use before: 88.9 MB.
System memory in use after: 88.9 MB.

Unloading 12 unused Assets to reduce memory usage. Loaded Objects now: 2308.
Total: 3.763400 ms (FindLiveObjects: 0.366000 ms CreateObjectMapping: 0.213700 ms MarkObjects: 3.012300 ms  DeleteObjects: 0.169400 ms)

========================================================================
Received Prepare
Registering precompiled user dll's ...
Registered in 0.001226 seconds.
Begin MonoManager ReloadAssembly
Native extension for WindowsStandalone target not found
Native extension for WebGL target not found
Refreshing native plugins compatible for Editor in 0.39 ms, found 1 plugins.
Preloading 0 native plugins for Editor in 0.00 ms.
Invoked RoslynAnalysisRunner static constructor.
RoslynAnalysisRunner will not be running.
RoslynAnalysisRunner has terminated.
Mono: successfully reloaded assembly
- Completed reload, in  1.039 seconds
Platform modules already initialized, skipping
Refreshing native plugins compatible for Editor in 0.41 ms, found 1 plugins.
Preloading 0 native plugins for Editor in 0.00 ms.
Unloading 1816 Unused Serialized files (Serialized files now loaded: 0)
System memory in use before: 89.0 MB.
System memory in use after: 89.0 MB.

Unloading 12 unused Assets to reduce memory usage. Loaded Objects now: 2311.
Total: 3.080900 ms (FindLiveObjects: 0.345900 ms CreateObjectMapping: 0.158500 ms MarkObjects: 2.344700 ms  DeleteObjects: 0.230200 ms)

========================================================================
Received Prepare
Registering precompiled user dll's ...
Registered in 0.001226 seconds.
Begin MonoManager ReloadAssembly
Native extension for WindowsStandalone target not found
Native extension for WebGL target not found
Refreshing native plugins compatible for Editor in 0.40 ms, found 1 plugins.
Preloading 0 native plugins for Editor in 0.00 ms.
Invoked RoslynAnalysisRunner static constructor.
RoslynAnalysisRunner will not be running.
RoslynAnalysisRunner has terminated.
Mono: successfully reloaded assembly
- Completed reload, in  1.052 seconds
Platform modules already initialized, skipping
Refreshing native plugins compatible for Editor in 0.42 ms, found 1 plugins.
Preloading 0 native plugins for Editor in 0.00 ms.
Unloading 1816 Unused Serialized files (Serialized files now loaded: 0)
System memory in use before: 89.1 MB.
System memory in use after: 89.1 MB.

Unloading 12 unused Assets to reduce memory usage. Loaded Objects now: 2314.
Total: 2.256100 ms (FindLiveObjects: 0.224200 ms CreateObjectMapping: 0.079700 ms MarkObjects: 1.833100 ms  DeleteObjects: 0.117900 ms)

========================================================================
Received Prepare
Registering precompiled user dll's ...
Registered in 0.001232 seconds.
Begin MonoManager ReloadAssembly
Native extension for WindowsStandalone target not found
Native extension for WebGL target not found
Refreshing native plugins compatible for Editor in 0.44 ms, found 1 plugins.
Preloading 0 native plugins for Editor in 0.00 ms.
Invoked RoslynAnalysisRunner static constructor.
RoslynAnalysisRunner will not be running.
RoslynAnalysisRunner has terminated.
Mono: successfully reloaded assembly
- Completed reload, in  1.201 seconds
Platform modules already initialized, skipping
Refreshing native plugins compatible for Editor in 0.42 ms, found 1 plugins.
Preloading 0 native plugins for Editor in 0.00 ms.
Unloading 1816 Unused Serialized files (Serialized files now loaded: 0)
System memory in use before: 89.1 MB.
System memory in use after: 89.1 MB.

Unloading 12 unused Assets to reduce memory usage. Loaded Objects now: 2317.
Total: 3.061400 ms (FindLiveObjects: 0.269500 ms CreateObjectMapping: 0.145800 ms MarkObjects: 2.510300 ms  DeleteObjects: 0.134000 ms)

========================================================================
Received Prepare
Registering precompiled user dll's ...
Registered in 0.001203 seconds.
Begin MonoManager ReloadAssembly
Native extension for WindowsStandalone target not found
Native extension for WebGL target not found
Refreshing native plugins compatible for Editor in 0.41 ms, found 1 plugins.
Preloading 0 native plugins for Editor in 0.00 ms.
Invoked RoslynAnalysisRunner static constructor.
RoslynAnalysisRunner will not be running.
RoslynAnalysisRunner has terminated.
Mono: successfully reloaded assembly
- Completed reload, in  1.568 seconds
Platform modules already initialized, skipping
Refreshing native plugins compatible for Editor in 0.58 ms, found 1 plugins.
Preloading 0 native plugins for Editor in 0.00 ms.
Unloading 1816 Unused Serialized files (Serialized files now loaded: 0)
System memory in use before: 89.2 MB.
System memory in use after: 89.2 MB.

Unloading 12 unused Assets to reduce memory usage. Loaded Objects now: 2320.
Total: 2.245900 ms (FindLiveObjects: 0.193200 ms CreateObjectMapping: 0.077900 ms MarkObjects: 1.852900 ms  DeleteObjects: 0.120600 ms)

========================================================================
Received Prepare
Registering precompiled user dll's ...
Registered in 0.002008 seconds.
Begin MonoManager ReloadAssembly
Native extension for WindowsStandalone target not found
Native extension for WebGL target not found
Refreshing native plugins compatible for Editor in 0.42 ms, found 1 plugins.
Preloading 0 native plugins for Editor in 0.00 ms.
Invoked RoslynAnalysisRunner static constructor.
RoslynAnalysisRunner will not be running.
RoslynAnalysisRunner has terminated.
Mono: successfully reloaded assembly
- Completed reload, in  1.101 seconds
Platform modules already initialized, skipping
Refreshing native plugins compatible for Editor in 0.47 ms, found 1 plugins.
Preloading 0 native plugins for Editor in 0.00 ms.
Unloading 1816 Unused Serialized files (Serialized files now loaded: 0)
System memory in use before: 89.3 MB.
System memory in use after: 89.3 MB.

Unloading 12 unused Assets to reduce memory usage. Loaded Objects now: 2323.
Total: 2.280900 ms (FindLiveObjects: 0.195500 ms CreateObjectMapping: 0.080200 ms MarkObjects: 1.885400 ms  DeleteObjects: 0.118800 ms)

========================================================================
Received Prepare
Registering precompiled user dll's ...
Registered in 0.001103 seconds.
Begin MonoManager ReloadAssembly
Native extension for WindowsStandalone target not found
Native extension for WebGL target not found
Refreshing native plugins compatible for Editor in 0.43 ms, found 1 plugins.
Preloading 0 native plugins for Editor in 0.00 ms.
Invoked RoslynAnalysisRunner static constructor.
RoslynAnalysisRunner will not be running.
RoslynAnalysisRunner has terminated.
Mono: successfully reloaded assembly
- Completed reload, in  1.096 seconds
Platform modules already initialized, skipping
Refreshing native plugins compatible for Editor in 0.43 ms, found 1 plugins.
Preloading 0 native plugins for Editor in 0.00 ms.
Unloading 1816 Unused Serialized files (Serialized files now loaded: 0)
System memory in use before: 89.3 MB.
System memory in use after: 89.3 MB.

Unloading 12 unused Assets to reduce memory usage. Loaded Objects now: 2326.
Total: 2.590500 ms (FindLiveObjects: 0.246800 ms CreateObjectMapping: 0.153300 ms MarkObjects: 2.067100 ms  DeleteObjects: 0.121700 ms)

========================================================================
Received Prepare
Registering precompiled user dll's ...
Registered in 0.001108 seconds.
Begin MonoManager ReloadAssembly
Native extension for WindowsStandalone target not found
Native extension for WebGL target not found
Refreshing native plugins compatible for Editor in 0.41 ms, found 1 plugins.
Preloading 0 native plugins for Editor in 0.00 ms.
Invoked RoslynAnalysisRunner static constructor.
RoslynAnalysisRunner will not be running.
RoslynAnalysisRunner has terminated.
Mono: successfully reloaded assembly
- Completed reload, in  1.239 seconds
Platform modules already initialized, skipping
Refreshing native plugins compatible for Editor in 0.40 ms, found 1 plugins.
Preloading 0 native plugins for Editor in 0.00 ms.
Unloading 1816 Unused Serialized files (Serialized files now loaded: 0)
System memory in use before: 89.4 MB.
System memory in use after: 89.4 MB.

Unloading 12 unused Assets to reduce memory usage. Loaded Objects now: 2329.
Total: 3.004900 ms (FindLiveObjects: 0.284500 ms CreateObjectMapping: 0.149200 ms MarkObjects: 2.294300 ms  DeleteObjects: 0.275100 ms)

