Using pre-set license
Built from '2020.3/staging' branch; Version is '2020.3.14f1 (d0d1bb862f9d) revision 13685179'; Using compiler version '192528614'; Build Type 'Release'
OS: 'Windows 10 Pro; OS build 19044.2965; Version 2009; 64bit' Language: 'ko' Physical Memory: 32694 MB
BatchMode: 1, IsHumanControllingUs: 0, StartBugReporterOnCrash: 0, Is64bit: 1, IsPro: 0

 COMMAND LINE ARGUMENTS:
D:\Unity_Editor\2020.3.14f1\Editor\Unity.exe
-adb2
-batchMode
-noUpm
-name
AssetImportWorker0
-projectPath
C:/Users/user/Documents/GitHub/UnityProjects/2DDL라이트에셋
-logFile
Logs/AssetImportWorker0.log
-srvPort
50826
Successfully changed project path to: C:/Users/user/Documents/GitHub/UnityProjects/2DDL라이트에셋
C:/Users/user/Documents/GitHub/UnityProjects/2DDL라이트에셋
Using Asset Import Pipeline V2.
Refreshing native plugins compatible for Editor in 30.92 ms, found 3 plugins.
Preloading 0 native plugins for Editor in 0.00 ms.
Initialize engine version: 2020.3.14f1 (d0d1bb862f9d)
[Subsystems] Discovering subsystems at path D:/Unity_Editor/2020.3.14f1/Editor/Data/Resources/UnitySubsystems
[Subsystems] Discovering subsystems at path C:/Users/user/Documents/GitHub/UnityProjects/2DDL라이트에셋/Assets
GfxDevice: creating device client; threaded=0
Direct3D:
    Version:  Direct3D 11.0 [level 11.1]
    Renderer: NVIDIA GeForce GTX 1050 (ID=0x1c81)
    Vendor:   
    VRAM:     1977 MB
    Driver:   30.0.14.7212
Initialize mono
Mono path[0] = 'D:/Unity_Editor/2020.3.14f1/Editor/Data/Managed'
Mono path[1] = 'D:/Unity_Editor/2020.3.14f1/Editor/Data/MonoBleedingEdge/lib/mono/unityjit'
Mono config path = 'D:/Unity_Editor/2020.3.14f1/Editor/Data/MonoBleedingEdge/etc'
Using monoOptions --debugger-agent=transport=dt_socket,embedding=1,server=y,suspend=n,address=127.0.0.1:56736
Begin MonoManager ReloadAssembly
Registering precompiled unity dll's ...
Register platform support module: D:/Unity_Editor/2020.3.14f1/Editor/Data/PlaybackEngines/WindowsStandaloneSupport/UnityEditor.WindowsStandalone.Extensions.dll
Registered in 0.000762 seconds.
Native extension for WindowsStandalone target not found
Refreshing native plugins compatible for Editor in 30.52 ms, found 3 plugins.
Preloading 0 native plugins for Editor in 0.00 ms.
Mono: successfully reloaded assembly
- Completed reload, in  0.584 seconds
Domain Reload Profiling:
	ReloadAssembly (585ms)
		BeginReloadAssembly (35ms)
			ExecutionOrderSort (0ms)
			DisableScriptedObjects (0ms)
			BackupInstance (0ms)
			ReleaseScriptingObjects (0ms)
			CreateAndSetChildDomain (1ms)
		EndReloadAssembly (266ms)
			LoadAssemblies (34ms)
			RebuildTransferFunctionScriptingTraits (0ms)
			SetupTypeCache (93ms)
			ReleaseScriptCaches (0ms)
			RebuildScriptCaches (19ms)
			SetupLoadedEditorAssemblies (113ms)
				LogAssemblyErrors (0ms)
				InitializePlatformSupportModulesInManaged (3ms)
				SetLoadedEditorAssemblies (0ms)
				RefreshPlugins (31ms)
				BeforeProcessingInitializeOnLoad (7ms)
				ProcessInitializeOnLoadAttributes (54ms)
				ProcessInitializeOnLoadMethodAttributes (19ms)
				AfterProcessingInitializeOnLoad (0ms)
				EditorAssembliesLoaded (0ms)
			ExecutionOrderSort2 (0ms)
			AwakeInstancesAfterBackupRestoration (0ms)
Platform modules already initialized, skipping
Registering precompiled user dll's ...
Registered in 0.004432 seconds.
Begin MonoManager ReloadAssembly
Native extension for WindowsStandalone target not found
Refreshing native plugins compatible for Editor in 29.58 ms, found 3 plugins.
Preloading 0 native plugins for Editor in 0.00 ms.
Mono: successfully reloaded assembly
- Completed reload, in  0.708 seconds
Domain Reload Profiling:
	ReloadAssembly (709ms)
		BeginReloadAssembly (90ms)
			ExecutionOrderSort (0ms)
			DisableScriptedObjects (3ms)
			BackupInstance (0ms)
			ReleaseScriptingObjects (0ms)
			CreateAndSetChildDomain (13ms)
		EndReloadAssembly (581ms)
			LoadAssemblies (62ms)
			RebuildTransferFunctionScriptingTraits (0ms)
			SetupTypeCache (175ms)
			ReleaseScriptCaches (0ms)
			RebuildScriptCaches (29ms)
			SetupLoadedEditorAssemblies (236ms)
				LogAssemblyErrors (0ms)
				InitializePlatformSupportModulesInManaged (3ms)
				SetLoadedEditorAssemblies (0ms)
				RefreshPlugins (30ms)
				BeforeProcessingInitializeOnLoad (59ms)
				ProcessInitializeOnLoadAttributes (134ms)
				ProcessInitializeOnLoadMethodAttributes (9ms)
				AfterProcessingInitializeOnLoad (2ms)
				EditorAssembliesLoaded (0ms)
			ExecutionOrderSort2 (0ms)
			AwakeInstancesAfterBackupRestoration (5ms)
Platform modules already initialized, skipping
========================================================================
Worker process is ready to serve import requests
Launched and connected shader compiler UnityShaderCompiler.exe after 0.03 seconds
Refreshing native plugins compatible for Editor in 0.82 ms, found 3 plugins.
Preloading 0 native plugins for Editor in 0.00 ms.
Unloading 2196 Unused Serialized files (Serialized files now loaded: 0)
System memory in use before: 99.6 MB.
System memory in use after: 99.6 MB.

Unloading 30 unused Assets to reduce memory usage. Loaded Objects now: 2635.
Total: 1.904300 ms (FindLiveObjects: 0.148900 ms CreateObjectMapping: 0.053100 ms MarkObjects: 1.641000 ms  DeleteObjects: 0.060200 ms)

AssetImportParameters requested are different than current active one (requested -> active):
  custom:framework-win-MediaFoundation: 216162199b28c13a410421893ffa2e32 -> 
  custom:video-decoder-ogg-theora: a1e56fd34408186e4bbccfd4996cb3dc -> 
  custom:container-muxer-webm: aa71ff27fc2769a1b78a27578f13a17b -> 
  custom:container-demuxer-webm: 4f35f7cbe854078d1ac9338744f61a02 -> 
  custom:container-demuxer-ogg: 62fdf1f143b41e24485cea50d1cbac27 -> 
  custom:video-encoder-webm-vp8: eb34c28f22e8b96e1ab97ce403110664 -> 
  custom:video-decoder-webm-vp8: 9c59270c3fd7afecdb556c50c9e8de78 -> 
  custom:audio-decoder-ogg-vorbis: bf7c407c2cedff20999df2af8eb42d56 -> 
  custom:audio-encoder-webm-vorbis: bf7c407c2cedff20999df2af8eb42d56 -> 
========================================================================
Received Import Request.
  path: Assets/Gizmos/logo2DDL_gizmos.png
  artifactKey: Guid(addc9a3ddc2494cbb81a76048fe1f30f) Importer(815301076,1909f56bfc062723c751e8b465ee728b)
Start importing Assets/Gizmos/logo2DDL_gizmos.png using Guid(addc9a3ddc2494cbb81a76048fe1f30f) Importer(815301076,1909f56bfc062723c751e8b465ee728b)  -> (artifact id: 'd1d37d8771843ee6a1756af6e73fe154') in 0.093231 seconds 
  Import took 0.095987 seconds .

========================================================================
Received Import Request.
  Time since last request: 8.881984 seconds.
  path: Assets/2DDL/Examples/CastStencilScene.unity
  artifactKey: Guid(22ed89876abf41949baa64e03e7587bd) Importer(815301076,1909f56bfc062723c751e8b465ee728b)
Start importing Assets/2DDL/Examples/CastStencilScene.unity using Guid(22ed89876abf41949baa64e03e7587bd) Importer(815301076,1909f56bfc062723c751e8b465ee728b)  -> (artifact id: 'eaab58c640e38370f2635a4bbbf8f726') in 0.006453 seconds 
  Import took 0.009481 seconds .

========================================================================
Received Import Request.
  Time since last request: 0.000863 seconds.
  path: Assets/2DDL/Examples/CastStencilScene.unity
  artifactKey: Guid(22ed89876abf41949baa64e03e7587bd) Importer(815301076,1909f56bfc062723c751e8b465ee728b)
Start importing Assets/2DDL/Examples/CastStencilScene.unity using Guid(22ed89876abf41949baa64e03e7587bd) Importer(815301076,1909f56bfc062723c751e8b465ee728b)  -> (artifact id: 'eaab58c640e38370f2635a4bbbf8f726') in 0.001872 seconds 
  Import took 0.004507 seconds .

========================================================================
Received Prepare
Refreshing native plugins compatible for Editor in 3.68 ms, found 3 plugins.
Preloading 0 native plugins for Editor in 0.00 ms.
Unloading 16 Unused Serialized files (Serialized files now loaded: 0)
System memory in use before: 57.7 MB.
System memory in use after: 57.8 MB.

Unloading 16 unused Assets to reduce memory usage. Loaded Objects now: 2641.
Total: 2.455300 ms (FindLiveObjects: 0.270500 ms CreateObjectMapping: 0.090700 ms MarkObjects: 2.083100 ms  DeleteObjects: 0.010300 ms)

AssetImportParameters requested are different than current active one (requested -> active):
  custom:framework-win-MediaFoundation: 216162199b28c13a410421893ffa2e32 -> 
  custom:video-decoder-ogg-theora: a1e56fd34408186e4bbccfd4996cb3dc -> 
  custom:container-muxer-webm: aa71ff27fc2769a1b78a27578f13a17b -> 
  custom:container-demuxer-webm: 4f35f7cbe854078d1ac9338744f61a02 -> 
  custom:container-demuxer-ogg: 62fdf1f143b41e24485cea50d1cbac27 -> 
  custom:video-encoder-webm-vp8: eb34c28f22e8b96e1ab97ce403110664 -> 
  custom:video-decoder-webm-vp8: 9c59270c3fd7afecdb556c50c9e8de78 -> 
  custom:audio-decoder-ogg-vorbis: bf7c407c2cedff20999df2af8eb42d56 -> 
  custom:audio-encoder-webm-vorbis: bf7c407c2cedff20999df2af8eb42d56 -> 
========================================================================
Received Import Request.
  Time since last request: 14.705943 seconds.
  path: Assets/2DDL/Examples/0 - DUNGEON GAME
  artifactKey: Guid(29f4d261a9845034f9c5ca6f1f4782a0) Importer(815301076,1909f56bfc062723c751e8b465ee728b)
Start importing Assets/2DDL/Examples/0 - DUNGEON GAME using Guid(29f4d261a9845034f9c5ca6f1f4782a0) Importer(815301076,1909f56bfc062723c751e8b465ee728b)  -> (artifact id: 'eb57491d1c7175e77b71374389609e6d') in 0.006695 seconds 
  Import took 0.009512 seconds .

========================================================================
Received Import Request.
  Time since last request: 0.021353 seconds.
  path: Assets/2DDL/Examples/0 - DUNGEON GAME/gate.prefab
  artifactKey: Guid(5de81ff35bc2d40afabe5fa2ea66dcf2) Importer(815301076,1909f56bfc062723c751e8b465ee728b)
Start importing Assets/2DDL/Examples/0 - DUNGEON GAME/gate.prefab using Guid(5de81ff35bc2d40afabe5fa2ea66dcf2) Importer(815301076,1909f56bfc062723c751e8b465ee728b)  -> (artifact id: '227ba878acbeb3f2b720d28219f63c25') in 0.044129 seconds 
  Import took 0.046967 seconds .

========================================================================
Received Import Request.
  Time since last request: 0.000133 seconds.
  path: Assets/2DDL/Examples/0 - DUNGEON GAME/Ghost.prefab
  artifactKey: Guid(425301019860a46bab56e73686501a2a) Importer(815301076,1909f56bfc062723c751e8b465ee728b)
Start importing Assets/2DDL/Examples/0 - DUNGEON GAME/Ghost.prefab using Guid(425301019860a46bab56e73686501a2a) Importer(815301076,1909f56bfc062723c751e8b465ee728b)  -> (artifact id: '24138dd44225c11d4c4e3cbe97dbb671') in 0.012438 seconds 
  Import took 0.015217 seconds .

========================================================================
Received Import Request.
  Time since last request: 0.000114 seconds.
  path: Assets/2DDL/Examples/0 - DUNGEON GAME/jump.wav
  artifactKey: Guid(543ad19048c2a714890fea27e5c34382) Importer(815301076,1909f56bfc062723c751e8b465ee728b)
Start importing Assets/2DDL/Examples/0 - DUNGEON GAME/jump.wav using Guid(543ad19048c2a714890fea27e5c34382) Importer(815301076,1909f56bfc062723c751e8b465ee728b)  -> (artifact id: 'a32c6b2e6513c6a06871ac0c0d2cb5fd') in 0.021555 seconds 
  Import took 0.024211 seconds .

========================================================================
Received Import Request.
  Time since last request: 0.000117 seconds.
  path: Assets/2DDL/Examples/0 - DUNGEON GAME/openGate.wav
  artifactKey: Guid(e0c9e2262e608cf439f6f0937bf0436d) Importer(815301076,1909f56bfc062723c751e8b465ee728b)
Start importing Assets/2DDL/Examples/0 - DUNGEON GAME/openGate.wav using Guid(e0c9e2262e608cf439f6f0937bf0436d) Importer(815301076,1909f56bfc062723c751e8b465ee728b)  -> (artifact id: '2213fc010aab855057e378d2deafe447') in 0.009607 seconds 
  Import took 0.012005 seconds .

========================================================================
Received Import Request.
  Time since last request: 0.000111 seconds.
  path: Assets/2DDL/Examples/0 - DUNGEON GAME/Hero.prefab
  artifactKey: Guid(02f02508eb9f944e489e17dcfe885b02) Importer(815301076,1909f56bfc062723c751e8b465ee728b)
Start importing Assets/2DDL/Examples/0 - DUNGEON GAME/Hero.prefab using Guid(02f02508eb9f944e489e17dcfe885b02) Importer(815301076,1909f56bfc062723c751e8b465ee728b)  -> (artifact id: '83e044ccf7530b0a0ecfe3fbf2968962') in 0.082488 seconds 
  Import took 0.085006 seconds .

========================================================================
Received Import Request.
  Time since last request: 0.000129 seconds.
  path: Assets/2DDL/Examples/0 - DUNGEON GAME/introPulse.aiff
  artifactKey: Guid(9a22122a7eacd4e5787b9d4e96242a2c) Importer(815301076,1909f56bfc062723c751e8b465ee728b)
Start importing Assets/2DDL/Examples/0 - DUNGEON GAME/introPulse.aiff using Guid(9a22122a7eacd4e5787b9d4e96242a2c) Importer(815301076,1909f56bfc062723c751e8b465ee728b)  -> (artifact id: 'eae1c8db9822631cd83fab39ba49a9ce') in 0.032309 seconds 
  Import took 0.034777 seconds .

========================================================================
Received Import Request.
  Time since last request: 0.000131 seconds.
  path: Assets/2DDL/Examples/0 - DUNGEON GAME/Torch.prefab
  artifactKey: Guid(497e4f887e19249ad8d0583b073fb757) Importer(815301076,1909f56bfc062723c751e8b465ee728b)
Start importing Assets/2DDL/Examples/0 - DUNGEON GAME/Torch.prefab using Guid(497e4f887e19249ad8d0583b073fb757) Importer(815301076,1909f56bfc062723c751e8b465ee728b)  -> (artifact id: '287fed2c52b2bdcc2e98cf138d80f2ed') in 0.016138 seconds 
  Import took 0.018626 seconds .

========================================================================
Received Import Request.
  Time since last request: 1.704583 seconds.
  path: Assets/2DDL/Examples/0 - DUNGEON GAME/Level 1- StartGame.unity
  artifactKey: Guid(2a3f4b084d073144ab38d2602cbdf59e) Importer(815301076,1909f56bfc062723c751e8b465ee728b)
Start importing Assets/2DDL/Examples/0 - DUNGEON GAME/Level 1- StartGame.unity using Guid(2a3f4b084d073144ab38d2602cbdf59e) Importer(815301076,1909f56bfc062723c751e8b465ee728b)  -> (artifact id: 'b405e087ac627a0d146cc4a530efef20') in 0.027559 seconds 
  Import took 0.030405 seconds .

========================================================================
Received Prepare
Registering precompiled user dll's ...
Registered in 0.003892 seconds.
Begin MonoManager ReloadAssembly
Native extension for WindowsStandalone target not found
Refreshing native plugins compatible for Editor in 0.45 ms, found 3 plugins.
Preloading 0 native plugins for Editor in 0.00 ms.
Instance of DynamicLight2D.CoreUtils couldn't be created because there is no script with that name.
UnityEngine.StackTraceUtility:ExtractStackTrace ()
UnityEngine.ScriptableObject:CreateInstance (string)
DynamicLight2D.CoreUtils:MainPath () (at Assets/2DDL/2DLight/Core/CoreUtils.cs:22)
DynamicLight2D.EditorUtils:getMainRelativepath () (at Assets/2DDL/2DLight/Core/Editor/EditorUtils.cs:20)
DynamicLight2D.DynamicLightHierarchyIcon:.cctor () (at Assets/2DDL/2DLight/Core/Editor/DynamicLightHierarchyIcon.cs:14)
System.Runtime.CompilerServices.RuntimeHelpers:RunClassConstructor (System.RuntimeTypeHandle)
UnityEditor.EditorAssemblies:ProcessInitializeOnLoadAttributes (System.Type[])

[Assets/2DDL/2DLight/Core/CoreUtils.cs line 22]

Mono: successfully reloaded assembly
- Completed reload, in  0.662 seconds
Domain Reload Profiling:
	ReloadAssembly (663ms)
		BeginReloadAssembly (91ms)
			ExecutionOrderSort (0ms)
			DisableScriptedObjects (4ms)
			BackupInstance (0ms)
			ReleaseScriptingObjects (0ms)
			CreateAndSetChildDomain (27ms)
		EndReloadAssembly (533ms)
			LoadAssemblies (62ms)
			RebuildTransferFunctionScriptingTraits (0ms)
			SetupTypeCache (178ms)
			ReleaseScriptCaches (1ms)
			RebuildScriptCaches (30ms)
			SetupLoadedEditorAssemblies (194ms)
				LogAssemblyErrors (0ms)
				InitializePlatformSupportModulesInManaged (3ms)
				SetLoadedEditorAssemblies (0ms)
				RefreshPlugins (0ms)
				BeforeProcessingInitializeOnLoad (62ms)
				ProcessInitializeOnLoadAttributes (123ms)
				ProcessInitializeOnLoadMethodAttributes (4ms)
				AfterProcessingInitializeOnLoad (2ms)
				EditorAssembliesLoaded (0ms)
			ExecutionOrderSort2 (0ms)
			AwakeInstancesAfterBackupRestoration (7ms)
Platform modules already initialized, skipping
Refreshing native plugins compatible for Editor in 0.49 ms, found 3 plugins.
Preloading 0 native plugins for Editor in 0.00 ms.
Unloading 2167 Unused Serialized files (Serialized files now loaded: 0)
System memory in use before: 100.7 MB.
System memory in use after: 100.9 MB.

Unloading 19 unused Assets to reduce memory usage. Loaded Objects now: 2652.
Total: 2.049200 ms (FindLiveObjects: 0.147800 ms CreateObjectMapping: 0.063200 ms MarkObjects: 1.795200 ms  DeleteObjects: 0.042300 ms)

AssetImportParameters requested are different than current active one (requested -> active):
  custom:framework-win-MediaFoundation: 216162199b28c13a410421893ffa2e32 -> 
  custom:video-decoder-ogg-theora: a1e56fd34408186e4bbccfd4996cb3dc -> 
  custom:container-muxer-webm: aa71ff27fc2769a1b78a27578f13a17b -> 
  custom:container-demuxer-webm: 4f35f7cbe854078d1ac9338744f61a02 -> 
  custom:container-demuxer-ogg: 62fdf1f143b41e24485cea50d1cbac27 -> 
  custom:video-encoder-webm-vp8: eb34c28f22e8b96e1ab97ce403110664 -> 
  custom:video-decoder-webm-vp8: 9c59270c3fd7afecdb556c50c9e8de78 -> 
  custom:audio-decoder-ogg-vorbis: bf7c407c2cedff20999df2af8eb42d56 -> 
  custom:audio-encoder-webm-vorbis: bf7c407c2cedff20999df2af8eb42d56 -> 
========================================================================
Received Import Request.
  Time since last request: 27.621293 seconds.
  path: Assets/2DDL/Examples/0 - DUNGEON GAME/Level 2.unity
  artifactKey: Guid(c5f45c4465633469fb27c68806615a43) Importer(815301076,1909f56bfc062723c751e8b465ee728b)
Start importing Assets/2DDL/Examples/0 - DUNGEON GAME/Level 2.unity using Guid(c5f45c4465633469fb27c68806615a43) Importer(815301076,1909f56bfc062723c751e8b465ee728b)  -> (artifact id: 'bda29147762b886b6e6eaacbc209dc60') in 0.015012 seconds 
  Import took 0.018000 seconds .

========================================================================
Received Prepare
Registering precompiled user dll's ...
Registered in 0.003925 seconds.
Begin MonoManager ReloadAssembly
Native extension for WindowsStandalone target not found
Refreshing native plugins compatible for Editor in 0.44 ms, found 3 plugins.
Preloading 0 native plugins for Editor in 0.00 ms.
Instance of DynamicLight2D.CoreUtils couldn't be created because there is no script with that name.
UnityEngine.StackTraceUtility:ExtractStackTrace ()
UnityEngine.ScriptableObject:CreateInstance (string)
DynamicLight2D.CoreUtils:MainPath () (at Assets/2DDL/2DLight/Core/CoreUtils.cs:22)
DynamicLight2D.EditorUtils:getMainRelativepath () (at Assets/2DDL/2DLight/Core/Editor/EditorUtils.cs:20)
DynamicLight2D.DynamicLightHierarchyIcon:.cctor () (at Assets/2DDL/2DLight/Core/Editor/DynamicLightHierarchyIcon.cs:14)
System.Runtime.CompilerServices.RuntimeHelpers:RunClassConstructor (System.RuntimeTypeHandle)
UnityEditor.EditorAssemblies:ProcessInitializeOnLoadAttributes (System.Type[])

[Assets/2DDL/2DLight/Core/CoreUtils.cs line 22]

Mono: successfully reloaded assembly
- Completed reload, in  0.655 seconds
Domain Reload Profiling:
	ReloadAssembly (655ms)
		BeginReloadAssembly (77ms)
			ExecutionOrderSort (0ms)
			DisableScriptedObjects (4ms)
			BackupInstance (0ms)
			ReleaseScriptingObjects (0ms)
			CreateAndSetChildDomain (26ms)
		EndReloadAssembly (541ms)
			LoadAssemblies (60ms)
			RebuildTransferFunctionScriptingTraits (0ms)
			SetupTypeCache (191ms)
			ReleaseScriptCaches (1ms)
			RebuildScriptCaches (26ms)
			SetupLoadedEditorAssemblies (192ms)
				LogAssemblyErrors (0ms)
				InitializePlatformSupportModulesInManaged (3ms)
				SetLoadedEditorAssemblies (0ms)
				RefreshPlugins (0ms)
				BeforeProcessingInitializeOnLoad (62ms)
				ProcessInitializeOnLoadAttributes (121ms)
				ProcessInitializeOnLoadMethodAttributes (4ms)
				AfterProcessingInitializeOnLoad (2ms)
				EditorAssembliesLoaded (0ms)
			ExecutionOrderSort2 (0ms)
			AwakeInstancesAfterBackupRestoration (8ms)
Platform modules already initialized, skipping
Refreshing native plugins compatible for Editor in 0.45 ms, found 3 plugins.
Preloading 0 native plugins for Editor in 0.00 ms.
Unloading 2167 Unused Serialized files (Serialized files now loaded: 0)
System memory in use before: 100.8 MB.
System memory in use after: 100.9 MB.

Unloading 18 unused Assets to reduce memory usage. Loaded Objects now: 2656.
Total: 2.115700 ms (FindLiveObjects: 0.190800 ms CreateObjectMapping: 0.060100 ms MarkObjects: 1.850000 ms  DeleteObjects: 0.014000 ms)

AssetImportParameters requested are different than current active one (requested -> active):
  custom:framework-win-MediaFoundation: 216162199b28c13a410421893ffa2e32 -> 
  custom:video-decoder-ogg-theora: a1e56fd34408186e4bbccfd4996cb3dc -> 
  custom:container-muxer-webm: aa71ff27fc2769a1b78a27578f13a17b -> 
  custom:container-demuxer-webm: 4f35f7cbe854078d1ac9338744f61a02 -> 
  custom:container-demuxer-ogg: 62fdf1f143b41e24485cea50d1cbac27 -> 
  custom:video-encoder-webm-vp8: eb34c28f22e8b96e1ab97ce403110664 -> 
  custom:video-decoder-webm-vp8: 9c59270c3fd7afecdb556c50c9e8de78 -> 
  custom:audio-decoder-ogg-vorbis: bf7c407c2cedff20999df2af8eb42d56 -> 
  custom:audio-encoder-webm-vorbis: bf7c407c2cedff20999df2af8eb42d56 -> 
========================================================================
Received Prepare
Registering precompiled user dll's ...
Registered in 0.003789 seconds.
Begin MonoManager ReloadAssembly
Native extension for WindowsStandalone target not found
Refreshing native plugins compatible for Editor in 0.45 ms, found 3 plugins.
Preloading 0 native plugins for Editor in 0.00 ms.
Instance of DynamicLight2D.CoreUtils couldn't be created because there is no script with that name.
UnityEngine.StackTraceUtility:ExtractStackTrace ()
UnityEngine.ScriptableObject:CreateInstance (string)
DynamicLight2D.CoreUtils:MainPath () (at Assets/2DDL/2DLight/Core/CoreUtils.cs:22)
DynamicLight2D.EditorUtils:getMainRelativepath () (at Assets/2DDL/2DLight/Core/Editor/EditorUtils.cs:20)
DynamicLight2D.DynamicLightHierarchyIcon:.cctor () (at Assets/2DDL/2DLight/Core/Editor/DynamicLightHierarchyIcon.cs:14)
System.Runtime.CompilerServices.RuntimeHelpers:RunClassConstructor (System.RuntimeTypeHandle)
UnityEditor.EditorAssemblies:ProcessInitializeOnLoadAttributes (System.Type[])

[Assets/2DDL/2DLight/Core/CoreUtils.cs line 22]

Mono: successfully reloaded assembly
- Completed reload, in  0.649 seconds
Domain Reload Profiling:
	ReloadAssembly (649ms)
		BeginReloadAssembly (82ms)
			ExecutionOrderSort (0ms)
			DisableScriptedObjects (4ms)
			BackupInstance (0ms)
			ReleaseScriptingObjects (0ms)
			CreateAndSetChildDomain (25ms)
		EndReloadAssembly (529ms)
			LoadAssemblies (61ms)
			RebuildTransferFunctionScriptingTraits (0ms)
			SetupTypeCache (169ms)
			ReleaseScriptCaches (1ms)
			RebuildScriptCaches (26ms)
			SetupLoadedEditorAssemblies (202ms)
				LogAssemblyErrors (0ms)
				InitializePlatformSupportModulesInManaged (3ms)
				SetLoadedEditorAssemblies (1ms)
				RefreshPlugins (0ms)
				BeforeProcessingInitializeOnLoad (61ms)
				ProcessInitializeOnLoadAttributes (132ms)
				ProcessInitializeOnLoadMethodAttributes (4ms)
				AfterProcessingInitializeOnLoad (2ms)
				EditorAssembliesLoaded (0ms)
			ExecutionOrderSort2 (0ms)
			AwakeInstancesAfterBackupRestoration (8ms)
Platform modules already initialized, skipping
Refreshing native plugins compatible for Editor in 0.49 ms, found 3 plugins.
Preloading 0 native plugins for Editor in 0.00 ms.
Unloading 2167 Unused Serialized files (Serialized files now loaded: 0)
System memory in use before: 100.8 MB.
System memory in use after: 100.9 MB.

Unloading 18 unused Assets to reduce memory usage. Loaded Objects now: 2660.
Total: 1.960000 ms (FindLiveObjects: 0.141200 ms CreateObjectMapping: 0.054700 ms MarkObjects: 1.749100 ms  DeleteObjects: 0.014400 ms)

AssetImportParameters requested are different than current active one (requested -> active):
  custom:framework-win-MediaFoundation: 216162199b28c13a410421893ffa2e32 -> 
  custom:video-decoder-ogg-theora: a1e56fd34408186e4bbccfd4996cb3dc -> 
  custom:container-muxer-webm: aa71ff27fc2769a1b78a27578f13a17b -> 
  custom:container-demuxer-webm: 4f35f7cbe854078d1ac9338744f61a02 -> 
  custom:container-demuxer-ogg: 62fdf1f143b41e24485cea50d1cbac27 -> 
  custom:video-encoder-webm-vp8: eb34c28f22e8b96e1ab97ce403110664 -> 
  custom:video-decoder-webm-vp8: 9c59270c3fd7afecdb556c50c9e8de78 -> 
  custom:audio-decoder-ogg-vorbis: bf7c407c2cedff20999df2af8eb42d56 -> 
  custom:audio-encoder-webm-vorbis: bf7c407c2cedff20999df2af8eb42d56 -> 
AssetImportWorkerClient::OnTransportError - code=2 error=End of file
