Using pre-set license
Built from '2020.2/release' branch; Version is '2020.2.2f1 (068178b99f32) revision 426360'; Using compiler version '192528614'; Build Type 'Release'
OS: 'Windows 10 Pro; OS build 19042.985; Version 2009; 64bit' Language: 'ko' Physical Memory: 16232 MB
BatchMode: 1, IsHumanControllingUs: 0, StartBugReporterOnCrash: 0, Is64bit: 1, IsPro: 0

 COMMAND LINE ARGUMENTS:
C:\Program Files\Unity\Hub\Editor\2020.2.2f1\Editor\Unity.exe
-adb2
-batchMode
-noUpm
-name
AssetImportWorker0
-projectPath
C:/Users/mingu/Documents/GitHub/UnityProjects/socket.io
-logFile
Logs/AssetImportWorker0.log
-srvPort
12075
Successfully changed project path to: C:/Users/mingu/Documents/GitHub/UnityProjects/socket.io
C:/Users/mingu/Documents/GitHub/UnityProjects/socket.io
Using Asset Import Pipeline V2.
Refreshing native plugins compatible for Editor in 36.22 ms, found 1 plugins.
Preloading 0 native plugins for Editor in 0.00 ms.
Initialize engine version: 2020.2.2f1 (068178b99f32)
[Subsystems] Discovering subsystems at path C:/Program Files/Unity/Hub/Editor/2020.2.2f1/Editor/Data/Resources/UnitySubsystems
[Subsystems] Discovering subsystems at path C:/Users/mingu/Documents/GitHub/UnityProjects/socket.io/Assets
GfxDevice: creating device client; threaded=0
Direct3D:
    Version:  Direct3D 11.0 [level 11.1]
    Renderer: NVIDIA GeForce GTX 1060 (ID=0x1c20)
    Vendor:   
    VRAM:     6052 MB
    Driver:   27.21.14.5167
Initialize mono
Mono path[0] = 'C:/Program Files/Unity/Hub/Editor/2020.2.2f1/Editor/Data/Managed'
Mono path[1] = 'C:/Program Files/Unity/Hub/Editor/2020.2.2f1/Editor/Data/MonoBleedingEdge/lib/mono/unityjit'
Mono config path = 'C:/Program Files/Unity/Hub/Editor/2020.2.2f1/Editor/Data/MonoBleedingEdge/etc'
Using monoOptions --debugger-agent=transport=dt_socket,embedding=1,server=y,suspend=n,address=127.0.0.1:56576
Begin MonoManager ReloadAssembly
Registering precompiled unity dll's ...
Register platform support module: C:/Program Files/Unity/Hub/Editor/2020.2.2f1/Editor/Data/PlaybackEngines/MacStandaloneSupport/UnityEditor.OSXStandalone.Extensions.dll
Register platform support module: C:/Program Files/Unity/Hub/Editor/2020.2.2f1/Editor/Data/PlaybackEngines/WindowsStandaloneSupport/UnityEditor.WindowsStandalone.Extensions.dll
Register platform support module: C:/Program Files/Unity/Hub/Editor/2020.2.2f1/Editor/Data/PlaybackEngines/LinuxStandaloneSupport/UnityEditor.LinuxStandalone.Extensions.dll
Registered in 0.002730 seconds.
Native extension for LinuxStandalone target not found
Native extension for WindowsStandalone target not found
Native extension for OSXStandalone target not found
Refreshing native plugins compatible for Editor in 37.63 ms, found 1 plugins.
Preloading 0 native plugins for Editor in 0.00 ms.
Invoked RoslynAnalysisRunner static constructor.
RoslynAnalysisRunner will not be running.
RoslynAnalysisRunner has terminated.
Mono: successfully reloaded assembly
- Completed reload, in  1.013 seconds
Platform modules already initialized, skipping
Registering precompiled user dll's ...
Registered in 0.000959 seconds.
Begin MonoManager ReloadAssembly
Native extension for LinuxStandalone target not found
Native extension for WindowsStandalone target not found
Native extension for OSXStandalone target not found
Refreshing native plugins compatible for Editor in 35.93 ms, found 1 plugins.
Preloading 0 native plugins for Editor in 0.00 ms.
Invoked RoslynAnalysisRunner static constructor.
RoslynAnalysisRunner will not be running.
RoslynAnalysisRunner has terminated.
Mono: successfully reloaded assembly
- Completed reload, in  0.933 seconds
Platform modules already initialized, skipping
========================================================================
Worker process is ready to serve import requests
Launched and connected shader compiler UnityShaderCompiler.exe after 0.06 seconds
Refreshing native plugins compatible for Editor in 0.38 ms, found 1 plugins.
Preloading 0 native plugins for Editor in 0.00 ms.
Unloading 1873 Unused Serialized files (Serialized files now loaded: 0)
System memory in use before: 89.1 MB.
System memory in use after: 89.0 MB.

Unloading 24 unused Assets to reduce memory usage. Loaded Objects now: 2314.
Total: 2.220400 ms (FindLiveObjects: 0.279300 ms CreateObjectMapping: 0.089800 ms MarkObjects: 1.743200 ms  DeleteObjects: 0.107000 ms)

========================================================================
Received Import Request.
  path: Assets/SocketIO
  artifactKey: Guid(6014c07fcf44a1e44b2fcc63e7e149c1) Importer(815301076,1909f56bfc062723c751e8b465ee728b)
Start importing Assets/SocketIO using Guid(6014c07fcf44a1e44b2fcc63e7e149c1) Importer(815301076,1909f56bfc062723c751e8b465ee728b)  -> (artifact id: '180198dada973ec66f1d3578c5f1beb9') in 0.009277 seconds
  Import took 0.012665 seconds .

========================================================================
Received Prepare
Registering precompiled user dll's ...
Registered in 0.001548 seconds.
Begin MonoManager ReloadAssembly
Native extension for LinuxStandalone target not found
Native extension for WindowsStandalone target not found
Native extension for OSXStandalone target not found
Refreshing native plugins compatible for Editor in 0.32 ms, found 1 plugins.
Preloading 0 native plugins for Editor in 0.00 ms.
Invoked RoslynAnalysisRunner static constructor.
RoslynAnalysisRunner will not be running.
RoslynAnalysisRunner has terminated.
Mono: successfully reloaded assembly
- Completed reload, in  0.885 seconds
Platform modules already initialized, skipping
Refreshing native plugins compatible for Editor in 0.37 ms, found 1 plugins.
Preloading 0 native plugins for Editor in 0.00 ms.
Unloading 1868 Unused Serialized files (Serialized files now loaded: 0)
System memory in use before: 89.1 MB.
System memory in use after: 89.1 MB.

Unloading 12 unused Assets to reduce memory usage. Loaded Objects now: 2317.
Total: 1.744100 ms (FindLiveObjects: 0.168300 ms CreateObjectMapping: 0.060300 ms MarkObjects: 1.429300 ms  DeleteObjects: 0.084900 ms)

========================================================================
Received Prepare
Registering precompiled user dll's ...
Registered in 0.001005 seconds.
Begin MonoManager ReloadAssembly
Native extension for LinuxStandalone target not found
Native extension for WindowsStandalone target not found
Native extension for OSXStandalone target not found
Refreshing native plugins compatible for Editor in 0.32 ms, found 1 plugins.
Preloading 0 native plugins for Editor in 0.00 ms.
Invoked RoslynAnalysisRunner static constructor.
RoslynAnalysisRunner will not be running.
RoslynAnalysisRunner has terminated.
Mono: successfully reloaded assembly
- Completed reload, in  0.804 seconds
Platform modules already initialized, skipping
Refreshing native plugins compatible for Editor in 0.32 ms, found 1 plugins.
Preloading 0 native plugins for Editor in 0.00 ms.
Unloading 1868 Unused Serialized files (Serialized files now loaded: 0)
System memory in use before: 89.2 MB.
System memory in use after: 89.2 MB.

Unloading 12 unused Assets to reduce memory usage. Loaded Objects now: 2320.
Total: 1.925700 ms (FindLiveObjects: 0.163500 ms CreateObjectMapping: 0.063100 ms MarkObjects: 1.611500 ms  DeleteObjects: 0.086800 ms)

========================================================================
Received Import Request.
  Time since last request: 212.916691 seconds.
  path: Assets
  artifactKey: Guid(00000000000000001000000000000000) Importer(815301076,1909f56bfc062723c751e8b465ee728b)
Start importing Assets using Guid(00000000000000001000000000000000) Importer(815301076,1909f56bfc062723c751e8b465ee728b)  -> (artifact id: '4a6e520b92ccfc61bcfa21a7bcab8468') in 0.012397 seconds
  Import took 0.015831 seconds .

========================================================================
Received Import Request.
  Time since last request: 4.817118 seconds.
  path: Assets/Sc.cs
  artifactKey: Guid(dcf526dc6fd04474485b8676acc48df1) Importer(815301076,1909f56bfc062723c751e8b465ee728b)
Start importing Assets/Sc.cs using Guid(dcf526dc6fd04474485b8676acc48df1) Importer(815301076,1909f56bfc062723c751e8b465ee728b)  -> (artifact id: '7a622b71d2b8b0d4004fe1402763dda2') in 0.041584 seconds
  Import took 0.045252 seconds .

========================================================================
Received Prepare
Registering precompiled user dll's ...
Registered in 0.000915 seconds.
Begin MonoManager ReloadAssembly
Native extension for LinuxStandalone target not found
Native extension for WindowsStandalone target not found
Native extension for OSXStandalone target not found
Refreshing native plugins compatible for Editor in 0.34 ms, found 1 plugins.
Preloading 0 native plugins for Editor in 0.00 ms.
Invoked RoslynAnalysisRunner static constructor.
RoslynAnalysisRunner will not be running.
RoslynAnalysisRunner has terminated.
Mono: successfully reloaded assembly
- Completed reload, in  0.801 seconds
Platform modules already initialized, skipping
Refreshing native plugins compatible for Editor in 0.31 ms, found 1 plugins.
Preloading 0 native plugins for Editor in 0.00 ms.
Unloading 1868 Unused Serialized files (Serialized files now loaded: 0)
System memory in use before: 89.3 MB.
System memory in use after: 89.3 MB.

Unloading 12 unused Assets to reduce memory usage. Loaded Objects now: 2323.
Total: 1.940600 ms (FindLiveObjects: 0.161500 ms CreateObjectMapping: 0.063300 ms MarkObjects: 1.624000 ms  DeleteObjects: 0.090500 ms)

========================================================================
Received Import Request.
  Time since last request: 8.611376 seconds.
  path: Assets/Scripts
  artifactKey: Guid(5337467374e8c544bbd4a6ae5f1067c5) Importer(815301076,1909f56bfc062723c751e8b465ee728b)
Start importing Assets/Scripts using Guid(5337467374e8c544bbd4a6ae5f1067c5) Importer(815301076,1909f56bfc062723c751e8b465ee728b)  -> (artifact id: '6ae0a8a75985c07687ddeda942c5e210') in 0.010659 seconds
  Import took 0.014045 seconds .

========================================================================
Received Import Request.
  Time since last request: 33.354503 seconds.
  path: Assets/Scenes/SampleScene.unity
  artifactKey: Guid(2cda990e2423bbf4892e6590ba056729) Importer(815301076,1909f56bfc062723c751e8b465ee728b)
Start importing Assets/Scenes/SampleScene.unity using Guid(2cda990e2423bbf4892e6590ba056729) Importer(815301076,1909f56bfc062723c751e8b465ee728b)  -> (artifact id: '694ca9c96bcf791ec7b87cc957ec53a1') in 0.016911 seconds
  Import took 0.020268 seconds .

========================================================================
Received Import Request.
  Time since last request: 2.302699 seconds.
  path: Assets/Scenes/main.unity
  artifactKey: Guid(2cda990e2423bbf4892e6590ba056729) Importer(815301076,1909f56bfc062723c751e8b465ee728b)
Start importing Assets/Scenes/main.unity using Guid(2cda990e2423bbf4892e6590ba056729) Importer(815301076,1909f56bfc062723c751e8b465ee728b)  -> (artifact id: '778f16b4a3e49867d64f131de7d0c28c') in 0.007664 seconds
  Import took 0.010580 seconds .

========================================================================
Received Import Request.
  Time since last request: 47.584527 seconds.
  path: Assets/Scenes
  artifactKey: Guid(afb4c9b8cc609e44697c4454cdbb87df) Importer(815301076,1909f56bfc062723c751e8b465ee728b)
Start importing Assets/Scenes using Guid(afb4c9b8cc609e44697c4454cdbb87df) Importer(815301076,1909f56bfc062723c751e8b465ee728b)  -> (artifact id: '7fb9972f51b74cd0bd47101f903a3ee7') in 0.007006 seconds
  Import took 0.011028 seconds .

========================================================================
Received Import Request.
  Time since last request: 0.003617 seconds.
  path: Assets/Scenes
  artifactKey: Guid(afb4c9b8cc609e44697c4454cdbb87df) Importer(815301076,1909f56bfc062723c751e8b465ee728b)
Start importing Assets/Scenes using Guid(afb4c9b8cc609e44697c4454cdbb87df) Importer(815301076,1909f56bfc062723c751e8b465ee728b)  -> (artifact id: '7fb9972f51b74cd0bd47101f903a3ee7') in 0.002727 seconds
  Import took 0.005420 seconds .

========================================================================
Received Import Request.
  Time since last request: 25.403049 seconds.
  path: Assets/Scripts/NetworkClient.cs
  artifactKey: Guid(514ace50fb1c45545bc327cc7af0ea74) Importer(815301076,1909f56bfc062723c751e8b465ee728b)
Start importing Assets/Scripts/NetworkClient.cs using Guid(514ace50fb1c45545bc327cc7af0ea74) Importer(815301076,1909f56bfc062723c751e8b465ee728b)  -> (artifact id: '3e1ae26b7683efbeddef055978226561') in 0.009462 seconds
  Import took 0.013257 seconds .

========================================================================
Received Prepare
Registering precompiled user dll's ...
Registered in 0.002039 seconds.
Begin MonoManager ReloadAssembly
Native extension for LinuxStandalone target not found
Native extension for WindowsStandalone target not found
Native extension for OSXStandalone target not found
Refreshing native plugins compatible for Editor in 0.32 ms, found 1 plugins.
Preloading 0 native plugins for Editor in 0.00 ms.
Invoked RoslynAnalysisRunner static constructor.
RoslynAnalysisRunner will not be running.
RoslynAnalysisRunner has terminated.
Mono: successfully reloaded assembly
- Completed reload, in  0.843 seconds
Platform modules already initialized, skipping
Refreshing native plugins compatible for Editor in 0.32 ms, found 1 plugins.
Preloading 0 native plugins for Editor in 0.00 ms.
Unloading 1869 Unused Serialized files (Serialized files now loaded: 0)
System memory in use before: 89.4 MB.
System memory in use after: 89.4 MB.

Unloading 12 unused Assets to reduce memory usage. Loaded Objects now: 2327.
Total: 2.589400 ms (FindLiveObjects: 0.190100 ms CreateObjectMapping: 0.106900 ms MarkObjects: 2.146700 ms  DeleteObjects: 0.144100 ms)

========================================================================
Received Import Request.
  Time since last request: 96.102497 seconds.
  path: Assets/Scripts/NetworkClient.cs
  artifactKey: Guid(514ace50fb1c45545bc327cc7af0ea74) Importer(815301076,1909f56bfc062723c751e8b465ee728b)
Start importing Assets/Scripts/NetworkClient.cs using Guid(514ace50fb1c45545bc327cc7af0ea74) Importer(815301076,1909f56bfc062723c751e8b465ee728b)  -> (artifact id: '3c66b6014ce7d9dcdbd7bd56905117bf') in 0.010411 seconds
  Import took 0.016309 seconds .

========================================================================
Received Import Request.
  Time since last request: 0.301943 seconds.
  path: Assets/Scripts/NetworkClient.cs
  artifactKey: Guid(514ace50fb1c45545bc327cc7af0ea74) Importer(815301076,1909f56bfc062723c751e8b465ee728b)
Start importing Assets/Scripts/NetworkClient.cs using Guid(514ace50fb1c45545bc327cc7af0ea74) Importer(815301076,1909f56bfc062723c751e8b465ee728b)  -> (artifact id: '3c66b6014ce7d9dcdbd7bd56905117bf') in 0.004254 seconds
  Import took 0.009573 seconds .

========================================================================
Received Prepare
Registering precompiled user dll's ...
Registered in 0.001023 seconds.
Begin MonoManager ReloadAssembly
Native extension for LinuxStandalone target not found
Native extension for WindowsStandalone target not found
Native extension for OSXStandalone target not found
Refreshing native plugins compatible for Editor in 0.33 ms, found 1 plugins.
Preloading 0 native plugins for Editor in 0.00 ms.
Invoked RoslynAnalysisRunner static constructor.
RoslynAnalysisRunner will not be running.
RoslynAnalysisRunner has terminated.
Mono: successfully reloaded assembly
- Completed reload, in  0.837 seconds
Platform modules already initialized, skipping
Refreshing native plugins compatible for Editor in 0.32 ms, found 1 plugins.
Preloading 0 native plugins for Editor in 0.00 ms.
Unloading 1869 Unused Serialized files (Serialized files now loaded: 0)
System memory in use before: 89.4 MB.
System memory in use after: 89.4 MB.

Unloading 12 unused Assets to reduce memory usage. Loaded Objects now: 2330.
Total: 1.963500 ms (FindLiveObjects: 0.238100 ms CreateObjectMapping: 0.096300 ms MarkObjects: 1.535200 ms  DeleteObjects: 0.092300 ms)

========================================================================
Received Prepare
Registering precompiled user dll's ...
Registered in 0.000996 seconds.
Begin MonoManager ReloadAssembly
Native extension for LinuxStandalone target not found
Native extension for WindowsStandalone target not found
Native extension for OSXStandalone target not found
Refreshing native plugins compatible for Editor in 0.34 ms, found 1 plugins.
Preloading 0 native plugins for Editor in 0.00 ms.
Invoked RoslynAnalysisRunner static constructor.
RoslynAnalysisRunner will not be running.
RoslynAnalysisRunner has terminated.
Mono: successfully reloaded assembly
- Completed reload, in  0.954 seconds
Platform modules already initialized, skipping
Refreshing native plugins compatible for Editor in 0.34 ms, found 1 plugins.
Preloading 0 native plugins for Editor in 0.00 ms.
Unloading 1869 Unused Serialized files (Serialized files now loaded: 0)
System memory in use before: 89.5 MB.
System memory in use after: 89.5 MB.

Unloading 12 unused Assets to reduce memory usage. Loaded Objects now: 2333.
Total: 2.030500 ms (FindLiveObjects: 0.182300 ms CreateObjectMapping: 0.067800 ms MarkObjects: 1.685300 ms  DeleteObjects: 0.094000 ms)

========================================================================
Received Prepare
Registering precompiled user dll's ...
Registered in 0.001020 seconds.
Begin MonoManager ReloadAssembly
Native extension for LinuxStandalone target not found
Native extension for WindowsStandalone target not found
Native extension for OSXStandalone target not found
Refreshing native plugins compatible for Editor in 0.33 ms, found 1 plugins.
Preloading 0 native plugins for Editor in 0.00 ms.
Invoked RoslynAnalysisRunner static constructor.
RoslynAnalysisRunner will not be running.
RoslynAnalysisRunner has terminated.
Mono: successfully reloaded assembly
- Completed reload, in  0.949 seconds
Platform modules already initialized, skipping
Refreshing native plugins compatible for Editor in 0.35 ms, found 1 plugins.
Preloading 0 native plugins for Editor in 0.00 ms.
Unloading 1869 Unused Serialized files (Serialized files now loaded: 0)
System memory in use before: 89.6 MB.
System memory in use after: 89.6 MB.

Unloading 12 unused Assets to reduce memory usage. Loaded Objects now: 2336.
Total: 1.930000 ms (FindLiveObjects: 0.260000 ms CreateObjectMapping: 0.099900 ms MarkObjects: 1.472500 ms  DeleteObjects: 0.096100 ms)

========================================================================
Received Import Request.
  Time since last request: 153.712088 seconds.
  path: Assets/Scripts/NetworkClient.cs
  artifactKey: Guid(514ace50fb1c45545bc327cc7af0ea74) Importer(815301076,1909f56bfc062723c751e8b465ee728b)
Start importing Assets/Scripts/NetworkClient.cs using Guid(514ace50fb1c45545bc327cc7af0ea74) Importer(815301076,1909f56bfc062723c751e8b465ee728b)  -> (artifact id: 'b58e06008a9cfb597b69ffd4956921ff') in 0.009445 seconds
  Import took 0.012842 seconds .

========================================================================
Received Import Request.
  Time since last request: 0.087685 seconds.
  path: Assets/Scripts/NetworkClient.cs
  artifactKey: Guid(514ace50fb1c45545bc327cc7af0ea74) Importer(815301076,1909f56bfc062723c751e8b465ee728b)
Start importing Assets/Scripts/NetworkClient.cs using Guid(514ace50fb1c45545bc327cc7af0ea74) Importer(815301076,1909f56bfc062723c751e8b465ee728b)  -> (artifact id: 'b58e06008a9cfb597b69ffd4956921ff') in 0.003034 seconds
  Import took 0.006922 seconds .

========================================================================
Received Prepare
Registering precompiled user dll's ...
Registered in 0.000985 seconds.
Begin MonoManager ReloadAssembly
Native extension for LinuxStandalone target not found
Native extension for WindowsStandalone target not found
Native extension for OSXStandalone target not found
Refreshing native plugins compatible for Editor in 0.36 ms, found 1 plugins.
Preloading 0 native plugins for Editor in 0.00 ms.
Invoked RoslynAnalysisRunner static constructor.
RoslynAnalysisRunner will not be running.
RoslynAnalysisRunner has terminated.
Mono: successfully reloaded assembly
- Completed reload, in  0.848 seconds
Platform modules already initialized, skipping
Refreshing native plugins compatible for Editor in 0.31 ms, found 1 plugins.
Preloading 0 native plugins for Editor in 0.00 ms.
Unloading 1869 Unused Serialized files (Serialized files now loaded: 0)
System memory in use before: 89.6 MB.
System memory in use after: 89.6 MB.

Unloading 12 unused Assets to reduce memory usage. Loaded Objects now: 2339.
Total: 1.976500 ms (FindLiveObjects: 0.176900 ms CreateObjectMapping: 0.068800 ms MarkObjects: 1.640400 ms  DeleteObjects: 0.089400 ms)

========================================================================
Received Prepare
Registering precompiled user dll's ...
Registered in 0.000989 seconds.
Begin MonoManager ReloadAssembly
Native extension for LinuxStandalone target not found
Native extension for WindowsStandalone target not found
Native extension for OSXStandalone target not found
Refreshing native plugins compatible for Editor in 0.39 ms, found 1 plugins.
Preloading 0 native plugins for Editor in 0.00 ms.
Invoked RoslynAnalysisRunner static constructor.
RoslynAnalysisRunner will not be running.
RoslynAnalysisRunner has terminated.
Mono: successfully reloaded assembly
- Completed reload, in  0.806 seconds
Platform modules already initialized, skipping
Refreshing native plugins compatible for Editor in 0.31 ms, found 1 plugins.
Preloading 0 native plugins for Editor in 0.00 ms.
Unloading 1869 Unused Serialized files (Serialized files now loaded: 0)
System memory in use before: 89.7 MB.
System memory in use after: 89.7 MB.

Unloading 12 unused Assets to reduce memory usage. Loaded Objects now: 2342.
Total: 2.051400 ms (FindLiveObjects: 0.229000 ms CreateObjectMapping: 0.093200 ms MarkObjects: 1.633300 ms  DeleteObjects: 0.094500 ms)

========================================================================
Received Prepare
Registering precompiled user dll's ...
Registered in 0.000967 seconds.
Begin MonoManager ReloadAssembly
Native extension for LinuxStandalone target not found
Native extension for WindowsStandalone target not found
Native extension for OSXStandalone target not found
Refreshing native plugins compatible for Editor in 0.34 ms, found 1 plugins.
Preloading 0 native plugins for Editor in 0.00 ms.
Invoked RoslynAnalysisRunner static constructor.
RoslynAnalysisRunner will not be running.
RoslynAnalysisRunner has terminated.
Mono: successfully reloaded assembly
- Completed reload, in  0.871 seconds
Platform modules already initialized, skipping
Refreshing native plugins compatible for Editor in 0.34 ms, found 1 plugins.
Preloading 0 native plugins for Editor in 0.00 ms.
Unloading 1869 Unused Serialized files (Serialized files now loaded: 0)
System memory in use before: 89.8 MB.
System memory in use after: 89.8 MB.

Unloading 12 unused Assets to reduce memory usage. Loaded Objects now: 2345.
Total: 2.592900 ms (FindLiveObjects: 0.217700 ms CreateObjectMapping: 0.094200 ms MarkObjects: 2.161900 ms  DeleteObjects: 0.117600 ms)

========================================================================
Received Prepare
Registering precompiled user dll's ...
Registered in 0.001014 seconds.
Begin MonoManager ReloadAssembly
Native extension for LinuxStandalone target not found
Native extension for WindowsStandalone target not found
Native extension for OSXStandalone target not found
Refreshing native plugins compatible for Editor in 0.34 ms, found 1 plugins.
Preloading 0 native plugins for Editor in 0.00 ms.
Invoked RoslynAnalysisRunner static constructor.
RoslynAnalysisRunner will not be running.
RoslynAnalysisRunner has terminated.
Mono: successfully reloaded assembly
- Completed reload, in  0.922 seconds
Platform modules already initialized, skipping
Refreshing native plugins compatible for Editor in 0.32 ms, found 1 plugins.
Preloading 0 native plugins for Editor in 0.00 ms.
Unloading 1869 Unused Serialized files (Serialized files now loaded: 0)
System memory in use before: 89.8 MB.
System memory in use after: 89.8 MB.

Unloading 12 unused Assets to reduce memory usage. Loaded Objects now: 2348.
Total: 2.074700 ms (FindLiveObjects: 0.274100 ms CreateObjectMapping: 0.109100 ms MarkObjects: 1.596300 ms  DeleteObjects: 0.093600 ms)

========================================================================
Received Prepare
Registering precompiled user dll's ...
Registered in 0.000982 seconds.
Begin MonoManager ReloadAssembly
Native extension for LinuxStandalone target not found
Native extension for WindowsStandalone target not found
Native extension for OSXStandalone target not found
Refreshing native plugins compatible for Editor in 0.33 ms, found 1 plugins.
Preloading 0 native plugins for Editor in 0.00 ms.
Invoked RoslynAnalysisRunner static constructor.
RoslynAnalysisRunner will not be running.
RoslynAnalysisRunner has terminated.
Mono: successfully reloaded assembly
- Completed reload, in  0.810 seconds
Platform modules already initialized, skipping
Refreshing native plugins compatible for Editor in 0.32 ms, found 1 plugins.
Preloading 0 native plugins for Editor in 0.00 ms.
Unloading 1869 Unused Serialized files (Serialized files now loaded: 0)
System memory in use before: 89.9 MB.
System memory in use after: 89.9 MB.

Unloading 12 unused Assets to reduce memory usage. Loaded Objects now: 2351.
Total: 1.941300 ms (FindLiveObjects: 0.177500 ms CreateObjectMapping: 0.066000 ms MarkObjects: 1.607700 ms  DeleteObjects: 0.088800 ms)

========================================================================
Received Import Request.
  Time since last request: 117.228465 seconds.
  path: Assets/Scripts/NetworkClient.cs
  artifactKey: Guid(514ace50fb1c45545bc327cc7af0ea74) Importer(815301076,1909f56bfc062723c751e8b465ee728b)
Start importing Assets/Scripts/NetworkClient.cs using Guid(514ace50fb1c45545bc327cc7af0ea74) Importer(815301076,1909f56bfc062723c751e8b465ee728b)  -> (artifact id: 'e9f88d5cde6ac8146a3b9bfd2e04f355') in 0.005412 seconds
  Import took 0.008918 seconds .

========================================================================
Received Import Request.
  Time since last request: 8.078343 seconds.
  path: Assets/Scripts/NetworkClient.cs
  artifactKey: Guid(514ace50fb1c45545bc327cc7af0ea74) Importer(815301076,1909f56bfc062723c751e8b465ee728b)
Start importing Assets/Scripts/NetworkClient.cs using Guid(514ace50fb1c45545bc327cc7af0ea74) Importer(815301076,1909f56bfc062723c751e8b465ee728b)  -> (artifact id: '2e671fd536860f9bc05410d72207ba72') in 0.007796 seconds
  Import took 0.012796 seconds .

========================================================================
Received Prepare
Registering precompiled user dll's ...
Registered in 0.001039 seconds.
Begin MonoManager ReloadAssembly
Native extension for LinuxStandalone target not found
Native extension for WindowsStandalone target not found
Native extension for OSXStandalone target not found
Refreshing native plugins compatible for Editor in 0.35 ms, found 1 plugins.
Preloading 0 native plugins for Editor in 0.00 ms.
Invoked RoslynAnalysisRunner static constructor.
RoslynAnalysisRunner will not be running.
RoslynAnalysisRunner has terminated.
Mono: successfully reloaded assembly
- Completed reload, in  0.867 seconds
Platform modules already initialized, skipping
Refreshing native plugins compatible for Editor in 0.31 ms, found 1 plugins.
Preloading 0 native plugins for Editor in 0.00 ms.
Unloading 1869 Unused Serialized files (Serialized files now loaded: 0)
System memory in use before: 89.9 MB.
System memory in use after: 89.9 MB.

Unloading 12 unused Assets to reduce memory usage. Loaded Objects now: 2354.
Total: 2.017000 ms (FindLiveObjects: 0.256900 ms CreateObjectMapping: 0.084700 ms MarkObjects: 1.586800 ms  DeleteObjects: 0.087400 ms)

========================================================================
Received Import Request.
  Time since last request: 27.756873 seconds.
  path: Assets/Scripts/NetworkClient.cs
  artifactKey: Guid(514ace50fb1c45545bc327cc7af0ea74) Importer(815301076,1909f56bfc062723c751e8b465ee728b)
Start importing Assets/Scripts/NetworkClient.cs using Guid(514ace50fb1c45545bc327cc7af0ea74) Importer(815301076,1909f56bfc062723c751e8b465ee728b)  -> (artifact id: '5d4c56c904a10d48b734ccb6d5ad6225') in 0.013366 seconds
  Import took 0.017221 seconds .

========================================================================
Received Prepare
Registering precompiled user dll's ...
Registered in 0.001251 seconds.
Begin MonoManager ReloadAssembly
Native extension for LinuxStandalone target not found
Native extension for WindowsStandalone target not found
Native extension for OSXStandalone target not found
Refreshing native plugins compatible for Editor in 0.35 ms, found 1 plugins.
Preloading 0 native plugins for Editor in 0.00 ms.
Invoked RoslynAnalysisRunner static constructor.
RoslynAnalysisRunner will not be running.
RoslynAnalysisRunner has terminated.
Mono: successfully reloaded assembly
- Completed reload, in  0.814 seconds
Platform modules already initialized, skipping
Refreshing native plugins compatible for Editor in 0.38 ms, found 1 plugins.
Preloading 0 native plugins for Editor in 0.00 ms.
Unloading 1869 Unused Serialized files (Serialized files now loaded: 0)
System memory in use before: 90.0 MB.
System memory in use after: 90.0 MB.

Unloading 12 unused Assets to reduce memory usage. Loaded Objects now: 2357.
Total: 2.312900 ms (FindLiveObjects: 0.451700 ms CreateObjectMapping: 0.184300 ms MarkObjects: 1.577300 ms  DeleteObjects: 0.097300 ms)

========================================================================
Received Import Request.
  Time since last request: 17.990127 seconds.
  path: Assets/Scripts/NetworkClient.cs
  artifactKey: Guid(514ace50fb1c45545bc327cc7af0ea74) Importer(815301076,1909f56bfc062723c751e8b465ee728b)
Start importing Assets/Scripts/NetworkClient.cs using Guid(514ace50fb1c45545bc327cc7af0ea74) Importer(815301076,1909f56bfc062723c751e8b465ee728b)  -> (artifact id: '999396a9e0e707e1c11644d034ea4aa9') in 0.028792 seconds
  Import took 0.034378 seconds .

========================================================================
Received Import Request.
  Time since last request: 0.097154 seconds.
  path: Assets/Scripts/NetworkClient.cs
  artifactKey: Guid(514ace50fb1c45545bc327cc7af0ea74) Importer(815301076,1909f56bfc062723c751e8b465ee728b)
Start importing Assets/Scripts/NetworkClient.cs using Guid(514ace50fb1c45545bc327cc7af0ea74) Importer(815301076,1909f56bfc062723c751e8b465ee728b)  -> (artifact id: '999396a9e0e707e1c11644d034ea4aa9') in 0.003584 seconds
  Import took 0.008217 seconds .

========================================================================
Received Prepare
Registering precompiled user dll's ...
Registered in 0.000994 seconds.
Begin MonoManager ReloadAssembly
Native extension for LinuxStandalone target not found
Native extension for WindowsStandalone target not found
Native extension for OSXStandalone target not found
Refreshing native plugins compatible for Editor in 0.32 ms, found 1 plugins.
Preloading 0 native plugins for Editor in 0.00 ms.
Invoked RoslynAnalysisRunner static constructor.
RoslynAnalysisRunner will not be running.
RoslynAnalysisRunner has terminated.
Mono: successfully reloaded assembly
- Completed reload, in  0.879 seconds
Platform modules already initialized, skipping
Refreshing native plugins compatible for Editor in 0.46 ms, found 1 plugins.
Preloading 0 native plugins for Editor in 0.00 ms.
Unloading 1869 Unused Serialized files (Serialized files now loaded: 0)
System memory in use before: 90.1 MB.
System memory in use after: 90.1 MB.

Unloading 12 unused Assets to reduce memory usage. Loaded Objects now: 2360.
Total: 2.378300 ms (FindLiveObjects: 0.209300 ms CreateObjectMapping: 0.066900 ms MarkObjects: 1.960000 ms  DeleteObjects: 0.140400 ms)

========================================================================
Received Import Request.
  Time since last request: 8.033460 seconds.
  path: Assets/Scripts/NetworkClient.cs
  artifactKey: Guid(514ace50fb1c45545bc327cc7af0ea74) Importer(815301076,1909f56bfc062723c751e8b465ee728b)
Start importing Assets/Scripts/NetworkClient.cs using Guid(514ace50fb1c45545bc327cc7af0ea74) Importer(815301076,1909f56bfc062723c751e8b465ee728b)  -> (artifact id: '18a427d7a848b42a65a9b122e442c0e8') in 0.006515 seconds
  Import took 0.011905 seconds .

========================================================================
Received Import Request.
  Time since last request: 0.226461 seconds.
  path: Assets/Scripts/NetworkClient.cs
  artifactKey: Guid(514ace50fb1c45545bc327cc7af0ea74) Importer(815301076,1909f56bfc062723c751e8b465ee728b)
Start importing Assets/Scripts/NetworkClient.cs using Guid(514ace50fb1c45545bc327cc7af0ea74) Importer(815301076,1909f56bfc062723c751e8b465ee728b)  -> (artifact id: '18a427d7a848b42a65a9b122e442c0e8') in 0.003084 seconds
  Import took 0.005833 seconds .

========================================================================
Received Prepare
Registering precompiled user dll's ...
Registered in 0.001148 seconds.
Begin MonoManager ReloadAssembly
Native extension for LinuxStandalone target not found
Native extension for WindowsStandalone target not found
Native extension for OSXStandalone target not found
Refreshing native plugins compatible for Editor in 0.36 ms, found 1 plugins.
Preloading 0 native plugins for Editor in 0.00 ms.
Invoked RoslynAnalysisRunner static constructor.
RoslynAnalysisRunner will not be running.
RoslynAnalysisRunner has terminated.
Mono: successfully reloaded assembly
- Completed reload, in  0.917 seconds
Platform modules already initialized, skipping
Refreshing native plugins compatible for Editor in 0.33 ms, found 1 plugins.
Preloading 0 native plugins for Editor in 0.00 ms.
Unloading 1869 Unused Serialized files (Serialized files now loaded: 0)
System memory in use before: 90.1 MB.
System memory in use after: 90.1 MB.

Unloading 12 unused Assets to reduce memory usage. Loaded Objects now: 2363.
Total: 1.949500 ms (FindLiveObjects: 0.179500 ms CreateObjectMapping: 0.067200 ms MarkObjects: 1.604600 ms  DeleteObjects: 0.097100 ms)

========================================================================
Received Prepare
Registering precompiled user dll's ...
Registered in 0.001059 seconds.
Begin MonoManager ReloadAssembly
Native extension for LinuxStandalone target not found
Native extension for WindowsStandalone target not found
Native extension for OSXStandalone target not found
Refreshing native plugins compatible for Editor in 0.32 ms, found 1 plugins.
Preloading 0 native plugins for Editor in 0.00 ms.
Invoked RoslynAnalysisRunner static constructor.
RoslynAnalysisRunner will not be running.
RoslynAnalysisRunner has terminated.
Mono: successfully reloaded assembly
- Completed reload, in  0.883 seconds
Platform modules already initialized, skipping
Refreshing native plugins compatible for Editor in 0.31 ms, found 1 plugins.
Preloading 0 native plugins for Editor in 0.00 ms.
Unloading 1869 Unused Serialized files (Serialized files now loaded: 0)
System memory in use before: 90.2 MB.
System memory in use after: 90.2 MB.

Unloading 12 unused Assets to reduce memory usage. Loaded Objects now: 2366.
Total: 2.169200 ms (FindLiveObjects: 0.230500 ms CreateObjectMapping: 0.119900 ms MarkObjects: 1.714700 ms  DeleteObjects: 0.102300 ms)

========================================================================
Received Prepare
Registering precompiled user dll's ...
Registered in 0.001481 seconds.
Begin MonoManager ReloadAssembly
Native extension for LinuxStandalone target not found
Native extension for WindowsStandalone target not found
Native extension for OSXStandalone target not found
Refreshing native plugins compatible for Editor in 0.50 ms, found 1 plugins.
Preloading 0 native plugins for Editor in 0.00 ms.
Invoked RoslynAnalysisRunner static constructor.
RoslynAnalysisRunner will not be running.
RoslynAnalysisRunner has terminated.
Mono: successfully reloaded assembly
- Completed reload, in  0.986 seconds
Platform modules already initialized, skipping
Refreshing native plugins compatible for Editor in 0.36 ms, found 1 plugins.
Preloading 0 native plugins for Editor in 0.00 ms.
Unloading 1869 Unused Serialized files (Serialized files now loaded: 0)
System memory in use before: 90.3 MB.
System memory in use after: 90.3 MB.

Unloading 12 unused Assets to reduce memory usage. Loaded Objects now: 2369.
Total: 3.186000 ms (FindLiveObjects: 0.372800 ms CreateObjectMapping: 0.486000 ms MarkObjects: 2.204800 ms  DeleteObjects: 0.120500 ms)

========================================================================
Received Prepare
Registering precompiled user dll's ...
Registered in 0.001207 seconds.
Begin MonoManager ReloadAssembly
Native extension for LinuxStandalone target not found
Native extension for WindowsStandalone target not found
Native extension for OSXStandalone target not found
Refreshing native plugins compatible for Editor in 0.33 ms, found 1 plugins.
Preloading 0 native plugins for Editor in 0.00 ms.
Invoked RoslynAnalysisRunner static constructor.
RoslynAnalysisRunner will not be running.
RoslynAnalysisRunner has terminated.
Mono: successfully reloaded assembly
- Completed reload, in  0.903 seconds
Platform modules already initialized, skipping
Refreshing native plugins compatible for Editor in 0.31 ms, found 1 plugins.
Preloading 0 native plugins for Editor in 0.00 ms.
Unloading 1869 Unused Serialized files (Serialized files now loaded: 0)
System memory in use before: 90.3 MB.
System memory in use after: 90.3 MB.

Unloading 12 unused Assets to reduce memory usage. Loaded Objects now: 2372.
Total: 2.225800 ms (FindLiveObjects: 0.435000 ms CreateObjectMapping: 0.113100 ms MarkObjects: 1.543800 ms  DeleteObjects: 0.132200 ms)

========================================================================
Received Prepare
Registering precompiled user dll's ...
Registered in 0.001171 seconds.
Begin MonoManager ReloadAssembly
Native extension for LinuxStandalone target not found
Native extension for WindowsStandalone target not found
Native extension for OSXStandalone target not found
Refreshing native plugins compatible for Editor in 0.62 ms, found 1 plugins.
Preloading 0 native plugins for Editor in 0.00 ms.
Invoked RoslynAnalysisRunner static constructor.
RoslynAnalysisRunner will not be running.
RoslynAnalysisRunner has terminated.
Mono: successfully reloaded assembly
- Completed reload, in  0.959 seconds
Platform modules already initialized, skipping
Refreshing native plugins compatible for Editor in 0.48 ms, found 1 plugins.
Preloading 0 native plugins for Editor in 0.00 ms.
Unloading 1869 Unused Serialized files (Serialized files now loaded: 0)
System memory in use before: 90.4 MB.
System memory in use after: 90.4 MB.

Unloading 12 unused Assets to reduce memory usage. Loaded Objects now: 2375.
Total: 2.314500 ms (FindLiveObjects: 0.201700 ms CreateObjectMapping: 0.089900 ms MarkObjects: 1.878100 ms  DeleteObjects: 0.139400 ms)

========================================================================
Received Prepare
Registering precompiled user dll's ...
Registered in 0.001406 seconds.
Begin MonoManager ReloadAssembly
Native extension for LinuxStandalone target not found
Native extension for WindowsStandalone target not found
Native extension for OSXStandalone target not found
Refreshing native plugins compatible for Editor in 0.32 ms, found 1 plugins.
Preloading 0 native plugins for Editor in 0.00 ms.
Invoked RoslynAnalysisRunner static constructor.
RoslynAnalysisRunner will not be running.
RoslynAnalysisRunner has terminated.
Mono: successfully reloaded assembly
- Completed reload, in  0.930 seconds
Platform modules already initialized, skipping
Refreshing native plugins compatible for Editor in 0.31 ms, found 1 plugins.
Preloading 0 native plugins for Editor in 0.00 ms.
Unloading 1869 Unused Serialized files (Serialized files now loaded: 0)
System memory in use before: 90.5 MB.
System memory in use after: 90.5 MB.

Unloading 12 unused Assets to reduce memory usage. Loaded Objects now: 2378.
Total: 1.882400 ms (FindLiveObjects: 0.181000 ms CreateObjectMapping: 0.070100 ms MarkObjects: 1.535500 ms  DeleteObjects: 0.094900 ms)

========================================================================
Received Prepare
Registering precompiled user dll's ...
Registered in 0.001506 seconds.
Begin MonoManager ReloadAssembly
Native extension for LinuxStandalone target not found
Native extension for WindowsStandalone target not found
Native extension for OSXStandalone target not found
Refreshing native plugins compatible for Editor in 0.31 ms, found 1 plugins.
Preloading 0 native plugins for Editor in 0.00 ms.
Invoked RoslynAnalysisRunner static constructor.
RoslynAnalysisRunner will not be running.
RoslynAnalysisRunner has terminated.
Mono: successfully reloaded assembly
- Completed reload, in  0.819 seconds
Platform modules already initialized, skipping
Refreshing native plugins compatible for Editor in 0.30 ms, found 1 plugins.
Preloading 0 native plugins for Editor in 0.00 ms.
Unloading 1869 Unused Serialized files (Serialized files now loaded: 0)
System memory in use before: 90.5 MB.
System memory in use after: 90.5 MB.

Unloading 12 unused Assets to reduce memory usage. Loaded Objects now: 2381.
Total: 2.313200 ms (FindLiveObjects: 0.365200 ms CreateObjectMapping: 0.077100 ms MarkObjects: 1.730600 ms  DeleteObjects: 0.139000 ms)

========================================================================
Received Prepare
Registering precompiled user dll's ...
Registered in 0.001409 seconds.
Begin MonoManager ReloadAssembly
Native extension for LinuxStandalone target not found
Native extension for WindowsStandalone target not found
Native extension for OSXStandalone target not found
Refreshing native plugins compatible for Editor in 0.33 ms, found 1 plugins.
Preloading 0 native plugins for Editor in 0.00 ms.
Invoked RoslynAnalysisRunner static constructor.
RoslynAnalysisRunner will not be running.
RoslynAnalysisRunner has terminated.
Mono: successfully reloaded assembly
- Completed reload, in  0.860 seconds
Platform modules already initialized, skipping
Refreshing native plugins compatible for Editor in 0.35 ms, found 1 plugins.
Preloading 0 native plugins for Editor in 0.00 ms.
Unloading 1869 Unused Serialized files (Serialized files now loaded: 0)
System memory in use before: 90.6 MB.
System memory in use after: 90.6 MB.

Unloading 12 unused Assets to reduce memory usage. Loaded Objects now: 2384.
Total: 1.834900 ms (FindLiveObjects: 0.210000 ms CreateObjectMapping: 0.107600 ms MarkObjects: 1.423700 ms  DeleteObjects: 0.092800 ms)

========================================================================
Received Prepare
Registering precompiled user dll's ...
Registered in 0.001048 seconds.
Begin MonoManager ReloadAssembly
Native extension for LinuxStandalone target not found
Native extension for WindowsStandalone target not found
Native extension for OSXStandalone target not found
Refreshing native plugins compatible for Editor in 0.34 ms, found 1 plugins.
Preloading 0 native plugins for Editor in 0.00 ms.
Invoked RoslynAnalysisRunner static constructor.
RoslynAnalysisRunner will not be running.
RoslynAnalysisRunner has terminated.
Mono: successfully reloaded assembly
- Completed reload, in  0.836 seconds
Platform modules already initialized, skipping
Refreshing native plugins compatible for Editor in 0.32 ms, found 1 plugins.
Preloading 0 native plugins for Editor in 0.00 ms.
Unloading 1869 Unused Serialized files (Serialized files now loaded: 0)
System memory in use before: 90.6 MB.
System memory in use after: 90.6 MB.

Unloading 12 unused Assets to reduce memory usage. Loaded Objects now: 2387.
Total: 1.961600 ms (FindLiveObjects: 0.181500 ms CreateObjectMapping: 0.073200 ms MarkObjects: 1.608800 ms  DeleteObjects: 0.096400 ms)

========================================================================
Received Prepare
Registering precompiled user dll's ...
Registered in 0.001303 seconds.
Begin MonoManager ReloadAssembly
Native extension for LinuxStandalone target not found
Native extension for WindowsStandalone target not found
Native extension for OSXStandalone target not found
Refreshing native plugins compatible for Editor in 0.33 ms, found 1 plugins.
Preloading 0 native plugins for Editor in 0.00 ms.
Invoked RoslynAnalysisRunner static constructor.
RoslynAnalysisRunner will not be running.
RoslynAnalysisRunner has terminated.
Mono: successfully reloaded assembly
- Completed reload, in  0.820 seconds
Platform modules already initialized, skipping
Refreshing native plugins compatible for Editor in 0.31 ms, found 1 plugins.
Preloading 0 native plugins for Editor in 0.00 ms.
Unloading 1869 Unused Serialized files (Serialized files now loaded: 0)
System memory in use before: 90.7 MB.
System memory in use after: 90.7 MB.

Unloading 12 unused Assets to reduce memory usage. Loaded Objects now: 2390.
Total: 1.863900 ms (FindLiveObjects: 0.233700 ms CreateObjectMapping: 0.090900 ms MarkObjects: 1.446600 ms  DeleteObjects: 0.091800 ms)

========================================================================
Received Prepare
Registering precompiled user dll's ...
Registered in 0.000946 seconds.
Begin MonoManager ReloadAssembly
Native extension for LinuxStandalone target not found
Native extension for WindowsStandalone target not found
Native extension for OSXStandalone target not found
Refreshing native plugins compatible for Editor in 0.35 ms, found 1 plugins.
Preloading 0 native plugins for Editor in 0.00 ms.
Invoked RoslynAnalysisRunner static constructor.
RoslynAnalysisRunner will not be running.
RoslynAnalysisRunner has terminated.
Mono: successfully reloaded assembly
- Completed reload, in  1.019 seconds
Platform modules already initialized, skipping
Refreshing native plugins compatible for Editor in 0.37 ms, found 1 plugins.
Preloading 0 native plugins for Editor in 0.00 ms.
Unloading 1869 Unused Serialized files (Serialized files now loaded: 0)
System memory in use before: 90.8 MB.
System memory in use after: 90.8 MB.

Unloading 12 unused Assets to reduce memory usage. Loaded Objects now: 2393.
Total: 3.588300 ms (FindLiveObjects: 0.362400 ms CreateObjectMapping: 0.156700 ms MarkObjects: 2.906800 ms  DeleteObjects: 0.160200 ms)

========================================================================
Received Prepare
Registering precompiled user dll's ...
Registered in 0.001279 seconds.
Begin MonoManager ReloadAssembly
Native extension for LinuxStandalone target not found
Native extension for WindowsStandalone target not found
Native extension for OSXStandalone target not found
Refreshing native plugins compatible for Editor in 0.33 ms, found 1 plugins.
Preloading 0 native plugins for Editor in 0.00 ms.
Invoked RoslynAnalysisRunner static constructor.
RoslynAnalysisRunner will not be running.
RoslynAnalysisRunner has terminated.
Mono: successfully reloaded assembly
- Completed reload, in  0.925 seconds
Platform modules already initialized, skipping
Refreshing native plugins compatible for Editor in 0.35 ms, found 1 plugins.
Preloading 0 native plugins for Editor in 0.00 ms.
Unloading 1869 Unused Serialized files (Serialized files now loaded: 0)
System memory in use before: 90.8 MB.
System memory in use after: 90.8 MB.

Unloading 12 unused Assets to reduce memory usage. Loaded Objects now: 2396.
Total: 1.998500 ms (FindLiveObjects: 0.213300 ms CreateObjectMapping: 0.065200 ms MarkObjects: 1.623800 ms  DeleteObjects: 0.094700 ms)

========================================================================
Received Prepare
Registering precompiled user dll's ...
Registered in 0.000930 seconds.
Begin MonoManager ReloadAssembly
Native extension for LinuxStandalone target not found
Native extension for WindowsStandalone target not found
Native extension for OSXStandalone target not found
Refreshing native plugins compatible for Editor in 0.32 ms, found 1 plugins.
Preloading 0 native plugins for Editor in 0.00 ms.
Invoked RoslynAnalysisRunner static constructor.
RoslynAnalysisRunner will not be running.
RoslynAnalysisRunner has terminated.
Mono: successfully reloaded assembly
- Completed reload, in  0.816 seconds
Platform modules already initialized, skipping
Refreshing native plugins compatible for Editor in 0.32 ms, found 1 plugins.
Preloading 0 native plugins for Editor in 0.00 ms.
Unloading 1869 Unused Serialized files (Serialized files now loaded: 0)
System memory in use before: 90.9 MB.
System memory in use after: 90.9 MB.

Unloading 12 unused Assets to reduce memory usage. Loaded Objects now: 2399.
Total: 1.912400 ms (FindLiveObjects: 0.193900 ms CreateObjectMapping: 0.071500 ms MarkObjects: 1.552200 ms  DeleteObjects: 0.093400 ms)

========================================================================
Received Prepare
Registering precompiled user dll's ...
Registered in 0.001339 seconds.
Begin MonoManager ReloadAssembly
Native extension for LinuxStandalone target not found
Native extension for WindowsStandalone target not found
Native extension for OSXStandalone target not found
Refreshing native plugins compatible for Editor in 0.39 ms, found 1 plugins.
Preloading 0 native plugins for Editor in 0.00 ms.
Invoked RoslynAnalysisRunner static constructor.
RoslynAnalysisRunner will not be running.
RoslynAnalysisRunner has terminated.
Mono: successfully reloaded assembly
- Completed reload, in  0.937 seconds
Platform modules already initialized, skipping
Refreshing native plugins compatible for Editor in 0.32 ms, found 1 plugins.
Preloading 0 native plugins for Editor in 0.00 ms.
Unloading 1869 Unused Serialized files (Serialized files now loaded: 0)
System memory in use before: 91.0 MB.
System memory in use after: 91.0 MB.

Unloading 12 unused Assets to reduce memory usage. Loaded Objects now: 2402.
Total: 2.010700 ms (FindLiveObjects: 0.246700 ms CreateObjectMapping: 0.112000 ms MarkObjects: 1.554700 ms  DeleteObjects: 0.095600 ms)

========================================================================
Received Prepare
Registering precompiled user dll's ...
Registered in 0.001382 seconds.
Begin MonoManager ReloadAssembly
Native extension for LinuxStandalone target not found
Native extension for WindowsStandalone target not found
Native extension for OSXStandalone target not found
Refreshing native plugins compatible for Editor in 0.33 ms, found 1 plugins.
Preloading 0 native plugins for Editor in 0.00 ms.
Invoked RoslynAnalysisRunner static constructor.
RoslynAnalysisRunner will not be running.
RoslynAnalysisRunner has terminated.
Mono: successfully reloaded assembly
- Completed reload, in  0.804 seconds
Platform modules already initialized, skipping
Refreshing native plugins compatible for Editor in 0.31 ms, found 1 plugins.
Preloading 0 native plugins for Editor in 0.00 ms.
Unloading 1869 Unused Serialized files (Serialized files now loaded: 0)
System memory in use before: 91.0 MB.
System memory in use after: 91.0 MB.

Unloading 12 unused Assets to reduce memory usage. Loaded Objects now: 2405.
Total: 2.343300 ms (FindLiveObjects: 0.264500 ms CreateObjectMapping: 0.120200 ms MarkObjects: 1.848900 ms  DeleteObjects: 0.108300 ms)

========================================================================
Received Prepare
Registering precompiled user dll's ...
Registered in 0.000940 seconds.
Begin MonoManager ReloadAssembly
Native extension for LinuxStandalone target not found
Native extension for WindowsStandalone target not found
Native extension for OSXStandalone target not found
Refreshing native plugins compatible for Editor in 0.32 ms, found 1 plugins.
Preloading 0 native plugins for Editor in 0.00 ms.
Invoked RoslynAnalysisRunner static constructor.
RoslynAnalysisRunner will not be running.
RoslynAnalysisRunner has terminated.
Mono: successfully reloaded assembly
- Completed reload, in  0.857 seconds
Platform modules already initialized, skipping
Refreshing native plugins compatible for Editor in 0.31 ms, found 1 plugins.
Preloading 0 native plugins for Editor in 0.00 ms.
Unloading 1869 Unused Serialized files (Serialized files now loaded: 0)
System memory in use before: 91.1 MB.
System memory in use after: 91.1 MB.

Unloading 12 unused Assets to reduce memory usage. Loaded Objects now: 2408.
Total: 2.314300 ms (FindLiveObjects: 0.246300 ms CreateObjectMapping: 0.119500 ms MarkObjects: 1.849400 ms  DeleteObjects: 0.097600 ms)

========================================================================
Received Prepare
Registering precompiled user dll's ...
Registered in 0.000952 seconds.
Begin MonoManager ReloadAssembly
Native extension for LinuxStandalone target not found
Native extension for WindowsStandalone target not found
Native extension for OSXStandalone target not found
Refreshing native plugins compatible for Editor in 0.51 ms, found 1 plugins.
Preloading 0 native plugins for Editor in 0.00 ms.
Invoked RoslynAnalysisRunner static constructor.
RoslynAnalysisRunner will not be running.
RoslynAnalysisRunner has terminated.
Mono: successfully reloaded assembly
- Completed reload, in  0.808 seconds
Platform modules already initialized, skipping
Refreshing native plugins compatible for Editor in 0.31 ms, found 1 plugins.
Preloading 0 native plugins for Editor in 0.00 ms.
Unloading 1869 Unused Serialized files (Serialized files now loaded: 0)
System memory in use before: 91.1 MB.
System memory in use after: 91.1 MB.

Unloading 12 unused Assets to reduce memory usage. Loaded Objects now: 2411.
Total: 2.402200 ms (FindLiveObjects: 0.185200 ms CreateObjectMapping: 0.088700 ms MarkObjects: 2.014200 ms  DeleteObjects: 0.112200 ms)

========================================================================
Received Prepare
Registering precompiled user dll's ...
Registered in 0.000898 seconds.
Begin MonoManager ReloadAssembly
Native extension for LinuxStandalone target not found
Native extension for WindowsStandalone target not found
Native extension for OSXStandalone target not found
Refreshing native plugins compatible for Editor in 0.32 ms, found 1 plugins.
Preloading 0 native plugins for Editor in 0.00 ms.
Invoked RoslynAnalysisRunner static constructor.
RoslynAnalysisRunner will not be running.
RoslynAnalysisRunner has terminated.
Mono: successfully reloaded assembly
- Completed reload, in  0.822 seconds
Platform modules already initialized, skipping
Refreshing native plugins compatible for Editor in 0.37 ms, found 1 plugins.
Preloading 0 native plugins for Editor in 0.00 ms.
Unloading 1869 Unused Serialized files (Serialized files now loaded: 0)
System memory in use before: 91.2 MB.
System memory in use after: 91.2 MB.

Unloading 12 unused Assets to reduce memory usage. Loaded Objects now: 2414.
Total: 2.350700 ms (FindLiveObjects: 0.348400 ms CreateObjectMapping: 0.113600 ms MarkObjects: 1.785300 ms  DeleteObjects: 0.102000 ms)

========================================================================
Received Prepare
Registering precompiled user dll's ...
Registered in 0.079465 seconds.
Begin MonoManager ReloadAssembly
Native extension for LinuxStandalone target not found
Native extension for WindowsStandalone target not found
Native extension for OSXStandalone target not found
Refreshing native plugins compatible for Editor in 0.35 ms, found 1 plugins.
Preloading 0 native plugins for Editor in 0.00 ms.
Invoked RoslynAnalysisRunner static constructor.
RoslynAnalysisRunner will not be running.
RoslynAnalysisRunner has terminated.
Mono: successfully reloaded assembly
- Completed reload, in  1.969 seconds
Platform modules already initialized, skipping
Refreshing native plugins compatible for Editor in 0.32 ms, found 1 plugins.
Preloading 0 native plugins for Editor in 0.00 ms.
Unloading 1869 Unused Serialized files (Serialized files now loaded: 0)
System memory in use before: 91.3 MB.
System memory in use after: 91.3 MB.

Unloading 12 unused Assets to reduce memory usage. Loaded Objects now: 2417.
Total: 32.592700 ms (FindLiveObjects: 0.333000 ms CreateObjectMapping: 0.094500 ms MarkObjects: 2.842000 ms  DeleteObjects: 29.321200 ms)

========================================================================
Received Prepare
Registering precompiled user dll's ...
Registered in 0.001822 seconds.
Begin MonoManager ReloadAssembly
Native extension for LinuxStandalone target not found
Native extension for WindowsStandalone target not found
Native extension for OSXStandalone target not found
Refreshing native plugins compatible for Editor in 0.75 ms, found 1 plugins.
Preloading 0 native plugins for Editor in 0.00 ms.
Invoked RoslynAnalysisRunner static constructor.
RoslynAnalysisRunner will not be running.
RoslynAnalysisRunner has terminated.
Mono: successfully reloaded assembly
- Completed reload, in  1.846 seconds
Platform modules already initialized, skipping
Refreshing native plugins compatible for Editor in 0.32 ms, found 1 plugins.
Preloading 0 native plugins for Editor in 0.00 ms.
Unloading 1869 Unused Serialized files (Serialized files now loaded: 0)
System memory in use before: 91.3 MB.
System memory in use after: 91.3 MB.

Unloading 12 unused Assets to reduce memory usage. Loaded Objects now: 2420.
Total: 5.174100 ms (FindLiveObjects: 0.362200 ms CreateObjectMapping: 0.164100 ms MarkObjects: 3.442200 ms  DeleteObjects: 1.202500 ms)

========================================================================
Received Prepare
Registering precompiled user dll's ...
Registered in 0.001036 seconds.
Begin MonoManager ReloadAssembly
Native extension for LinuxStandalone target not found
Native extension for WindowsStandalone target not found
Native extension for OSXStandalone target not found
Refreshing native plugins compatible for Editor in 0.44 ms, found 1 plugins.
Preloading 0 native plugins for Editor in 0.00 ms.
Invoked RoslynAnalysisRunner static constructor.
RoslynAnalysisRunner will not be running.
RoslynAnalysisRunner has terminated.
Mono: successfully reloaded assembly
- Completed reload, in  1.211 seconds
Platform modules already initialized, skipping
Refreshing native plugins compatible for Editor in 0.33 ms, found 1 plugins.
Preloading 0 native plugins for Editor in 0.00 ms.
Unloading 1869 Unused Serialized files (Serialized files now loaded: 0)
System memory in use before: 90.4 MB.
System memory in use after: 90.4 MB.

Unloading 12 unused Assets to reduce memory usage. Loaded Objects now: 2423.
Total: 2.646900 ms (FindLiveObjects: 0.172200 ms CreateObjectMapping: 0.067000 ms MarkObjects: 2.288400 ms  DeleteObjects: 0.118000 ms)

