Using pre-set license
Built from '2020.2/release' branch; Version is '2020.2.2f1 (068178b99f32) revision 426360'; Using compiler version '192528614'; Build Type 'Release'
OS: 'Windows 10 Home; OS build 18363.720; Version 1909; 64bit' Language: 'ko' Physical Memory: 11864 MB
BatchMode: 1, IsHumanControllingUs: 0, StartBugReporterOnCrash: 0, Is64bit: 1, IsPro: 0

 COMMAND LINE ARGUMENTS:
C:\Program Files\Unity\Hub\Editor\2020.2.2f1\Editor\Unity.exe
-adb2
-batchMode
-noUpm
-name
AssetImportWorker0
-projectPath
C:/Users/오호/Documents/GitHub/UnityProjects/Perlin_Noise_Map
-logFile
Logs/AssetImportWorker0.log
-srvPort
49673
Successfully changed project path to: C:/Users/오호/Documents/GitHub/UnityProjects/Perlin_Noise_Map
C:/Users/오호/Documents/GitHub/UnityProjects/Perlin_Noise_Map
Using Asset Import Pipeline V2.
Refreshing native plugins compatible for Editor in 60.33 ms, found 1 plugins.
Preloading 0 native plugins for Editor in 0.00 ms.
Initialize engine version: 2020.2.2f1 (068178b99f32)
[Subsystems] Discovering subsystems at path C:/Program Files/Unity/Hub/Editor/2020.2.2f1/Editor/Data/Resources/UnitySubsystems
[Subsystems] Discovering subsystems at path C:/Users/오호/Documents/GitHub/UnityProjects/Perlin_Noise_Map/Assets
GfxDevice: creating device client; threaded=0
Direct3D:
    Version:  Direct3D 11.0 [level 11.0]
    Renderer: NVIDIA GeForce GT 635M (ID=0xde3)
    Vendor:   
    VRAM:     1990 MB
    Driver:   23.21.13.9135
Initialize mono
Mono path[0] = 'C:/Program Files/Unity/Hub/Editor/2020.2.2f1/Editor/Data/Managed'
Mono path[1] = 'C:/Program Files/Unity/Hub/Editor/2020.2.2f1/Editor/Data/MonoBleedingEdge/lib/mono/unityjit'
Mono config path = 'C:/Program Files/Unity/Hub/Editor/2020.2.2f1/Editor/Data/MonoBleedingEdge/etc'
Using monoOptions --debugger-agent=transport=dt_socket,embedding=1,server=y,suspend=n,address=127.0.0.1:56084
Begin MonoManager ReloadAssembly
Registering precompiled unity dll's ...
Register platform support module: C:/Program Files/Unity/Hub/Editor/2020.2.2f1/Editor/Data/PlaybackEngines/WindowsStandaloneSupport/UnityEditor.WindowsStandalone.Extensions.dll
Registered in 0.001971 seconds.
Native extension for WindowsStandalone target not found
Refreshing native plugins compatible for Editor in 62.16 ms, found 1 plugins.
Preloading 0 native plugins for Editor in 0.00 ms.
Invoked RoslynAnalysisRunner static constructor.
RoslynAnalysisRunner will not be running.
RoslynAnalysisRunner has terminated.
Mono: successfully reloaded assembly
- Completed reload, in  2.791 seconds
Platform modules already initialized, skipping
Registering precompiled user dll's ...
Registered in 0.001306 seconds.
Begin MonoManager ReloadAssembly
Native extension for WindowsStandalone target not found
Refreshing native plugins compatible for Editor in 84.26 ms, found 1 plugins.
Preloading 0 native plugins for Editor in 0.00 ms.
Invoked RoslynAnalysisRunner static constructor.
RoslynAnalysisRunner will not be running.
RoslynAnalysisRunner has terminated.
Mono: successfully reloaded assembly
- Completed reload, in  1.778 seconds
Platform modules already initialized, skipping
========================================================================
Worker process is ready to serve import requests
Launched and connected shader compiler UnityShaderCompiler.exe after 0.09 seconds
Refreshing native plugins compatible for Editor in 0.45 ms, found 1 plugins.
Preloading 0 native plugins for Editor in 0.00 ms.
Unloading 1792 Unused Serialized files (Serialized files now loaded: 0)
System memory in use before: 84.2 MB.
System memory in use after: 84.1 MB.

Unloading 24 unused Assets to reduce memory usage. Loaded Objects now: 2233.
Total: 4.528600 ms (FindLiveObjects: 0.455500 ms CreateObjectMapping: 0.151000 ms MarkObjects: 3.667700 ms  DeleteObjects: 0.251100 ms)

========================================================================
Received Import Request.
  path: Assets/TileIm
  artifactKey: Guid(2839a44e2e99d114e979754a3f9f7952) Importer(815301076,1909f56bfc062723c751e8b465ee728b)
Start importing Assets/TileIm using Guid(2839a44e2e99d114e979754a3f9f7952) Importer(815301076,1909f56bfc062723c751e8b465ee728b)  -> (artifact id: '7f0d630ca9fd744a4aa33cca4db2aa18') in 0.018651 seconds
  Import took 0.025978 seconds .

========================================================================
Received Import Request.
  Time since last request: 8.229257 seconds.
  path: Assets/TileImg
  artifactKey: Guid(2839a44e2e99d114e979754a3f9f7952) Importer(815301076,1909f56bfc062723c751e8b465ee728b)
Start importing Assets/TileImg using Guid(2839a44e2e99d114e979754a3f9f7952) Importer(815301076,1909f56bfc062723c751e8b465ee728b)  -> (artifact id: 'f85278be5e700ae4fb9771992e359815') in 0.008968 seconds
  Import took 0.015185 seconds .

========================================================================
Received Import Request.
  Time since last request: 6.722776 seconds.
  path: Assets/TileImg/forest.png
  artifactKey: Guid(4b250afa81c9c4b4b8ca6ca874f169e7) Importer(815301076,1909f56bfc062723c751e8b465ee728b)
Start importing Assets/TileImg/forest.png using Guid(4b250afa81c9c4b4b8ca6ca874f169e7) Importer(815301076,1909f56bfc062723c751e8b465ee728b)  -> (artifact id: 'b3df909a5552b7feaac8c2bd307db7a5') in 0.304279 seconds
  Import took 0.310638 seconds .

========================================================================
Received Import Request.
  Time since last request: 0.000269 seconds.
  path: Assets/TileImg/plain.png
  artifactKey: Guid(ee5afc01fa44ac7498042e5bbeae48c0) Importer(815301076,1909f56bfc062723c751e8b465ee728b)
Start importing Assets/TileImg/plain.png using Guid(ee5afc01fa44ac7498042e5bbeae48c0) Importer(815301076,1909f56bfc062723c751e8b465ee728b)  -> (artifact id: '40873513f333bade42f07e637c427cc1') in 0.027544 seconds
  Import took 0.032785 seconds .

========================================================================
Received Import Request.
  Time since last request: 0.000676 seconds.
  path: Assets/TileImg/water.png
  artifactKey: Guid(710a993bbb5601340bd962090938beb8) Importer(815301076,1909f56bfc062723c751e8b465ee728b)
Start importing Assets/TileImg/water.png using Guid(710a993bbb5601340bd962090938beb8) Importer(815301076,1909f56bfc062723c751e8b465ee728b)  -> (artifact id: '5df9762c08e35acfa1e9f23768e05fd8') in 0.032742 seconds
  Import took 0.038439 seconds .

========================================================================
Received Import Request.
  Time since last request: 0.000261 seconds.
  path: Assets/TileImg/sand.png
  artifactKey: Guid(57f96617baa017743b6ceb132c96e681) Importer(815301076,1909f56bfc062723c751e8b465ee728b)
Start importing Assets/TileImg/sand.png using Guid(57f96617baa017743b6ceb132c96e681) Importer(815301076,1909f56bfc062723c751e8b465ee728b)  -> (artifact id: '8ab530401c80ae63e6eda5140fa29818') in 0.030785 seconds
  Import took 0.036650 seconds .

========================================================================
Received Import Request.
  Time since last request: 18.333478 seconds.
  path: Assets/TileImg/forest.png
  artifactKey: Guid(4b250afa81c9c4b4b8ca6ca874f169e7) Importer(815301076,1909f56bfc062723c751e8b465ee728b)
Start importing Assets/TileImg/forest.png using Guid(4b250afa81c9c4b4b8ca6ca874f169e7) Importer(815301076,1909f56bfc062723c751e8b465ee728b)  -> (artifact id: '4d7d2d13c4112f24a420c82b5e353d10') in 0.017011 seconds
  Import took 0.024201 seconds .

========================================================================
Received Import Request.
  Time since last request: 0.000293 seconds.
  path: Assets/TileImg/plain.png
  artifactKey: Guid(ee5afc01fa44ac7498042e5bbeae48c0) Importer(815301076,1909f56bfc062723c751e8b465ee728b)
Start importing Assets/TileImg/plain.png using Guid(ee5afc01fa44ac7498042e5bbeae48c0) Importer(815301076,1909f56bfc062723c751e8b465ee728b)  -> (artifact id: '4430d8c8335bcd1f5b97613e997cb606') in 0.014176 seconds
  Import took 0.020285 seconds .

========================================================================
Received Import Request.
  Time since last request: 0.000357 seconds.
  path: Assets/TileImg/water.png
  artifactKey: Guid(710a993bbb5601340bd962090938beb8) Importer(815301076,1909f56bfc062723c751e8b465ee728b)
Start importing Assets/TileImg/water.png using Guid(710a993bbb5601340bd962090938beb8) Importer(815301076,1909f56bfc062723c751e8b465ee728b)  -> (artifact id: '17b8beb2f2108c134cbfd7d8d607f2b0') in 0.018256 seconds
  Import took 0.024516 seconds .

========================================================================
Received Import Request.
  Time since last request: 0.000278 seconds.
  path: Assets/TileImg/sand.png
  artifactKey: Guid(57f96617baa017743b6ceb132c96e681) Importer(815301076,1909f56bfc062723c751e8b465ee728b)
Start importing Assets/TileImg/sand.png using Guid(57f96617baa017743b6ceb132c96e681) Importer(815301076,1909f56bfc062723c751e8b465ee728b)  -> (artifact id: '18e502e7fe34a5b55e95f9ce2e0cc252') in 0.020384 seconds
  Import took 0.027797 seconds .

========================================================================
Received Import Request.
  Time since last request: 38.045844 seconds.
  path: Assets/Tile/plain.prefab
  artifactKey: Guid(323e2400bb110054ba8d5a457d424be7) Importer(815301076,1909f56bfc062723c751e8b465ee728b)
Start importing Assets/Tile/plain.prefab using Guid(323e2400bb110054ba8d5a457d424be7) Importer(815301076,1909f56bfc062723c751e8b465ee728b)  -> (artifact id: 'ff86b545e80dbbaa0aed2221df69273d') in 0.083501 seconds
  Import took 0.088932 seconds .

========================================================================
Received Import Request.
  Time since last request: 0.752795 seconds.
  path: Assets/Tile/forest.prefab
  artifactKey: Guid(b6cf51616edc2fd43a24456bb414c66d) Importer(815301076,1909f56bfc062723c751e8b465ee728b)
Start importing Assets/Tile/forest.prefab using Guid(b6cf51616edc2fd43a24456bb414c66d) Importer(815301076,1909f56bfc062723c751e8b465ee728b)  -> (artifact id: 'addff97723a6fa8a1131d974f8aa9562') in 0.029506 seconds
  Import took 0.037582 seconds .

========================================================================
Received Import Request.
  Time since last request: 0.869030 seconds.
  path: Assets/Tile/sand.prefab
  artifactKey: Guid(34e20475582906d448b871820dcc0d61) Importer(815301076,1909f56bfc062723c751e8b465ee728b)
Start importing Assets/Tile/sand.prefab using Guid(34e20475582906d448b871820dcc0d61) Importer(815301076,1909f56bfc062723c751e8b465ee728b)  -> (artifact id: '55878ddb83aa04e33e19761ecddbb2d1') in 0.023207 seconds
  Import took 0.029042 seconds .

========================================================================
Received Import Request.
  Time since last request: 0.994723 seconds.
  path: Assets/Tile/water.prefab
  artifactKey: Guid(ba2c4ddcca5a0a340895362d2610a7da) Importer(815301076,1909f56bfc062723c751e8b465ee728b)
Start importing Assets/Tile/water.prefab using Guid(ba2c4ddcca5a0a340895362d2610a7da) Importer(815301076,1909f56bfc062723c751e8b465ee728b)  -> (artifact id: 'c661a620a680326ed59422d54b209cfe') in 0.025375 seconds
  Import took 0.033856 seconds .

========================================================================
Received Import Request.
  Time since last request: 53.180749 seconds.
  path: Assets/Prefabs
  artifactKey: Guid(1f3bc0723f7dae347bbbe283af522cd9) Importer(815301076,1909f56bfc062723c751e8b465ee728b)
Start importing Assets/Prefabs using Guid(1f3bc0723f7dae347bbbe283af522cd9) Importer(815301076,1909f56bfc062723c751e8b465ee728b)  -> (artifact id: 'c953b9dcf6a48106464eb41e3dfc0655') in 0.014174 seconds
  Import took 0.019860 seconds .

========================================================================
Received Import Request.
  Time since last request: 0.847630 seconds.
  path: Assets/Tile
  artifactKey: Guid(2839a44e2e99d114e979754a3f9f7952) Importer(815301076,1909f56bfc062723c751e8b465ee728b)
Start importing Assets/Tile using Guid(2839a44e2e99d114e979754a3f9f7952) Importer(815301076,1909f56bfc062723c751e8b465ee728b)  -> (artifact id: '323ce57c6a37393fa1aa1d8456707bfb') in 0.012612 seconds
  Import took 0.018631 seconds .

========================================================================
Received Import Request.
  Time since last request: 2.648306 seconds.
  path: Assets/TileImgs
  artifactKey: Guid(2839a44e2e99d114e979754a3f9f7952) Importer(815301076,1909f56bfc062723c751e8b465ee728b)
Start importing Assets/TileImgs using Guid(2839a44e2e99d114e979754a3f9f7952) Importer(815301076,1909f56bfc062723c751e8b465ee728b)  -> (artifact id: '1777a58ba094438b5fea74e9ffa614fd') in 0.011288 seconds
  Import took 0.016330 seconds .

========================================================================
Received Import Request.
  Time since last request: 16.072868 seconds.
  path: Assets/PerlinNoise_Map.cs
  artifactKey: Guid(d79e6b979e0347b43841e81a7401f7ad) Importer(815301076,1909f56bfc062723c751e8b465ee728b)
Start importing Assets/PerlinNoise_Map.cs using Guid(d79e6b979e0347b43841e81a7401f7ad) Importer(815301076,1909f56bfc062723c751e8b465ee728b)  -> (artifact id: '438a23db38ed75fba139eb0ca1264314') in 0.021018 seconds
  Import took 0.028296 seconds .

========================================================================
Received Prepare
Registering precompiled user dll's ...
Registered in 0.002489 seconds.
Begin MonoManager ReloadAssembly
Native extension for WindowsStandalone target not found
Refreshing native plugins compatible for Editor in 0.48 ms, found 1 plugins.
Preloading 0 native plugins for Editor in 0.00 ms.
Invoked RoslynAnalysisRunner static constructor.
RoslynAnalysisRunner will not be running.
RoslynAnalysisRunner has terminated.
Mono: successfully reloaded assembly
- Completed reload, in  2.075 seconds
Platform modules already initialized, skipping
Refreshing native plugins compatible for Editor in 0.47 ms, found 1 plugins.
Preloading 0 native plugins for Editor in 0.00 ms.
Unloading 1788 Unused Serialized files (Serialized files now loaded: 0)
System memory in use before: 87.3 MB.
System memory in use after: 87.3 MB.

Unloading 12 unused Assets to reduce memory usage. Loaded Objects now: 2247.
Total: 2.673000 ms (FindLiveObjects: 0.328900 ms CreateObjectMapping: 0.088500 ms MarkObjects: 2.108300 ms  DeleteObjects: 0.145000 ms)

========================================================================
Received Import Request.
  Time since last request: 37.488132 seconds.
  path: Assets/Scripts
  artifactKey: Guid(bf97a4ec950d4e0488633f001b659ebe) Importer(815301076,1909f56bfc062723c751e8b465ee728b)
Start importing Assets/Scripts using Guid(bf97a4ec950d4e0488633f001b659ebe) Importer(815301076,1909f56bfc062723c751e8b465ee728b)  -> (artifact id: '37349d94cd11a5fe38b24ddbc0879568') in 0.017961 seconds
  Import took 0.023587 seconds .

========================================================================
Received Import Request.
  Time since last request: 0.006234 seconds.
  path: Assets/Scripts
  artifactKey: Guid(bf97a4ec950d4e0488633f001b659ebe) Importer(815301076,1909f56bfc062723c751e8b465ee728b)
Start importing Assets/Scripts using Guid(bf97a4ec950d4e0488633f001b659ebe) Importer(815301076,1909f56bfc062723c751e8b465ee728b)  -> (artifact id: '37349d94cd11a5fe38b24ddbc0879568') in 0.004316 seconds
  Import took 0.010331 seconds .

========================================================================
Received Prepare
Registering precompiled user dll's ...
Registered in 0.001195 seconds.
Begin MonoManager ReloadAssembly
Native extension for WindowsStandalone target not found
Refreshing native plugins compatible for Editor in 0.71 ms, found 1 plugins.
Preloading 0 native plugins for Editor in 0.00 ms.
Invoked RoslynAnalysisRunner static constructor.
RoslynAnalysisRunner will not be running.
RoslynAnalysisRunner has terminated.
Mono: successfully reloaded assembly
- Completed reload, in  1.733 seconds
Platform modules already initialized, skipping
Refreshing native plugins compatible for Editor in 0.48 ms, found 1 plugins.
Preloading 0 native plugins for Editor in 0.00 ms.
Unloading 1788 Unused Serialized files (Serialized files now loaded: 0)
System memory in use before: 87.4 MB.
System memory in use after: 87.4 MB.

Unloading 12 unused Assets to reduce memory usage. Loaded Objects now: 2250.
Total: 3.524500 ms (FindLiveObjects: 0.319700 ms CreateObjectMapping: 0.088200 ms MarkObjects: 2.894700 ms  DeleteObjects: 0.218500 ms)

========================================================================
Received Prepare
Registering precompiled user dll's ...
Registered in 0.001210 seconds.
Begin MonoManager ReloadAssembly
Native extension for WindowsStandalone target not found
Refreshing native plugins compatible for Editor in 0.55 ms, found 1 plugins.
Preloading 0 native plugins for Editor in 0.00 ms.
Invoked RoslynAnalysisRunner static constructor.
RoslynAnalysisRunner will not be running.
RoslynAnalysisRunner has terminated.
Mono: successfully reloaded assembly
- Completed reload, in  1.473 seconds
Platform modules already initialized, skipping
Refreshing native plugins compatible for Editor in 0.69 ms, found 1 plugins.
Preloading 0 native plugins for Editor in 0.00 ms.
Unloading 1803 Unused Serialized files (Serialized files now loaded: 0)
System memory in use before: 87.9 MB.
System memory in use after: 87.9 MB.

Unloading 12 unused Assets to reduce memory usage. Loaded Objects now: 2268.
Total: 3.632100 ms (FindLiveObjects: 0.319000 ms CreateObjectMapping: 0.269800 ms MarkObjects: 2.887100 ms  DeleteObjects: 0.153600 ms)

AssetImportWorkerClient::OnTransportError - code=2 error=End of file
