Using pre-set license
Built from '2020.2/release' branch; Version is '2020.2.2f1 (068178b99f32) revision 426360'; Using compiler version '192528614'; Build Type 'Release'
OS: 'Windows 10 Pro; OS build 18363.1440; Version 1909; 64bit' Language: 'ko' Physical Memory: 16232 MB
BatchMode: 1, IsHumanControllingUs: 0, StartBugReporterOnCrash: 0, Is64bit: 1, IsPro: 0

 COMMAND LINE ARGUMENTS:
C:\Program Files\Unity\Hub\Editor\2020.2.2f1\Editor\Unity.exe
-adb2
-batchMode
-noUpm
-name
AssetImportWorker2
-projectPath
C:/Users/mingu/Documents/GitHub/UnityProjects/unitychan_Move
-logFile
Logs/AssetImportWorker2.log
-srvPort
1994
Successfully changed project path to: C:/Users/mingu/Documents/GitHub/UnityProjects/unitychan_Move
C:/Users/mingu/Documents/GitHub/UnityProjects/unitychan_Move
Using Asset Import Pipeline V2.
Refreshing native plugins compatible for Editor in 29.72 ms, found 0 plugins.
Preloading 0 native plugins for Editor in 0.00 ms.
Initialize engine version: 2020.2.2f1 (068178b99f32)
[Subsystems] Discovering subsystems at path C:/Program Files/Unity/Hub/Editor/2020.2.2f1/Editor/Data/Resources/UnitySubsystems
[Subsystems] Discovering subsystems at path C:/Users/mingu/Documents/GitHub/UnityProjects/unitychan_Move/Assets
GfxDevice: creating device client; threaded=0
Direct3D:
    Version:  Direct3D 11.0 [level 11.1]
    Renderer: NVIDIA GeForce GTX 1060 (ID=0x1c20)
    Vendor:   
    VRAM:     6052 MB
    Driver:   27.21.14.5167
Initialize mono
Mono path[0] = 'C:/Program Files/Unity/Hub/Editor/2020.2.2f1/Editor/Data/Managed'
Mono path[1] = 'C:/Program Files/Unity/Hub/Editor/2020.2.2f1/Editor/Data/MonoBleedingEdge/lib/mono/unityjit'
Mono config path = 'C:/Program Files/Unity/Hub/Editor/2020.2.2f1/Editor/Data/MonoBleedingEdge/etc'
Using monoOptions --debugger-agent=transport=dt_socket,embedding=1,server=y,suspend=n,address=127.0.0.1:56640
Begin MonoManager ReloadAssembly
Registering precompiled unity dll's ...
Register platform support module: C:/Program Files/Unity/Hub/Editor/2020.2.2f1/Editor/Data/PlaybackEngines/WebGLSupport/UnityEditor.WebGL.Extensions.dll
Register platform support module: C:/Program Files/Unity/Hub/Editor/2020.2.2f1/Editor/Data/PlaybackEngines/WindowsStandaloneSupport/UnityEditor.WindowsStandalone.Extensions.dll
Registered in 0.002227 seconds.
Native extension for WindowsStandalone target not found
Native extension for WebGL target not found
Refreshing native plugins compatible for Editor in 29.70 ms, found 0 plugins.
Preloading 0 native plugins for Editor in 0.00 ms.
Invoked RoslynAnalysisRunner static constructor.
RoslynAnalysisRunner will not be running.
RoslynAnalysisRunner has terminated.
Mono: successfully reloaded assembly
- Completed reload, in  2.898 seconds
Platform modules already initialized, skipping
Registering precompiled user dll's ...
Registered in 0.000762 seconds.
Begin MonoManager ReloadAssembly
Native extension for WindowsStandalone target not found
Native extension for WebGL target not found
Refreshing native plugins compatible for Editor in 0.22 ms, found 0 plugins.
Preloading 0 native plugins for Editor in 0.00 ms.
Invoked RoslynAnalysisRunner static constructor.
RoslynAnalysisRunner will not be running.
RoslynAnalysisRunner has terminated.
Mono: successfully reloaded assembly
- Completed reload, in  0.833 seconds
Platform modules already initialized, skipping
========================================================================
Worker process is ready to serve import requests
Launched and connected shader compiler UnityShaderCompiler.exe after 0.07 seconds
Refreshing native plugins compatible for Editor in 0.27 ms, found 0 plugins.
Preloading 0 native plugins for Editor in 0.00 ms.
Unloading 1320 Unused Serialized files (Serialized files now loaded: 0)
System memory in use before: 95.8 MB.
System memory in use after: 85.9 MB.

Unloading 69 unused Assets to reduce memory usage. Loaded Objects now: 1705.
Total: 10.338100 ms (FindLiveObjects: 0.149600 ms CreateObjectMapping: 0.047200 ms MarkObjects: 1.506800 ms  DeleteObjects: 8.633600 ms)

========================================================================
Received Import Request.
  path: Assets/UnityChan/SD_Toko_chanz/Toko/Models/Materials/Toko_bodyW.mat
  artifactKey: Guid(945bd856b26738a418edd0099be3700c) Importer(815301076,1909f56bfc062723c751e8b465ee728b)
Start importing Assets/UnityChan/SD_Toko_chanz/Toko/Models/Materials/Toko_bodyW.mat using Guid(945bd856b26738a418edd0099be3700c) Importer(815301076,1909f56bfc062723c751e8b465ee728b)  -> (artifact id: 'afcea9a00b2635705d42fc1d46efb99d') in 0.475945 seconds
  Import took 0.480035 seconds .

========================================================================
Received Import Request.
  Time since last request: 0.000324 seconds.
  path: Assets/UnityChan/SD_Toko_chanz/Toko/Models/Materials/Toko_bodyS.mat
  artifactKey: Guid(e1e8c0c62dbbc3c4a90ef2b1da74403b) Importer(815301076,1909f56bfc062723c751e8b465ee728b)
Start importing Assets/UnityChan/SD_Toko_chanz/Toko/Models/Materials/Toko_bodyS.mat using Guid(e1e8c0c62dbbc3c4a90ef2b1da74403b) Importer(815301076,1909f56bfc062723c751e8b465ee728b)  -> (artifact id: '2d70308a338d251938b2a65fdf6df5f6') in 0.041847 seconds
  Import took 0.043893 seconds .

========================================================================
Received Import Request.
  Time since last request: 0.000198 seconds.
  path: Assets/UnityChan/SD_Toko_chanz/Toko/Models/Materials/Toko_hair.mat
  artifactKey: Guid(4d62f95853ee44c4bb9a60a9dd255356) Importer(815301076,1909f56bfc062723c751e8b465ee728b)
Start importing Assets/UnityChan/SD_Toko_chanz/Toko/Models/Materials/Toko_hair.mat using Guid(4d62f95853ee44c4bb9a60a9dd255356) Importer(815301076,1909f56bfc062723c751e8b465ee728b)  -> (artifact id: '5d4d3595069b7f22a8cb318a68469488') in 0.077736 seconds
  Import took 0.080275 seconds .

========================================================================
Received Import Request.
  Time since last request: 0.000215 seconds.
  path: Assets/UnityChan/SD_Toko_chanz/Toko/Models/Materials/Toko_bodyS.mat
  artifactKey: Guid(e1e8c0c62dbbc3c4a90ef2b1da74403b) Importer(815301076,1909f56bfc062723c751e8b465ee728b)
Start importing Assets/UnityChan/SD_Toko_chanz/Toko/Models/Materials/Toko_bodyS.mat using Guid(e1e8c0c62dbbc3c4a90ef2b1da74403b) Importer(815301076,1909f56bfc062723c751e8b465ee728b)  -> (artifact id: '2d70308a338d251938b2a65fdf6df5f6') in 0.016995 seconds
  Import took 0.019066 seconds .

========================================================================
Received Import Request.
  Time since last request: 0.000214 seconds.
  path: Assets/UnityChan/SD_Toko_chanz/Toko/Models/Materials/Toko_face.mat
  artifactKey: Guid(6c5d6cc55b24c8b4f8e62f32c1e4d186) Importer(815301076,1909f56bfc062723c751e8b465ee728b)
Start importing Assets/UnityChan/SD_Toko_chanz/Toko/Models/Materials/Toko_face.mat using Guid(6c5d6cc55b24c8b4f8e62f32c1e4d186) Importer(815301076,1909f56bfc062723c751e8b465ee728b)  -> (artifact id: '400ca1ec8709a4ce89461a7e27c7e9ba') in 0.068141 seconds
  Import took 0.071644 seconds .

========================================================================
Received Import Request.
  Time since last request: 3.156398 seconds.
  path: Assets/Animator/Player.controller
  artifactKey: Guid(33626f997d9106749833028fe38017e4) Importer(815301076,1909f56bfc062723c751e8b465ee728b)
Start importing Assets/Animator/Player.controller using Guid(33626f997d9106749833028fe38017e4) Importer(815301076,1909f56bfc062723c751e8b465ee728b)  -> (artifact id: 'a5039f7ae80206fd180ad1700c76b6e3') in 0.044840 seconds
  Import took 0.048126 seconds .

========================================================================
Received Prepare
Registering precompiled user dll's ...
Registered in 0.002071 seconds.
Begin MonoManager ReloadAssembly
Native extension for WindowsStandalone target not found
Native extension for WebGL target not found
Refreshing native plugins compatible for Editor in 0.46 ms, found 0 plugins.
Preloading 0 native plugins for Editor in 0.00 ms.
Invoked RoslynAnalysisRunner static constructor.
RoslynAnalysisRunner will not be running.
RoslynAnalysisRunner has terminated.
Mono: successfully reloaded assembly
- Completed reload, in  5.010 seconds
Platform modules already initialized, skipping
Refreshing native plugins compatible for Editor in 0.51 ms, found 0 plugins.
Preloading 0 native plugins for Editor in 0.00 ms.
Unloading 1264 Unused Serialized files (Serialized files now loaded: 0)
System memory in use before: 95.8 MB.
System memory in use after: 86.0 MB.

Unloading 64 unused Assets to reduce memory usage. Loaded Objects now: 1747.
Total: 32.192500 ms (FindLiveObjects: 0.282800 ms CreateObjectMapping: 0.095100 ms MarkObjects: 3.851000 ms  DeleteObjects: 27.961300 ms)

========================================================================
Received Prepare
Registering precompiled user dll's ...
Registered in 0.000786 seconds.
Begin MonoManager ReloadAssembly
Native extension for WindowsStandalone target not found
Native extension for WebGL target not found
Refreshing native plugins compatible for Editor in 0.25 ms, found 0 plugins.
Preloading 0 native plugins for Editor in 0.00 ms.
Invoked RoslynAnalysisRunner static constructor.
RoslynAnalysisRunner will not be running.
RoslynAnalysisRunner has terminated.
Mono: successfully reloaded assembly
- Completed reload, in  0.911 seconds
Platform modules already initialized, skipping
Refreshing native plugins compatible for Editor in 0.41 ms, found 0 plugins.
Preloading 0 native plugins for Editor in 0.00 ms.
Unloading 1264 Unused Serialized files (Serialized files now loaded: 0)
System memory in use before: 95.9 MB.
System memory in use after: 86.0 MB.

Unloading 64 unused Assets to reduce memory usage. Loaded Objects now: 1749.
Total: 16.150700 ms (FindLiveObjects: 0.287700 ms CreateObjectMapping: 0.089200 ms MarkObjects: 1.949000 ms  DeleteObjects: 13.823400 ms)

========================================================================
Received Prepare
Registering precompiled user dll's ...
Registered in 0.000962 seconds.
Begin MonoManager ReloadAssembly
Native extension for WindowsStandalone target not found
Native extension for WebGL target not found
Refreshing native plugins compatible for Editor in 0.26 ms, found 0 plugins.
Preloading 0 native plugins for Editor in 0.00 ms.
Invoked RoslynAnalysisRunner static constructor.
RoslynAnalysisRunner will not be running.
RoslynAnalysisRunner has terminated.
Mono: successfully reloaded assembly
- Completed reload, in  0.723 seconds
Platform modules already initialized, skipping
Refreshing native plugins compatible for Editor in 0.22 ms, found 0 plugins.
Preloading 0 native plugins for Editor in 0.00 ms.
Unloading 1264 Unused Serialized files (Serialized files now loaded: 0)
System memory in use before: 95.9 MB.
System memory in use after: 86.0 MB.

Unloading 64 unused Assets to reduce memory usage. Loaded Objects now: 1751.
Total: 11.381700 ms (FindLiveObjects: 0.193800 ms CreateObjectMapping: 0.062800 ms MarkObjects: 1.631100 ms  DeleteObjects: 9.492600 ms)

========================================================================
Received Import Request.
  Time since last request: 43789.910623 seconds.
  path: Assets/Meshtint Free Tile Map Mega Toon Series/FBX/Bridge 01.FBX
  artifactKey: Guid(e5261c64b0b362240b00537d11bc82be) Importer(815301076,1909f56bfc062723c751e8b465ee728b)
Start importing Assets/Meshtint Free Tile Map Mega Toon Series/FBX/Bridge 01.FBX using Guid(e5261c64b0b362240b00537d11bc82be) Importer(815301076,1909f56bfc062723c751e8b465ee728b)  -> (artifact id: 'dbd19cec175b80771554bcdec9beac4d') in 0.470483 seconds
  Import took 0.473298 seconds .

========================================================================
Received Import Request.
  Time since last request: 0.000210 seconds.
  path: Assets/Meshtint Free Tile Map Mega Toon Series/FBX/Waypoint FX.FBX
  artifactKey: Guid(07e7624b5f70158418996853d19b00ba) Importer(815301076,1909f56bfc062723c751e8b465ee728b)
Start importing Assets/Meshtint Free Tile Map Mega Toon Series/FBX/Waypoint FX.FBX using Guid(07e7624b5f70158418996853d19b00ba) Importer(815301076,1909f56bfc062723c751e8b465ee728b)  -> (artifact id: '77bb9dd3b22154f2da78f93e7f28345b') in 0.031865 seconds
  Import took 0.034971 seconds .

========================================================================
Received Import Request.
  Time since last request: 0.000259 seconds.
  path: Assets/Meshtint Free Tile Map Mega Toon Series/FBX/Button Platform 01.FBX
  artifactKey: Guid(f7c7946de8294fa4887750e212a001a3) Importer(815301076,1909f56bfc062723c751e8b465ee728b)
Start importing Assets/Meshtint Free Tile Map Mega Toon Series/FBX/Button Platform 01.FBX using Guid(f7c7946de8294fa4887750e212a001a3) Importer(815301076,1909f56bfc062723c751e8b465ee728b)  -> (artifact id: '3033f4ef4e8b90c4aed7fbeb2edb3471') in 0.053933 seconds
  Import took 0.057421 seconds .

========================================================================
Received Import Request.
  Time since last request: 0.000305 seconds.
  path: Assets/Meshtint Free Tile Map Mega Toon Series/FBX/Waypoint 01.FBX
  artifactKey: Guid(792e22b4acf03b74db5f620ccdef7539) Importer(815301076,1909f56bfc062723c751e8b465ee728b)
Start importing Assets/Meshtint Free Tile Map Mega Toon Series/FBX/Waypoint 01.FBX using Guid(792e22b4acf03b74db5f620ccdef7539) Importer(815301076,1909f56bfc062723c751e8b465ee728b)  -> (artifact id: 'e3a4f274a8caf1cc37c07ce5b528a740') in 0.020015 seconds
  Import took 0.023371 seconds .

========================================================================
Received Import Request.
  Time since last request: 0.000311 seconds.
  path: Assets/Meshtint Free Tile Map Mega Toon Series/FBX/Grass 01.FBX
  artifactKey: Guid(c2cf9f73c2c052c47baf679fa7478662) Importer(815301076,1909f56bfc062723c751e8b465ee728b)
Start importing Assets/Meshtint Free Tile Map Mega Toon Series/FBX/Grass 01.FBX using Guid(c2cf9f73c2c052c47baf679fa7478662) Importer(815301076,1909f56bfc062723c751e8b465ee728b)  -> (artifact id: 'ba0ea2efad2d4b81eb2551f8d8c02da2') in 0.028503 seconds
  Import took 0.032042 seconds .

========================================================================
Received Import Request.
  Time since last request: 0.000473 seconds.
  path: Assets/Meshtint Free Tile Map Mega Toon Series/FBX/Water 01.FBX
  artifactKey: Guid(d8be467a57b68b14583adbf3902c07d4) Importer(815301076,1909f56bfc062723c751e8b465ee728b)
Start importing Assets/Meshtint Free Tile Map Mega Toon Series/FBX/Water 01.FBX using Guid(d8be467a57b68b14583adbf3902c07d4) Importer(815301076,1909f56bfc062723c751e8b465ee728b)  -> (artifact id: '667649c0b9c0e0f97f4fc1b3bc44ba2b') in 0.022611 seconds
  Import took 0.026515 seconds .

========================================================================
Received Import Request.
  Time since last request: 0.000284 seconds.
  path: Assets/Meshtint Free Tile Map Mega Toon Series/FBX/Trap 01.FBX
  artifactKey: Guid(833b6754a6aae0d4eb62ce233eae01c2) Importer(815301076,1909f56bfc062723c751e8b465ee728b)
Start importing Assets/Meshtint Free Tile Map Mega Toon Series/FBX/Trap 01.FBX using Guid(833b6754a6aae0d4eb62ce233eae01c2) Importer(815301076,1909f56bfc062723c751e8b465ee728b)  -> (artifact id: '7133a8c59706baa7acb2f5b4a4e8d99b') in 0.021496 seconds
  Import took 0.024019 seconds .

========================================================================
Received Import Request.
  Time since last request: 0.985227 seconds.
  path: Assets/Meshtint Free Tile Map Mega Toon Series/Materials/Button Blue 1.mat
  artifactKey: Guid(d039561a0d242784196a9f282d2d2c08) Importer(815301076,1909f56bfc062723c751e8b465ee728b)
Start importing Assets/Meshtint Free Tile Map Mega Toon Series/Materials/Button Blue 1.mat using Guid(d039561a0d242784196a9f282d2d2c08) Importer(815301076,1909f56bfc062723c751e8b465ee728b)  -> (artifact id: '71f99bd4569aeff7cf0ed4b544bcf9a7') in 0.009564 seconds
  Import took 0.019937 seconds .

========================================================================
Received Import Request.
  Time since last request: 0.000356 seconds.
  path: Assets/Meshtint Free Tile Map Mega Toon Series/Materials/Waypoint.mat
  artifactKey: Guid(92e53f10fc59cb84fa5a5c3696a57041) Importer(815301076,1909f56bfc062723c751e8b465ee728b)
Start importing Assets/Meshtint Free Tile Map Mega Toon Series/Materials/Waypoint.mat using Guid(92e53f10fc59cb84fa5a5c3696a57041) Importer(815301076,1909f56bfc062723c751e8b465ee728b)  -> (artifact id: 'a1b8158ba1f77217126f5de98c6b2349') in 0.047387 seconds
  Import took 0.050915 seconds .

========================================================================
Received Import Request.
  Time since last request: 0.000313 seconds.
  path: Assets/Meshtint Free Tile Map Mega Toon Series/Materials/Button Blue.mat
  artifactKey: Guid(11f4cd7516661214090022c23b90b537) Importer(815301076,1909f56bfc062723c751e8b465ee728b)
Start importing Assets/Meshtint Free Tile Map Mega Toon Series/Materials/Button Blue.mat using Guid(11f4cd7516661214090022c23b90b537) Importer(815301076,1909f56bfc062723c751e8b465ee728b)  -> (artifact id: '8db84ccbd14817bc4ff19de7cc0f7478') in 0.009283 seconds
  Import took 0.012255 seconds .

========================================================================
Received Import Request.
  Time since last request: 0.000304 seconds.
  path: Assets/Meshtint Free Tile Map Mega Toon Series/Materials/Mega Toon Tilemap 01.mat
  artifactKey: Guid(e11820def211aac499d1bcf50c3e3f8a) Importer(815301076,1909f56bfc062723c751e8b465ee728b)
Start importing Assets/Meshtint Free Tile Map Mega Toon Series/Materials/Mega Toon Tilemap 01.mat using Guid(e11820def211aac499d1bcf50c3e3f8a) Importer(815301076,1909f56bfc062723c751e8b465ee728b)  -> (artifact id: '1e921786f3a5f008511d30e62d56c13f') in 0.009843 seconds
  Import took 0.012363 seconds .

========================================================================
Received Import Request.
  Time since last request: 0.000306 seconds.
  path: Assets/Meshtint Free Tile Map Mega Toon Series/Materials/FX Star.mat
  artifactKey: Guid(3841fc494b23b3f42adf71e7d6beaf94) Importer(815301076,1909f56bfc062723c751e8b465ee728b)
Start importing Assets/Meshtint Free Tile Map Mega Toon Series/Materials/FX Star.mat using Guid(3841fc494b23b3f42adf71e7d6beaf94) Importer(815301076,1909f56bfc062723c751e8b465ee728b)  -> (artifact id: '48be2d607c94c971316c3b5263ef6716') in 0.011056 seconds
  Import took 0.013070 seconds .

========================================================================
Received Import Request.
  Time since last request: 0.336192 seconds.
  path: Assets/Meshtint Free Tile Map Mega Toon Series/PPP/Tilemap.asset
  artifactKey: Guid(cf59433d9d34f8d4482821c7ad925647) Importer(815301076,1909f56bfc062723c751e8b465ee728b)
Start importing Assets/Meshtint Free Tile Map Mega Toon Series/PPP/Tilemap.asset using Guid(cf59433d9d34f8d4482821c7ad925647) Importer(815301076,1909f56bfc062723c751e8b465ee728b)  -> (artifact id: '27b098d3361559f76a98a1a9c3508548') in 0.008852 seconds
  Import took 0.010863 seconds .

========================================================================
Received Import Request.
  Time since last request: 0.253938 seconds.
  path: Assets/Meshtint Free Tile Map Mega Toon Series/Prefabs/Bridge 01.prefab
  artifactKey: Guid(41b018f12ce178147b4607881dbcdcea) Importer(815301076,1909f56bfc062723c751e8b465ee728b)
Start importing Assets/Meshtint Free Tile Map Mega Toon Series/Prefabs/Bridge 01.prefab using Guid(41b018f12ce178147b4607881dbcdcea) Importer(815301076,1909f56bfc062723c751e8b465ee728b)  -> (artifact id: '6396852fa903f39bfdd15cedfe64e7bd') in 0.012872 seconds
  Import took 0.022376 seconds .

========================================================================
Received Import Request.
  Time since last request: 0.000305 seconds.
  path: Assets/Meshtint Free Tile Map Mega Toon Series/Prefabs/Trap 01.prefab
  artifactKey: Guid(eb3f51c9e4e6faa45b78a8c2a6e0c16d) Importer(815301076,1909f56bfc062723c751e8b465ee728b)
Start importing Assets/Meshtint Free Tile Map Mega Toon Series/Prefabs/Trap 01.prefab using Guid(eb3f51c9e4e6faa45b78a8c2a6e0c16d) Importer(815301076,1909f56bfc062723c751e8b465ee728b)  -> (artifact id: '3c311623b1727fc91a60ee9717b8ae4e') in 0.011368 seconds
  Import took 0.015041 seconds .

========================================================================
Received Import Request.
  Time since last request: 0.000243 seconds.
  path: Assets/Meshtint Free Tile Map Mega Toon Series/Prefabs/FX Star.prefab
  artifactKey: Guid(cf2b180cac3506c4a9a0ab45fe990065) Importer(815301076,1909f56bfc062723c751e8b465ee728b)
Start importing Assets/Meshtint Free Tile Map Mega Toon Series/Prefabs/FX Star.prefab using Guid(cf2b180cac3506c4a9a0ab45fe990065) Importer(815301076,1909f56bfc062723c751e8b465ee728b)  -> (artifact id: '8bc1e8365aa15bff7fc8934e27f2ef04') in 0.008144 seconds
  Import took 0.011497 seconds .

========================================================================
Received Import Request.
  Time since last request: 0.000264 seconds.
  path: Assets/Meshtint Free Tile Map Mega Toon Series/Prefabs/Grass 01.prefab
  artifactKey: Guid(1b8fbee291cdc1046a281cb2b3b51bf7) Importer(815301076,1909f56bfc062723c751e8b465ee728b)
Start importing Assets/Meshtint Free Tile Map Mega Toon Series/Prefabs/Grass 01.prefab using Guid(1b8fbee291cdc1046a281cb2b3b51bf7) Importer(815301076,1909f56bfc062723c751e8b465ee728b)  -> (artifact id: '00509f8c8a7c1b5890e4196e338493aa') in 0.012748 seconds
  Import took 0.016040 seconds .

========================================================================
Received Import Request.
  Time since last request: 0.000210 seconds.
  path: Assets/Meshtint Free Tile Map Mega Toon Series/Prefabs/Water 01.prefab
  artifactKey: Guid(ff78edb367a079b4a8f8ae2d128c581f) Importer(815301076,1909f56bfc062723c751e8b465ee728b)
Start importing Assets/Meshtint Free Tile Map Mega Toon Series/Prefabs/Water 01.prefab using Guid(ff78edb367a079b4a8f8ae2d128c581f) Importer(815301076,1909f56bfc062723c751e8b465ee728b)  -> (artifact id: '2c3cfd0a75af43b5e4b9138d2e65923d') in 0.013227 seconds
  Import took 0.015448 seconds .

========================================================================
Received Import Request.
  Time since last request: 0.000268 seconds.
  path: Assets/Meshtint Free Tile Map Mega Toon Series/Prefabs/Button Platform 01 Blue.prefab
  artifactKey: Guid(6f360d966d3303542b0bbc78a89a8cd1) Importer(815301076,1909f56bfc062723c751e8b465ee728b)
Start importing Assets/Meshtint Free Tile Map Mega Toon Series/Prefabs/Button Platform 01 Blue.prefab using Guid(6f360d966d3303542b0bbc78a89a8cd1) Importer(815301076,1909f56bfc062723c751e8b465ee728b)  -> (artifact id: 'c61259848ff8b8318064eca87826440c') in 0.012903 seconds
  Import took 0.015207 seconds .

========================================================================
Received Import Request.
  Time since last request: 0.000302 seconds.
  path: Assets/Meshtint Free Tile Map Mega Toon Series/Prefabs/Button Platform 01 Red.prefab
  artifactKey: Guid(260a85a6c0f9d9043b33cbfab226e7bf) Importer(815301076,1909f56bfc062723c751e8b465ee728b)
Start importing Assets/Meshtint Free Tile Map Mega Toon Series/Prefabs/Button Platform 01 Red.prefab using Guid(260a85a6c0f9d9043b33cbfab226e7bf) Importer(815301076,1909f56bfc062723c751e8b465ee728b)  -> (artifact id: '1f6041a5a2613164a0c700140e1d8dc9') in 0.012919 seconds
  Import took 0.015407 seconds .

========================================================================
Received Import Request.
  Time since last request: 0.000275 seconds.
  path: Assets/Meshtint Free Tile Map Mega Toon Series/Prefabs/Waypoint 01.prefab
  artifactKey: Guid(19c412f8f5af8fa4dbe5adbf58d317e6) Importer(815301076,1909f56bfc062723c751e8b465ee728b)
Start importing Assets/Meshtint Free Tile Map Mega Toon Series/Prefabs/Waypoint 01.prefab using Guid(19c412f8f5af8fa4dbe5adbf58d317e6) Importer(815301076,1909f56bfc062723c751e8b465ee728b)  -> (artifact id: '8772a8ef0c90910a9c0cee4665932b38') in 0.015100 seconds
  Import took 0.018934 seconds .

========================================================================
Received Import Request.
  Time since last request: 1.139053 seconds.
  path: Assets/Meshtint Free Tile Map Mega Toon Series/Scenes/Demo.unity
  artifactKey: Guid(eb02e990e0f47ab4d8ddcf2d4948628e) Importer(815301076,1909f56bfc062723c751e8b465ee728b)
Start importing Assets/Meshtint Free Tile Map Mega Toon Series/Scenes/Demo.unity using Guid(eb02e990e0f47ab4d8ddcf2d4948628e) Importer(815301076,1909f56bfc062723c751e8b465ee728b)  -> (artifact id: '245e54faaf691d08ab94cf59c948e858') in 0.006944 seconds
  Import took 0.016777 seconds .

========================================================================
Received Import Request.
  Time since last request: 5.263968 seconds.
  path: Assets/Scenes/SampleScene.unity
  artifactKey: Guid(9fc0d4010bbf28b4594072e72b8655ab) Importer(815301076,1909f56bfc062723c751e8b465ee728b)
Start importing Assets/Scenes/SampleScene.unity using Guid(9fc0d4010bbf28b4594072e72b8655ab) Importer(815301076,1909f56bfc062723c751e8b465ee728b)  -> (artifact id: 'bdb259962620a0d9ff3f030f6e550798') in 0.013833 seconds
  Import took 0.017502 seconds .

========================================================================
Received Import Request.
  Time since last request: 17.778743 seconds.
  path: Assets/Meshtint Free Tile Map Mega Toon Series/Textures/FX Star.psd
  artifactKey: Guid(1db14921322d9064bbaf4864b7112c10) Importer(815301076,1909f56bfc062723c751e8b465ee728b)
Start importing Assets/Meshtint Free Tile Map Mega Toon Series/Textures/FX Star.psd using Guid(1db14921322d9064bbaf4864b7112c10) Importer(815301076,1909f56bfc062723c751e8b465ee728b)  -> (artifact id: '720f8953ea66ebcae4bf755d3cf5cb68') in 0.504042 seconds
  Import took 0.506162 seconds .

========================================================================
Received Import Request.
  Time since last request: 0.000305 seconds.
  path: Assets/Meshtint Free Tile Map Mega Toon Series/Textures/Mega Toon Tilemap 01.psd
  artifactKey: Guid(40f8c1e100f7fdb449a1de5dafdb3d21) Importer(815301076,1909f56bfc062723c751e8b465ee728b)
Start importing Assets/Meshtint Free Tile Map Mega Toon Series/Textures/Mega Toon Tilemap 01.psd using Guid(40f8c1e100f7fdb449a1de5dafdb3d21) Importer(815301076,1909f56bfc062723c751e8b465ee728b)  -> (artifact id: '6839e8776ed24a50ecbe1288c8b92f92') in 0.009308 seconds
  Import took 0.012134 seconds .

========================================================================
Received Import Request.
  Time since last request: 1.379636 seconds.
  path: Assets/Meshtint Free Tile Map Mega Toon Series/Scenes/Demo/LightingData.asset
  artifactKey: Guid(3267b25d27fefaf4d9202170f103405f) Importer(815301076,1909f56bfc062723c751e8b465ee728b)
Start importing Assets/Meshtint Free Tile Map Mega Toon Series/Scenes/Demo/LightingData.asset using Guid(3267b25d27fefaf4d9202170f103405f) Importer(815301076,1909f56bfc062723c751e8b465ee728b)  -> (artifact id: '530de45b02a7cdaec5fe34c9f1b32b13') in 0.007217 seconds
  Import took 0.016707 seconds .

========================================================================
Received Import Request.
  Time since last request: 0.000299 seconds.
  path: Assets/Meshtint Free Tile Map Mega Toon Series/Scenes/Demo/Lightmap-0_comp_shadowmask.png
  artifactKey: Guid(52ff21be738f44242888bb4991ed0104) Importer(815301076,1909f56bfc062723c751e8b465ee728b)
Start importing Assets/Meshtint Free Tile Map Mega Toon Series/Scenes/Demo/Lightmap-0_comp_shadowmask.png using Guid(52ff21be738f44242888bb4991ed0104) Importer(815301076,1909f56bfc062723c751e8b465ee728b)  -> (artifact id: 'b2019dd1fe565371c62cdae9db871987') in 0.019870 seconds
  Import took 0.022528 seconds .

========================================================================
Received Import Request.
  Time since last request: 0.000296 seconds.
  path: Assets/Meshtint Free Tile Map Mega Toon Series/Scenes/Demo/ReflectionProbe-0.exr
  artifactKey: Guid(8ec406c383ea3a149b044ca32b541772) Importer(815301076,1909f56bfc062723c751e8b465ee728b)
Start importing Assets/Meshtint Free Tile Map Mega Toon Series/Scenes/Demo/ReflectionProbe-0.exr using Guid(8ec406c383ea3a149b044ca32b541772) Importer(815301076,1909f56bfc062723c751e8b465ee728b)  -> (artifact id: '78b1a1f49fe6ced3162b8c6ebab87acf') in 0.032413 seconds
  Import took 0.034282 seconds .

========================================================================
Received Import Request.
  Time since last request: 0.000300 seconds.
  path: Assets/Meshtint Free Tile Map Mega Toon Series/Scenes/Demo/Lightmap-1_comp_light.exr
  artifactKey: Guid(43f066ebf6e535f4eb2b23d91337de48) Importer(815301076,1909f56bfc062723c751e8b465ee728b)
Start importing Assets/Meshtint Free Tile Map Mega Toon Series/Scenes/Demo/Lightmap-1_comp_light.exr using Guid(43f066ebf6e535f4eb2b23d91337de48) Importer(815301076,1909f56bfc062723c751e8b465ee728b)  -> (artifact id: '2ef0313d5b69971a82cf9d3e335c80df') in 0.012986 seconds
  Import took 0.015354 seconds .

========================================================================
Received Import Request.
  Time since last request: 0.000301 seconds.
  path: Assets/Meshtint Free Tile Map Mega Toon Series/Scenes/Demo/Lightmap-0_comp_light.exr
  artifactKey: Guid(8f47ca8c4ab4c164ea9e9fc31ef4aabc) Importer(815301076,1909f56bfc062723c751e8b465ee728b)
Start importing Assets/Meshtint Free Tile Map Mega Toon Series/Scenes/Demo/Lightmap-0_comp_light.exr using Guid(8f47ca8c4ab4c164ea9e9fc31ef4aabc) Importer(815301076,1909f56bfc062723c751e8b465ee728b)  -> (artifact id: '6cd26d4d1b9eac6e6a2aa2f8ab67b735') in 0.010133 seconds
  Import took 0.014151 seconds .

========================================================================
Received Import Request.
  Time since last request: 0.000304 seconds.
  path: Assets/Meshtint Free Tile Map Mega Toon Series/Scenes/Demo/Lightmap-1_comp_dir.png
  artifactKey: Guid(7469895bbaa460f429bae58358f5ae32) Importer(815301076,1909f56bfc062723c751e8b465ee728b)
Start importing Assets/Meshtint Free Tile Map Mega Toon Series/Scenes/Demo/Lightmap-1_comp_dir.png using Guid(7469895bbaa460f429bae58358f5ae32) Importer(815301076,1909f56bfc062723c751e8b465ee728b)  -> (artifact id: '9e7cefd5e4740e446f892d2fc80d5fba') in 0.011686 seconds
  Import took 0.014069 seconds .

========================================================================
Received Import Request.
  Time since last request: 0.000224 seconds.
  path: Assets/Meshtint Free Tile Map Mega Toon Series/Scenes/Demo/Lightmap-1_comp_shadowmask.png
  artifactKey: Guid(dafa616079bc52448bef2621f0bfa044) Importer(815301076,1909f56bfc062723c751e8b465ee728b)
Start importing Assets/Meshtint Free Tile Map Mega Toon Series/Scenes/Demo/Lightmap-1_comp_shadowmask.png using Guid(dafa616079bc52448bef2621f0bfa044) Importer(815301076,1909f56bfc062723c751e8b465ee728b)  -> (artifact id: '278a1047e3f34079ac1dc00a201c79ed') in 0.016091 seconds
  Import took 0.018128 seconds .

========================================================================
Received Import Request.
  Time since last request: 0.000275 seconds.
  path: Assets/Meshtint Free Tile Map Mega Toon Series/Scenes/Demo/Lightmap-0_comp_dir.png
  artifactKey: Guid(1a313248fabd4004a87a9baeaebcad86) Importer(815301076,1909f56bfc062723c751e8b465ee728b)
Start importing Assets/Meshtint Free Tile Map Mega Toon Series/Scenes/Demo/Lightmap-0_comp_dir.png using Guid(1a313248fabd4004a87a9baeaebcad86) Importer(815301076,1909f56bfc062723c751e8b465ee728b)  -> (artifact id: '1011a61dc619990f66e4f8626eea0a5b') in 0.100012 seconds
  Import took 0.109721 seconds .

========================================================================
Received Import Request.
  Time since last request: 45.964964 seconds.
  path: Assets/Meshtint Free Tile Map Mega Toon Series/Animations/Rotate.controller
  artifactKey: Guid(ea88e71712b105844954278eedcc8a8a) Importer(815301076,1909f56bfc062723c751e8b465ee728b)
Start importing Assets/Meshtint Free Tile Map Mega Toon Series/Animations/Rotate.controller using Guid(ea88e71712b105844954278eedcc8a8a) Importer(815301076,1909f56bfc062723c751e8b465ee728b)  -> (artifact id: 'c44dfcc14d414241bd3a31c899e83ced') in 0.007642 seconds
  Import took 0.017175 seconds .

========================================================================
Received Import Request.
  Time since last request: 0.000641 seconds.
  path: Assets/Meshtint Free Tile Map Mega Toon Series/Animations/Rotate.controller
  artifactKey: Guid(ea88e71712b105844954278eedcc8a8a) Importer(815301076,1909f56bfc062723c751e8b465ee728b)
Start importing Assets/Meshtint Free Tile Map Mega Toon Series/Animations/Rotate.controller using Guid(ea88e71712b105844954278eedcc8a8a) Importer(815301076,1909f56bfc062723c751e8b465ee728b)  -> (artifact id: 'c44dfcc14d414241bd3a31c899e83ced') in 0.002740 seconds
  Import took 0.004718 seconds .

========================================================================
Received Import Request.
  Time since last request: 3.110486 seconds.
  path: Assets/Meshtint Free Tile Map Mega Toon Series/Animations/Rotate.anim
  artifactKey: Guid(11056d7a42381874095567400d5cacb6) Importer(815301076,1909f56bfc062723c751e8b465ee728b)
Start importing Assets/Meshtint Free Tile Map Mega Toon Series/Animations/Rotate.anim using Guid(11056d7a42381874095567400d5cacb6) Importer(815301076,1909f56bfc062723c751e8b465ee728b)  -> (artifact id: '9460c31ea7d1eddda77e117a78b94218') in 0.005423 seconds
  Import took 0.015307 seconds .

========================================================================
Received Prepare
Registering precompiled user dll's ...
Registered in 0.000666 seconds.
Begin MonoManager ReloadAssembly
Native extension for WindowsStandalone target not found
Native extension for WebGL target not found
Refreshing native plugins compatible for Editor in 0.24 ms, found 0 plugins.
Preloading 0 native plugins for Editor in 0.00 ms.
Invoked RoslynAnalysisRunner static constructor.
RoslynAnalysisRunner will not be running.
RoslynAnalysisRunner has terminated.
Mono: successfully reloaded assembly
- Completed reload, in  0.748 seconds
Platform modules already initialized, skipping
Refreshing native plugins compatible for Editor in 0.28 ms, found 0 plugins.
Preloading 0 native plugins for Editor in 0.00 ms.
Unloading 1264 Unused Serialized files (Serialized files now loaded: 0)
System memory in use before: 96.4 MB.
System memory in use after: 86.5 MB.

Unloading 64 unused Assets to reduce memory usage. Loaded Objects now: 1763.
Total: 10.614600 ms (FindLiveObjects: 0.164500 ms CreateObjectMapping: 0.039400 ms MarkObjects: 1.294500 ms  DeleteObjects: 9.114900 ms)

========================================================================
Received Prepare
Registering precompiled user dll's ...
Registered in 0.000801 seconds.
Begin MonoManager ReloadAssembly
Native extension for WindowsStandalone target not found
Native extension for WebGL target not found
Refreshing native plugins compatible for Editor in 0.23 ms, found 0 plugins.
Preloading 0 native plugins for Editor in 0.00 ms.
Invoked RoslynAnalysisRunner static constructor.
RoslynAnalysisRunner will not be running.
RoslynAnalysisRunner has terminated.
Mono: successfully reloaded assembly
- Completed reload, in  0.737 seconds
Platform modules already initialized, skipping
Refreshing native plugins compatible for Editor in 0.23 ms, found 0 plugins.
Preloading 0 native plugins for Editor in 0.00 ms.
Unloading 1264 Unused Serialized files (Serialized files now loaded: 0)
System memory in use before: 96.4 MB.
System memory in use after: 86.5 MB.

Unloading 64 unused Assets to reduce memory usage. Loaded Objects now: 1765.
Total: 11.349700 ms (FindLiveObjects: 0.168300 ms CreateObjectMapping: 0.050000 ms MarkObjects: 1.271900 ms  DeleteObjects: 9.858400 ms)

========================================================================
Received Prepare
Registering precompiled user dll's ...
Registered in 0.000682 seconds.
Begin MonoManager ReloadAssembly
Native extension for WindowsStandalone target not found
Native extension for WebGL target not found
Refreshing native plugins compatible for Editor in 0.23 ms, found 0 plugins.
Preloading 0 native plugins for Editor in 0.00 ms.
Invoked RoslynAnalysisRunner static constructor.
RoslynAnalysisRunner will not be running.
RoslynAnalysisRunner has terminated.
Mono: successfully reloaded assembly
- Completed reload, in  0.694 seconds
Platform modules already initialized, skipping
Refreshing native plugins compatible for Editor in 0.22 ms, found 0 plugins.
Preloading 0 native plugins for Editor in 0.00 ms.
Unloading 1264 Unused Serialized files (Serialized files now loaded: 0)
System memory in use before: 96.5 MB.
System memory in use after: 86.5 MB.

Unloading 64 unused Assets to reduce memory usage. Loaded Objects now: 1767.
Total: 11.403100 ms (FindLiveObjects: 0.175100 ms CreateObjectMapping: 0.042900 ms MarkObjects: 1.421000 ms  DeleteObjects: 9.763200 ms)

========================================================================
Received Import Request.
  Time since last request: 402.047810 seconds.
  path: Assets/Meshtint Free Tile Map Mega Toon Series/Scenes/Demo.unity
  artifactKey: Guid(eb02e990e0f47ab4d8ddcf2d4948628e) Importer(815301076,1909f56bfc062723c751e8b465ee728b)
Start importing Assets/Meshtint Free Tile Map Mega Toon Series/Scenes/Demo.unity using Guid(eb02e990e0f47ab4d8ddcf2d4948628e) Importer(815301076,1909f56bfc062723c751e8b465ee728b)  -> (artifact id: 'fb3b8529716d2146522f9a58527975d9') in 0.015728 seconds
  Import took 0.025501 seconds .

========================================================================
Received Prepare
Registering precompiled user dll's ...
Registered in 0.000692 seconds.
Begin MonoManager ReloadAssembly
Native extension for WindowsStandalone target not found
Native extension for WebGL target not found
Refreshing native plugins compatible for Editor in 0.26 ms, found 0 plugins.
Preloading 0 native plugins for Editor in 0.00 ms.
Invoked RoslynAnalysisRunner static constructor.
RoslynAnalysisRunner will not be running.
RoslynAnalysisRunner has terminated.
Mono: successfully reloaded assembly
- Completed reload, in  0.729 seconds
Platform modules already initialized, skipping
Refreshing native plugins compatible for Editor in 0.24 ms, found 0 plugins.
Preloading 0 native plugins for Editor in 0.00 ms.
Unloading 1264 Unused Serialized files (Serialized files now loaded: 0)
System memory in use before: 96.4 MB.
System memory in use after: 86.5 MB.

Unloading 64 unused Assets to reduce memory usage. Loaded Objects now: 1769.
Total: 13.101600 ms (FindLiveObjects: 0.202800 ms CreateObjectMapping: 0.068100 ms MarkObjects: 1.472000 ms  DeleteObjects: 11.357300 ms)

========================================================================
Received Prepare
Registering precompiled user dll's ...
Registered in 0.000715 seconds.
Begin MonoManager ReloadAssembly
Native extension for WindowsStandalone target not found
Native extension for WebGL target not found
Refreshing native plugins compatible for Editor in 0.23 ms, found 0 plugins.
Preloading 0 native plugins for Editor in 0.00 ms.
Invoked RoslynAnalysisRunner static constructor.
RoslynAnalysisRunner will not be running.
RoslynAnalysisRunner has terminated.
Mono: successfully reloaded assembly
- Completed reload, in  0.753 seconds
Platform modules already initialized, skipping
Refreshing native plugins compatible for Editor in 0.23 ms, found 0 plugins.
Preloading 0 native plugins for Editor in 0.00 ms.
Unloading 1276 Unused Serialized files (Serialized files now loaded: 0)
System memory in use before: 96.8 MB.
System memory in use after: 86.8 MB.

Unloading 64 unused Assets to reduce memory usage. Loaded Objects now: 1783.
Total: 12.494600 ms (FindLiveObjects: 0.188200 ms CreateObjectMapping: 0.054400 ms MarkObjects: 1.416700 ms  DeleteObjects: 10.834200 ms)

========================================================================
Received Import Request.
  Time since last request: 86.213223 seconds.
  path: Assets/Joystick Pack/Scripts/Base
  artifactKey: Guid(aa15156758e106a44b17f4960972e9a4) Importer(815301076,1909f56bfc062723c751e8b465ee728b)
Start importing Assets/Joystick Pack/Scripts/Base using Guid(aa15156758e106a44b17f4960972e9a4) Importer(815301076,1909f56bfc062723c751e8b465ee728b)  -> (artifact id: '3e1d9aeb301d3c74f32a0b10fb556b23') in 0.006975 seconds
  Import took 0.016293 seconds .

========================================================================
Received Import Request.
  Time since last request: 0.036199 seconds.
  path: Assets/Joystick Pack/Scripts/Base
  artifactKey: Guid(aa15156758e106a44b17f4960972e9a4) Importer(815301076,1909f56bfc062723c751e8b465ee728b)
Start importing Assets/Joystick Pack/Scripts/Base using Guid(aa15156758e106a44b17f4960972e9a4) Importer(815301076,1909f56bfc062723c751e8b465ee728b)  -> (artifact id: '3e1d9aeb301d3c74f32a0b10fb556b23') in 0.001792 seconds
  Import took 0.004059 seconds .

========================================================================
Received Import Request.
  Time since last request: 0.478684 seconds.
  path: Assets/Joystick Pack/Scripts/Joysticks
  artifactKey: Guid(6e9bdbd62efe6f547aece5bfb0e1a1ac) Importer(815301076,1909f56bfc062723c751e8b465ee728b)
Start importing Assets/Joystick Pack/Scripts/Joysticks using Guid(6e9bdbd62efe6f547aece5bfb0e1a1ac) Importer(815301076,1909f56bfc062723c751e8b465ee728b)  -> (artifact id: '5e9174976776b71ca4b820f2d93cf076') in 0.006047 seconds
  Import took 0.015717 seconds .

========================================================================
Received Import Request.
  Time since last request: 0.759337 seconds.
  path: Assets/Joystick Pack/Prefabs/Variable Joystick.prefab
  artifactKey: Guid(ec536a7718376554185e4a856d5ae230) Importer(815301076,1909f56bfc062723c751e8b465ee728b)
Start importing Assets/Joystick Pack/Prefabs/Variable Joystick.prefab using Guid(ec536a7718376554185e4a856d5ae230) Importer(815301076,1909f56bfc062723c751e8b465ee728b)  -> (artifact id: '157b20d9bbdcfad55fce813ccbbdad44') in 0.027870 seconds
  Import took 0.037177 seconds .

========================================================================
Received Prepare
Registering precompiled user dll's ...
Registered in 0.000735 seconds.
Begin MonoManager ReloadAssembly
Native extension for WindowsStandalone target not found
Native extension for WebGL target not found
Refreshing native plugins compatible for Editor in 0.52 ms, found 0 plugins.
Preloading 0 native plugins for Editor in 0.00 ms.
Invoked RoslynAnalysisRunner static constructor.
RoslynAnalysisRunner will not be running.
RoslynAnalysisRunner has terminated.
Mono: successfully reloaded assembly
- Completed reload, in  1.033 seconds
Platform modules already initialized, skipping
Refreshing native plugins compatible for Editor in 0.27 ms, found 0 plugins.
Preloading 0 native plugins for Editor in 0.00 ms.
Unloading 1276 Unused Serialized files (Serialized files now loaded: 0)
System memory in use before: 96.6 MB.
System memory in use after: 86.7 MB.

Unloading 64 unused Assets to reduce memory usage. Loaded Objects now: 1785.
Total: 12.860000 ms (FindLiveObjects: 0.174000 ms CreateObjectMapping: 0.054000 ms MarkObjects: 1.311500 ms  DeleteObjects: 11.319100 ms)

