Using pre-set license
Built from '2020.2/release' branch; Version is '2020.2.2f1 (068178b99f32) revision 426360'; Using compiler version '192528614'; Build Type 'Release'
OS: 'Windows 10 Pro; OS build 18363.1440; Version 1909; 64bit' Language: 'ko' Physical Memory: 16232 MB
BatchMode: 1, IsHumanControllingUs: 0, StartBugReporterOnCrash: 0, Is64bit: 1, IsPro: 0

 COMMAND LINE ARGUMENTS:
C:\Program Files\Unity\Hub\Editor\2020.2.2f1\Editor\Unity.exe
-adb2
-batchMode
-noUpm
-name
AssetImportWorker0
-projectPath
C:/Users/mingu/Documents/GitHub/UnityProjects/unitychan_Move
-logFile
Logs/AssetImportWorker0.log
-srvPort
11676
Successfully changed project path to: C:/Users/mingu/Documents/GitHub/UnityProjects/unitychan_Move
C:/Users/mingu/Documents/GitHub/UnityProjects/unitychan_Move
Using Asset Import Pipeline V2.
Refreshing native plugins compatible for Editor in 29.47 ms, found 0 plugins.
Preloading 0 native plugins for Editor in 0.00 ms.
Initialize engine version: 2020.2.2f1 (068178b99f32)
[Subsystems] Discovering subsystems at path C:/Program Files/Unity/Hub/Editor/2020.2.2f1/Editor/Data/Resources/UnitySubsystems
[Subsystems] Discovering subsystems at path C:/Users/mingu/Documents/GitHub/UnityProjects/unitychan_Move/Assets
GfxDevice: creating device client; threaded=0
Direct3D:
    Version:  Direct3D 11.0 [level 11.1]
    Renderer: NVIDIA GeForce GTX 1060 (ID=0x1c20)
    Vendor:   
    VRAM:     6052 MB
    Driver:   27.21.14.5167
Initialize mono
Mono path[0] = 'C:/Program Files/Unity/Hub/Editor/2020.2.2f1/Editor/Data/Managed'
Mono path[1] = 'C:/Program Files/Unity/Hub/Editor/2020.2.2f1/Editor/Data/MonoBleedingEdge/lib/mono/unityjit'
Mono config path = 'C:/Program Files/Unity/Hub/Editor/2020.2.2f1/Editor/Data/MonoBleedingEdge/etc'
Using monoOptions --debugger-agent=transport=dt_socket,embedding=1,server=y,suspend=n,address=127.0.0.1:56520
Begin MonoManager ReloadAssembly
Registering precompiled unity dll's ...
Register platform support module: C:/Program Files/Unity/Hub/Editor/2020.2.2f1/Editor/Data/PlaybackEngines/WebGLSupport/UnityEditor.WebGL.Extensions.dll
Register platform support module: C:/Program Files/Unity/Hub/Editor/2020.2.2f1/Editor/Data/PlaybackEngines/WindowsStandaloneSupport/UnityEditor.WindowsStandalone.Extensions.dll
Registered in 0.002478 seconds.
Native extension for WindowsStandalone target not found
Native extension for WebGL target not found
Refreshing native plugins compatible for Editor in 26.66 ms, found 0 plugins.
Preloading 0 native plugins for Editor in 0.00 ms.
Invoked RoslynAnalysisRunner static constructor.
RoslynAnalysisRunner will not be running.
RoslynAnalysisRunner has terminated.
Mono: successfully reloaded assembly
- Completed reload, in  1.029 seconds
Platform modules already initialized, skipping
Registering precompiled user dll's ...
Registered in 0.000830 seconds.
Begin MonoManager ReloadAssembly
Native extension for WindowsStandalone target not found
Native extension for WebGL target not found
Refreshing native plugins compatible for Editor in 0.36 ms, found 0 plugins.
Preloading 0 native plugins for Editor in 0.00 ms.
Invoked RoslynAnalysisRunner static constructor.
RoslynAnalysisRunner will not be running.
RoslynAnalysisRunner has terminated.
Mono: successfully reloaded assembly
- Completed reload, in  1.023 seconds
Platform modules already initialized, skipping
========================================================================
Worker process is ready to serve import requests
Launched and connected shader compiler UnityShaderCompiler.exe after 0.09 seconds
Refreshing native plugins compatible for Editor in 0.23 ms, found 0 plugins.
Preloading 0 native plugins for Editor in 0.00 ms.
Unloading 1332 Unused Serialized files (Serialized files now loaded: 0)
System memory in use before: 96.1 MB.
System memory in use after: 90.9 MB.

Unloading 47 unused Assets to reduce memory usage. Loaded Objects now: 1741.
Total: 7.799800 ms (FindLiveObjects: 0.186400 ms CreateObjectMapping: 0.049100 ms MarkObjects: 1.508700 ms  DeleteObjects: 6.054900 ms)

========================================================================
Received Prepare
Registering precompiled user dll's ...
Registered in 0.000727 seconds.
Begin MonoManager ReloadAssembly
Native extension for WindowsStandalone target not found
Native extension for WebGL target not found
Refreshing native plugins compatible for Editor in 0.23 ms, found 0 plugins.
Preloading 0 native plugins for Editor in 0.00 ms.
Invoked RoslynAnalysisRunner static constructor.
RoslynAnalysisRunner will not be running.
RoslynAnalysisRunner has terminated.
Mono: successfully reloaded assembly
- Completed reload, in  0.734 seconds
Platform modules already initialized, skipping
Refreshing native plugins compatible for Editor in 0.24 ms, found 0 plugins.
Preloading 0 native plugins for Editor in 0.00 ms.
Unloading 1236 Unused Serialized files (Serialized files now loaded: 0)
System memory in use before: 90.0 MB.
System memory in use after: 85.0 MB.

Unloading 35 unused Assets to reduce memory usage. Loaded Objects now: 1743.
Total: 6.882200 ms (FindLiveObjects: 0.177700 ms CreateObjectMapping: 0.052500 ms MarkObjects: 1.493600 ms  DeleteObjects: 5.156700 ms)

========================================================================
Received Prepare
Registering precompiled user dll's ...
Registered in 0.000715 seconds.
Begin MonoManager ReloadAssembly
Native extension for WindowsStandalone target not found
Native extension for WebGL target not found
Refreshing native plugins compatible for Editor in 0.27 ms, found 0 plugins.
Preloading 0 native plugins for Editor in 0.00 ms.
Invoked RoslynAnalysisRunner static constructor.
RoslynAnalysisRunner will not be running.
RoslynAnalysisRunner has terminated.
Mono: successfully reloaded assembly
- Completed reload, in  0.756 seconds
Platform modules already initialized, skipping
Refreshing native plugins compatible for Editor in 0.25 ms, found 0 plugins.
Preloading 0 native plugins for Editor in 0.00 ms.
Unloading 1236 Unused Serialized files (Serialized files now loaded: 0)
System memory in use before: 90.0 MB.
System memory in use after: 85.0 MB.

Unloading 35 unused Assets to reduce memory usage. Loaded Objects now: 1745.
Total: 6.406700 ms (FindLiveObjects: 0.154300 ms CreateObjectMapping: 0.041300 ms MarkObjects: 1.419300 ms  DeleteObjects: 4.790700 ms)

========================================================================
Received Import Request.
  path: Assets/Prefabs/GameWorld.prefab
  artifactKey: Guid(f76b2b1e7783705418818e8f1bca972c) Importer(815301076,1909f56bfc062723c751e8b465ee728b)
Start importing Assets/Prefabs/GameWorld.prefab using Guid(f76b2b1e7783705418818e8f1bca972c) Importer(815301076,1909f56bfc062723c751e8b465ee728b)  -> (artifact id: '6e9e210067d1f1e793becd388e76a238') in 0.109407 seconds
  Import took 0.111651 seconds .

========================================================================
Received Import Request.
  Time since last request: 0.000305 seconds.
  path: Assets/Materials/Ground.mat
  artifactKey: Guid(54f8b06a0a09f794dadef311afe0defc) Importer(815301076,1909f56bfc062723c751e8b465ee728b)
Start importing Assets/Materials/Ground.mat using Guid(54f8b06a0a09f794dadef311afe0defc) Importer(815301076,1909f56bfc062723c751e8b465ee728b)  -> (artifact id: '6106a8e6beca00b4c73408e05e43f519') in 0.444223 seconds
  Import took 0.446197 seconds .

========================================================================
Received Import Request.
  Time since last request: 23.930070 seconds.
  path: Assets/Scenes/SampleScene.unity
  artifactKey: Guid(9fc0d4010bbf28b4594072e72b8655ab) Importer(815301076,1909f56bfc062723c751e8b465ee728b)
Start importing Assets/Scenes/SampleScene.unity using Guid(9fc0d4010bbf28b4594072e72b8655ab) Importer(815301076,1909f56bfc062723c751e8b465ee728b)  -> (artifact id: '0dcd73a00d9f094bc07883248b88fda1') in 0.003178 seconds
  Import took 0.005163 seconds .

========================================================================
Received Import Request.
  Time since last request: 0.008152 seconds.
  path: Assets/Scenes/SampleScene.unity
  artifactKey: Guid(9fc0d4010bbf28b4594072e72b8655ab) Importer(815301076,1909f56bfc062723c751e8b465ee728b)
Start importing Assets/Scenes/SampleScene.unity using Guid(9fc0d4010bbf28b4594072e72b8655ab) Importer(815301076,1909f56bfc062723c751e8b465ee728b)  -> (artifact id: '0dcd73a00d9f094bc07883248b88fda1') in 0.002241 seconds
  Import took 0.004308 seconds .

========================================================================
Received Import Request.
  Time since last request: 3.316705 seconds.
  path: Assets/Scenes/TOKO.unity
  artifactKey: Guid(9fc0d4010bbf28b4594072e72b8655ab) Importer(815301076,1909f56bfc062723c751e8b465ee728b)
Start importing Assets/Scenes/TOKO.unity using Guid(9fc0d4010bbf28b4594072e72b8655ab) Importer(815301076,1909f56bfc062723c751e8b465ee728b)  -> (artifact id: '6954148f66901fd3fcd4957cea739372') in 0.006646 seconds
  Import took 0.015854 seconds .

========================================================================
Received Import Request.
  Time since last request: 18.594955 seconds.
  path: Assets/UnityChan.SpringBone/Script/SpringBone/Setup/DynamicsSetup.cs
  artifactKey: Guid(30476b6371ef0b349aad36a39b54be53) Importer(815301076,1909f56bfc062723c751e8b465ee728b)
Start importing Assets/UnityChan.SpringBone/Script/SpringBone/Setup/DynamicsSetup.cs using Guid(30476b6371ef0b349aad36a39b54be53) Importer(815301076,1909f56bfc062723c751e8b465ee728b)  -> (artifact id: '7a2593466e6635d360555750ae41b557') in 0.116757 seconds
  Import took 0.125825 seconds .

========================================================================
Received Import Request.
  Time since last request: 0.016356 seconds.
  path: Assets/UnityChan.SpringBone/Script/SpringBone/SpringManager.cs
  artifactKey: Guid(af276926b0db1c248a93ab3c1134a6c2) Importer(815301076,1909f56bfc062723c751e8b465ee728b)
Start importing Assets/UnityChan.SpringBone/Script/SpringBone/SpringManager.cs using Guid(af276926b0db1c248a93ab3c1134a6c2) Importer(815301076,1909f56bfc062723c751e8b465ee728b)  -> (artifact id: 'a4c773f47116b1b303e2f50cf557d9c8') in 0.006404 seconds
  Import took 0.008932 seconds .

========================================================================
Received Import Request.
  Time since last request: 0.003273 seconds.
  path: Assets/UnityChan.SpringBone/Script/SpringBone/SpringBonePivot.cs
  artifactKey: Guid(625e9c3b94e3dc64ea82f6e29062b3d6) Importer(815301076,1909f56bfc062723c751e8b465ee728b)
Start importing Assets/UnityChan.SpringBone/Script/SpringBone/SpringBonePivot.cs using Guid(625e9c3b94e3dc64ea82f6e29062b3d6) Importer(815301076,1909f56bfc062723c751e8b465ee728b)  -> (artifact id: 'f5df4ad365c5eb751ff9d79c925ca445') in 0.006202 seconds
  Import took 0.008650 seconds .

========================================================================
Received Import Request.
  Time since last request: 0.003252 seconds.
  path: Assets/UnityChan.SpringBone/Script/Utility/CSVUtilities.cs
  artifactKey: Guid(10580808d9e86d148978283bb388901d) Importer(815301076,1909f56bfc062723c751e8b465ee728b)
Start importing Assets/UnityChan.SpringBone/Script/Utility/CSVUtilities.cs using Guid(10580808d9e86d148978283bb388901d) Importer(815301076,1909f56bfc062723c751e8b465ee728b)  -> (artifact id: '745f905b9cde57fc9dd99f4578034ce4') in 0.006707 seconds
  Import took 0.009581 seconds .

========================================================================
Received Import Request.
  Time since last request: 0.002860 seconds.
  path: Assets/UnityChan.SpringBone/Script/SpringBone/ForceProviders/WindVolume.cs
  artifactKey: Guid(8f4f76dac8531aa44b511647e7d14518) Importer(815301076,1909f56bfc062723c751e8b465ee728b)
Start importing Assets/UnityChan.SpringBone/Script/SpringBone/ForceProviders/WindVolume.cs using Guid(8f4f76dac8531aa44b511647e7d14518) Importer(815301076,1909f56bfc062723c751e8b465ee728b)  -> (artifact id: '53678916c90f6d7ebe11514321ea1b4d') in 0.005610 seconds
  Import took 0.008383 seconds .

========================================================================
Received Import Request.
  Time since last request: 0.005817 seconds.
  path: Assets/UnityChan.SpringBone/Script/SpringBone/Editor/SpringBone/GUI/Windows/SpringBoneSetupErrorWindow.cs
  artifactKey: Guid(e748cf88cb61b1e4a9e6f1d34ff1867f) Importer(815301076,1909f56bfc062723c751e8b465ee728b)
Start importing Assets/UnityChan.SpringBone/Script/SpringBone/Editor/SpringBone/GUI/Windows/SpringBoneSetupErrorWindow.cs using Guid(e748cf88cb61b1e4a9e6f1d34ff1867f) Importer(815301076,1909f56bfc062723c751e8b465ee728b)  -> (artifact id: '58b2a8c45a71e3406372c8df9a818983') in 0.005682 seconds
  Import took 0.008034 seconds .

========================================================================
Received Import Request.
  Time since last request: 0.005730 seconds.
  path: Assets/UnityChan.SpringBone/Script/Utility/GizmoUtil.cs
  artifactKey: Guid(e3193888a375d884f99a1cafec9fed2d) Importer(815301076,1909f56bfc062723c751e8b465ee728b)
Start importing Assets/UnityChan.SpringBone/Script/Utility/GizmoUtil.cs using Guid(e3193888a375d884f99a1cafec9fed2d) Importer(815301076,1909f56bfc062723c751e8b465ee728b)  -> (artifact id: 'f201172eb14182676ea2bfbadd7059b7') in 0.005789 seconds
  Import took 0.008344 seconds .

========================================================================
Received Import Request.
  Time since last request: 0.003263 seconds.
  path: Assets/UnityChan.SpringBone/Script/Utility/HandlesUtil.cs
  artifactKey: Guid(1edd46d32ea1e304d8108b48137eb5f9) Importer(815301076,1909f56bfc062723c751e8b465ee728b)
Start importing Assets/UnityChan.SpringBone/Script/Utility/HandlesUtil.cs using Guid(1edd46d32ea1e304d8108b48137eb5f9) Importer(815301076,1909f56bfc062723c751e8b465ee728b)  -> (artifact id: '07958962a35e3380a9da3c76e1d89def') in 0.006227 seconds
  Import took 0.009304 seconds .

========================================================================
Received Import Request.
  Time since last request: 0.003135 seconds.
  path: Assets/UnityChan.SpringBone/Script/SpringBone/Editor/SpringBone/SpringBoneEditorActions.cs
  artifactKey: Guid(2990e7d2b3283ce419c2544872a80bae) Importer(815301076,1909f56bfc062723c751e8b465ee728b)
Start importing Assets/UnityChan.SpringBone/Script/SpringBone/Editor/SpringBone/SpringBoneEditorActions.cs using Guid(2990e7d2b3283ce419c2544872a80bae) Importer(815301076,1909f56bfc062723c751e8b465ee728b)  -> (artifact id: '1d5a11b083bd9078d4b279c97cda3b2a') in 0.006341 seconds
  Import took 0.009123 seconds .

========================================================================
Received Import Request.
  Time since last request: 0.003439 seconds.
  path: Assets/RPG_Anim_Pack/SuperCharacterController/SuperCharacterController/Core/SuperCollisionType.cs
  artifactKey: Guid(68c1a1d27540a1248b096f8960864448) Importer(815301076,1909f56bfc062723c751e8b465ee728b)
Start importing Assets/RPG_Anim_Pack/SuperCharacterController/SuperCharacterController/Core/SuperCollisionType.cs using Guid(68c1a1d27540a1248b096f8960864448) Importer(815301076,1909f56bfc062723c751e8b465ee728b)  -> (artifact id: '99e68578e06a8646bb6399d20ca57bce') in 0.005900 seconds
  Import took 0.008033 seconds .

========================================================================
Received Import Request.
  Time since last request: 0.002830 seconds.
  path: Assets/UnityChan.SpringBone/Script/Utility/ObjectBuilding/TypedStringToValueMap.cs
  artifactKey: Guid(f3ef2e4005aa8724c97596c932af0bf1) Importer(815301076,1909f56bfc062723c751e8b465ee728b)
Start importing Assets/UnityChan.SpringBone/Script/Utility/ObjectBuilding/TypedStringToValueMap.cs using Guid(f3ef2e4005aa8724c97596c932af0bf1) Importer(815301076,1909f56bfc062723c751e8b465ee728b)  -> (artifact id: '7553e28cd4b7ea7e5bd6fee0c98eb837') in 0.005447 seconds
  Import took 0.007719 seconds .

========================================================================
Received Import Request.
  Time since last request: 0.002648 seconds.
  path: Assets/UnityChan.SpringBone/Script/SpringBone/Components/DynamicsNull.cs
  artifactKey: Guid(e0fe3e5aac045fc4a9a86b4cba4023a8) Importer(815301076,1909f56bfc062723c751e8b465ee728b)
Start importing Assets/UnityChan.SpringBone/Script/SpringBone/Components/DynamicsNull.cs using Guid(e0fe3e5aac045fc4a9a86b4cba4023a8) Importer(815301076,1909f56bfc062723c751e8b465ee728b)  -> (artifact id: 'a05ab337d8ac94cf2bcae9de97801bab') in 0.006356 seconds
  Import took 0.008502 seconds .

========================================================================
Received Import Request.
  Time since last request: 0.002908 seconds.
  path: Assets/Scripts/CamCtrl.cs
  artifactKey: Guid(eefbd89791e475a42a2f8140833937d0) Importer(815301076,1909f56bfc062723c751e8b465ee728b)
Start importing Assets/Scripts/CamCtrl.cs using Guid(eefbd89791e475a42a2f8140833937d0) Importer(815301076,1909f56bfc062723c751e8b465ee728b)  -> (artifact id: '6980dba490e3c75268c7eb6b80069ee9') in 0.006371 seconds
  Import took 0.008816 seconds .

========================================================================
Received Import Request.
  Time since last request: 0.003713 seconds.
  path: Assets/UnityChan.SpringBone/Script/SpringBone/Colliders/SpringPanelCollider.cs
  artifactKey: Guid(a8e7256f2aaf05e47be7fdfced84d489) Importer(815301076,1909f56bfc062723c751e8b465ee728b)
Start importing Assets/UnityChan.SpringBone/Script/SpringBone/Colliders/SpringPanelCollider.cs using Guid(a8e7256f2aaf05e47be7fdfced84d489) Importer(815301076,1909f56bfc062723c751e8b465ee728b)  -> (artifact id: '0a7e40afea8e0aaa62e48a3538386e4b') in 0.006196 seconds
  Import took 0.008991 seconds .

========================================================================
Received Import Request.
  Time since last request: 0.002978 seconds.
  path: Assets/UnityChan.SpringBone/Script/SpringBone/ForceProviders/ForceProvider.cs
  artifactKey: Guid(28fe7186e93dba14a84b8f56192eb041) Importer(815301076,1909f56bfc062723c751e8b465ee728b)
Start importing Assets/UnityChan.SpringBone/Script/SpringBone/ForceProviders/ForceProvider.cs using Guid(28fe7186e93dba14a84b8f56192eb041) Importer(815301076,1909f56bfc062723c751e8b465ee728b)  -> (artifact id: '226b753f5854d2a2f30b4aa30014a8ab') in 0.007936 seconds
  Import took 0.010617 seconds .

========================================================================
Received Import Request.
  Time since last request: 0.014410 seconds.
  path: Assets/UnityChan.SpringBone/Script/SpringBone/Editor/SpringBone/SpringColliderEditorActions.cs
  artifactKey: Guid(980e83d8dd8a576478e770eb8a798a51) Importer(815301076,1909f56bfc062723c751e8b465ee728b)
Start importing Assets/UnityChan.SpringBone/Script/SpringBone/Editor/SpringBone/SpringColliderEditorActions.cs using Guid(980e83d8dd8a576478e770eb8a798a51) Importer(815301076,1909f56bfc062723c751e8b465ee728b)  -> (artifact id: '424aebd87f93bafaac8e82853042c29c') in 0.010416 seconds
  Import took 0.015015 seconds .

========================================================================
Received Import Request.
  Time since last request: 0.009099 seconds.
  path: Assets/UnityChan.SpringBone/Script/SpringBone/Setup/SpringSetupComponentDefiners.cs
  artifactKey: Guid(721fb8a02eb79b044a6c20f355e2b0ea) Importer(815301076,1909f56bfc062723c751e8b465ee728b)
Start importing Assets/UnityChan.SpringBone/Script/SpringBone/Setup/SpringSetupComponentDefiners.cs using Guid(721fb8a02eb79b044a6c20f355e2b0ea) Importer(815301076,1909f56bfc062723c751e8b465ee728b)  -> (artifact id: '4d7e0311fdf93b3da5c60584c98765de') in 0.007005 seconds
  Import took 0.009490 seconds .

========================================================================
Received Import Request.
  Time since last request: 0.002701 seconds.
  path: Assets/UnityChan.SpringBone/Script/SpringBone/Setup/SpringColliderImporting.cs
  artifactKey: Guid(8f842168395eb8d4da657ac43d00be7e) Importer(815301076,1909f56bfc062723c751e8b465ee728b)
Start importing Assets/UnityChan.SpringBone/Script/SpringBone/Setup/SpringColliderImporting.cs using Guid(8f842168395eb8d4da657ac43d00be7e) Importer(815301076,1909f56bfc062723c751e8b465ee728b)  -> (artifact id: '9413ae251c082ce9034d2d5f424b4326') in 0.005521 seconds
  Import took 0.007738 seconds .

========================================================================
Received Import Request.
  Time since last request: 0.002556 seconds.
  path: Assets/RPG_Anim_Pack/RPG Character Mecanim Animation Pack FREE/Code/Actions/SimpleActionHandler.cs
  artifactKey: Guid(ed7be2cea6ed64dccba3f71922637259) Importer(815301076,1909f56bfc062723c751e8b465ee728b)
Start importing Assets/RPG_Anim_Pack/RPG Character Mecanim Animation Pack FREE/Code/Actions/SimpleActionHandler.cs using Guid(ed7be2cea6ed64dccba3f71922637259) Importer(815301076,1909f56bfc062723c751e8b465ee728b)  -> (artifact id: '6093d8742215fad5ac6470b45bf0ec22') in 0.005989 seconds
  Import took 0.008374 seconds .

========================================================================
Received Import Request.
  Time since last request: 0.002533 seconds.
  path: Assets/RPG_Anim_Pack/SuperCharacterController/SuperCharacterController/Math3d.cs
  artifactKey: Guid(80f5e8f7a460b564db8e963acfdbbfd2) Importer(815301076,1909f56bfc062723c751e8b465ee728b)
Start importing Assets/RPG_Anim_Pack/SuperCharacterController/SuperCharacterController/Math3d.cs using Guid(80f5e8f7a460b564db8e963acfdbbfd2) Importer(815301076,1909f56bfc062723c751e8b465ee728b)  -> (artifact id: '286845ccb7a872817d817059bcd41b0c') in 0.005012 seconds
  Import took 0.007006 seconds .

========================================================================
Received Import Request.
  Time since last request: 0.002580 seconds.
  path: Assets/UnityChan.SpringBone/Script/SpringBone/Colliders/SpringColliderDebug.cs
  artifactKey: Guid(63d35007084726a43b7096a95c46e304) Importer(815301076,1909f56bfc062723c751e8b465ee728b)
Start importing Assets/UnityChan.SpringBone/Script/SpringBone/Colliders/SpringColliderDebug.cs using Guid(63d35007084726a43b7096a95c46e304) Importer(815301076,1909f56bfc062723c751e8b465ee728b)  -> (artifact id: 'e15e594f9208c438685fbc7566adadfa') in 0.005275 seconds
  Import took 0.007385 seconds .

========================================================================
Received Import Request.
  Time since last request: 0.002579 seconds.
  path: Assets/UnityChan.SpringBone/Script/Utility/ObjectBuilding/UnityComponentStringListBuilder.cs
  artifactKey: Guid(debb8410d69e68a47830733e05781023) Importer(815301076,1909f56bfc062723c751e8b465ee728b)
Start importing Assets/UnityChan.SpringBone/Script/Utility/ObjectBuilding/UnityComponentStringListBuilder.cs using Guid(debb8410d69e68a47830733e05781023) Importer(815301076,1909f56bfc062723c751e8b465ee728b)  -> (artifact id: '2cc897cab31b99b13d7d58a68ed9c920') in 0.005569 seconds
  Import took 0.007718 seconds .

========================================================================
Received Import Request.
  Time since last request: 0.003154 seconds.
  path: Assets/UnityChan.SpringBone/Script/Utility/CSVBuilder.cs
  artifactKey: Guid(c2a8586d0e619044dbf2a24d919dd5c1) Importer(815301076,1909f56bfc062723c751e8b465ee728b)
Start importing Assets/UnityChan.SpringBone/Script/Utility/CSVBuilder.cs using Guid(c2a8586d0e619044dbf2a24d919dd5c1) Importer(815301076,1909f56bfc062723c751e8b465ee728b)  -> (artifact id: 'c7b03bb9b24ac623de0aaba49202ab6a') in 0.007672 seconds
  Import took 0.010298 seconds .

========================================================================
Received Import Request.
  Time since last request: 0.002844 seconds.
  path: Assets/RPG_Anim_Pack/SuperCharacterController/SuperCharacterController/Core/BruteForceMesh.cs
  artifactKey: Guid(805f83d20f16acf4b8d355a30abf0b5e) Importer(815301076,1909f56bfc062723c751e8b465ee728b)
Start importing Assets/RPG_Anim_Pack/SuperCharacterController/SuperCharacterController/Core/BruteForceMesh.cs using Guid(805f83d20f16acf4b8d355a30abf0b5e) Importer(815301076,1909f56bfc062723c751e8b465ee728b)  -> (artifact id: '3246a633521c2d1b0eb5501c73eb3c80') in 0.007427 seconds
  Import took 0.010058 seconds .

========================================================================
Received Import Request.
  Time since last request: 0.003633 seconds.
  path: Assets/UnityChan.SpringBone/Script/Utility/StringUtil.cs
  artifactKey: Guid(64a7aa1aab4d70144b3455d13e091f01) Importer(815301076,1909f56bfc062723c751e8b465ee728b)
Start importing Assets/UnityChan.SpringBone/Script/Utility/StringUtil.cs using Guid(64a7aa1aab4d70144b3455d13e091f01) Importer(815301076,1909f56bfc062723c751e8b465ee728b)  -> (artifact id: '1b02e85d885db904e8807d8b0d48830f') in 0.006145 seconds
  Import took 0.008724 seconds .

========================================================================
Received Import Request.
  Time since last request: 0.008410 seconds.
  path: Assets/UnityChan/SD_Toko_chanz/Toko/Models/Textures/body_win.tga
  artifactKey: Guid(503e17ac92f1eae4b986ba43bd456dc5) Importer(815301076,1909f56bfc062723c751e8b465ee728b)
Start importing Assets/UnityChan/SD_Toko_chanz/Toko/Models/Textures/body_win.tga using Guid(503e17ac92f1eae4b986ba43bd456dc5) Importer(815301076,1909f56bfc062723c751e8b465ee728b)  -> (artifact id: 'b283b690fca002b10ea5feb137d64b54') in 0.391455 seconds
  Import took 0.393560 seconds .

========================================================================
Received Import Request.
  Time since last request: 0.004185 seconds.
  path: Assets/RPG_Anim_Pack/RPG Character Mecanim Animation Pack FREE/Code/Actions/Movement/Move.cs
  artifactKey: Guid(b7ff9a297b6424c4b980748bb0d8a647) Importer(815301076,1909f56bfc062723c751e8b465ee728b)
Start importing Assets/RPG_Anim_Pack/RPG Character Mecanim Animation Pack FREE/Code/Actions/Movement/Move.cs using Guid(b7ff9a297b6424c4b980748bb0d8a647) Importer(815301076,1909f56bfc062723c751e8b465ee728b)  -> (artifact id: 'bafda7ee3bdcb58fa105d94aae86e23b') in 0.006124 seconds
  Import took 0.008627 seconds .

========================================================================
Received Import Request.
  Time since last request: 0.003365 seconds.
  path: Assets/RPG_Anim_Pack/RPG Character Mecanim Animation Pack FREE/Code/Actions/Movement/GetHit.cs
  artifactKey: Guid(4a9f1db0da51548f9b85cd3a343fcadb) Importer(815301076,1909f56bfc062723c751e8b465ee728b)
Start importing Assets/RPG_Anim_Pack/RPG Character Mecanim Animation Pack FREE/Code/Actions/Movement/GetHit.cs using Guid(4a9f1db0da51548f9b85cd3a343fcadb) Importer(815301076,1909f56bfc062723c751e8b465ee728b)  -> (artifact id: '630f82f313e8172a8ae4a3a16427c96b') in 0.006597 seconds
  Import took 0.009251 seconds .

========================================================================
Received Import Request.
  Time since last request: 0.002989 seconds.
  path: Assets/UnityChan.SpringBone/Script/SpringBone/ForceProviders/ForceVolume.cs
  artifactKey: Guid(c60bdcc1a8f90724fb0850bd7777ddfd) Importer(815301076,1909f56bfc062723c751e8b465ee728b)
Start importing Assets/UnityChan.SpringBone/Script/SpringBone/ForceProviders/ForceVolume.cs using Guid(c60bdcc1a8f90724fb0850bd7777ddfd) Importer(815301076,1909f56bfc062723c751e8b465ee728b)  -> (artifact id: '6921c7704b5a9010d97f7f37e770c252') in 0.005953 seconds
  Import took 0.008392 seconds .

========================================================================
Received Import Request.
  Time since last request: 0.003008 seconds.
  path: Assets/RPG_Anim_Pack/RPG Character Mecanim Animation Pack FREE/Code/Actions/Movement/Knockback.cs
  artifactKey: Guid(5bb268a70d200e444949c9514f619ff7) Importer(815301076,1909f56bfc062723c751e8b465ee728b)
Start importing Assets/RPG_Anim_Pack/RPG Character Mecanim Animation Pack FREE/Code/Actions/Movement/Knockback.cs using Guid(5bb268a70d200e444949c9514f619ff7) Importer(815301076,1909f56bfc062723c751e8b465ee728b)  -> (artifact id: '0fee9b070a6ba0d24bd93532ae7f8129') in 0.006099 seconds
  Import took 0.008546 seconds .

========================================================================
Received Import Request.
  Time since last request: 0.003536 seconds.
  path: Assets/RPG_Anim_Pack/RPG Character Mecanim Animation Pack FREE/Code/Actions/Movement/Fall.cs
  artifactKey: Guid(f304794caa478437398957fbfc29ba3e) Importer(815301076,1909f56bfc062723c751e8b465ee728b)
Start importing Assets/RPG_Anim_Pack/RPG Character Mecanim Animation Pack FREE/Code/Actions/Movement/Fall.cs using Guid(f304794caa478437398957fbfc29ba3e) Importer(815301076,1909f56bfc062723c751e8b465ee728b)  -> (artifact id: '471fc756a0d45958df4b58d859bb53b5') in 0.005585 seconds
  Import took 0.007982 seconds .

========================================================================
Received Import Request.
  Time since last request: 0.003260 seconds.
  path: Assets/UnityChan.SpringBone/Script/SpringBone/Editor/SpringBone/GUI/Windows/SpringBoneWindow.cs
  artifactKey: Guid(02989ccaa452fd745bb0baba6a0882b0) Importer(815301076,1909f56bfc062723c751e8b465ee728b)
Start importing Assets/UnityChan.SpringBone/Script/SpringBone/Editor/SpringBone/GUI/Windows/SpringBoneWindow.cs using Guid(02989ccaa452fd745bb0baba6a0882b0) Importer(815301076,1909f56bfc062723c751e8b465ee728b)  -> (artifact id: '89e568b4d7c6cb6fea8492e76f8dee33') in 0.006743 seconds
  Import took 0.009064 seconds .

========================================================================
Received Import Request.
  Time since last request: 0.003408 seconds.
  path: Assets/RPG_Anim_Pack/RPG Character Mecanim Animation Pack FREE/Animations/2Hand-Sword/RPG-Character@2Hand-Sword-Strafe-Backward.FBX
  artifactKey: Guid(49c8b0222c69c4441a9b6a085641e4eb) Importer(815301076,1909f56bfc062723c751e8b465ee728b)
Start importing Assets/RPG_Anim_Pack/RPG Character Mecanim Animation Pack FREE/Animations/2Hand-Sword/RPG-Character@2Hand-Sword-Strafe-Backward.FBX using Guid(49c8b0222c69c4441a9b6a085641e4eb) Importer(815301076,1909f56bfc062723c751e8b465ee728b)  -> (artifact id: '4a2a0c5b77262e043e4e57dd29f6f0af') in 0.025114 seconds
  Import took 0.027433 seconds .

========================================================================
Received Import Request.
  Time since last request: 0.003251 seconds.
  path: Assets/Scripts/CarMove.cs
  artifactKey: Guid(3a3d0e6fd35ebd740a1b3127d3953bd7) Importer(815301076,1909f56bfc062723c751e8b465ee728b)
Start importing Assets/Scripts/CarMove.cs using Guid(3a3d0e6fd35ebd740a1b3127d3953bd7) Importer(815301076,1909f56bfc062723c751e8b465ee728b)  -> (artifact id: '7915b2b11750fe2430dbd88b423b61b5') in 0.005340 seconds
  Import took 0.007368 seconds .

========================================================================
Received Import Request.
  Time since last request: 0.002779 seconds.
  path: Assets/Ground/Textures/Ground.png
  artifactKey: Guid(d32775de0479eeb4fa807d817554f123) Importer(815301076,1909f56bfc062723c751e8b465ee728b)
Start importing Assets/Ground/Textures/Ground.png using Guid(d32775de0479eeb4fa807d817554f123) Importer(815301076,1909f56bfc062723c751e8b465ee728b)  -> (artifact id: '8bc23d46cff6d283c32273e7053587f3') in 0.014157 seconds
  Import took 0.016288 seconds .

========================================================================
Received Import Request.
  Time since last request: 0.003671 seconds.
  path: Assets/UnityChan.SpringBone/Script/SpringBone/Editor/SpringBone/GUI/Inspectors/SpringBoneInspector.cs
  artifactKey: Guid(d0834240bcdc77b4e81e0d0fe78870e8) Importer(815301076,1909f56bfc062723c751e8b465ee728b)
Start importing Assets/UnityChan.SpringBone/Script/SpringBone/Editor/SpringBone/GUI/Inspectors/SpringBoneInspector.cs using Guid(d0834240bcdc77b4e81e0d0fe78870e8) Importer(815301076,1909f56bfc062723c751e8b465ee728b)  -> (artifact id: 'cf333dc464b308465923b1072b20d197') in 0.006413 seconds
  Import took 0.008846 seconds .

========================================================================
Received Import Request.
  Time since last request: 0.003198 seconds.
  path: Assets/UnityChan.SpringBone/Script/SpringBone/Editor/SpringBone/GUI/Inspectors/InspectorPropertyInfo.cs
  artifactKey: Guid(70eb4960098432a4abbdf79efd0a9edc) Importer(815301076,1909f56bfc062723c751e8b465ee728b)
Start importing Assets/UnityChan.SpringBone/Script/SpringBone/Editor/SpringBone/GUI/Inspectors/InspectorPropertyInfo.cs using Guid(70eb4960098432a4abbdf79efd0a9edc) Importer(815301076,1909f56bfc062723c751e8b465ee728b)  -> (artifact id: 'c663efc53c120d02f5a740995059bb9d') in 0.005516 seconds
  Import took 0.007693 seconds .

========================================================================
Received Import Request.
  Time since last request: 0.002949 seconds.
  path: Assets/RPG_Anim_Pack/RPG Character Mecanim Animation Pack FREE/Code/CoroutineQueue.cs
  artifactKey: Guid(8d0aab3b726014c3bba6d70262ed644c) Importer(815301076,1909f56bfc062723c751e8b465ee728b)
Start importing Assets/RPG_Anim_Pack/RPG Character Mecanim Animation Pack FREE/Code/CoroutineQueue.cs using Guid(8d0aab3b726014c3bba6d70262ed644c) Importer(815301076,1909f56bfc062723c751e8b465ee728b)  -> (artifact id: 'd959f80ac23a34dc82b2708b6477387c') in 0.006257 seconds
  Import took 0.008739 seconds .

========================================================================
Received Import Request.
  Time since last request: 0.003085 seconds.
  path: Assets/RPG_Anim_Pack/RPG Character Mecanim Animation Pack FREE/Code/AnimationData.cs
  artifactKey: Guid(5c2dd2f29d53b4f509873c1c375119c8) Importer(815301076,1909f56bfc062723c751e8b465ee728b)
Start importing Assets/RPG_Anim_Pack/RPG Character Mecanim Animation Pack FREE/Code/AnimationData.cs using Guid(5c2dd2f29d53b4f509873c1c375119c8) Importer(815301076,1909f56bfc062723c751e8b465ee728b)  -> (artifact id: '577b759c3c1742a7bd6eb17227696b3b') in 0.005576 seconds
  Import took 0.007632 seconds .

========================================================================
Received Import Request.
  Time since last request: 0.003466 seconds.
  path: Assets/RPG_Anim_Pack/RPG Character Mecanim Animation Pack FREE/Animations/2Hand-Sword/RPG-Character@2Hand-Sword-Strafe-Right.FBX
  artifactKey: Guid(9f2cd5651f41077488b70ee6fb92ad24) Importer(815301076,1909f56bfc062723c751e8b465ee728b)
Start importing Assets/RPG_Anim_Pack/RPG Character Mecanim Animation Pack FREE/Animations/2Hand-Sword/RPG-Character@2Hand-Sword-Strafe-Right.FBX using Guid(9f2cd5651f41077488b70ee6fb92ad24) Importer(815301076,1909f56bfc062723c751e8b465ee728b)  -> (artifact id: '293312c1a95cd0e6ab656b44ffc6e2ff') in 0.009154 seconds
  Import took 0.011678 seconds .

========================================================================
Received Import Request.
  Time since last request: 0.002746 seconds.
  path: Assets/RPG_Anim_Pack/SuperCharacterController/Code/PlayerCamera.cs
  artifactKey: Guid(3ded0ea888fa27f4e8fa24127954a075) Importer(815301076,1909f56bfc062723c751e8b465ee728b)
Start importing Assets/RPG_Anim_Pack/SuperCharacterController/Code/PlayerCamera.cs using Guid(3ded0ea888fa27f4e8fa24127954a075) Importer(815301076,1909f56bfc062723c751e8b465ee728b)  -> (artifact id: 'c482afa9f374d05a4f16573c692f90a0') in 0.005549 seconds
  Import took 0.007922 seconds .

========================================================================
Received Import Request.
  Time since last request: 0.003239 seconds.
  path: Assets/RPG_Anim_Pack/SuperCharacterController/SuperCharacterController/Core/BSPTree.cs
  artifactKey: Guid(1a5a6afaf80069348aa068ae586fb3ab) Importer(815301076,1909f56bfc062723c751e8b465ee728b)
Start importing Assets/RPG_Anim_Pack/SuperCharacterController/SuperCharacterController/Core/BSPTree.cs using Guid(1a5a6afaf80069348aa068ae586fb3ab) Importer(815301076,1909f56bfc062723c751e8b465ee728b)  -> (artifact id: '541f953be81c592df8b4a3e10772cfbf') in 0.005572 seconds
  Import took 0.007933 seconds .

========================================================================
Received Import Request.
  Time since last request: 0.013975 seconds.
  path: Assets/UnityChan.SpringBone/Script/Utility/DirectoryUtil.cs
  artifactKey: Guid(458a90c244893a643b75764d639a518e) Importer(815301076,1909f56bfc062723c751e8b465ee728b)
Start importing Assets/UnityChan.SpringBone/Script/Utility/DirectoryUtil.cs using Guid(458a90c244893a643b75764d639a518e) Importer(815301076,1909f56bfc062723c751e8b465ee728b)  -> (artifact id: '1b0e54cdf7dabe7a216803cd1d31d785') in 0.005436 seconds
  Import took 0.007512 seconds .

========================================================================
Received Import Request.
  Time since last request: 0.003285 seconds.
  path: Assets/RPG_Anim_Pack/RPG Character Mecanim Animation Pack FREE/Code/Actions/Character/Attack.cs
  artifactKey: Guid(985f61998e43147c990462a7a4520f69) Importer(815301076,1909f56bfc062723c751e8b465ee728b)
Start importing Assets/RPG_Anim_Pack/RPG Character Mecanim Animation Pack FREE/Code/Actions/Character/Attack.cs using Guid(985f61998e43147c990462a7a4520f69) Importer(815301076,1909f56bfc062723c751e8b465ee728b)  -> (artifact id: 'e32d32fd85df3db2a708985d9f1c845f') in 0.005635 seconds
  Import took 0.007775 seconds .

========================================================================
Received Import Request.
  Time since last request: 0.002595 seconds.
  path: Assets/RPG_Anim_Pack/Demo Elements/Code/NoJumpSlime.cs
  artifactKey: Guid(3b4de29ff4e314798b2b4d9a6b5a8449) Importer(815301076,1909f56bfc062723c751e8b465ee728b)
Start importing Assets/RPG_Anim_Pack/Demo Elements/Code/NoJumpSlime.cs using Guid(3b4de29ff4e314798b2b4d9a6b5a8449) Importer(815301076,1909f56bfc062723c751e8b465ee728b)  -> (artifact id: '4b0177e3e4bc66594d44bb08157e40ac') in 0.005597 seconds
  Import took 0.007650 seconds .

========================================================================
Received Import Request.
  Time since last request: 0.009708 seconds.
  path: Assets/UnityChan.SpringBone/Script/SpringBone/Editor/SpringBone/GUI/Inspectors/SpringPanelColliderInspector.cs
  artifactKey: Guid(ec0e1c920810a7440801d1c4a8f03aa4) Importer(815301076,1909f56bfc062723c751e8b465ee728b)
Start importing Assets/UnityChan.SpringBone/Script/SpringBone/Editor/SpringBone/GUI/Inspectors/SpringPanelColliderInspector.cs using Guid(ec0e1c920810a7440801d1c4a8f03aa4) Importer(815301076,1909f56bfc062723c751e8b465ee728b)  -> (artifact id: 'b63afeb634cb466afdd44caa3dba53fc') in 0.005763 seconds
  Import took 0.008131 seconds .

========================================================================
Received Import Request.
  Time since last request: 0.002831 seconds.
  path: Assets/RPG_Anim_Pack/SuperCharacterController/Code/Gravity.cs
  artifactKey: Guid(94bba39df9f503940913a5dbc45d6fc2) Importer(815301076,1909f56bfc062723c751e8b465ee728b)
Start importing Assets/RPG_Anim_Pack/SuperCharacterController/Code/Gravity.cs using Guid(94bba39df9f503940913a5dbc45d6fc2) Importer(815301076,1909f56bfc062723c751e8b465ee728b)  -> (artifact id: '3841b68618432d5f4231352492911896') in 0.005622 seconds
  Import took 0.007753 seconds .

========================================================================
Received Import Request.
  Time since last request: 0.003535 seconds.
  path: Assets/Toon/Shader/Toon_ShadingGradeMap.shader
  artifactKey: Guid(ca035891872022e4f80c952b3916e450) Importer(815301076,1909f56bfc062723c751e8b465ee728b)
Start importing Assets/Toon/Shader/Toon_ShadingGradeMap.shader using Guid(ca035891872022e4f80c952b3916e450) Importer(815301076,1909f56bfc062723c751e8b465ee728b)  -> (artifact id: '0206f41092f3eaaa866acd19841296e3') in 0.112356 seconds
  Import took 0.114471 seconds .

========================================================================
Received Import Request.
  Time since last request: 0.003154 seconds.
  path: Assets/RPG_Anim_Pack/SuperCharacterController/SuperCharacterController/Core/SuperStateMachine.cs
  artifactKey: Guid(863732f8a6e9a6a498c793425ea50038) Importer(815301076,1909f56bfc062723c751e8b465ee728b)
Start importing Assets/RPG_Anim_Pack/SuperCharacterController/SuperCharacterController/Core/SuperStateMachine.cs using Guid(863732f8a6e9a6a498c793425ea50038) Importer(815301076,1909f56bfc062723c751e8b465ee728b)  -> (artifact id: '91a3d7d346f4384c6499f2de2dff9570') in 0.005814 seconds
  Import took 0.008223 seconds .

========================================================================
Received Import Request.
  Time since last request: 0.003430 seconds.
  path: Assets/UnityChan.SpringBone/Script/SpringBone/Editor/SpringBone/GUI/SpringBoneGUIStyles.cs
  artifactKey: Guid(684f6f2efa4f55446b4e08d03eb95980) Importer(815301076,1909f56bfc062723c751e8b465ee728b)
Start importing Assets/UnityChan.SpringBone/Script/SpringBone/Editor/SpringBone/GUI/SpringBoneGUIStyles.cs using Guid(684f6f2efa4f55446b4e08d03eb95980) Importer(815301076,1909f56bfc062723c751e8b465ee728b)  -> (artifact id: '960b0cd685916187801bcdcc380128ca') in 0.005817 seconds
  Import took 0.008098 seconds .

========================================================================
Received Import Request.
  Time since last request: 0.003459 seconds.
  path: Assets/UnityChan.SpringBone/Script/Utility/ObjectBuilding/StringQueueObjectBuilder.cs
  artifactKey: Guid(fa0a00af1da3c7646917d5fe445a4d3e) Importer(815301076,1909f56bfc062723c751e8b465ee728b)
Start importing Assets/UnityChan.SpringBone/Script/Utility/ObjectBuilding/StringQueueObjectBuilder.cs using Guid(fa0a00af1da3c7646917d5fe445a4d3e) Importer(815301076,1909f56bfc062723c751e8b465ee728b)  -> (artifact id: 'e2a3b06488bcd3db4ca1085b298e8011') in 0.006170 seconds
  Import took 0.008805 seconds .

========================================================================
Received Import Request.
  Time since last request: 0.003548 seconds.
  path: Assets/Scripts/PlayerAnimator.cs
  artifactKey: Guid(ceb2824d83a6b9749a58e250bc945fc9) Importer(815301076,1909f56bfc062723c751e8b465ee728b)
Start importing Assets/Scripts/PlayerAnimator.cs using Guid(ceb2824d83a6b9749a58e250bc945fc9) Importer(815301076,1909f56bfc062723c751e8b465ee728b)  -> (artifact id: '7871cfb22a245707cbcdeee956fb6249') in 0.006141 seconds
  Import took 0.009009 seconds .

========================================================================
Received Import Request.
  Time since last request: 0.002847 seconds.
  path: Assets/UnityChan.SpringBone/Script/SpringBone/Editor/SpringBone/GUI/GUIElements.cs
  artifactKey: Guid(330490b2d7ece3e4a9e5cdafa6263091) Importer(815301076,1909f56bfc062723c751e8b465ee728b)
Start importing Assets/UnityChan.SpringBone/Script/SpringBone/Editor/SpringBone/GUI/GUIElements.cs using Guid(330490b2d7ece3e4a9e5cdafa6263091) Importer(815301076,1909f56bfc062723c751e8b465ee728b)  -> (artifact id: '66235c0c5e68fa6eb2872e6cc6dfd752') in 0.005753 seconds
  Import took 0.008189 seconds .

========================================================================
Received Import Request.
  Time since last request: 0.003112 seconds.
  path: Assets/Toon/Editor/RemoveUnusedMaterialProperties.cs
  artifactKey: Guid(cad15f56be91b744aaf8e22339bc598c) Importer(815301076,1909f56bfc062723c751e8b465ee728b)
Start importing Assets/Toon/Editor/RemoveUnusedMaterialProperties.cs using Guid(cad15f56be91b744aaf8e22339bc598c) Importer(815301076,1909f56bfc062723c751e8b465ee728b)  -> (artifact id: '9cebc2a5d0ca2ec43575e40aa95c48a5') in 0.005810 seconds
  Import took 0.007880 seconds .

========================================================================
Received Import Request.
  Time since last request: 0.012956 seconds.
  path: Assets/RPG_Anim_Pack/RPG Character Mecanim Animation Pack FREE/Code/RPGCharacterController.cs
  artifactKey: Guid(ad159c285c6e6ae4caa1641e7eff37c6) Importer(815301076,1909f56bfc062723c751e8b465ee728b)
Start importing Assets/RPG_Anim_Pack/RPG Character Mecanim Animation Pack FREE/Code/RPGCharacterController.cs using Guid(ad159c285c6e6ae4caa1641e7eff37c6) Importer(815301076,1909f56bfc062723c751e8b465ee728b)  -> (artifact id: '10aa0c365ce00e64c1c5b0f6199361d4') in 0.005236 seconds
  Import took 0.007340 seconds .

========================================================================
Received Import Request.
  Time since last request: 0.002828 seconds.
  path: Assets/RPG_Anim_Pack/RPG Character Mecanim Animation Pack FREE/Code/RPGCharacterNavigationController.cs
  artifactKey: Guid(8abad51ba0028479bb89a9ea8fb39b0d) Importer(815301076,1909f56bfc062723c751e8b465ee728b)
Start importing Assets/RPG_Anim_Pack/RPG Character Mecanim Animation Pack FREE/Code/RPGCharacterNavigationController.cs using Guid(8abad51ba0028479bb89a9ea8fb39b0d) Importer(815301076,1909f56bfc062723c751e8b465ee728b)  -> (artifact id: '17e3cafb82970a7d1933ff1a8f8602fe') in 0.005644 seconds
  Import took 0.007753 seconds .

========================================================================
Received Import Request.
  Time since last request: 0.003038 seconds.
  path: Assets/UnityChan.SpringBone/Script/SpringBone/Editor/SpringBone/GUI/Inspectors/SpringManagerInspector.cs
  artifactKey: Guid(2abdd3250242b3141b80d7684bacbc33) Importer(815301076,1909f56bfc062723c751e8b465ee728b)
Start importing Assets/UnityChan.SpringBone/Script/SpringBone/Editor/SpringBone/GUI/Inspectors/SpringManagerInspector.cs using Guid(2abdd3250242b3141b80d7684bacbc33) Importer(815301076,1909f56bfc062723c751e8b465ee728b)  -> (artifact id: '165cc58a4fad9e97a5cf72e5a4fc1c3a') in 0.005511 seconds
  Import took 0.007787 seconds .

========================================================================
Received Import Request.
  Time since last request: 0.003270 seconds.
  path: Assets/RPG_Anim_Pack/SuperCharacterController/SuperCharacterController/DebugDraw.cs
  artifactKey: Guid(397030935489978468fd530c80e8661d) Importer(815301076,1909f56bfc062723c751e8b465ee728b)
Start importing Assets/RPG_Anim_Pack/SuperCharacterController/SuperCharacterController/DebugDraw.cs using Guid(397030935489978468fd530c80e8661d) Importer(815301076,1909f56bfc062723c751e8b465ee728b)  -> (artifact id: 'b0df7254c5af7e36cb6c61ddebd6612d') in 0.005856 seconds
  Import took 0.007862 seconds .

========================================================================
Received Import Request.
  Time since last request: 0.003080 seconds.
  path: Assets/RPG_Anim_Pack/RPG Character Mecanim Animation Pack FREE/Animations/2Hand-Sword/RPG-Character@2Hand-Sword-Attack1.FBX
  artifactKey: Guid(dce280ced5e006c4cb0eb0fab2f51b75) Importer(815301076,1909f56bfc062723c751e8b465ee728b)
Start importing Assets/RPG_Anim_Pack/RPG Character Mecanim Animation Pack FREE/Animations/2Hand-Sword/RPG-Character@2Hand-Sword-Attack1.FBX using Guid(dce280ced5e006c4cb0eb0fab2f51b75) Importer(815301076,1909f56bfc062723c751e8b465ee728b)  -> (artifact id: '39e07fc98b283d8b3e3f6b3372375033') in 0.010717 seconds
  Import took 0.013545 seconds .

========================================================================
Received Import Request.
  Time since last request: 0.003323 seconds.
  path: Assets/RPG_Anim_Pack/RPG Character Mecanim Animation Pack FREE/Animations/2Hand-Sword/RPG-Character@2Hand-Sword-Attack2.FBX
  artifactKey: Guid(7b5b17e2d42e0424f9c36012595dc9b6) Importer(815301076,1909f56bfc062723c751e8b465ee728b)
Start importing Assets/RPG_Anim_Pack/RPG Character Mecanim Animation Pack FREE/Animations/2Hand-Sword/RPG-Character@2Hand-Sword-Attack2.FBX using Guid(7b5b17e2d42e0424f9c36012595dc9b6) Importer(815301076,1909f56bfc062723c751e8b465ee728b)  -> (artifact id: 'bdb96e1c0a5582b470dc4d39f5d52dc8') in 0.011582 seconds
  Import took 0.014153 seconds .

========================================================================
Received Import Request.
  Time since last request: 0.003018 seconds.
  path: Assets/RPG_Anim_Pack/RPG Character Mecanim Animation Pack FREE/Code/Actions/InstantActionHandler.cs
  artifactKey: Guid(683bcb0dc1d594bac891d2fc8e8f8f4c) Importer(815301076,1909f56bfc062723c751e8b465ee728b)
Start importing Assets/RPG_Anim_Pack/RPG Character Mecanim Animation Pack FREE/Code/Actions/InstantActionHandler.cs using Guid(683bcb0dc1d594bac891d2fc8e8f8f4c) Importer(815301076,1909f56bfc062723c751e8b465ee728b)  -> (artifact id: '5e2e319d7f8375943c329c0b1d0d4113') in 0.005271 seconds
  Import took 0.007286 seconds .

========================================================================
Received Import Request.
  Time since last request: 0.002850 seconds.
  path: Assets/UnityChan.SpringBone/Script/SpringBone/Editor/Utility/Inspector3DRenderer.cs
  artifactKey: Guid(2c5a0b533d3a2fe42a7c81af27a029a0) Importer(815301076,1909f56bfc062723c751e8b465ee728b)
Start importing Assets/UnityChan.SpringBone/Script/SpringBone/Editor/Utility/Inspector3DRenderer.cs using Guid(2c5a0b533d3a2fe42a7c81af27a029a0) Importer(815301076,1909f56bfc062723c751e8b465ee728b)  -> (artifact id: '9cf9d0edec21e43403a7316cd0c7ba9c') in 0.005778 seconds
  Import took 0.008247 seconds .

========================================================================
Received Import Request.
  Time since last request: 0.002669 seconds.
  path: Assets/UnityChan.SpringBone/Script/SpringBone/AngleLimits.cs
  artifactKey: Guid(ced95b41f494ac3489b4cf9bcffabdd9) Importer(815301076,1909f56bfc062723c751e8b465ee728b)
Start importing Assets/UnityChan.SpringBone/Script/SpringBone/AngleLimits.cs using Guid(ced95b41f494ac3489b4cf9bcffabdd9) Importer(815301076,1909f56bfc062723c751e8b465ee728b)  -> (artifact id: '68ea8a81bb7564f2c588f510beb3bd21') in 0.007296 seconds
  Import took 0.010154 seconds .

========================================================================
Received Import Request.
  Time since last request: 0.003372 seconds.
  path: Assets/RPG_Anim_Pack/RPG Character Mecanim Animation Pack FREE/Code/Actions/Null.cs
  artifactKey: Guid(c2de7b0f2df49440dad76dc469df23c4) Importer(815301076,1909f56bfc062723c751e8b465ee728b)
Start importing Assets/RPG_Anim_Pack/RPG Character Mecanim Animation Pack FREE/Code/Actions/Null.cs using Guid(c2de7b0f2df49440dad76dc469df23c4) Importer(815301076,1909f56bfc062723c751e8b465ee728b)  -> (artifact id: 'aeee75a0139ed22e8685b25274042ae0') in 0.005394 seconds
  Import took 0.007746 seconds .

========================================================================
Received Import Request.
  Time since last request: 0.002922 seconds.
  path: Assets/UnityChan.SpringBone/Script/SpringBone/Editor/SpringBone/GUI/Inspectors/SpringCapsuleColliderInspector.cs
  artifactKey: Guid(e4add4826c7868044880bcea0057dbc3) Importer(815301076,1909f56bfc062723c751e8b465ee728b)
Start importing Assets/UnityChan.SpringBone/Script/SpringBone/Editor/SpringBone/GUI/Inspectors/SpringCapsuleColliderInspector.cs using Guid(e4add4826c7868044880bcea0057dbc3) Importer(815301076,1909f56bfc062723c751e8b465ee728b)  -> (artifact id: 'c257ee0be91795b4ba38ef7fcf6bb339') in 0.006008 seconds
  Import took 0.008373 seconds .

========================================================================
Received Import Request.
  Time since last request: 0.003086 seconds.
  path: Assets/RPG_Anim_Pack/RPG Character Mecanim Animation Pack FREE/Code/Actions/Character/SlowTime.cs
  artifactKey: Guid(a56380783fba84469ae22eedd7f98e15) Importer(815301076,1909f56bfc062723c751e8b465ee728b)
Start importing Assets/RPG_Anim_Pack/RPG Character Mecanim Animation Pack FREE/Code/Actions/Character/SlowTime.cs using Guid(a56380783fba84469ae22eedd7f98e15) Importer(815301076,1909f56bfc062723c751e8b465ee728b)  -> (artifact id: '0d88002e4f7abb6c6b07aa876526246c') in 0.005461 seconds
  Import took 0.007817 seconds .

========================================================================
Received Import Request.
  Time since last request: 0.002545 seconds.
  path: Assets/RPG_Anim_Pack/RPG Character Mecanim Animation Pack FREE/Code/RPGCharacterAnimatorEvents.cs
  artifactKey: Guid(4ff1122b9b053c743b4d7a51caac3cdc) Importer(815301076,1909f56bfc062723c751e8b465ee728b)
Start importing Assets/RPG_Anim_Pack/RPG Character Mecanim Animation Pack FREE/Code/RPGCharacterAnimatorEvents.cs using Guid(4ff1122b9b053c743b4d7a51caac3cdc) Importer(815301076,1909f56bfc062723c751e8b465ee728b)  -> (artifact id: 'f9b2b12175a63db85b13d91113150ace') in 0.005740 seconds
  Import took 0.007816 seconds .

========================================================================
Received Import Request.
  Time since last request: 0.003293 seconds.
  path: Assets/RPG_Anim_Pack/RPG Character Mecanim Animation Pack FREE/Code/Actions/Movement/DiveRoll.cs
  artifactKey: Guid(3a4aa3ca1e779644bbcb72f1a5f921dd) Importer(815301076,1909f56bfc062723c751e8b465ee728b)
Start importing Assets/RPG_Anim_Pack/RPG Character Mecanim Animation Pack FREE/Code/Actions/Movement/DiveRoll.cs using Guid(3a4aa3ca1e779644bbcb72f1a5f921dd) Importer(815301076,1909f56bfc062723c751e8b465ee728b)  -> (artifact id: '9a205e4b287be49590783595d02308ae') in 0.005677 seconds
  Import took 0.007756 seconds .

========================================================================
Received Import Request.
  Time since last request: 0.002625 seconds.
  path: Assets/UnityChan.SpringBone/Script/SpringBone/Colliders/Circle3.cs
  artifactKey: Guid(4b730964483f43944a5167eab6febf72) Importer(815301076,1909f56bfc062723c751e8b465ee728b)
Start importing Assets/UnityChan.SpringBone/Script/SpringBone/Colliders/Circle3.cs using Guid(4b730964483f43944a5167eab6febf72) Importer(815301076,1909f56bfc062723c751e8b465ee728b)  -> (artifact id: '7d190b45d1fc02785b09a2d1ab25bc9b') in 0.005346 seconds
  Import took 0.007669 seconds .

========================================================================
Received Import Request.
  Time since last request: 0.002765 seconds.
  path: Assets/UnityChan.SpringBone/Script/SpringBone/Editor/SpringBone/GUI/Inspectors/InspectorFloatSlider.cs
  artifactKey: Guid(37ad273e4eedbc944862fa5b48867238) Importer(815301076,1909f56bfc062723c751e8b465ee728b)
Start importing Assets/UnityChan.SpringBone/Script/SpringBone/Editor/SpringBone/GUI/Inspectors/InspectorFloatSlider.cs using Guid(37ad273e4eedbc944862fa5b48867238) Importer(815301076,1909f56bfc062723c751e8b465ee728b)  -> (artifact id: '0c83b2d6c5b2fe74a1bce081be35c9a7') in 0.005552 seconds
  Import took 0.008235 seconds .

========================================================================
Received Import Request.
  Time since last request: 0.002610 seconds.
  path: Assets/UnityChan.SpringBone/Script/SpringBone/Setup/SpringColliderSetup.cs
  artifactKey: Guid(482524de04dea334ca44b06910d89633) Importer(815301076,1909f56bfc062723c751e8b465ee728b)
Start importing Assets/UnityChan.SpringBone/Script/SpringBone/Setup/SpringColliderSetup.cs using Guid(482524de04dea334ca44b06910d89633) Importer(815301076,1909f56bfc062723c751e8b465ee728b)  -> (artifact id: 'ffbad2ffd12e957fb433be5dc7a84918') in 0.005739 seconds
  Import took 0.008323 seconds .

========================================================================
Received Import Request.
  Time since last request: 0.002855 seconds.
  path: Assets/UnityChan.SpringBone/Script/SpringBone/Setup/SpringBoneExporting.cs
  artifactKey: Guid(5a0bcc0d386f53a4499bb2b54ec87375) Importer(815301076,1909f56bfc062723c751e8b465ee728b)
Start importing Assets/UnityChan.SpringBone/Script/SpringBone/Setup/SpringBoneExporting.cs using Guid(5a0bcc0d386f53a4499bb2b54ec87375) Importer(815301076,1909f56bfc062723c751e8b465ee728b)  -> (artifact id: '67a1172f866fd3ef7249a1aaf9b2cb28') in 0.005428 seconds
  Import took 0.007775 seconds .

========================================================================
Received Import Request.
  Time since last request: 0.002731 seconds.
  path: Assets/Scripts/EnemyCtrl.cs
  artifactKey: Guid(064f38c53628d1844b3cffc4248d8c93) Importer(815301076,1909f56bfc062723c751e8b465ee728b)
Start importing Assets/Scripts/EnemyCtrl.cs using Guid(064f38c53628d1844b3cffc4248d8c93) Importer(815301076,1909f56bfc062723c751e8b465ee728b)  -> (artifact id: '38f11ded3a519cf63bb281bac79b417e') in 0.005646 seconds
  Import took 0.008167 seconds .

========================================================================
Received Import Request.
  Time since last request: 0.002779 seconds.
  path: Assets/UnityChan.SpringBone/Script/SpringBone/Editor/SpringBone/GUI/Windows/LoadSpringBoneSetupWindow.cs
  artifactKey: Guid(a894a3b1d59a1ae4096125a032d63f39) Importer(815301076,1909f56bfc062723c751e8b465ee728b)
Start importing Assets/UnityChan.SpringBone/Script/SpringBone/Editor/SpringBone/GUI/Windows/LoadSpringBoneSetupWindow.cs using Guid(a894a3b1d59a1ae4096125a032d63f39) Importer(815301076,1909f56bfc062723c751e8b465ee728b)  -> (artifact id: '0bebce145ba183ffcc17a06c9c9be6fe') in 0.005987 seconds
  Import took 0.008497 seconds .

========================================================================
Received Import Request.
  Time since last request: 0.003407 seconds.
  path: Assets/RPG_Anim_Pack/Demo Elements/Code/GUIControls.cs
  artifactKey: Guid(052c25d6da23f2c4593819b4a319b099) Importer(815301076,1909f56bfc062723c751e8b465ee728b)
Start importing Assets/RPG_Anim_Pack/Demo Elements/Code/GUIControls.cs using Guid(052c25d6da23f2c4593819b4a319b099) Importer(815301076,1909f56bfc062723c751e8b465ee728b)  -> (artifact id: 'aaf81512599b67d5b2f5fa87d6d78fdc') in 0.005679 seconds
  Import took 0.007902 seconds .

========================================================================
Received Import Request.
  Time since last request: 0.003040 seconds.
  path: Assets/UnityChan.SpringBone/Script/SpringBone/Editor/SpringBone/GUI/Inspectors/SpringColliderBoneSelector.cs
  artifactKey: Guid(e9f801f5b468f494a95838c0d2f84113) Importer(815301076,1909f56bfc062723c751e8b465ee728b)
Start importing Assets/UnityChan.SpringBone/Script/SpringBone/Editor/SpringBone/GUI/Inspectors/SpringColliderBoneSelector.cs using Guid(e9f801f5b468f494a95838c0d2f84113) Importer(815301076,1909f56bfc062723c751e8b465ee728b)  -> (artifact id: 'a11086bf1d8908099372eb5a53b3aedb') in 0.005594 seconds
  Import took 0.007671 seconds .

========================================================================
Received Import Request.
  Time since last request: 0.010541 seconds.
  path: Assets/UnityChan.SpringBone/Script/SpringBone/Editor/SpringBone/GUI/Windows/MirrorSpringBoneWindow.cs
  artifactKey: Guid(26b7c73a631f7ad4088c2edc417ad460) Importer(815301076,1909f56bfc062723c751e8b465ee728b)
Start importing Assets/UnityChan.SpringBone/Script/SpringBone/Editor/SpringBone/GUI/Windows/MirrorSpringBoneWindow.cs using Guid(26b7c73a631f7ad4088c2edc417ad460) Importer(815301076,1909f56bfc062723c751e8b465ee728b)  -> (artifact id: '88ffdc69b5217424c78695e91ecd2daf') in 0.005498 seconds
  Import took 0.007821 seconds .

========================================================================
Received Import Request.
  Time since last request: 0.003108 seconds.
  path: Assets/UnityChan.SpringBone/Script/SpringBone/Editor/SpringBone/AutoSpringBoneSetup.cs
  artifactKey: Guid(5ccccdbe80d15554ba69ac6895bf486d) Importer(815301076,1909f56bfc062723c751e8b465ee728b)
Start importing Assets/UnityChan.SpringBone/Script/SpringBone/Editor/SpringBone/AutoSpringBoneSetup.cs using Guid(5ccccdbe80d15554ba69ac6895bf486d) Importer(815301076,1909f56bfc062723c751e8b465ee728b)  -> (artifact id: '674302a5be0cfc6efb45a7cc0bf0d135') in 0.007697 seconds
  Import took 0.010294 seconds .

========================================================================
Received Import Request.
  Time since last request: 0.002914 seconds.
  path: Assets/Toon/Editor/CopyMaterialParameter.cs
  artifactKey: Guid(e30857b716beae5479b313fde1a5efaf) Importer(815301076,1909f56bfc062723c751e8b465ee728b)
Start importing Assets/Toon/Editor/CopyMaterialParameter.cs using Guid(e30857b716beae5479b313fde1a5efaf) Importer(815301076,1909f56bfc062723c751e8b465ee728b)  -> (artifact id: '2a0befa96b692bcdbad299c179fb83e2') in 0.006488 seconds
  Import took 0.008755 seconds .

========================================================================
Received Import Request.
  Time since last request: 0.002678 seconds.
  path: Assets/RPG_Anim_Pack/RPG Character Mecanim Animation Pack FREE/Code/RPGCharacterMovementController.cs
  artifactKey: Guid(22f8445ce871a9b46b22d4812ecda9b4) Importer(815301076,1909f56bfc062723c751e8b465ee728b)
Start importing Assets/RPG_Anim_Pack/RPG Character Mecanim Animation Pack FREE/Code/RPGCharacterMovementController.cs using Guid(22f8445ce871a9b46b22d4812ecda9b4) Importer(815301076,1909f56bfc062723c751e8b465ee728b)  -> (artifact id: '74fb2dd2e7809b8f87144695a14896cc') in 0.005196 seconds
  Import took 0.007186 seconds .

========================================================================
Received Import Request.
  Time since last request: 0.003713 seconds.
  path: Assets/RPG_Anim_Pack/RPG Character Mecanim Animation Pack FREE/Textures/RPG-Character.psd
  artifactKey: Guid(8d6091f14c0c6604595a64a4e031e7e5) Importer(815301076,1909f56bfc062723c751e8b465ee728b)
Start importing Assets/RPG_Anim_Pack/RPG Character Mecanim Animation Pack FREE/Textures/RPG-Character.psd using Guid(8d6091f14c0c6604595a64a4e031e7e5) Importer(815301076,1909f56bfc062723c751e8b465ee728b)  -> (artifact id: 'c7b7a47287481611e51db4143a968a4c') in 0.019503 seconds
  Import took 0.022076 seconds .

========================================================================
Received Import Request.
  Time since last request: 0.003459 seconds.
  path: Assets/UnityChan.SpringBone/Script/SpringBone/Colliders/SpringCapsuleCollider.cs
  artifactKey: Guid(f228c6e846db8bd4ca8c289bdb7565b9) Importer(815301076,1909f56bfc062723c751e8b465ee728b)
Start importing Assets/UnityChan.SpringBone/Script/SpringBone/Colliders/SpringCapsuleCollider.cs using Guid(f228c6e846db8bd4ca8c289bdb7565b9) Importer(815301076,1909f56bfc062723c751e8b465ee728b)  -> (artifact id: '121c1061dca8290e95a1bcd82c5976fe') in 0.006111 seconds
  Import took 0.008380 seconds .

========================================================================
Received Import Request.
  Time since last request: 0.002806 seconds.
  path: Assets/UnityChan.SpringBone/Script/SpringBone/Components/HighLeg.cs
  artifactKey: Guid(25665da787af36648889a0924cae3dc3) Importer(815301076,1909f56bfc062723c751e8b465ee728b)
Start importing Assets/UnityChan.SpringBone/Script/SpringBone/Components/HighLeg.cs using Guid(25665da787af36648889a0924cae3dc3) Importer(815301076,1909f56bfc062723c751e8b465ee728b)  -> (artifact id: '1a952ad926088d3f1c3705c85d838d81') in 0.005718 seconds
  Import took 0.008172 seconds .

========================================================================
Received Import Request.
  Time since last request: 0.003620 seconds.
  path: Assets/UnityChan.SpringBone/Script/Utility/PathUtil.cs
  artifactKey: Guid(d9503062e83c1774fafb0208941a784f) Importer(815301076,1909f56bfc062723c751e8b465ee728b)
Start importing Assets/UnityChan.SpringBone/Script/Utility/PathUtil.cs using Guid(d9503062e83c1774fafb0208941a784f) Importer(815301076,1909f56bfc062723c751e8b465ee728b)  -> (artifact id: '797bc545d2a2590c106233e372d24f8d') in 0.006017 seconds
  Import took 0.008722 seconds .

========================================================================
Received Import Request.
  Time since last request: 0.002826 seconds.
  path: Assets/RPG_Anim_Pack/RPG Character Mecanim Animation Pack FREE/Code/RPGCharacterWeaponController.cs
  artifactKey: Guid(5958cd024b2eaad48be530c6c18db3df) Importer(815301076,1909f56bfc062723c751e8b465ee728b)
Start importing Assets/RPG_Anim_Pack/RPG Character Mecanim Animation Pack FREE/Code/RPGCharacterWeaponController.cs using Guid(5958cd024b2eaad48be530c6c18db3df) Importer(815301076,1909f56bfc062723c751e8b465ee728b)  -> (artifact id: 'aed91edec77db89944c0437e690296ba') in 0.005785 seconds
  Import took 0.007972 seconds .

========================================================================
Received Import Request.
  Time since last request: 0.003380 seconds.
  path: Assets/RPG_Anim_Pack/SuperCharacterController/Code/SimpleStateMachine.cs
  artifactKey: Guid(fec75e56c420ebf43ad7030bcda658e6) Importer(815301076,1909f56bfc062723c751e8b465ee728b)
Start importing Assets/RPG_Anim_Pack/SuperCharacterController/Code/SimpleStateMachine.cs using Guid(fec75e56c420ebf43ad7030bcda658e6) Importer(815301076,1909f56bfc062723c751e8b465ee728b)  -> (artifact id: 'fbee51e3d12d128744bbd39b27f17901') in 0.005843 seconds
  Import took 0.007929 seconds .

========================================================================
Received Import Request.
  Time since last request: 0.003327 seconds.
  path: Assets/RPG_Anim_Pack/RPG Character Mecanim Animation Pack FREE/Animations/2Hand-Sword/RPG-Character@2Hand-Sword-Strafe-Left.FBX
  artifactKey: Guid(5138183205551c5448d78f2f2e6aaa56) Importer(815301076,1909f56bfc062723c751e8b465ee728b)
Start importing Assets/RPG_Anim_Pack/RPG Character Mecanim Animation Pack FREE/Animations/2Hand-Sword/RPG-Character@2Hand-Sword-Strafe-Left.FBX using Guid(5138183205551c5448d78f2f2e6aaa56) Importer(815301076,1909f56bfc062723c751e8b465ee728b)  -> (artifact id: '6673ca332a1e86791dd736437d8fa3d2') in 0.009830 seconds
  Import took 0.012479 seconds .

========================================================================
Received Import Request.
  Time since last request: 0.002737 seconds.
  path: Assets/RPG_Anim_Pack/SuperCharacterController/SuperCharacterController/Core/SuperCharacterController.cs
  artifactKey: Guid(294f215f6a448ab4d8564c41fa2e0502) Importer(815301076,1909f56bfc062723c751e8b465ee728b)
Start importing Assets/RPG_Anim_Pack/SuperCharacterController/SuperCharacterController/Core/SuperCharacterController.cs using Guid(294f215f6a448ab4d8564c41fa2e0502) Importer(815301076,1909f56bfc062723c751e8b465ee728b)  -> (artifact id: '81403ea6f3b0c70e2cddd1c4ffbd1d71') in 0.005600 seconds
  Import took 0.007660 seconds .

========================================================================
Received Import Request.
  Time since last request: 0.002834 seconds.
  path: Assets/RPG_Anim_Pack/SuperCharacterController/Code/PlayerInputController.cs
  artifactKey: Guid(1e24a0b0f2e735e49babc1ab8df99dba) Importer(815301076,1909f56bfc062723c751e8b465ee728b)
Start importing Assets/RPG_Anim_Pack/SuperCharacterController/Code/PlayerInputController.cs using Guid(1e24a0b0f2e735e49babc1ab8df99dba) Importer(815301076,1909f56bfc062723c751e8b465ee728b)  -> (artifact id: '51e9571a766ce0ad609c39ccb1264c18') in 0.005314 seconds
  Import took 0.007378 seconds .

========================================================================
Received Import Request.
  Time since last request: 0.002893 seconds.
  path: Assets/RPG_Anim_Pack/RPG Character Mecanim Animation Pack FREE/Code/IKHands.cs
  artifactKey: Guid(23f93422e3e033e4aa4d80c9c8d0d939) Importer(815301076,1909f56bfc062723c751e8b465ee728b)
Start importing Assets/RPG_Anim_Pack/RPG Character Mecanim Animation Pack FREE/Code/IKHands.cs using Guid(23f93422e3e033e4aa4d80c9c8d0d939) Importer(815301076,1909f56bfc062723c751e8b465ee728b)  -> (artifact id: 'f3db7d584e12848b38cb92a6e4474ac0') in 0.005499 seconds
  Import took 0.007555 seconds .

========================================================================
Received Import Request.
  Time since last request: 0.012929 seconds.
  path: Assets/RPG_Anim_Pack/SuperCharacterController/SuperCharacterController/Core/SuperMath.cs
  artifactKey: Guid(472ad9f9218c93748b3581fcaac62462) Importer(815301076,1909f56bfc062723c751e8b465ee728b)
Start importing Assets/RPG_Anim_Pack/SuperCharacterController/SuperCharacterController/Core/SuperMath.cs using Guid(472ad9f9218c93748b3581fcaac62462) Importer(815301076,1909f56bfc062723c751e8b465ee728b)  -> (artifact id: 'cc76e82df895400976eb574dc4f02ad9') in 0.005685 seconds
  Import took 0.007867 seconds .

========================================================================
Received Import Request.
  Time since last request: 0.009293 seconds.
  path: Assets/UnityChan/SD_Toko_chanz/Toko/Models/Textures/body_sum.tga
  artifactKey: Guid(817ccd2438d5bd64b86dbb4818383f94) Importer(815301076,1909f56bfc062723c751e8b465ee728b)
Start importing Assets/UnityChan/SD_Toko_chanz/Toko/Models/Textures/body_sum.tga using Guid(817ccd2438d5bd64b86dbb4818383f94) Importer(815301076,1909f56bfc062723c751e8b465ee728b)  -> (artifact id: '846b786b2c4ad1cae3248eac2951752a') in 0.012481 seconds
  Import took 0.014879 seconds .

========================================================================
Received Import Request.
  Time since last request: 0.003203 seconds.
  path: Assets/UnityChan.SpringBone/Script/Utility/Editor/SetObjectParentWindow.cs
  artifactKey: Guid(2eda6a268198bc3438847dfd913d1a19) Importer(815301076,1909f56bfc062723c751e8b465ee728b)
Start importing Assets/UnityChan.SpringBone/Script/Utility/Editor/SetObjectParentWindow.cs using Guid(2eda6a268198bc3438847dfd913d1a19) Importer(815301076,1909f56bfc062723c751e8b465ee728b)  -> (artifact id: '4ee9eb8f90737fa2d571792b0c0914c5') in 0.006056 seconds
  Import took 0.008585 seconds .

========================================================================
Received Import Request.
  Time since last request: 0.003090 seconds.
  path: Assets/UnityChan.SpringBone/Script/SpringBone/Editor/SpringBone/GUI/Inspectors/AngleLimitsPropertyInfo.cs
  artifactKey: Guid(39ddee50f2dc53740ad12a7ec2182973) Importer(815301076,1909f56bfc062723c751e8b465ee728b)
Start importing Assets/UnityChan.SpringBone/Script/SpringBone/Editor/SpringBone/GUI/Inspectors/AngleLimitsPropertyInfo.cs using Guid(39ddee50f2dc53740ad12a7ec2182973) Importer(815301076,1909f56bfc062723c751e8b465ee728b)  -> (artifact id: '97093d0272d6bbe3c7b55c5d6a24d499') in 0.005565 seconds
  Import took 0.007680 seconds .

========================================================================
Received Import Request.
  Time since last request: 0.015550 seconds.
  path: Assets/UnityChan/SD_Toko_chanz/Toko/Models/Textures/Toko_head.tif
  artifactKey: Guid(8d21076edcca72f4890b242eb420ded9) Importer(815301076,1909f56bfc062723c751e8b465ee728b)
Start importing Assets/UnityChan/SD_Toko_chanz/Toko/Models/Textures/Toko_head.tif using Guid(8d21076edcca72f4890b242eb420ded9) Importer(815301076,1909f56bfc062723c751e8b465ee728b)  -> (artifact id: '065fbcad58d4a6226c7b1dfbc054babe') in 0.015015 seconds
  Import took 0.017055 seconds .

========================================================================
Received Import Request.
  Time since last request: 0.003086 seconds.
  path: Assets/RPG_Anim_Pack/Demo Elements/Code/CameraController.cs
  artifactKey: Guid(13ba4849f4c890f44947978c76596fb2) Importer(815301076,1909f56bfc062723c751e8b465ee728b)
Start importing Assets/RPG_Anim_Pack/Demo Elements/Code/CameraController.cs using Guid(13ba4849f4c890f44947978c76596fb2) Importer(815301076,1909f56bfc062723c751e8b465ee728b)  -> (artifact id: 'b59f165e3a62a0b79c2730d7cba723e0') in 0.005332 seconds
  Import took 0.007389 seconds .

========================================================================
Received Import Request.
  Time since last request: 0.005360 seconds.
  path: Assets/RPG_Anim_Pack/SuperCharacterController/Code/PlayerMachineDebug.cs
  artifactKey: Guid(1bc22e1ce9f6a3848b9315c3a9afab7a) Importer(815301076,1909f56bfc062723c751e8b465ee728b)
Start importing Assets/RPG_Anim_Pack/SuperCharacterController/Code/PlayerMachineDebug.cs using Guid(1bc22e1ce9f6a3848b9315c3a9afab7a) Importer(815301076,1909f56bfc062723c751e8b465ee728b)  -> (artifact id: '8d4d003f962064a5b8564bb064dfeee1') in 0.005456 seconds
  Import took 0.007665 seconds .

========================================================================
Received Import Request.
  Time since last request: 0.003010 seconds.
  path: Assets/RPG_Anim_Pack/RPG Character Mecanim Animation Pack FREE/Code/Actions/Movement/Jump.cs
  artifactKey: Guid(e27172e47136e43feb14ec98f3b088a7) Importer(815301076,1909f56bfc062723c751e8b465ee728b)
Start importing Assets/RPG_Anim_Pack/RPG Character Mecanim Animation Pack FREE/Code/Actions/Movement/Jump.cs using Guid(e27172e47136e43feb14ec98f3b088a7) Importer(815301076,1909f56bfc062723c751e8b465ee728b)  -> (artifact id: 'f3b997cb9b91b3819958205fd7ca2cb6') in 0.006311 seconds
  Import took 0.008705 seconds .

========================================================================
Received Import Request.
  Time since last request: 0.002981 seconds.
  path: Assets/RPG_Anim_Pack/RPG Character Mecanim Animation Pack FREE/Code/Actions/Movement/MovementActionHandler.cs
  artifactKey: Guid(0a429a7966f14411ca11115abf0b7643) Importer(815301076,1909f56bfc062723c751e8b465ee728b)
Start importing Assets/RPG_Anim_Pack/RPG Character Mecanim Animation Pack FREE/Code/Actions/Movement/MovementActionHandler.cs using Guid(0a429a7966f14411ca11115abf0b7643) Importer(815301076,1909f56bfc062723c751e8b465ee728b)  -> (artifact id: 'c82d9e60f061ca8d00043ee3cfc3eaa4') in 0.005611 seconds
  Import took 0.007754 seconds .

========================================================================
Received Import Request.
  Time since last request: 0.002899 seconds.
  path: Assets/UnityChan.SpringBone/Script/Utility/TextRecordParsing.cs
  artifactKey: Guid(4517039a021dd0f4d8a519c3fefbf991) Importer(815301076,1909f56bfc062723c751e8b465ee728b)
Start importing Assets/UnityChan.SpringBone/Script/Utility/TextRecordParsing.cs using Guid(4517039a021dd0f4d8a519c3fefbf991) Importer(815301076,1909f56bfc062723c751e8b465ee728b)  -> (artifact id: '6d98f64f5f15c4c704433f7981ad333f') in 0.006510 seconds
  Import took 0.009247 seconds .

========================================================================
Received Import Request.
  Time since last request: 0.002962 seconds.
  path: Assets/RPG_Anim_Pack/SuperCharacterController/SuperCharacterController/Core/SuperCollider.cs
  artifactKey: Guid(a389c88a6e5c6e040942c7c227a49f27) Importer(815301076,1909f56bfc062723c751e8b465ee728b)
Start importing Assets/RPG_Anim_Pack/SuperCharacterController/SuperCharacterController/Core/SuperCollider.cs using Guid(a389c88a6e5c6e040942c7c227a49f27) Importer(815301076,1909f56bfc062723c751e8b465ee728b)  -> (artifact id: 'b416e718c2e0f0373a3af152561cbcff') in 0.005543 seconds
  Import took 0.007643 seconds .

========================================================================
Received Import Request.
  Time since last request: 0.003054 seconds.
  path: Assets/UnityChan.SpringBone/Script/SpringBone/Setup/SpringBoneSetup.cs
  artifactKey: Guid(534c96b63b3daf445b5de3c86cb47bb1) Importer(815301076,1909f56bfc062723c751e8b465ee728b)
Start importing Assets/UnityChan.SpringBone/Script/SpringBone/Setup/SpringBoneSetup.cs using Guid(534c96b63b3daf445b5de3c86cb47bb1) Importer(815301076,1909f56bfc062723c751e8b465ee728b)  -> (artifact id: 'd7519be58eaa414b85ecb906fe3dbe07') in 0.005560 seconds
  Import took 0.007989 seconds .

========================================================================
Received Import Request.
  Time since last request: 0.002842 seconds.
  path: Assets/Toon/Editor/UTS2GUI.cs
  artifactKey: Guid(e403ef4b1d56fce47b49ec46981d9fcb) Importer(815301076,1909f56bfc062723c751e8b465ee728b)
Start importing Assets/Toon/Editor/UTS2GUI.cs using Guid(e403ef4b1d56fce47b49ec46981d9fcb) Importer(815301076,1909f56bfc062723c751e8b465ee728b)  -> (artifact id: '3ecc4a0aacc410076c4987502d61ac2d') in 0.005477 seconds
  Import took 0.007767 seconds .

========================================================================
Received Import Request.
  Time since last request: 0.003220 seconds.
  path: Assets/RPG_Anim_Pack/RPG Character Mecanim Animation Pack FREE/Animations/2Hand-Sword/RPG-Character@2Hand-Sword-Attack4.FBX
  artifactKey: Guid(cdd2643e8053d5b419629acf98510a71) Importer(815301076,1909f56bfc062723c751e8b465ee728b)
Start importing Assets/RPG_Anim_Pack/RPG Character Mecanim Animation Pack FREE/Animations/2Hand-Sword/RPG-Character@2Hand-Sword-Attack4.FBX using Guid(cdd2643e8053d5b419629acf98510a71) Importer(815301076,1909f56bfc062723c751e8b465ee728b)  -> (artifact id: 'cc61ca86b4844af7640d8820313246ac') in 0.009026 seconds
  Import took 0.011538 seconds .

========================================================================
Received Import Request.
  Time since last request: 0.003509 seconds.
  path: Assets/RPG_Anim_Pack/RPG Character Mecanim Animation Pack FREE/Code/Actions/ActionHandler.cs
  artifactKey: Guid(2cc7c5d5a1c3d4a5bbc4ed8606ac3b4e) Importer(815301076,1909f56bfc062723c751e8b465ee728b)
Start importing Assets/RPG_Anim_Pack/RPG Character Mecanim Animation Pack FREE/Code/Actions/ActionHandler.cs using Guid(2cc7c5d5a1c3d4a5bbc4ed8606ac3b4e) Importer(815301076,1909f56bfc062723c751e8b465ee728b)  -> (artifact id: 'd9947b90331cfc05183d0a98a8d29398') in 0.005453 seconds
  Import took 0.008061 seconds .

========================================================================
Received Import Request.
  Time since last request: 0.003231 seconds.
  path: Assets/UnityChan.SpringBone/Script/SpringBone/SpringBone.cs
  artifactKey: Guid(03118221f4bfcd74ba0ad8075da02411) Importer(815301076,1909f56bfc062723c751e8b465ee728b)
Start importing Assets/UnityChan.SpringBone/Script/SpringBone/SpringBone.cs using Guid(03118221f4bfcd74ba0ad8075da02411) Importer(815301076,1909f56bfc062723c751e8b465ee728b)  -> (artifact id: '19f135979425d73828f4ae7ceb636f89') in 0.005820 seconds
  Import took 0.008486 seconds .

========================================================================
Received Import Request.
  Time since last request: 0.003538 seconds.
  path: Assets/Scripts/PlayerCtrl.cs
  artifactKey: Guid(75b6517cb38bf494fbecca11d616285f) Importer(815301076,1909f56bfc062723c751e8b465ee728b)
Start importing Assets/Scripts/PlayerCtrl.cs using Guid(75b6517cb38bf494fbecca11d616285f) Importer(815301076,1909f56bfc062723c751e8b465ee728b)  -> (artifact id: 'ee0234027f6b27b980f3ea6e7fb1c755') in 0.005722 seconds
  Import took 0.007833 seconds .

========================================================================
Received Import Request.
  Time since last request: 0.003815 seconds.
  path: Assets/RPG_Anim_Pack/RPG Character Mecanim Animation Pack FREE/Animations/2Hand-Sword/RPG-Character@2Hand-Sword-Attack3.FBX
  artifactKey: Guid(018ce46eeecfeae4abb8016f2c6841ca) Importer(815301076,1909f56bfc062723c751e8b465ee728b)
Start importing Assets/RPG_Anim_Pack/RPG Character Mecanim Animation Pack FREE/Animations/2Hand-Sword/RPG-Character@2Hand-Sword-Attack3.FBX using Guid(018ce46eeecfeae4abb8016f2c6841ca) Importer(815301076,1909f56bfc062723c751e8b465ee728b)  -> (artifact id: 'cdba7186c0071f39e66fb61ff6ed1a0f') in 0.009440 seconds
  Import took 0.012085 seconds .

========================================================================
Received Import Request.
  Time since last request: 0.003672 seconds.
  path: Assets/Scripts/Movement3D.cs
  artifactKey: Guid(c78d238933ca0b94a9a95fdc3a9b6ab6) Importer(815301076,1909f56bfc062723c751e8b465ee728b)
Start importing Assets/Scripts/Movement3D.cs using Guid(c78d238933ca0b94a9a95fdc3a9b6ab6) Importer(815301076,1909f56bfc062723c751e8b465ee728b)  -> (artifact id: 'e71246616bb5442f32ccb4200b109edb') in 0.006350 seconds
  Import took 0.009057 seconds .

========================================================================
Received Import Request.
  Time since last request: 0.003737 seconds.
  path: Assets/UnityChan.SpringBone/Script/SpringBone/Editor/SpringBone/GUI/Windows/SaveSpringBoneSetupWindow.cs
  artifactKey: Guid(c7937c5bfb0b4c547b75cb3f4b1d74f9) Importer(815301076,1909f56bfc062723c751e8b465ee728b)
Start importing Assets/UnityChan.SpringBone/Script/SpringBone/Editor/SpringBone/GUI/Windows/SaveSpringBoneSetupWindow.cs using Guid(c7937c5bfb0b4c547b75cb3f4b1d74f9) Importer(815301076,1909f56bfc062723c751e8b465ee728b)  -> (artifact id: 'abe9860522e14ecfcb642aa43b467fb8') in 0.007339 seconds
  Import took 0.010089 seconds .

========================================================================
Received Import Request.
  Time since last request: 0.003967 seconds.
  path: Assets/UnityChan.SpringBone/Script/Utility/Editor/FindGameObjectsWindow.cs
  artifactKey: Guid(82688ce23f53e0440bec35c08758c7bc) Importer(815301076,1909f56bfc062723c751e8b465ee728b)
Start importing Assets/UnityChan.SpringBone/Script/Utility/Editor/FindGameObjectsWindow.cs using Guid(82688ce23f53e0440bec35c08758c7bc) Importer(815301076,1909f56bfc062723c751e8b465ee728b)  -> (artifact id: '254f1dd12c9a9567b140508b4f8a5b21') in 0.006224 seconds
  Import took 0.008591 seconds .

========================================================================
Received Import Request.
  Time since last request: 0.003171 seconds.
  path: Assets/RPG_Anim_Pack/Demo Elements/Code/HighJumpTrampoline.cs
  artifactKey: Guid(265e84f5c94794348ba77c327a325de8) Importer(815301076,1909f56bfc062723c751e8b465ee728b)
Start importing Assets/RPG_Anim_Pack/Demo Elements/Code/HighJumpTrampoline.cs using Guid(265e84f5c94794348ba77c327a325de8) Importer(815301076,1909f56bfc062723c751e8b465ee728b)  -> (artifact id: 'd5b89fed76543756986ac636844b7b54') in 0.005636 seconds
  Import took 0.007684 seconds .

========================================================================
Received Import Request.
  Time since last request: 0.004034 seconds.
  path: Assets/UnityChan.SpringBone/Script/SpringBone/Colliders/SpringSphereCollider.cs
  artifactKey: Guid(328bfb8438c749d46ad9174283110a36) Importer(815301076,1909f56bfc062723c751e8b465ee728b)
Start importing Assets/UnityChan.SpringBone/Script/SpringBone/Colliders/SpringSphereCollider.cs using Guid(328bfb8438c749d46ad9174283110a36) Importer(815301076,1909f56bfc062723c751e8b465ee728b)  -> (artifact id: '97e9cec106ae65f337d4fcd77d6044a6') in 0.005884 seconds
  Import took 0.007991 seconds .

========================================================================
Received Import Request.
  Time since last request: 0.004779 seconds.
  path: Assets/UnityChan/SD_Toko_chanz/Toko/Models/Textures/Toko_face_lineMask.tif
  artifactKey: Guid(706dbe44ef62dd941a6c78569da0f1f0) Importer(815301076,1909f56bfc062723c751e8b465ee728b)
Start importing Assets/UnityChan/SD_Toko_chanz/Toko/Models/Textures/Toko_face_lineMask.tif using Guid(706dbe44ef62dd941a6c78569da0f1f0) Importer(815301076,1909f56bfc062723c751e8b465ee728b)  -> (artifact id: '4c5f9f19bc38edcdac91ff64c4e59d4a') in 0.011060 seconds
  Import took 0.013352 seconds .

========================================================================
Received Import Request.
  Time since last request: 0.003939 seconds.
  path: Assets/UnityChan.SpringBone/Script/SpringBone/Editor/SpringBone/GUI/Inspectors/SpringSphereColliderInspector.cs
  artifactKey: Guid(536c3d37b16db3640a8c799e8c438256) Importer(815301076,1909f56bfc062723c751e8b465ee728b)
Start importing Assets/UnityChan.SpringBone/Script/SpringBone/Editor/SpringBone/GUI/Inspectors/SpringSphereColliderInspector.cs using Guid(536c3d37b16db3640a8c799e8c438256) Importer(815301076,1909f56bfc062723c751e8b465ee728b)  -> (artifact id: 'd1f0b776a696ae2ef9ebe3c252b0eb9a') in 0.006839 seconds
  Import took 0.009756 seconds .

========================================================================
Received Import Request.
  Time since last request: 0.003534 seconds.
  path: Assets/RPG_Anim_Pack/RPG Character Mecanim Animation Pack FREE/Code/RPGCharacterInputController.cs
  artifactKey: Guid(2b02b01da8792e143b1a29f8aa2b8168) Importer(815301076,1909f56bfc062723c751e8b465ee728b)
Start importing Assets/RPG_Anim_Pack/RPG Character Mecanim Animation Pack FREE/Code/RPGCharacterInputController.cs using Guid(2b02b01da8792e143b1a29f8aa2b8168) Importer(815301076,1909f56bfc062723c751e8b465ee728b)  -> (artifact id: 'f7601a3ea51c06f1850f4a6ad8056098') in 0.007246 seconds
  Import took 0.009807 seconds .

========================================================================
Received Import Request.
  Time since last request: 0.008346 seconds.
  path: Assets/RPG_Anim_Pack/RPG Character Mecanim Animation Pack FREE/Code/Actions/Movement/Idle.cs
  artifactKey: Guid(91eac92e2ce314b4fbbb75efbf8be12b) Importer(815301076,1909f56bfc062723c751e8b465ee728b)
Start importing Assets/RPG_Anim_Pack/RPG Character Mecanim Animation Pack FREE/Code/Actions/Movement/Idle.cs using Guid(91eac92e2ce314b4fbbb75efbf8be12b) Importer(815301076,1909f56bfc062723c751e8b465ee728b)  -> (artifact id: '980741b188e0fe5edf9490e0f0e0a092') in 0.006141 seconds
  Import took 0.008802 seconds .

========================================================================
Received Import Request.
  Time since last request: 0.003323 seconds.
  path: Assets/RPG_Anim_Pack/SuperCharacterController/Code/PlayerMachine.cs
  artifactKey: Guid(77885e605d1ea764a98ac9b895a60799) Importer(815301076,1909f56bfc062723c751e8b465ee728b)
Start importing Assets/RPG_Anim_Pack/SuperCharacterController/Code/PlayerMachine.cs using Guid(77885e605d1ea764a98ac9b895a60799) Importer(815301076,1909f56bfc062723c751e8b465ee728b)  -> (artifact id: '66c9f53d9c011d3512d1ae16603fd6e5') in 0.005706 seconds
  Import took 0.008103 seconds .

========================================================================
Received Import Request.
  Time since last request: 0.011180 seconds.
  path: Assets/UnityChan.SpringBone/Script/Utility/FileUtil.cs
  artifactKey: Guid(b53e45686bb1620478d9ac0a2b70c91c) Importer(815301076,1909f56bfc062723c751e8b465ee728b)
Start importing Assets/UnityChan.SpringBone/Script/Utility/FileUtil.cs using Guid(b53e45686bb1620478d9ac0a2b70c91c) Importer(815301076,1909f56bfc062723c751e8b465ee728b)  -> (artifact id: '144c65eb08a3521e04a674bdea250943') in 0.006089 seconds
  Import took 0.008500 seconds .

========================================================================
Received Import Request.
  Time since last request: 0.038336 seconds.
  path: Assets/UnityChan.SpringBone/Script/SpringBone/Setup/SpringBoneImporting.cs
  artifactKey: Guid(22e149930ea501a4d9cff3c35b3efc13) Importer(815301076,1909f56bfc062723c751e8b465ee728b)
Start importing Assets/UnityChan.SpringBone/Script/SpringBone/Setup/SpringBoneImporting.cs using Guid(22e149930ea501a4d9cff3c35b3efc13) Importer(815301076,1909f56bfc062723c751e8b465ee728b)  -> (artifact id: 'd3db5ec732316b7304baf2779fefbd83') in 0.005410 seconds
  Import took 0.007536 seconds .

========================================================================
Received Import Request.
  Time since last request: 0.002950 seconds.
  path: Assets/RPG_Anim_Pack/RPG Character Mecanim Animation Pack FREE/Code/Actions/Movement/Navigation.cs
  artifactKey: Guid(981a3e2949f8249f49fcbba8aa008893) Importer(815301076,1909f56bfc062723c751e8b465ee728b)
Start importing Assets/RPG_Anim_Pack/RPG Character Mecanim Animation Pack FREE/Code/Actions/Movement/Navigation.cs using Guid(981a3e2949f8249f49fcbba8aa008893) Importer(815301076,1909f56bfc062723c751e8b465ee728b)  -> (artifact id: 'b608028f8840928c98fed27c4ee2cfdf') in 0.005772 seconds
  Import took 0.008022 seconds .

========================================================================
Received Import Request.
  Time since last request: 0.003570 seconds.
  path: Assets/RPG_Anim_Pack/RPG Character Mecanim Animation Pack FREE/Animations/2Hand-Sword/RPG-Character@2Hand-Sword-Run-Forward.FBX
  artifactKey: Guid(0000872662c8fb241bf2ab6cc00dd461) Importer(815301076,1909f56bfc062723c751e8b465ee728b)
Start importing Assets/RPG_Anim_Pack/RPG Character Mecanim Animation Pack FREE/Animations/2Hand-Sword/RPG-Character@2Hand-Sword-Run-Forward.FBX using Guid(0000872662c8fb241bf2ab6cc00dd461) Importer(815301076,1909f56bfc062723c751e8b465ee728b)  -> (artifact id: '37a4425e67b0d7fb9ccbb6b8a9a19750') in 0.010266 seconds
  Import took 0.012802 seconds .

========================================================================
Received Import Request.
  Time since last request: 0.007078 seconds.
  path: Assets/UnityChan.SpringBone/Script/SpringBone/Editor/SpringBone/GUI/Inspectors/SpringBonePivotInspector.cs
  artifactKey: Guid(19a571957c3f13b4ab842d62fc3589b9) Importer(815301076,1909f56bfc062723c751e8b465ee728b)
Start importing Assets/UnityChan.SpringBone/Script/SpringBone/Editor/SpringBone/GUI/Inspectors/SpringBonePivotInspector.cs using Guid(19a571957c3f13b4ab842d62fc3589b9) Importer(815301076,1909f56bfc062723c751e8b465ee728b)  -> (artifact id: 'd7095404c551aca0839d43e0ec21a352') in 0.005864 seconds
  Import took 0.008372 seconds .

========================================================================
Received Import Request.
  Time since last request: 0.012769 seconds.
  path: Assets/UnityChan.SpringBone/Script/SpringBone/Setup/SpringColliderExporting.cs
  artifactKey: Guid(bee144d088480684f89458809034109e) Importer(815301076,1909f56bfc062723c751e8b465ee728b)
Start importing Assets/UnityChan.SpringBone/Script/SpringBone/Setup/SpringColliderExporting.cs using Guid(bee144d088480684f89458809034109e) Importer(815301076,1909f56bfc062723c751e8b465ee728b)  -> (artifact id: 'f55cf56034de31b5eba04e5bf87c3e55') in 0.005769 seconds
  Import took 0.008152 seconds .

========================================================================
Received Import Request.
  Time since last request: 0.003276 seconds.
  path: Assets/UnityChan.SpringBone/Script/Utility/GameObjectUtil.cs
  artifactKey: Guid(e053ce0efed6e63468e5f4dea409eecf) Importer(815301076,1909f56bfc062723c751e8b465ee728b)
Start importing Assets/UnityChan.SpringBone/Script/Utility/GameObjectUtil.cs using Guid(e053ce0efed6e63468e5f4dea409eecf) Importer(815301076,1909f56bfc062723c751e8b465ee728b)  -> (artifact id: 'fb95a3209aa355a267de1182ecde08d4') in 0.005786 seconds
  Import took 0.008186 seconds .

========================================================================
Received Import Request.
  Time since last request: 0.021609 seconds.
  path: Assets/RPG_Anim_Pack/RPG Character Mecanim Animation Pack FREE/Code/Actions/Weapon/SwitchWeapon.cs
  artifactKey: Guid(86d702185eff7404dba62f4dadbbedb9) Importer(815301076,1909f56bfc062723c751e8b465ee728b)
Start importing Assets/RPG_Anim_Pack/RPG Character Mecanim Animation Pack FREE/Code/Actions/Weapon/SwitchWeapon.cs using Guid(86d702185eff7404dba62f4dadbbedb9) Importer(815301076,1909f56bfc062723c751e8b465ee728b)  -> (artifact id: 'c6f245507ff0876eef44de609d8742ec') in 0.005345 seconds
  Import took 0.007495 seconds .

========================================================================
Received Import Request.
  Time since last request: 0.002802 seconds.
  path: Assets/Animator/Enemy.controller
  artifactKey: Guid(bd04c0ea4919e0442b99c9decc0cff26) Importer(815301076,1909f56bfc062723c751e8b465ee728b)
Start importing Assets/Animator/Enemy.controller using Guid(bd04c0ea4919e0442b99c9decc0cff26) Importer(815301076,1909f56bfc062723c751e8b465ee728b)  -> (artifact id: '4a561f739cac6aedacb4e6a6a6275d9f') in 0.011907 seconds
  Import took 0.014165 seconds .

AssetImportWorkerClient::OnTransportError - code=2 error=End of file
