Using pre-set license
Built from '2020.2/release' branch; Version is '2020.2.2f1 (068178b99f32) revision 426360'; Using compiler version '192528614'; Build Type 'Release'
OS: 'Windows 10 Pro; OS build 19042.985; Version 2009; 64bit' Language: 'ko' Physical Memory: 16232 MB
BatchMode: 1, IsHumanControllingUs: 0, StartBugReporterOnCrash: 0, Is64bit: 1, IsPro: 0

 COMMAND LINE ARGUMENTS:
C:\Program Files\Unity\Hub\Editor\2020.2.2f1\Editor\Unity.exe
-adb2
-batchMode
-noUpm
-name
AssetImportWorker0
-projectPath
C:/Users/mingu/Documents/GitHub/UnityProjects/지운이꺼
-logFile
Logs/AssetImportWorker0.log
-srvPort
9493
Successfully changed project path to: C:/Users/mingu/Documents/GitHub/UnityProjects/지운이꺼
C:/Users/mingu/Documents/GitHub/UnityProjects/지운이꺼
Using Asset Import Pipeline V2.
Refreshing native plugins compatible for Editor in 50.66 ms, found 1 plugins.
Preloading 0 native plugins for Editor in 0.00 ms.
Initialize engine version: 2020.2.2f1 (068178b99f32)
[Subsystems] Discovering subsystems at path C:/Program Files/Unity/Hub/Editor/2020.2.2f1/Editor/Data/Resources/UnitySubsystems
[Subsystems] Discovering subsystems at path C:/Users/mingu/Documents/GitHub/UnityProjects/지운이꺼/Assets
GfxDevice: creating device client; threaded=0
Direct3D:
    Version:  Direct3D 11.0 [level 11.1]
    Renderer: NVIDIA GeForce GTX 1060 (ID=0x1c20)
    Vendor:   
    VRAM:     6052 MB
    Driver:   27.21.14.5167
Shader 'Universal Render Pipeline/Particles/Lit': fallback shader 'Universal Render Pipeline/Particles/SimpleLit' not found
Initialize mono
Mono path[0] = 'C:/Program Files/Unity/Hub/Editor/2020.2.2f1/Editor/Data/Managed'
Mono path[1] = 'C:/Program Files/Unity/Hub/Editor/2020.2.2f1/Editor/Data/MonoBleedingEdge/lib/mono/unityjit'
Mono config path = 'C:/Program Files/Unity/Hub/Editor/2020.2.2f1/Editor/Data/MonoBleedingEdge/etc'
Using monoOptions --debugger-agent=transport=dt_socket,embedding=1,server=y,suspend=n,address=127.0.0.1:56656
Begin MonoManager ReloadAssembly
Registering precompiled unity dll's ...
Register platform support module: C:/Program Files/Unity/Hub/Editor/2020.2.2f1/Editor/Data/PlaybackEngines/MacStandaloneSupport/UnityEditor.OSXStandalone.Extensions.dll
Register platform support module: C:/Program Files/Unity/Hub/Editor/2020.2.2f1/Editor/Data/PlaybackEngines/WindowsStandaloneSupport/UnityEditor.WindowsStandalone.Extensions.dll
Register platform support module: C:/Program Files/Unity/Hub/Editor/2020.2.2f1/Editor/Data/PlaybackEngines/LinuxStandaloneSupport/UnityEditor.LinuxStandalone.Extensions.dll
Registered in 0.002497 seconds.
Native extension for LinuxStandalone target not found
Native extension for WindowsStandalone target not found
Native extension for OSXStandalone target not found
Refreshing native plugins compatible for Editor in 50.67 ms, found 1 plugins.
Preloading 0 native plugins for Editor in 0.00 ms.
Invoked RoslynAnalysisRunner static constructor.
RoslynAnalysisRunner will not be running.
RoslynAnalysisRunner has terminated.
Mono: successfully reloaded assembly
- Completed reload, in  0.972 seconds
Platform modules already initialized, skipping
Registering precompiled user dll's ...
Registered in 0.001476 seconds.
Begin MonoManager ReloadAssembly
Native extension for LinuxStandalone target not found
Native extension for WindowsStandalone target not found
Native extension for OSXStandalone target not found
Refreshing native plugins compatible for Editor in 52.62 ms, found 1 plugins.
Preloading 0 native plugins for Editor in 0.00 ms.
Invoked RoslynAnalysisRunner static constructor.
RoslynAnalysisRunner will not be running.
RoslynAnalysisRunner has terminated.
Mono: successfully reloaded assembly
- Completed reload, in  0.964 seconds
Platform modules already initialized, skipping
========================================================================
Worker process is ready to serve import requests
Shader 'Universal Render Pipeline/Particles/Lit': fallback shader 'Universal Render Pipeline/Particles/SimpleLit' not found
Launched and connected shader compiler UnityShaderCompiler.exe after 0.06 seconds
Refreshing native plugins compatible for Editor in 0.46 ms, found 1 plugins.
Preloading 0 native plugins for Editor in 0.00 ms.
Unloading 2937 Unused Serialized files (Serialized files now loaded: 0)
System memory in use before: 131.3 MB.
System memory in use after: 131.4 MB.

Unloading 25 unused Assets to reduce memory usage. Loaded Objects now: 3379.
Total: 2.615500 ms (FindLiveObjects: 0.302100 ms CreateObjectMapping: 0.214800 ms MarkObjects: 1.958400 ms  DeleteObjects: 0.138600 ms)

========================================================================
Received Import Request.
  path: Assets/Prefabs/CursorCanvas.prefab
  artifactKey: Guid(b9708a31dc32f1d48bf7ea492a9cb26f) Importer(815301076,1909f56bfc062723c751e8b465ee728b)
Start importing Assets/Prefabs/CursorCanvas.prefab using Guid(b9708a31dc32f1d48bf7ea492a9cb26f) Importer(815301076,1909f56bfc062723c751e8b465ee728b)  -> (artifact id: 'c8f89f5580076aae550855ed1aef5739') in 0.056617 seconds
  Import took 0.061140 seconds .

========================================================================
Received Import Request.
  Time since last request: 5.560202 seconds.
  path: Assets/script/Cursor.cs
  artifactKey: Guid(cd855fcc08e0bfa4bbad12d9539bba77) Importer(815301076,1909f56bfc062723c751e8b465ee728b)
Start importing Assets/script/Cursor.cs using Guid(cd855fcc08e0bfa4bbad12d9539bba77) Importer(815301076,1909f56bfc062723c751e8b465ee728b)  -> (artifact id: '705fa243ca3cea65339d3a34d07f4e32') in 0.026628 seconds
  Import took 0.032287 seconds .

========================================================================
Received Prepare
Registering precompiled user dll's ...
Registered in 0.001531 seconds.
Begin MonoManager ReloadAssembly
Native extension for LinuxStandalone target not found
Native extension for WindowsStandalone target not found
Native extension for OSXStandalone target not found
Refreshing native plugins compatible for Editor in 0.46 ms, found 1 plugins.
Preloading 0 native plugins for Editor in 0.00 ms.
Invoked RoslynAnalysisRunner static constructor.
RoslynAnalysisRunner will not be running.
RoslynAnalysisRunner has terminated.
Mono: successfully reloaded assembly
- Completed reload, in  0.879 seconds
Platform modules already initialized, skipping
Shader 'Universal Render Pipeline/Particles/Lit': fallback shader 'Universal Render Pipeline/Particles/SimpleLit' not found
Refreshing native plugins compatible for Editor in 0.47 ms, found 1 plugins.
Preloading 0 native plugins for Editor in 0.00 ms.
Unloading 2827 Unused Serialized files (Serialized files now loaded: 0)
System memory in use before: 125.8 MB.
System memory in use after: 125.9 MB.

Unloading 13 unused Assets to reduce memory usage. Loaded Objects now: 3383.
Total: 2.176400 ms (FindLiveObjects: 0.258000 ms CreateObjectMapping: 0.142800 ms MarkObjects: 1.664500 ms  DeleteObjects: 0.110500 ms)

========================================================================
Received Prepare
Registering precompiled user dll's ...
Registered in 0.001541 seconds.
Begin MonoManager ReloadAssembly
Native extension for LinuxStandalone target not found
Native extension for WindowsStandalone target not found
Native extension for OSXStandalone target not found
Refreshing native plugins compatible for Editor in 0.48 ms, found 1 plugins.
Preloading 0 native plugins for Editor in 0.00 ms.
Invoked RoslynAnalysisRunner static constructor.
RoslynAnalysisRunner will not be running.
RoslynAnalysisRunner has terminated.
Mono: successfully reloaded assembly
- Completed reload, in  0.906 seconds
Platform modules already initialized, skipping
Shader 'Universal Render Pipeline/Particles/Lit': fallback shader 'Universal Render Pipeline/Particles/SimpleLit' not found
Refreshing native plugins compatible for Editor in 0.55 ms, found 1 plugins.
Preloading 0 native plugins for Editor in 0.00 ms.
Unloading 2827 Unused Serialized files (Serialized files now loaded: 0)
System memory in use before: 126.5 MB.
System memory in use after: 126.7 MB.

Unloading 13 unused Assets to reduce memory usage. Loaded Objects now: 3386.
Total: 2.676000 ms (FindLiveObjects: 0.288200 ms CreateObjectMapping: 0.169200 ms MarkObjects: 2.074200 ms  DeleteObjects: 0.143300 ms)

========================================================================
Received Prepare
Registering precompiled user dll's ...
Registered in 0.001781 seconds.
Begin MonoManager ReloadAssembly
Native extension for LinuxStandalone target not found
Native extension for WindowsStandalone target not found
Native extension for OSXStandalone target not found
Refreshing native plugins compatible for Editor in 0.47 ms, found 1 plugins.
Preloading 0 native plugins for Editor in 0.00 ms.
Invoked RoslynAnalysisRunner static constructor.
RoslynAnalysisRunner will not be running.
RoslynAnalysisRunner has terminated.
Mono: successfully reloaded assembly
- Completed reload, in  0.919 seconds
Platform modules already initialized, skipping
Shader 'Universal Render Pipeline/Particles/Lit': fallback shader 'Universal Render Pipeline/Particles/SimpleLit' not found
Refreshing native plugins compatible for Editor in 0.46 ms, found 1 plugins.
Preloading 0 native plugins for Editor in 0.00 ms.
Unloading 2827 Unused Serialized files (Serialized files now loaded: 0)
System memory in use before: 126.9 MB.
System memory in use after: 127.0 MB.

Unloading 13 unused Assets to reduce memory usage. Loaded Objects now: 3389.
Total: 2.427900 ms (FindLiveObjects: 0.274600 ms CreateObjectMapping: 0.151000 ms MarkObjects: 1.887900 ms  DeleteObjects: 0.113500 ms)

========================================================================
Received Prepare
Registering precompiled user dll's ...
Registered in 0.001542 seconds.
Begin MonoManager ReloadAssembly
Native extension for LinuxStandalone target not found
Native extension for WindowsStandalone target not found
Native extension for OSXStandalone target not found
Refreshing native plugins compatible for Editor in 0.50 ms, found 1 plugins.
Preloading 0 native plugins for Editor in 0.00 ms.
Invoked RoslynAnalysisRunner static constructor.
RoslynAnalysisRunner will not be running.
RoslynAnalysisRunner has terminated.
Mono: successfully reloaded assembly
- Completed reload, in  0.913 seconds
Platform modules already initialized, skipping
Shader 'Universal Render Pipeline/Particles/Lit': fallback shader 'Universal Render Pipeline/Particles/SimpleLit' not found
Refreshing native plugins compatible for Editor in 0.49 ms, found 1 plugins.
Preloading 0 native plugins for Editor in 0.00 ms.
Unloading 2827 Unused Serialized files (Serialized files now loaded: 0)
System memory in use before: 126.7 MB.
System memory in use after: 126.8 MB.

Unloading 13 unused Assets to reduce memory usage. Loaded Objects now: 3392.
Total: 2.492100 ms (FindLiveObjects: 0.283700 ms CreateObjectMapping: 0.131800 ms MarkObjects: 1.964300 ms  DeleteObjects: 0.111300 ms)

========================================================================
Received Prepare
Registering precompiled user dll's ...
Registered in 0.001822 seconds.
Begin MonoManager ReloadAssembly
Native extension for LinuxStandalone target not found
Native extension for WindowsStandalone target not found
Native extension for OSXStandalone target not found
Refreshing native plugins compatible for Editor in 0.56 ms, found 1 plugins.
Preloading 0 native plugins for Editor in 0.00 ms.
Invoked RoslynAnalysisRunner static constructor.
RoslynAnalysisRunner will not be running.
RoslynAnalysisRunner has terminated.
Mono: successfully reloaded assembly
- Completed reload, in  1.040 seconds
Platform modules already initialized, skipping
Shader 'Universal Render Pipeline/Particles/Lit': fallback shader 'Universal Render Pipeline/Particles/SimpleLit' not found
Refreshing native plugins compatible for Editor in 0.48 ms, found 1 plugins.
Preloading 0 native plugins for Editor in 0.00 ms.
Unloading 2827 Unused Serialized files (Serialized files now loaded: 0)
System memory in use before: 126.9 MB.
System memory in use after: 127.0 MB.

Unloading 13 unused Assets to reduce memory usage. Loaded Objects now: 3395.
Total: 2.914500 ms (FindLiveObjects: 0.388100 ms CreateObjectMapping: 0.212200 ms MarkObjects: 2.190200 ms  DeleteObjects: 0.122200 ms)

========================================================================
Received Import Request.
  Time since last request: 186.478197 seconds.
  path: Assets/img/ui/noneCursor.png
  artifactKey: Guid(bbca8cc1e0cbdbe48ab334d770eb98e2) Importer(815301076,1909f56bfc062723c751e8b465ee728b)
Start importing Assets/img/ui/noneCursor.png using Guid(bbca8cc1e0cbdbe48ab334d770eb98e2) Importer(815301076,1909f56bfc062723c751e8b465ee728b)  -> (artifact id: '6df6a3b42a0aa93a72a427ad2701bee7') in 0.089357 seconds
  Import took 0.095893 seconds .

========================================================================
Received Prepare
Registering precompiled user dll's ...
Registered in 0.001560 seconds.
Begin MonoManager ReloadAssembly
Native extension for LinuxStandalone target not found
Native extension for WindowsStandalone target not found
Native extension for OSXStandalone target not found
Refreshing native plugins compatible for Editor in 0.46 ms, found 1 plugins.
Preloading 0 native plugins for Editor in 0.00 ms.
Invoked RoslynAnalysisRunner static constructor.
RoslynAnalysisRunner will not be running.
RoslynAnalysisRunner has terminated.
Mono: successfully reloaded assembly
- Completed reload, in  0.906 seconds
Platform modules already initialized, skipping
Shader 'Universal Render Pipeline/Particles/Lit': fallback shader 'Universal Render Pipeline/Particles/SimpleLit' not found
Refreshing native plugins compatible for Editor in 0.46 ms, found 1 plugins.
Preloading 0 native plugins for Editor in 0.00 ms.
Unloading 2827 Unused Serialized files (Serialized files now loaded: 0)
System memory in use before: 129.8 MB.
System memory in use after: 129.9 MB.

Unloading 13 unused Assets to reduce memory usage. Loaded Objects now: 3404.
Total: 3.190000 ms (FindLiveObjects: 0.636000 ms CreateObjectMapping: 0.283800 ms MarkObjects: 2.109800 ms  DeleteObjects: 0.158700 ms)

========================================================================
Received Import Request.
  Time since last request: 29.773737 seconds.
  path: Assets/img/ui/noneCursor.png
  artifactKey: Guid(bbca8cc1e0cbdbe48ab334d770eb98e2) Importer(815301076,1909f56bfc062723c751e8b465ee728b)
Start importing Assets/img/ui/noneCursor.png using Guid(bbca8cc1e0cbdbe48ab334d770eb98e2) Importer(815301076,1909f56bfc062723c751e8b465ee728b)  -> (artifact id: '0aa5c8f07e193604effd0306c2e2d698') in 0.047895 seconds
  Import took 0.060560 seconds .

========================================================================
Received Import Request.
  Time since last request: 4.067706 seconds.
  path: Assets/img/ui/noneCursor.png
  artifactKey: Guid(bbca8cc1e0cbdbe48ab334d770eb98e2) Importer(815301076,1909f56bfc062723c751e8b465ee728b)
Start importing Assets/img/ui/noneCursor.png using Guid(bbca8cc1e0cbdbe48ab334d770eb98e2) Importer(815301076,1909f56bfc062723c751e8b465ee728b)  -> (artifact id: 'b9855ebc5495f18918314c8a2874762b') in 0.008343 seconds
  Import took 0.013763 seconds .

========================================================================
Received Prepare
Registering precompiled user dll's ...
Registered in 0.001543 seconds.
Begin MonoManager ReloadAssembly
Native extension for LinuxStandalone target not found
Native extension for WindowsStandalone target not found
Native extension for OSXStandalone target not found
Refreshing native plugins compatible for Editor in 0.45 ms, found 1 plugins.
Preloading 0 native plugins for Editor in 0.00 ms.
Invoked RoslynAnalysisRunner static constructor.
RoslynAnalysisRunner will not be running.
RoslynAnalysisRunner has terminated.
Mono: successfully reloaded assembly
- Completed reload, in  0.836 seconds
Platform modules already initialized, skipping
Shader 'Universal Render Pipeline/Particles/Lit': fallback shader 'Universal Render Pipeline/Particles/SimpleLit' not found
Refreshing native plugins compatible for Editor in 0.45 ms, found 1 plugins.
Preloading 0 native plugins for Editor in 0.00 ms.
Unloading 2827 Unused Serialized files (Serialized files now loaded: 0)
System memory in use before: 129.9 MB.
System memory in use after: 130.0 MB.

Unloading 13 unused Assets to reduce memory usage. Loaded Objects now: 3408.
Total: 2.519400 ms (FindLiveObjects: 0.332500 ms CreateObjectMapping: 0.207200 ms MarkObjects: 1.863000 ms  DeleteObjects: 0.115600 ms)

========================================================================
Received Import Request.
  Time since last request: 26.562179 seconds.
  path: Assets/Scenes/start.unity
  artifactKey: Guid(f3c020e09cb069d49b3d493ba4f81395) Importer(815301076,1909f56bfc062723c751e8b465ee728b)
Start importing Assets/Scenes/start.unity using Guid(f3c020e09cb069d49b3d493ba4f81395) Importer(815301076,1909f56bfc062723c751e8b465ee728b)  -> (artifact id: '001e4ad1ec0238b757b2311692be8dde') in 0.018236 seconds
  Import took 0.023446 seconds .

========================================================================
Received Import Request.
  Time since last request: 0.902560 seconds.
  path: Assets/Scenes/Stage1.unity
  artifactKey: Guid(2cda990e2423bbf4892e6590ba056729) Importer(815301076,1909f56bfc062723c751e8b465ee728b)
Start importing Assets/Scenes/Stage1.unity using Guid(2cda990e2423bbf4892e6590ba056729) Importer(815301076,1909f56bfc062723c751e8b465ee728b)  -> (artifact id: '8234a53dd5111dc1496824daa0cb4c7f') in 0.007371 seconds
  Import took 0.020436 seconds .

========================================================================
Received Prepare
Registering precompiled user dll's ...
Registered in 0.001477 seconds.
Begin MonoManager ReloadAssembly
Native extension for LinuxStandalone target not found
Native extension for WindowsStandalone target not found
Native extension for OSXStandalone target not found
Refreshing native plugins compatible for Editor in 0.46 ms, found 1 plugins.
Preloading 0 native plugins for Editor in 0.00 ms.
Invoked RoslynAnalysisRunner static constructor.
RoslynAnalysisRunner will not be running.
RoslynAnalysisRunner has terminated.
Mono: successfully reloaded assembly
- Completed reload, in  0.873 seconds
Platform modules already initialized, skipping
Shader 'Universal Render Pipeline/Particles/Lit': fallback shader 'Universal Render Pipeline/Particles/SimpleLit' not found
Refreshing native plugins compatible for Editor in 0.49 ms, found 1 plugins.
Preloading 0 native plugins for Editor in 0.00 ms.
Unloading 2827 Unused Serialized files (Serialized files now loaded: 0)
System memory in use before: 129.9 MB.
System memory in use after: 130.0 MB.

Unloading 13 unused Assets to reduce memory usage. Loaded Objects now: 3411.
Total: 2.310400 ms (FindLiveObjects: 0.262300 ms CreateObjectMapping: 0.164300 ms MarkObjects: 1.762600 ms  DeleteObjects: 0.119800 ms)

========================================================================
Received Import Request.
  Time since last request: 21.335408 seconds.
  path: Assets/script/Cursor.cs
  artifactKey: Guid(cd855fcc08e0bfa4bbad12d9539bba77) Importer(815301076,1909f56bfc062723c751e8b465ee728b)
Start importing Assets/script/Cursor.cs using Guid(cd855fcc08e0bfa4bbad12d9539bba77) Importer(815301076,1909f56bfc062723c751e8b465ee728b)  -> (artifact id: '1b00562493b53462342e9d6ccd4c2c05') in 0.007189 seconds
  Import took 0.031719 seconds .

========================================================================
Received Import Request.
  Time since last request: 0.067054 seconds.
  path: Assets/script/ChangeColor.cs
  artifactKey: Guid(a8aeee7c71bf1cf4d95b277488b2a7df) Importer(815301076,1909f56bfc062723c751e8b465ee728b)
Start importing Assets/script/ChangeColor.cs using Guid(a8aeee7c71bf1cf4d95b277488b2a7df) Importer(815301076,1909f56bfc062723c751e8b465ee728b)  -> (artifact id: '9597064edaf081857de8349a0353d24c') in 0.009636 seconds
  Import took 0.016012 seconds .

========================================================================
Received Prepare
Registering precompiled user dll's ...
Registered in 0.057672 seconds.
Begin MonoManager ReloadAssembly
Native extension for LinuxStandalone target not found
Native extension for WindowsStandalone target not found
Native extension for OSXStandalone target not found
Refreshing native plugins compatible for Editor in 1.71 ms, found 1 plugins.
Preloading 0 native plugins for Editor in 0.00 ms.
Invoked RoslynAnalysisRunner static constructor.
RoslynAnalysisRunner will not be running.
RoslynAnalysisRunner has terminated.
Mono: successfully reloaded assembly
- Completed reload, in  1.162 seconds
Platform modules already initialized, skipping
Switching render pipeline b830b29e32c07404f891a5d49b3863f0 -> 00000000000000000000000000000000
Shader 'Universal Render Pipeline/Particles/Lit': fallback shader 'Universal Render Pipeline/Particles/SimpleLit' not found
Refreshing native plugins compatible for Editor in 0.47 ms, found 1 plugins.
Preloading 0 native plugins for Editor in 0.00 ms.
Unloading 2818 Unused Serialized files (Serialized files now loaded: 0)
System memory in use before: 129.4 MB.
System memory in use after: 129.5 MB.

Unloading 13 unused Assets to reduce memory usage. Loaded Objects now: 3414.
Total: 5.260100 ms (FindLiveObjects: 0.732000 ms CreateObjectMapping: 0.209800 ms MarkObjects: 4.128500 ms  DeleteObjects: 0.188300 ms)

========================================================================
Received Prepare
Registering precompiled user dll's ...
Registered in 0.001538 seconds.
Begin MonoManager ReloadAssembly
Native extension for LinuxStandalone target not found
Native extension for WindowsStandalone target not found
Native extension for OSXStandalone target not found
Refreshing native plugins compatible for Editor in 0.48 ms, found 1 plugins.
Preloading 0 native plugins for Editor in 0.00 ms.
Invoked RoslynAnalysisRunner static constructor.
RoslynAnalysisRunner will not be running.
RoslynAnalysisRunner has terminated.
Mono: successfully reloaded assembly
- Completed reload, in  0.890 seconds
Platform modules already initialized, skipping
Shader 'Universal Render Pipeline/Particles/Lit': fallback shader 'Universal Render Pipeline/Particles/SimpleLit' not found
Refreshing native plugins compatible for Editor in 0.56 ms, found 1 plugins.
Preloading 0 native plugins for Editor in 0.00 ms.
Unloading 2828 Unused Serialized files (Serialized files now loaded: 0)
System memory in use before: 130.4 MB.
System memory in use after: 130.5 MB.

Unloading 13 unused Assets to reduce memory usage. Loaded Objects now: 3419.
Total: 2.586200 ms (FindLiveObjects: 0.444500 ms CreateObjectMapping: 0.178400 ms MarkObjects: 1.843700 ms  DeleteObjects: 0.118200 ms)

========================================================================
Received Import Request.
  Time since last request: 20968.227902 seconds.
  path: Assets/Scenes/Stage1.unity
  artifactKey: Guid(2cda990e2423bbf4892e6590ba056729) Importer(815301076,1909f56bfc062723c751e8b465ee728b)
Start importing Assets/Scenes/Stage1.unity using Guid(2cda990e2423bbf4892e6590ba056729) Importer(815301076,1909f56bfc062723c751e8b465ee728b)  -> (artifact id: '8bad68892d2ff06ae21b77d06b837dc9') in 0.017476 seconds
  Import took 0.023186 seconds .

========================================================================
Received Import Request.
  Time since last request: 0.000904 seconds.
  path: Assets/Scenes/Stage1.unity
  artifactKey: Guid(2cda990e2423bbf4892e6590ba056729) Importer(815301076,1909f56bfc062723c751e8b465ee728b)
Start importing Assets/Scenes/Stage1.unity using Guid(2cda990e2423bbf4892e6590ba056729) Importer(815301076,1909f56bfc062723c751e8b465ee728b)  -> (artifact id: '8bad68892d2ff06ae21b77d06b837dc9') in 0.002629 seconds
  Import took 0.007505 seconds .

========================================================================
Received Prepare
Registering precompiled user dll's ...
Registered in 0.002316 seconds.
Begin MonoManager ReloadAssembly
Native extension for LinuxStandalone target not found
Native extension for WindowsStandalone target not found
Native extension for OSXStandalone target not found
Refreshing native plugins compatible for Editor in 0.52 ms, found 1 plugins.
Preloading 0 native plugins for Editor in 0.00 ms.
Invoked RoslynAnalysisRunner static constructor.
RoslynAnalysisRunner will not be running.
RoslynAnalysisRunner has terminated.
Mono: successfully reloaded assembly
- Completed reload, in  0.947 seconds
Platform modules already initialized, skipping
Shader 'Universal Render Pipeline/Particles/Lit': fallback shader 'Universal Render Pipeline/Particles/SimpleLit' not found
Refreshing native plugins compatible for Editor in 0.49 ms, found 1 plugins.
Preloading 0 native plugins for Editor in 0.00 ms.
Unloading 2827 Unused Serialized files (Serialized files now loaded: 0)
System memory in use before: 130.1 MB.
System memory in use after: 130.2 MB.

Unloading 13 unused Assets to reduce memory usage. Loaded Objects now: 3422.
Total: 2.741000 ms (FindLiveObjects: 0.367000 ms CreateObjectMapping: 0.194000 ms MarkObjects: 2.055200 ms  DeleteObjects: 0.123700 ms)

========================================================================
Received Prepare
Registering precompiled user dll's ...
Registered in 0.001839 seconds.
Begin MonoManager ReloadAssembly
Native extension for LinuxStandalone target not found
Native extension for WindowsStandalone target not found
Native extension for OSXStandalone target not found
Refreshing native plugins compatible for Editor in 0.55 ms, found 1 plugins.
Preloading 0 native plugins for Editor in 0.00 ms.
Invoked RoslynAnalysisRunner static constructor.
RoslynAnalysisRunner will not be running.
RoslynAnalysisRunner has terminated.
Mono: successfully reloaded assembly
- Completed reload, in  1.065 seconds
Platform modules already initialized, skipping
Shader 'Universal Render Pipeline/Particles/Lit': fallback shader 'Universal Render Pipeline/Particles/SimpleLit' not found
Refreshing native plugins compatible for Editor in 0.50 ms, found 1 plugins.
Preloading 0 native plugins for Editor in 0.00 ms.
Unloading 2827 Unused Serialized files (Serialized files now loaded: 0)
System memory in use before: 130.3 MB.
System memory in use after: 130.4 MB.

Unloading 13 unused Assets to reduce memory usage. Loaded Objects now: 3425.
Total: 2.963600 ms (FindLiveObjects: 0.518500 ms CreateObjectMapping: 0.316800 ms MarkObjects: 2.001900 ms  DeleteObjects: 0.124800 ms)

========================================================================
Received Import Request.
  Time since last request: 44.778870 seconds.
  path: Assets/Prefabs/CursorCanvas.prefab
  artifactKey: Guid(b9708a31dc32f1d48bf7ea492a9cb26f) Importer(815301076,1909f56bfc062723c751e8b465ee728b)
Start importing Assets/Prefabs/CursorCanvas.prefab using Guid(b9708a31dc32f1d48bf7ea492a9cb26f) Importer(815301076,1909f56bfc062723c751e8b465ee728b)  -> (artifact id: '36c131fbb3d3ee86b36e04822ce0c672') in 0.034319 seconds
  Import took 0.040153 seconds .

========================================================================
Received Import Request.
  Time since last request: 26.595088 seconds.
  path: Assets/Prefabs/CursorCanvas.prefab
  artifactKey: Guid(b9708a31dc32f1d48bf7ea492a9cb26f) Importer(815301076,1909f56bfc062723c751e8b465ee728b)
Start importing Assets/Prefabs/CursorCanvas.prefab using Guid(b9708a31dc32f1d48bf7ea492a9cb26f) Importer(815301076,1909f56bfc062723c751e8b465ee728b)  -> (artifact id: 'f9df525f77ec2b8612b72395180f2d62') in 0.005022 seconds
  Import took 0.010672 seconds .

========================================================================
Received Import Request.
  Time since last request: 0.794357 seconds.
  path: Assets/Prefabs/CursorCanvas.prefab
  artifactKey: Guid(b9708a31dc32f1d48bf7ea492a9cb26f) Importer(815301076,1909f56bfc062723c751e8b465ee728b)
Start importing Assets/Prefabs/CursorCanvas.prefab using Guid(b9708a31dc32f1d48bf7ea492a9cb26f) Importer(815301076,1909f56bfc062723c751e8b465ee728b)  -> (artifact id: '017aeb2dccd0fbdf4fabaa9d31d0ca05') in 0.005056 seconds
  Import took 0.011794 seconds .

========================================================================
Received Import Request.
  Time since last request: 6.032831 seconds.
  path: Assets/Prefabs/CursorCanvas.prefab
  artifactKey: Guid(b9708a31dc32f1d48bf7ea492a9cb26f) Importer(815301076,1909f56bfc062723c751e8b465ee728b)
Start importing Assets/Prefabs/CursorCanvas.prefab using Guid(b9708a31dc32f1d48bf7ea492a9cb26f) Importer(815301076,1909f56bfc062723c751e8b465ee728b)  -> (artifact id: 'a9b5a662efbb5595cfcce9eeff0222c9') in 0.005085 seconds
  Import took 0.011699 seconds .

========================================================================
Received Prepare
Registering precompiled user dll's ...
Registered in 0.001527 seconds.
Begin MonoManager ReloadAssembly
Native extension for LinuxStandalone target not found
Native extension for WindowsStandalone target not found
Native extension for OSXStandalone target not found
Refreshing native plugins compatible for Editor in 0.47 ms, found 1 plugins.
Preloading 0 native plugins for Editor in 0.00 ms.
Invoked RoslynAnalysisRunner static constructor.
RoslynAnalysisRunner will not be running.
RoslynAnalysisRunner has terminated.
Mono: successfully reloaded assembly
- Completed reload, in  0.904 seconds
Platform modules already initialized, skipping
Shader 'Universal Render Pipeline/Particles/Lit': fallback shader 'Universal Render Pipeline/Particles/SimpleLit' not found
Refreshing native plugins compatible for Editor in 0.50 ms, found 1 plugins.
Preloading 0 native plugins for Editor in 0.00 ms.
Unloading 2827 Unused Serialized files (Serialized files now loaded: 0)
System memory in use before: 130.2 MB.
System memory in use after: 130.3 MB.

Unloading 13 unused Assets to reduce memory usage. Loaded Objects now: 3428.
Total: 2.715300 ms (FindLiveObjects: 0.264200 ms CreateObjectMapping: 0.158000 ms MarkObjects: 2.169400 ms  DeleteObjects: 0.122800 ms)

========================================================================
Received Import Request.
  Time since last request: 31.595760 seconds.
  path: Assets/Prefabs/light/Global Light 2D.prefab
  artifactKey: Guid(db7c3597713b2284093bf54bd8afc96b) Importer(815301076,1909f56bfc062723c751e8b465ee728b)
Start importing Assets/Prefabs/light/Global Light 2D.prefab using Guid(db7c3597713b2284093bf54bd8afc96b) Importer(815301076,1909f56bfc062723c751e8b465ee728b)  -> (artifact id: 'b82702066a596530e27fc5229cf263a9') in 0.027784 seconds
  Import took 0.041462 seconds .

========================================================================
Received Import Request.
  Time since last request: 0.000291 seconds.
  path: Assets/Prefabs/light/Global Volume.prefab
  artifactKey: Guid(5425a156283227b43b500a5f9e5ebcc1) Importer(815301076,1909f56bfc062723c751e8b465ee728b)
Start importing Assets/Prefabs/light/Global Volume.prefab using Guid(5425a156283227b43b500a5f9e5ebcc1) Importer(815301076,1909f56bfc062723c751e8b465ee728b)  -> (artifact id: '9d082151cd094c8c5eeee22ab318321b') in 0.018083 seconds
  Import took 0.023822 seconds .

========================================================================
Received Import Request.
  Time since last request: 0.520936 seconds.
  path: Assets/Prefabs/Punch_Enemy/Punch_Enemy_B.prefab
  artifactKey: Guid(a4b87f3c231280e49ba9b8c3067d1785) Importer(815301076,1909f56bfc062723c751e8b465ee728b)
Start importing Assets/Prefabs/Punch_Enemy/Punch_Enemy_B.prefab using Guid(a4b87f3c231280e49ba9b8c3067d1785) Importer(815301076,1909f56bfc062723c751e8b465ee728b)  -> (artifact id: '78db7d739b99836985789b3f2253cca6') in 0.188693 seconds
  Import took 0.196072 seconds .

========================================================================
Received Import Request.
  Time since last request: 0.000346 seconds.
  path: Assets/Prefabs/Punch_Enemy/Punch_Enemy_Y.prefab
  artifactKey: Guid(5e3bc2de758413f47ae2c16bb13b02bf) Importer(815301076,1909f56bfc062723c751e8b465ee728b)
Start importing Assets/Prefabs/Punch_Enemy/Punch_Enemy_Y.prefab using Guid(5e3bc2de758413f47ae2c16bb13b02bf) Importer(815301076,1909f56bfc062723c751e8b465ee728b)  -> (artifact id: 'f1896e365cdeb3e4f284ae764ee6e768') in 0.019038 seconds
  Import took 0.025263 seconds .

========================================================================
Received Import Request.
  Time since last request: 0.000321 seconds.
  path: Assets/Prefabs/Punch_Enemy/Punch_Enemy_R.prefab
  artifactKey: Guid(ad5e80e917a245b40bb98b454f4bec0f) Importer(815301076,1909f56bfc062723c751e8b465ee728b)
Start importing Assets/Prefabs/Punch_Enemy/Punch_Enemy_R.prefab using Guid(ad5e80e917a245b40bb98b454f4bec0f) Importer(815301076,1909f56bfc062723c751e8b465ee728b)  -> (artifact id: '1d0a275bfe557e9b243aecb308ec5436') in 0.021368 seconds
  Import took 0.027383 seconds .

========================================================================
Received Import Request.
  Time since last request: 5.839357 seconds.
  path: Assets/Player/player.prefab
  artifactKey: Guid(b478d5b6b0d86f24ba0a15878474e3f7) Importer(815301076,1909f56bfc062723c751e8b465ee728b)
Start importing Assets/Player/player.prefab using Guid(b478d5b6b0d86f24ba0a15878474e3f7) Importer(815301076,1909f56bfc062723c751e8b465ee728b)  -> (artifact id: 'c030ec2200418085c5094a8607aebca3') in 0.023468 seconds
  Import took 0.036654 seconds .

========================================================================
Received Prepare
Registering precompiled user dll's ...
Registered in 0.001767 seconds.
Begin MonoManager ReloadAssembly
Native extension for LinuxStandalone target not found
Native extension for WindowsStandalone target not found
Native extension for OSXStandalone target not found
Refreshing native plugins compatible for Editor in 0.50 ms, found 1 plugins.
Preloading 0 native plugins for Editor in 0.00 ms.
Invoked RoslynAnalysisRunner static constructor.
RoslynAnalysisRunner will not be running.
RoslynAnalysisRunner has terminated.
Mono: successfully reloaded assembly
- Completed reload, in  0.928 seconds
Platform modules already initialized, skipping
Shader 'Universal Render Pipeline/Particles/Lit': fallback shader 'Universal Render Pipeline/Particles/SimpleLit' not found
Refreshing native plugins compatible for Editor in 0.46 ms, found 1 plugins.
Preloading 0 native plugins for Editor in 0.00 ms.
Unloading 2827 Unused Serialized files (Serialized files now loaded: 0)
System memory in use before: 132.5 MB.
System memory in use after: 132.6 MB.

Unloading 13 unused Assets to reduce memory usage. Loaded Objects now: 3474.
Total: 2.386800 ms (FindLiveObjects: 0.273800 ms CreateObjectMapping: 0.139700 ms MarkObjects: 1.861200 ms  DeleteObjects: 0.111200 ms)

========================================================================
Received Import Request.
  Time since last request: 6.668280 seconds.
  path: Assets/Player/player.prefab
  artifactKey: Guid(b478d5b6b0d86f24ba0a15878474e3f7) Importer(815301076,1909f56bfc062723c751e8b465ee728b)
Start importing Assets/Player/player.prefab using Guid(b478d5b6b0d86f24ba0a15878474e3f7) Importer(815301076,1909f56bfc062723c751e8b465ee728b)  -> (artifact id: '2efc144a63320e964f0f35545f3f4cb0') in 0.147076 seconds
  Import took 0.159662 seconds .

========================================================================
Received Prepare
Registering precompiled user dll's ...
Registered in 0.001546 seconds.
Begin MonoManager ReloadAssembly
Native extension for LinuxStandalone target not found
Native extension for WindowsStandalone target not found
Native extension for OSXStandalone target not found
Refreshing native plugins compatible for Editor in 0.46 ms, found 1 plugins.
Preloading 0 native plugins for Editor in 0.00 ms.
Invoked RoslynAnalysisRunner static constructor.
RoslynAnalysisRunner will not be running.
RoslynAnalysisRunner has terminated.
Mono: successfully reloaded assembly
- Completed reload, in  2.541 seconds
Platform modules already initialized, skipping
Shader 'Universal Render Pipeline/Particles/Lit': fallback shader 'Universal Render Pipeline/Particles/SimpleLit' not found
Refreshing native plugins compatible for Editor in 0.48 ms, found 1 plugins.
Preloading 0 native plugins for Editor in 0.00 ms.
Unloading 2827 Unused Serialized files (Serialized files now loaded: 0)
System memory in use before: 132.6 MB.
System memory in use after: 132.7 MB.

Unloading 13 unused Assets to reduce memory usage. Loaded Objects now: 3513.
Total: 2.534100 ms (FindLiveObjects: 0.301500 ms CreateObjectMapping: 0.165700 ms MarkObjects: 1.951600 ms  DeleteObjects: 0.114400 ms)

========================================================================
Received Import Request.
  Time since last request: 34.262592 seconds.
  path: Assets/Scenes/stage1.unity
  artifactKey: Guid(2cda990e2423bbf4892e6590ba056729) Importer(815301076,1909f56bfc062723c751e8b465ee728b)
Start importing Assets/Scenes/stage1.unity using Guid(2cda990e2423bbf4892e6590ba056729) Importer(815301076,1909f56bfc062723c751e8b465ee728b)  -> (artifact id: '36194bc98dfae28c12e78bc5ce2fc9c1') in 0.020817 seconds
  Import took 0.034293 seconds .

========================================================================
Received Import Request.
  Time since last request: 8.133081 seconds.
  path: Assets/Scenes/stage2.unity
  artifactKey: Guid(510f2514437a12442b1e34fd0045e469) Importer(815301076,1909f56bfc062723c751e8b465ee728b)
Start importing Assets/Scenes/stage2.unity using Guid(510f2514437a12442b1e34fd0045e469) Importer(815301076,1909f56bfc062723c751e8b465ee728b)  -> (artifact id: '02aff53c06403122d1b8a0b6b7f81224') in 0.006111 seconds
  Import took 0.018843 seconds .

========================================================================
Received Import Request.
  Time since last request: 39.927941 seconds.
  path: Assets/Prefabs/Finish.cs
  artifactKey: Guid(cedf4ce9bc2c28444b8b5a1a19deca71) Importer(815301076,1909f56bfc062723c751e8b465ee728b)
Start importing Assets/Prefabs/Finish.cs using Guid(cedf4ce9bc2c28444b8b5a1a19deca71) Importer(815301076,1909f56bfc062723c751e8b465ee728b)  -> (artifact id: '9b8a5293d12566ea62175a5fec93d3d5') in 0.007542 seconds
  Import took 0.016266 seconds .

========================================================================
Received Prepare
Registering precompiled user dll's ...
Registered in 0.001502 seconds.
Begin MonoManager ReloadAssembly
Native extension for LinuxStandalone target not found
Native extension for WindowsStandalone target not found
Native extension for OSXStandalone target not found
Refreshing native plugins compatible for Editor in 0.49 ms, found 1 plugins.
Preloading 0 native plugins for Editor in 0.00 ms.
Invoked RoslynAnalysisRunner static constructor.
RoslynAnalysisRunner will not be running.
RoslynAnalysisRunner has terminated.
Mono: successfully reloaded assembly
- Completed reload, in  0.910 seconds
Platform modules already initialized, skipping
Shader 'Universal Render Pipeline/Particles/Lit': fallback shader 'Universal Render Pipeline/Particles/SimpleLit' not found
Refreshing native plugins compatible for Editor in 0.49 ms, found 1 plugins.
Preloading 0 native plugins for Editor in 0.00 ms.
Unloading 2828 Unused Serialized files (Serialized files now loaded: 0)
System memory in use before: 132.3 MB.
System memory in use after: 132.4 MB.

Unloading 13 unused Assets to reduce memory usage. Loaded Objects now: 3517.
Total: 2.653700 ms (FindLiveObjects: 0.511800 ms CreateObjectMapping: 0.164600 ms MarkObjects: 1.863600 ms  DeleteObjects: 0.112800 ms)

========================================================================
Received Prepare
Registering precompiled user dll's ...
Registered in 0.001472 seconds.
Begin MonoManager ReloadAssembly
Native extension for LinuxStandalone target not found
Native extension for WindowsStandalone target not found
Native extension for OSXStandalone target not found
Refreshing native plugins compatible for Editor in 0.46 ms, found 1 plugins.
Preloading 0 native plugins for Editor in 0.00 ms.
Invoked RoslynAnalysisRunner static constructor.
RoslynAnalysisRunner will not be running.
RoslynAnalysisRunner has terminated.
Mono: successfully reloaded assembly
- Completed reload, in  0.915 seconds
Platform modules already initialized, skipping
Shader 'Universal Render Pipeline/Particles/Lit': fallback shader 'Universal Render Pipeline/Particles/SimpleLit' not found
Refreshing native plugins compatible for Editor in 0.46 ms, found 1 plugins.
Preloading 0 native plugins for Editor in 0.00 ms.
Unloading 2828 Unused Serialized files (Serialized files now loaded: 0)
System memory in use before: 132.7 MB.
System memory in use after: 132.8 MB.

Unloading 13 unused Assets to reduce memory usage. Loaded Objects now: 3520.
Total: 3.070400 ms (FindLiveObjects: 0.420300 ms CreateObjectMapping: 0.235400 ms MarkObjects: 2.294800 ms  DeleteObjects: 0.118800 ms)

========================================================================
Received Prepare
Registering precompiled user dll's ...
Registered in 0.001503 seconds.
Begin MonoManager ReloadAssembly
Native extension for LinuxStandalone target not found
Native extension for WindowsStandalone target not found
Native extension for OSXStandalone target not found
Refreshing native plugins compatible for Editor in 0.80 ms, found 1 plugins.
Preloading 0 native plugins for Editor in 0.00 ms.
Invoked RoslynAnalysisRunner static constructor.
RoslynAnalysisRunner will not be running.
RoslynAnalysisRunner has terminated.
Mono: successfully reloaded assembly
- Completed reload, in  0.958 seconds
Platform modules already initialized, skipping
Shader 'Universal Render Pipeline/Particles/Lit': fallback shader 'Universal Render Pipeline/Particles/SimpleLit' not found
Refreshing native plugins compatible for Editor in 0.48 ms, found 1 plugins.
Preloading 0 native plugins for Editor in 0.00 ms.
Unloading 2828 Unused Serialized files (Serialized files now loaded: 0)
System memory in use before: 132.4 MB.
System memory in use after: 132.6 MB.

Unloading 13 unused Assets to reduce memory usage. Loaded Objects now: 3523.
Total: 4.614900 ms (FindLiveObjects: 0.720200 ms CreateObjectMapping: 0.216300 ms MarkObjects: 3.429600 ms  DeleteObjects: 0.246900 ms)

========================================================================
Received Prepare
Registering precompiled user dll's ...
Registered in 0.002179 seconds.
Begin MonoManager ReloadAssembly
Native extension for LinuxStandalone target not found
Native extension for WindowsStandalone target not found
Native extension for OSXStandalone target not found
Refreshing native plugins compatible for Editor in 0.47 ms, found 1 plugins.
Preloading 0 native plugins for Editor in 0.00 ms.
Invoked RoslynAnalysisRunner static constructor.
RoslynAnalysisRunner will not be running.
RoslynAnalysisRunner has terminated.
Mono: successfully reloaded assembly
- Completed reload, in  0.992 seconds
Platform modules already initialized, skipping
Shader 'Universal Render Pipeline/Particles/Lit': fallback shader 'Universal Render Pipeline/Particles/SimpleLit' not found
Refreshing native plugins compatible for Editor in 0.47 ms, found 1 plugins.
Preloading 0 native plugins for Editor in 0.00 ms.
Unloading 2828 Unused Serialized files (Serialized files now loaded: 0)
System memory in use before: 132.7 MB.
System memory in use after: 132.8 MB.

Unloading 13 unused Assets to reduce memory usage. Loaded Objects now: 3526.
Total: 2.823000 ms (FindLiveObjects: 0.352000 ms CreateObjectMapping: 0.235300 ms MarkObjects: 2.106500 ms  DeleteObjects: 0.127700 ms)

========================================================================
Received Prepare
Registering precompiled user dll's ...
Registered in 0.001522 seconds.
Begin MonoManager ReloadAssembly
Native extension for LinuxStandalone target not found
Native extension for WindowsStandalone target not found
Native extension for OSXStandalone target not found
Refreshing native plugins compatible for Editor in 0.49 ms, found 1 plugins.
Preloading 0 native plugins for Editor in 0.00 ms.
Invoked RoslynAnalysisRunner static constructor.
RoslynAnalysisRunner will not be running.
RoslynAnalysisRunner has terminated.
Mono: successfully reloaded assembly
- Completed reload, in  0.909 seconds
Platform modules already initialized, skipping
Shader 'Universal Render Pipeline/Particles/Lit': fallback shader 'Universal Render Pipeline/Particles/SimpleLit' not found
Refreshing native plugins compatible for Editor in 0.47 ms, found 1 plugins.
Preloading 0 native plugins for Editor in 0.00 ms.
Unloading 2828 Unused Serialized files (Serialized files now loaded: 0)
System memory in use before: 132.6 MB.
System memory in use after: 132.7 MB.

Unloading 13 unused Assets to reduce memory usage. Loaded Objects now: 3529.
Total: 2.603300 ms (FindLiveObjects: 0.280800 ms CreateObjectMapping: 0.159500 ms MarkObjects: 2.041600 ms  DeleteObjects: 0.120300 ms)

========================================================================
Received Import Request.
  Time since last request: 310.544762 seconds.
  path: Assets/Scenes/start.unity
  artifactKey: Guid(f3c020e09cb069d49b3d493ba4f81395) Importer(815301076,1909f56bfc062723c751e8b465ee728b)
Start importing Assets/Scenes/start.unity using Guid(f3c020e09cb069d49b3d493ba4f81395) Importer(815301076,1909f56bfc062723c751e8b465ee728b)  -> (artifact id: 'eccdc473b5b5c045387827f17dc2bab2') in 0.018953 seconds
  Import took 0.032436 seconds .

========================================================================
Received Import Request.
  Time since last request: 22.740451 seconds.
  path: Assets/Scenes/stage3.unity
  artifactKey: Guid(5a65c613b7d53ba4c9d23e69ec641c5f) Importer(815301076,1909f56bfc062723c751e8b465ee728b)
Start importing Assets/Scenes/stage3.unity using Guid(5a65c613b7d53ba4c9d23e69ec641c5f) Importer(815301076,1909f56bfc062723c751e8b465ee728b)  -> (artifact id: '03b320767d1dce6c4dbcd0e729f6d062') in 0.007018 seconds
  Import took 0.012188 seconds .

========================================================================
Received Import Request.
  Time since last request: 0.594772 seconds.
  path: Assets/Scenes/stage2.unity
  artifactKey: Guid(510f2514437a12442b1e34fd0045e469) Importer(815301076,1909f56bfc062723c751e8b465ee728b)
Start importing Assets/Scenes/stage2.unity using Guid(510f2514437a12442b1e34fd0045e469) Importer(815301076,1909f56bfc062723c751e8b465ee728b)  -> (artifact id: '92cca2d2cd1017363c4c6b9ca89b532f') in 0.009064 seconds
  Import took 0.022516 seconds .

========================================================================
Received Prepare
Registering precompiled user dll's ...
Registered in 0.001658 seconds.
Begin MonoManager ReloadAssembly
Native extension for LinuxStandalone target not found
Native extension for WindowsStandalone target not found
Native extension for OSXStandalone target not found
Refreshing native plugins compatible for Editor in 0.46 ms, found 1 plugins.
Preloading 0 native plugins for Editor in 0.00 ms.
Invoked RoslynAnalysisRunner static constructor.
RoslynAnalysisRunner will not be running.
RoslynAnalysisRunner has terminated.
Mono: successfully reloaded assembly
- Completed reload, in  0.897 seconds
Platform modules already initialized, skipping
Shader 'Universal Render Pipeline/Particles/Lit': fallback shader 'Universal Render Pipeline/Particles/SimpleLit' not found
Refreshing native plugins compatible for Editor in 0.46 ms, found 1 plugins.
Preloading 0 native plugins for Editor in 0.00 ms.
Unloading 2828 Unused Serialized files (Serialized files now loaded: 0)
System memory in use before: 132.7 MB.
System memory in use after: 132.8 MB.

Unloading 13 unused Assets to reduce memory usage. Loaded Objects now: 3532.
Total: 2.611900 ms (FindLiveObjects: 0.355500 ms CreateObjectMapping: 0.164800 ms MarkObjects: 1.972400 ms  DeleteObjects: 0.118000 ms)

========================================================================
Received Import Request.
  Time since last request: 6.179082 seconds.
  path: Assets/Prefabs/finsh.prefab
  artifactKey: Guid(08cb9318b2ffb6c43a2c32ef0a0af762) Importer(815301076,1909f56bfc062723c751e8b465ee728b)
Start importing Assets/Prefabs/finsh.prefab using Guid(08cb9318b2ffb6c43a2c32ef0a0af762) Importer(815301076,1909f56bfc062723c751e8b465ee728b)  -> (artifact id: 'bd481114476da90bc46775733d3bd17d') in 0.148782 seconds
  Import took 0.161907 seconds .

========================================================================
Received Prepare
Registering precompiled user dll's ...
Registered in 0.001530 seconds.
Begin MonoManager ReloadAssembly
Native extension for LinuxStandalone target not found
Native extension for WindowsStandalone target not found
Native extension for OSXStandalone target not found
Refreshing native plugins compatible for Editor in 0.46 ms, found 1 plugins.
Preloading 0 native plugins for Editor in 0.00 ms.
Invoked RoslynAnalysisRunner static constructor.
RoslynAnalysisRunner will not be running.
RoslynAnalysisRunner has terminated.
Mono: successfully reloaded assembly
- Completed reload, in  0.892 seconds
Platform modules already initialized, skipping
Shader 'Universal Render Pipeline/Particles/Lit': fallback shader 'Universal Render Pipeline/Particles/SimpleLit' not found
Refreshing native plugins compatible for Editor in 0.47 ms, found 1 plugins.
Preloading 0 native plugins for Editor in 0.00 ms.
Unloading 2828 Unused Serialized files (Serialized files now loaded: 0)
System memory in use before: 132.8 MB.
System memory in use after: 133.0 MB.

Unloading 13 unused Assets to reduce memory usage. Loaded Objects now: 3571.
Total: 2.683100 ms (FindLiveObjects: 0.328700 ms CreateObjectMapping: 0.134500 ms MarkObjects: 2.091800 ms  DeleteObjects: 0.126500 ms)

========================================================================
Received Import Request.
  Time since last request: 30.752781 seconds.
  path: Assets/Prefabs/finsh.prefab
  artifactKey: Guid(08cb9318b2ffb6c43a2c32ef0a0af762) Importer(815301076,1909f56bfc062723c751e8b465ee728b)
Start importing Assets/Prefabs/finsh.prefab using Guid(08cb9318b2ffb6c43a2c32ef0a0af762) Importer(815301076,1909f56bfc062723c751e8b465ee728b)  -> (artifact id: '8024e194bdd324f6193716a5e05f05b6') in 0.136692 seconds
  Import took 0.149354 seconds .

========================================================================
Received Import Request.
  Time since last request: 2.009818 seconds.
  path: Assets/Prefabs/finsh.prefab
  artifactKey: Guid(08cb9318b2ffb6c43a2c32ef0a0af762) Importer(815301076,1909f56bfc062723c751e8b465ee728b)
Start importing Assets/Prefabs/finsh.prefab using Guid(08cb9318b2ffb6c43a2c32ef0a0af762) Importer(815301076,1909f56bfc062723c751e8b465ee728b)  -> (artifact id: '08d750a29b2c929086a7b66c2d6bdd6e') in 0.008130 seconds
  Import took 0.014329 seconds .

========================================================================
Received Import Request.
  Time since last request: 1.205554 seconds.
  path: Assets/Prefabs/finsh.prefab
  artifactKey: Guid(08cb9318b2ffb6c43a2c32ef0a0af762) Importer(815301076,1909f56bfc062723c751e8b465ee728b)
Start importing Assets/Prefabs/finsh.prefab using Guid(08cb9318b2ffb6c43a2c32ef0a0af762) Importer(815301076,1909f56bfc062723c751e8b465ee728b)  -> (artifact id: '2a14315597dd8add9085a05a86c1865c') in 0.007607 seconds
  Import took 0.014036 seconds .

========================================================================
Received Import Request.
  Time since last request: 4.628931 seconds.
  path: Assets/Prefabs/finsh.prefab
  artifactKey: Guid(08cb9318b2ffb6c43a2c32ef0a0af762) Importer(815301076,1909f56bfc062723c751e8b465ee728b)
Start importing Assets/Prefabs/finsh.prefab using Guid(08cb9318b2ffb6c43a2c32ef0a0af762) Importer(815301076,1909f56bfc062723c751e8b465ee728b)  -> (artifact id: '95bdaf7ee9ab3567c7ac0db99e044574') in 0.009073 seconds
  Import took 0.014820 seconds .

========================================================================
Received Import Request.
  Time since last request: 5.440778 seconds.
  path: Assets/Prefabs/finsh.prefab
  artifactKey: Guid(08cb9318b2ffb6c43a2c32ef0a0af762) Importer(815301076,1909f56bfc062723c751e8b465ee728b)
Start importing Assets/Prefabs/finsh.prefab using Guid(08cb9318b2ffb6c43a2c32ef0a0af762) Importer(815301076,1909f56bfc062723c751e8b465ee728b)  -> (artifact id: '677f241f74571ecfaf0a1c5b98269c69') in 0.008340 seconds
  Import took 0.015259 seconds .

========================================================================
Received Import Request.
  Time since last request: 4.220795 seconds.
  path: Assets/Prefabs/finsh.prefab
  artifactKey: Guid(08cb9318b2ffb6c43a2c32ef0a0af762) Importer(815301076,1909f56bfc062723c751e8b465ee728b)
Start importing Assets/Prefabs/finsh.prefab using Guid(08cb9318b2ffb6c43a2c32ef0a0af762) Importer(815301076,1909f56bfc062723c751e8b465ee728b)  -> (artifact id: 'fe597f5b5cb790056b3aaead1e13232b') in 0.007817 seconds
  Import took 0.014011 seconds .

========================================================================
Received Import Request.
  Time since last request: 1.388330 seconds.
  path: Assets/Prefabs/finsh.prefab
  artifactKey: Guid(08cb9318b2ffb6c43a2c32ef0a0af762) Importer(815301076,1909f56bfc062723c751e8b465ee728b)
Start importing Assets/Prefabs/finsh.prefab using Guid(08cb9318b2ffb6c43a2c32ef0a0af762) Importer(815301076,1909f56bfc062723c751e8b465ee728b)  -> (artifact id: '7e97e2d9fa7a03bec74cc6a4737ef0cb') in 0.008883 seconds
  Import took 0.015994 seconds .

========================================================================
Received Prepare
Registering precompiled user dll's ...
Registered in 0.001526 seconds.
Begin MonoManager ReloadAssembly
Native extension for LinuxStandalone target not found
Native extension for WindowsStandalone target not found
Native extension for OSXStandalone target not found
Refreshing native plugins compatible for Editor in 0.85 ms, found 1 plugins.
Preloading 0 native plugins for Editor in 0.00 ms.
Invoked RoslynAnalysisRunner static constructor.
RoslynAnalysisRunner will not be running.
RoslynAnalysisRunner has terminated.
Mono: successfully reloaded assembly
- Completed reload, in  0.985 seconds
Platform modules already initialized, skipping
Shader 'Universal Render Pipeline/Particles/Lit': fallback shader 'Universal Render Pipeline/Particles/SimpleLit' not found
Refreshing native plugins compatible for Editor in 0.54 ms, found 1 plugins.
Preloading 0 native plugins for Editor in 0.00 ms.
Unloading 2828 Unused Serialized files (Serialized files now loaded: 0)
System memory in use before: 132.5 MB.
System memory in use after: 132.6 MB.

Unloading 13 unused Assets to reduce memory usage. Loaded Objects now: 3610.
Total: 2.820000 ms (FindLiveObjects: 0.343400 ms CreateObjectMapping: 0.181100 ms MarkObjects: 2.078600 ms  DeleteObjects: 0.215600 ms)

========================================================================
Received Prepare
Registering precompiled user dll's ...
Registered in 0.001745 seconds.
Begin MonoManager ReloadAssembly
Native extension for LinuxStandalone target not found
Native extension for WindowsStandalone target not found
Native extension for OSXStandalone target not found
Refreshing native plugins compatible for Editor in 0.48 ms, found 1 plugins.
Preloading 0 native plugins for Editor in 0.00 ms.
Invoked RoslynAnalysisRunner static constructor.
RoslynAnalysisRunner will not be running.
RoslynAnalysisRunner has terminated.
Mono: successfully reloaded assembly
- Completed reload, in  0.913 seconds
Platform modules already initialized, skipping
Shader 'Universal Render Pipeline/Particles/Lit': fallback shader 'Universal Render Pipeline/Particles/SimpleLit' not found
Refreshing native plugins compatible for Editor in 0.47 ms, found 1 plugins.
Preloading 0 native plugins for Editor in 0.00 ms.
Unloading 2828 Unused Serialized files (Serialized files now loaded: 0)
System memory in use before: 133.0 MB.
System memory in use after: 133.1 MB.

Unloading 13 unused Assets to reduce memory usage. Loaded Objects now: 3613.
Total: 2.754400 ms (FindLiveObjects: 0.386100 ms CreateObjectMapping: 0.170500 ms MarkObjects: 2.071100 ms  DeleteObjects: 0.125600 ms)

========================================================================
Received Prepare
Registering precompiled user dll's ...
Registered in 0.001528 seconds.
Begin MonoManager ReloadAssembly
Native extension for LinuxStandalone target not found
Native extension for WindowsStandalone target not found
Native extension for OSXStandalone target not found
Refreshing native plugins compatible for Editor in 0.47 ms, found 1 plugins.
Preloading 0 native plugins for Editor in 0.00 ms.
Invoked RoslynAnalysisRunner static constructor.
RoslynAnalysisRunner will not be running.
RoslynAnalysisRunner has terminated.
Mono: successfully reloaded assembly
- Completed reload, in  0.950 seconds
Platform modules already initialized, skipping
Shader 'Universal Render Pipeline/Particles/Lit': fallback shader 'Universal Render Pipeline/Particles/SimpleLit' not found
Refreshing native plugins compatible for Editor in 0.47 ms, found 1 plugins.
Preloading 0 native plugins for Editor in 0.00 ms.
Unloading 2828 Unused Serialized files (Serialized files now loaded: 0)
System memory in use before: 132.7 MB.
System memory in use after: 132.8 MB.

Unloading 13 unused Assets to reduce memory usage. Loaded Objects now: 3616.
Total: 2.840400 ms (FindLiveObjects: 0.475900 ms CreateObjectMapping: 0.176200 ms MarkObjects: 2.031700 ms  DeleteObjects: 0.155300 ms)

========================================================================
Received Import Request.
  Time since last request: 97.076852 seconds.
  path: Assets/img/ui/nonecursor.png
  artifactKey: Guid(829aa5371d7b7a74db77704ee7056fd1) Importer(815301076,1909f56bfc062723c751e8b465ee728b)
Start importing Assets/img/ui/nonecursor.png using Guid(829aa5371d7b7a74db77704ee7056fd1) Importer(815301076,1909f56bfc062723c751e8b465ee728b)  -> (artifact id: '4a984adcaa40f9f68bc4c904e994de55') in 0.036655 seconds
  Import took 0.042647 seconds .

========================================================================
Received Import Request.
  Time since last request: 0.160733 seconds.
  path: Assets/script/Finish.cs
  artifactKey: Guid(cedf4ce9bc2c28444b8b5a1a19deca71) Importer(815301076,1909f56bfc062723c751e8b465ee728b)
Start importing Assets/script/Finish.cs using Guid(cedf4ce9bc2c28444b8b5a1a19deca71) Importer(815301076,1909f56bfc062723c751e8b465ee728b)  -> (artifact id: 'd71edc61bae430fc9e80137914dab875') in 0.002195 seconds
  Import took 0.007867 seconds .

========================================================================
Received Import Request.
  Time since last request: 0.027920 seconds.
  path: Assets/script/ChangeColor.cs
  artifactKey: Guid(a8aeee7c71bf1cf4d95b277488b2a7df) Importer(815301076,1909f56bfc062723c751e8b465ee728b)
Start importing Assets/script/ChangeColor.cs using Guid(a8aeee7c71bf1cf4d95b277488b2a7df) Importer(815301076,1909f56bfc062723c751e8b465ee728b)  -> (artifact id: 'ab1182eff67adff30ebd33c3165b43c5') in 0.005057 seconds
  Import took 0.009708 seconds .

========================================================================
Received Import Request.
  Time since last request: 0.010000 seconds.
  path: Assets/img/background/Colorfight_door.png
  artifactKey: Guid(cae9605c3863a1845a570d3340d28fe3) Importer(815301076,1909f56bfc062723c751e8b465ee728b)
Start importing Assets/img/background/Colorfight_door.png using Guid(cae9605c3863a1845a570d3340d28fe3) Importer(815301076,1909f56bfc062723c751e8b465ee728b)  -> (artifact id: 'ef5091453f0a3f639d1272962b3884fd') in 0.023756 seconds
  Import took 0.028547 seconds .

========================================================================
Received Import Request.
  Time since last request: 0.105520 seconds.
  path: Assets/Prefabs/light
  artifactKey: Guid(0d6066c96e6563c4cbf032a05bdc4020) Importer(815301076,1909f56bfc062723c751e8b465ee728b)
Start importing Assets/Prefabs/light using Guid(0d6066c96e6563c4cbf032a05bdc4020) Importer(815301076,1909f56bfc062723c751e8b465ee728b)  -> (artifact id: '0374acd3967babe164abe44305ddb063') in 0.005006 seconds
  Import took 0.009379 seconds .

========================================================================
Received Import Request.
  Time since last request: 0.004678 seconds.
  path: Assets/Scenes/stage1.unity
  artifactKey: Guid(2cda990e2423bbf4892e6590ba056729) Importer(815301076,1909f56bfc062723c751e8b465ee728b)
Start importing Assets/Scenes/stage1.unity using Guid(2cda990e2423bbf4892e6590ba056729) Importer(815301076,1909f56bfc062723c751e8b465ee728b)  -> (artifact id: '1753ec9a66bb072c06a125963c976c8e') in 0.002113 seconds
  Import took 0.006810 seconds .

========================================================================
Received Import Request.
  Time since last request: 0.007175 seconds.
  path: Assets/Scenes/stage2.unity
  artifactKey: Guid(510f2514437a12442b1e34fd0045e469) Importer(815301076,1909f56bfc062723c751e8b465ee728b)
Start importing Assets/Scenes/stage2.unity using Guid(510f2514437a12442b1e34fd0045e469) Importer(815301076,1909f56bfc062723c751e8b465ee728b)  -> (artifact id: '288be52916e95803ca7bd7d3462f2ced') in 0.002071 seconds
  Import took 0.007489 seconds .

========================================================================
Received Import Request.
  Time since last request: 0.114237 seconds.
  path: Assets/Scenes/StageSelect.unity
  artifactKey: Guid(5a555718230e5a647b3c72e74c9493b6) Importer(815301076,1909f56bfc062723c751e8b465ee728b)
Start importing Assets/Scenes/StageSelect.unity using Guid(5a555718230e5a647b3c72e74c9493b6) Importer(815301076,1909f56bfc062723c751e8b465ee728b)  -> (artifact id: '082203044e44079015265db4ed469193') in 0.005592 seconds
  Import took 0.010777 seconds .

