Using pre-set license
Built from '2020.2/release' branch; Version is '2020.2.2f1 (068178b99f32) revision 426360'; Using compiler version '192528614'; Build Type 'Release'
OS: 'Windows 10 Pro; OS build 19042.1110; Version 2009; 64bit' Language: 'ko' Physical Memory: 16232 MB
BatchMode: 1, IsHumanControllingUs: 0, StartBugReporterOnCrash: 0, Is64bit: 1, IsPro: 0

 COMMAND LINE ARGUMENTS:
C:\Program Files\Unity\Hub\Editor\2020.2.2f1\Editor\Unity.exe
-adb2
-batchMode
-noUpm
-name
AssetImportWorker0
-projectPath
C:/Users/mingu/Documents/GitHub/UnityProjects/스파인공부
-logFile
Logs/AssetImportWorker0.log
-srvPort
2744
Successfully changed project path to: C:/Users/mingu/Documents/GitHub/UnityProjects/스파인공부
C:/Users/mingu/Documents/GitHub/UnityProjects/스파인공부
Using Asset Import Pipeline V2.
Refreshing native plugins compatible for Editor in 32.42 ms, found 1 plugins.
Preloading 0 native plugins for Editor in 0.00 ms.
Initialize engine version: 2020.2.2f1 (068178b99f32)
[Subsystems] Discovering subsystems at path C:/Program Files/Unity/Hub/Editor/2020.2.2f1/Editor/Data/Resources/UnitySubsystems
[Subsystems] Discovering subsystems at path C:/Users/mingu/Documents/GitHub/UnityProjects/스파인공부/Assets
GfxDevice: creating device client; threaded=0
Direct3D:
    Version:  Direct3D 11.0 [level 11.1]
    Renderer: NVIDIA GeForce GTX 1060 (ID=0x1c20)
    Vendor:   
    VRAM:     6052 MB
    Driver:   27.21.14.5167
Initialize mono
Mono path[0] = 'C:/Program Files/Unity/Hub/Editor/2020.2.2f1/Editor/Data/Managed'
Mono path[1] = 'C:/Program Files/Unity/Hub/Editor/2020.2.2f1/Editor/Data/MonoBleedingEdge/lib/mono/unityjit'
Mono config path = 'C:/Program Files/Unity/Hub/Editor/2020.2.2f1/Editor/Data/MonoBleedingEdge/etc'
Using monoOptions --debugger-agent=transport=dt_socket,embedding=1,server=y,suspend=n,address=127.0.0.1:56144
Begin MonoManager ReloadAssembly
Registering precompiled unity dll's ...
Register platform support module: C:/Program Files/Unity/Hub/Editor/2020.2.2f1/Editor/Data/PlaybackEngines/MacStandaloneSupport/UnityEditor.OSXStandalone.Extensions.dll
Register platform support module: C:/Program Files/Unity/Hub/Editor/2020.2.2f1/Editor/Data/PlaybackEngines/WindowsStandaloneSupport/UnityEditor.WindowsStandalone.Extensions.dll
Register platform support module: C:/Program Files/Unity/Hub/Editor/2020.2.2f1/Editor/Data/PlaybackEngines/LinuxStandaloneSupport/UnityEditor.LinuxStandalone.Extensions.dll
Registered in 0.002777 seconds.
Native extension for LinuxStandalone target not found
Native extension for WindowsStandalone target not found
Native extension for OSXStandalone target not found
Refreshing native plugins compatible for Editor in 34.66 ms, found 1 plugins.
Preloading 0 native plugins for Editor in 0.00 ms.
Invoked RoslynAnalysisRunner static constructor.
RoslynAnalysisRunner will not be running.
RoslynAnalysisRunner has terminated.
Mono: successfully reloaded assembly
- Completed reload, in  1.002 seconds
Platform modules already initialized, skipping
Registering precompiled user dll's ...
Registered in 0.000917 seconds.
Begin MonoManager ReloadAssembly
Native extension for LinuxStandalone target not found
Native extension for WindowsStandalone target not found
Native extension for OSXStandalone target not found
Refreshing native plugins compatible for Editor in 33.94 ms, found 1 plugins.
Preloading 0 native plugins for Editor in 0.00 ms.
Invoked RoslynAnalysisRunner static constructor.
RoslynAnalysisRunner will not be running.
RoslynAnalysisRunner has terminated.
Mono: successfully reloaded assembly
- Completed reload, in  0.858 seconds
Platform modules already initialized, skipping
========================================================================
Worker process is ready to serve import requests
Launched and connected shader compiler UnityShaderCompiler.exe after 0.05 seconds
Refreshing native plugins compatible for Editor in 0.30 ms, found 1 plugins.
Preloading 0 native plugins for Editor in 0.00 ms.
Unloading 1792 Unused Serialized files (Serialized files now loaded: 0)
System memory in use before: 86.7 MB.
System memory in use after: 86.7 MB.

Unloading 24 unused Assets to reduce memory usage. Loaded Objects now: 2233.
Total: 2.036000 ms (FindLiveObjects: 0.359200 ms CreateObjectMapping: 0.121200 ms MarkObjects: 1.449500 ms  DeleteObjects: 0.105200 ms)

========================================================================
Received Import Request.
  path: Assets/Dog/ppap_Material.mat
  artifactKey: Guid(fb290823fb1d5374f8468f56cf24bdd6) Importer(815301076,1909f56bfc062723c751e8b465ee728b)
Start importing Assets/Dog/ppap_Material.mat using Guid(fb290823fb1d5374f8468f56cf24bdd6) Importer(815301076,1909f56bfc062723c751e8b465ee728b)  -> (artifact id: 'e20669e3fa59525a7c6096ecf4e547a8') in 0.304390 seconds
  Import took 0.306977 seconds .

========================================================================
Received Prepare
Registering precompiled user dll's ...
Registered in 0.000987 seconds.
Begin MonoManager ReloadAssembly
Native extension for LinuxStandalone target not found
Native extension for WindowsStandalone target not found
Native extension for OSXStandalone target not found
Refreshing native plugins compatible for Editor in 0.37 ms, found 1 plugins.
Preloading 0 native plugins for Editor in 0.00 ms.
Invoked RoslynAnalysisRunner static constructor.
RoslynAnalysisRunner will not be running.
RoslynAnalysisRunner has terminated.
Mono: successfully reloaded assembly
- Completed reload, in  0.850 seconds
Platform modules already initialized, skipping
Refreshing native plugins compatible for Editor in 0.35 ms, found 1 plugins.
Preloading 0 native plugins for Editor in 0.00 ms.
Unloading 1966 Unused Serialized files (Serialized files now loaded: 0)
System memory in use before: 98.0 MB.
System memory in use after: 95.0 MB.

Unloading 49 unused Assets to reduce memory usage. Loaded Objects now: 2378.
Total: 3.534300 ms (FindLiveObjects: 0.238600 ms CreateObjectMapping: 0.075100 ms MarkObjects: 1.437000 ms  DeleteObjects: 1.781400 ms)

========================================================================
Received Import Request.
  Time since last request: 234.713098 seconds.
  path: Assets/Dog
  artifactKey: Guid(a3c8cd5e47c1d464da8960a0c0d38dd0) Importer(815301076,1909f56bfc062723c751e8b465ee728b)
Start importing Assets/Dog using Guid(a3c8cd5e47c1d464da8960a0c0d38dd0) Importer(815301076,1909f56bfc062723c751e8b465ee728b)  -> (artifact id: '8f40a9b59a3c23aec3923ea30e0a09ea') in 0.007826 seconds
  Import took 0.010639 seconds .

========================================================================
Received Import Request.
  Time since last request: 0.004467 seconds.
  path: Assets/Dog
  artifactKey: Guid(a3c8cd5e47c1d464da8960a0c0d38dd0) Importer(815301076,1909f56bfc062723c751e8b465ee728b)
Start importing Assets/Dog using Guid(a3c8cd5e47c1d464da8960a0c0d38dd0) Importer(815301076,1909f56bfc062723c751e8b465ee728b)  -> (artifact id: '8f40a9b59a3c23aec3923ea30e0a09ea') in 0.001876 seconds
  Import took 0.004564 seconds .

========================================================================
Received Import Request.
  Time since last request: 0.018165 seconds.
  path: Assets/Dog/ppap.png
  artifactKey: Guid(863244dd6b9aec34782fea91f37264a2) Importer(815301076,1909f56bfc062723c751e8b465ee728b)
Start importing Assets/Dog/ppap.png using Guid(863244dd6b9aec34782fea91f37264a2) Importer(815301076,1909f56bfc062723c751e8b465ee728b)  -> (artifact id: '7dc1d48eca44b63ff37a4b9e70820eb5') in 0.063777 seconds
  Import took 0.066435 seconds .

========================================================================
Received Import Request.
  Time since last request: 0.000226 seconds.
  path: Assets/Dog/ppap_Material.mat
  artifactKey: Guid(fb290823fb1d5374f8468f56cf24bdd6) Importer(815301076,1909f56bfc062723c751e8b465ee728b)
Start importing Assets/Dog/ppap_Material.mat using Guid(fb290823fb1d5374f8468f56cf24bdd6) Importer(815301076,1909f56bfc062723c751e8b465ee728b)  -> (artifact id: '6597ef89ef4911160d74138e15b03473') in 0.060876 seconds
  Import took 0.063588 seconds .

========================================================================
Received Import Request.
  Time since last request: 0.000285 seconds.
  path: Assets/Dog/ppap_SkeletonData.asset
  artifactKey: Guid(4cdfd4a2701ea2f4a9555cfa43b7718e) Importer(815301076,1909f56bfc062723c751e8b465ee728b)
Start importing Assets/Dog/ppap_SkeletonData.asset using Guid(4cdfd4a2701ea2f4a9555cfa43b7718e) Importer(815301076,1909f56bfc062723c751e8b465ee728b)  -> (artifact id: 'a1c73993ca2a6c1976c0e8f7997642a2') in 0.102743 seconds
  Import took 0.106073 seconds .

========================================================================
Received Import Request.
  Time since last request: 0.000263 seconds.
  path: Assets/Dog/ppap_Atlas.asset
  artifactKey: Guid(fbe7eea6646ccf94c8ffdac8b60c3357) Importer(815301076,1909f56bfc062723c751e8b465ee728b)
Start importing Assets/Dog/ppap_Atlas.asset using Guid(fbe7eea6646ccf94c8ffdac8b60c3357) Importer(815301076,1909f56bfc062723c751e8b465ee728b)  -> (artifact id: 'a1dc381dda8a51e0555568a8edd14467') in 0.014855 seconds
  Import took 0.017746 seconds .

========================================================================
Received Prepare
Registering precompiled user dll's ...
Registered in 0.002257 seconds.
Begin MonoManager ReloadAssembly
Native extension for LinuxStandalone target not found
Native extension for WindowsStandalone target not found
Native extension for OSXStandalone target not found
Refreshing native plugins compatible for Editor in 0.35 ms, found 1 plugins.
Preloading 0 native plugins for Editor in 0.00 ms.
Invoked RoslynAnalysisRunner static constructor.
RoslynAnalysisRunner will not be running.
RoslynAnalysisRunner has terminated.
Mono: successfully reloaded assembly
- Completed reload, in  0.874 seconds
Platform modules already initialized, skipping
Refreshing native plugins compatible for Editor in 0.33 ms, found 1 plugins.
Preloading 0 native plugins for Editor in 0.00 ms.
Unloading 1965 Unused Serialized files (Serialized files now loaded: 0)
System memory in use before: 101.4 MB.
System memory in use after: 98.4 MB.

Unloading 48 unused Assets to reduce memory usage. Loaded Objects now: 2425.
Total: 4.727100 ms (FindLiveObjects: 0.191900 ms CreateObjectMapping: 0.078400 ms MarkObjects: 1.428500 ms  DeleteObjects: 3.027200 ms)

========================================================================
Received Import Request.
  Time since last request: 228.921467 seconds.
  path: Assets/Dog/SpineCtrl.cs
  artifactKey: Guid(e48500ab13f804f429516785939c1fdf) Importer(815301076,1909f56bfc062723c751e8b465ee728b)
Start importing Assets/Dog/SpineCtrl.cs using Guid(e48500ab13f804f429516785939c1fdf) Importer(815301076,1909f56bfc062723c751e8b465ee728b)  -> (artifact id: '025b5aaad5c4cc3846a9f0bfc133f86b') in 0.036943 seconds
  Import took 0.041133 seconds .

========================================================================
Received Prepare
Registering precompiled user dll's ...
Registered in 0.001138 seconds.
Begin MonoManager ReloadAssembly
Native extension for LinuxStandalone target not found
Native extension for WindowsStandalone target not found
Native extension for OSXStandalone target not found
Refreshing native plugins compatible for Editor in 0.35 ms, found 1 plugins.
Preloading 0 native plugins for Editor in 0.00 ms.
Invoked RoslynAnalysisRunner static constructor.
RoslynAnalysisRunner will not be running.
RoslynAnalysisRunner has terminated.
Mono: successfully reloaded assembly
- Completed reload, in  0.903 seconds
Platform modules already initialized, skipping
Refreshing native plugins compatible for Editor in 0.66 ms, found 1 plugins.
Preloading 0 native plugins for Editor in 0.00 ms.
Unloading 1965 Unused Serialized files (Serialized files now loaded: 0)
System memory in use before: 101.4 MB.
System memory in use after: 98.5 MB.

Unloading 48 unused Assets to reduce memory usage. Loaded Objects now: 2429.
Total: 5.312600 ms (FindLiveObjects: 0.235300 ms CreateObjectMapping: 0.147100 ms MarkObjects: 2.907400 ms  DeleteObjects: 2.021700 ms)

========================================================================
Received Prepare
Registering precompiled user dll's ...
Registered in 0.000930 seconds.
Begin MonoManager ReloadAssembly
Native extension for LinuxStandalone target not found
Native extension for WindowsStandalone target not found
Native extension for OSXStandalone target not found
Refreshing native plugins compatible for Editor in 0.52 ms, found 1 plugins.
Preloading 0 native plugins for Editor in 0.00 ms.
Invoked RoslynAnalysisRunner static constructor.
RoslynAnalysisRunner will not be running.
RoslynAnalysisRunner has terminated.
Mono: successfully reloaded assembly
- Completed reload, in  0.814 seconds
Platform modules already initialized, skipping
Refreshing native plugins compatible for Editor in 0.35 ms, found 1 plugins.
Preloading 0 native plugins for Editor in 0.00 ms.
Unloading 1965 Unused Serialized files (Serialized files now loaded: 0)
System memory in use before: 101.5 MB.
System memory in use after: 98.5 MB.

Unloading 48 unused Assets to reduce memory usage. Loaded Objects now: 2432.
Total: 5.013200 ms (FindLiveObjects: 0.552600 ms CreateObjectMapping: 0.205600 ms MarkObjects: 1.995700 ms  DeleteObjects: 2.257700 ms)

========================================================================
Received Import Request.
  Time since last request: 2705.457137 seconds.
  path: Assets/Dog/ReferenceAssets
  artifactKey: Guid(fb90295d2c418e047929c474e74e3a55) Importer(815301076,1909f56bfc062723c751e8b465ee728b)
Start importing Assets/Dog/ReferenceAssets using Guid(fb90295d2c418e047929c474e74e3a55) Importer(815301076,1909f56bfc062723c751e8b465ee728b)  -> (artifact id: '568e9b6372d741146c9a2246f18f789f') in 0.010118 seconds
  Import took 0.013359 seconds .

========================================================================
Received Import Request.
  Time since last request: 0.001821 seconds.
  path: Assets/Dog/ReferenceAssets
  artifactKey: Guid(fb90295d2c418e047929c474e74e3a55) Importer(815301076,1909f56bfc062723c751e8b465ee728b)
Start importing Assets/Dog/ReferenceAssets using Guid(fb90295d2c418e047929c474e74e3a55) Importer(815301076,1909f56bfc062723c751e8b465ee728b)  -> (artifact id: '568e9b6372d741146c9a2246f18f789f') in 0.002159 seconds
  Import took 0.004965 seconds .

========================================================================
Received Import Request.
  Time since last request: 0.986180 seconds.
  path: Assets/Dog/ReferenceAssets/Idle.asset
  artifactKey: Guid(dde8068428939314abc97dce60bcce4a) Importer(815301076,1909f56bfc062723c751e8b465ee728b)
Start importing Assets/Dog/ReferenceAssets/Idle.asset using Guid(dde8068428939314abc97dce60bcce4a) Importer(815301076,1909f56bfc062723c751e8b465ee728b)  -> (artifact id: '7286185b693cb4a0d2b2dc4c4aa896a9') in 0.128729 seconds
  Import took 0.131949 seconds .

========================================================================
Received Import Request.
  Time since last request: 0.000294 seconds.
  path: Assets/Dog/ReferenceAssets/Jump.asset
  artifactKey: Guid(a642e55a19ca66540bfd51e815bea5fe) Importer(815301076,1909f56bfc062723c751e8b465ee728b)
Start importing Assets/Dog/ReferenceAssets/Jump.asset using Guid(a642e55a19ca66540bfd51e815bea5fe) Importer(815301076,1909f56bfc062723c751e8b465ee728b)  -> (artifact id: 'e83de5bc6cd0bb6f89c626ff49b88040') in 0.014333 seconds
  Import took 0.017620 seconds .

========================================================================
Received Prepare
Registering precompiled user dll's ...
Registered in 0.001128 seconds.
Begin MonoManager ReloadAssembly
Native extension for LinuxStandalone target not found
Native extension for WindowsStandalone target not found
Native extension for OSXStandalone target not found
Refreshing native plugins compatible for Editor in 0.34 ms, found 1 plugins.
Preloading 0 native plugins for Editor in 0.00 ms.
Invoked RoslynAnalysisRunner static constructor.
RoslynAnalysisRunner will not be running.
RoslynAnalysisRunner has terminated.
Mono: successfully reloaded assembly
- Completed reload, in  0.838 seconds
Platform modules already initialized, skipping
Refreshing native plugins compatible for Editor in 0.34 ms, found 1 plugins.
Preloading 0 native plugins for Editor in 0.00 ms.
Unloading 1965 Unused Serialized files (Serialized files now loaded: 0)
System memory in use before: 101.6 MB.
System memory in use after: 98.6 MB.

Unloading 48 unused Assets to reduce memory usage. Loaded Objects now: 2436.
Total: 3.919900 ms (FindLiveObjects: 0.192400 ms CreateObjectMapping: 0.081700 ms MarkObjects: 1.675000 ms  DeleteObjects: 1.969500 ms)

========================================================================
Received Prepare
Registering precompiled user dll's ...
Registered in 0.001082 seconds.
Begin MonoManager ReloadAssembly
Native extension for LinuxStandalone target not found
Native extension for WindowsStandalone target not found
Native extension for OSXStandalone target not found
Refreshing native plugins compatible for Editor in 0.45 ms, found 1 plugins.
Preloading 0 native plugins for Editor in 0.00 ms.
Invoked RoslynAnalysisRunner static constructor.
RoslynAnalysisRunner will not be running.
RoslynAnalysisRunner has terminated.
Mono: successfully reloaded assembly
- Completed reload, in  0.914 seconds
Platform modules already initialized, skipping
Refreshing native plugins compatible for Editor in 0.33 ms, found 1 plugins.
Preloading 0 native plugins for Editor in 0.00 ms.
Unloading 1965 Unused Serialized files (Serialized files now loaded: 0)
System memory in use before: 101.7 MB.
System memory in use after: 98.7 MB.

Unloading 48 unused Assets to reduce memory usage. Loaded Objects now: 2439.
Total: 4.857500 ms (FindLiveObjects: 0.294700 ms CreateObjectMapping: 0.100900 ms MarkObjects: 1.451500 ms  DeleteObjects: 3.008500 ms)

========================================================================
Received Prepare
Registering precompiled user dll's ...
Registered in 0.000904 seconds.
Begin MonoManager ReloadAssembly
Native extension for LinuxStandalone target not found
Native extension for WindowsStandalone target not found
Native extension for OSXStandalone target not found
Refreshing native plugins compatible for Editor in 0.34 ms, found 1 plugins.
Preloading 0 native plugins for Editor in 0.00 ms.
Invoked RoslynAnalysisRunner static constructor.
RoslynAnalysisRunner will not be running.
RoslynAnalysisRunner has terminated.
Mono: successfully reloaded assembly
- Completed reload, in  0.816 seconds
Platform modules already initialized, skipping
Refreshing native plugins compatible for Editor in 0.34 ms, found 1 plugins.
Preloading 0 native plugins for Editor in 0.00 ms.
Unloading 1965 Unused Serialized files (Serialized files now loaded: 0)
System memory in use before: 101.8 MB.
System memory in use after: 98.8 MB.

Unloading 48 unused Assets to reduce memory usage. Loaded Objects now: 2442.
Total: 4.239700 ms (FindLiveObjects: 0.236100 ms CreateObjectMapping: 0.090900 ms MarkObjects: 1.701300 ms  DeleteObjects: 2.209800 ms)

========================================================================
Received Prepare
Registering precompiled user dll's ...
Registered in 0.000948 seconds.
Begin MonoManager ReloadAssembly
Native extension for LinuxStandalone target not found
Native extension for WindowsStandalone target not found
Native extension for OSXStandalone target not found
Refreshing native plugins compatible for Editor in 0.33 ms, found 1 plugins.
Preloading 0 native plugins for Editor in 0.00 ms.
Invoked RoslynAnalysisRunner static constructor.
RoslynAnalysisRunner will not be running.
RoslynAnalysisRunner has terminated.
Mono: successfully reloaded assembly
- Completed reload, in  0.794 seconds
Platform modules already initialized, skipping
Refreshing native plugins compatible for Editor in 0.34 ms, found 1 plugins.
Preloading 0 native plugins for Editor in 0.00 ms.
Unloading 1965 Unused Serialized files (Serialized files now loaded: 0)
System memory in use before: 101.8 MB.
System memory in use after: 98.8 MB.

Unloading 48 unused Assets to reduce memory usage. Loaded Objects now: 2445.
Total: 3.746100 ms (FindLiveObjects: 0.232100 ms CreateObjectMapping: 0.080200 ms MarkObjects: 1.420500 ms  DeleteObjects: 2.012200 ms)

========================================================================
Received Prepare
Registering precompiled user dll's ...
Registered in 0.001015 seconds.
Begin MonoManager ReloadAssembly
Native extension for LinuxStandalone target not found
Native extension for WindowsStandalone target not found
Native extension for OSXStandalone target not found
Refreshing native plugins compatible for Editor in 0.34 ms, found 1 plugins.
Preloading 0 native plugins for Editor in 0.00 ms.
Invoked RoslynAnalysisRunner static constructor.
RoslynAnalysisRunner will not be running.
RoslynAnalysisRunner has terminated.
Mono: successfully reloaded assembly
- Completed reload, in  0.883 seconds
Platform modules already initialized, skipping
Refreshing native plugins compatible for Editor in 0.36 ms, found 1 plugins.
Preloading 0 native plugins for Editor in 0.00 ms.
Unloading 1965 Unused Serialized files (Serialized files now loaded: 0)
System memory in use before: 101.9 MB.
System memory in use after: 98.9 MB.

Unloading 48 unused Assets to reduce memory usage. Loaded Objects now: 2448.
Total: 5.346000 ms (FindLiveObjects: 0.312700 ms CreateObjectMapping: 0.115500 ms MarkObjects: 1.632500 ms  DeleteObjects: 3.283500 ms)

========================================================================
Received Import Request.
  Time since last request: 480.783620 seconds.
  path: Assets/Editor/SpineSettings.asset
  artifactKey: Guid(e97c83d943e4297499e22b8529e5a719) Importer(815301076,1909f56bfc062723c751e8b465ee728b)
Start importing Assets/Editor/SpineSettings.asset using Guid(e97c83d943e4297499e22b8529e5a719) Importer(815301076,1909f56bfc062723c751e8b465ee728b)  -> (artifact id: '014f1766bd06625843e3af8d2316dbd5') in 0.015898 seconds
  Import took 0.019387 seconds .

========================================================================
Received Import Request.
  Time since last request: 7.343506 seconds.
  path: Assets/Spine/Editor/spine-unity-editor.asmdef
  artifactKey: Guid(173464ddf4cdb6640a4dfa8a9281ad69) Importer(815301076,1909f56bfc062723c751e8b465ee728b)
Start importing Assets/Spine/Editor/spine-unity-editor.asmdef using Guid(173464ddf4cdb6640a4dfa8a9281ad69) Importer(815301076,1909f56bfc062723c751e8b465ee728b)  -> (artifact id: '3edc6907b995c11eef3e7b941315a696') in 0.009303 seconds
  Import took 0.012570 seconds .

========================================================================
Received Import Request.
  Time since last request: 0.303070 seconds.
  path: Assets/Spine/Runtime/spine-unity.asmdef
  artifactKey: Guid(68765d262e2128e4ab49c983f3411946) Importer(815301076,1909f56bfc062723c751e8b465ee728b)
Start importing Assets/Spine/Runtime/spine-unity.asmdef using Guid(68765d262e2128e4ab49c983f3411946) Importer(815301076,1909f56bfc062723c751e8b465ee728b)  -> (artifact id: '7a11a8ac085c7ee9a8d1d67555177d66') in 0.005709 seconds
  Import took 0.008717 seconds .

========================================================================
Received Prepare
Registering precompiled user dll's ...
Registered in 0.000981 seconds.
Begin MonoManager ReloadAssembly
Native extension for LinuxStandalone target not found
Native extension for WindowsStandalone target not found
Native extension for OSXStandalone target not found
Refreshing native plugins compatible for Editor in 0.58 ms, found 1 plugins.
Preloading 0 native plugins for Editor in 0.00 ms.
Invoked RoslynAnalysisRunner static constructor.
RoslynAnalysisRunner will not be running.
RoslynAnalysisRunner has terminated.
Mono: successfully reloaded assembly
- Completed reload, in  0.866 seconds
Platform modules already initialized, skipping
Refreshing native plugins compatible for Editor in 0.35 ms, found 1 plugins.
Preloading 0 native plugins for Editor in 0.00 ms.
Unloading 1965 Unused Serialized files (Serialized files now loaded: 0)
System memory in use before: 102.0 MB.
System memory in use after: 99.0 MB.

Unloading 48 unused Assets to reduce memory usage. Loaded Objects now: 2451.
Total: 4.270900 ms (FindLiveObjects: 0.341600 ms CreateObjectMapping: 0.126300 ms MarkObjects: 1.639700 ms  DeleteObjects: 2.161800 ms)

========================================================================
Received Import Request.
  Time since last request: 7.553676 seconds.
  path: Assets/Scenes/SpineCtrl.cs
  artifactKey: Guid(e48500ab13f804f429516785939c1fdf) Importer(815301076,1909f56bfc062723c751e8b465ee728b)
Start importing Assets/Scenes/SpineCtrl.cs using Guid(e48500ab13f804f429516785939c1fdf) Importer(815301076,1909f56bfc062723c751e8b465ee728b)  -> (artifact id: '9b9fbd406e5a903a7976d1f9ffcab8fb') in 0.008760 seconds
  Import took 0.012310 seconds .

========================================================================
Received Import Request.
  Time since last request: 0.789829 seconds.
  path: Assets/Scenes/SpineCtrl.cs
  artifactKey: Guid(e48500ab13f804f429516785939c1fdf) Importer(815301076,1909f56bfc062723c751e8b465ee728b)
Start importing Assets/Scenes/SpineCtrl.cs using Guid(e48500ab13f804f429516785939c1fdf) Importer(815301076,1909f56bfc062723c751e8b465ee728b)  -> (artifact id: '9b9fbd406e5a903a7976d1f9ffcab8fb') in 0.002111 seconds
  Import took 0.005734 seconds .

AssetImportWorkerClient::OnTransportError - code=2 error=End of file
